0 info it worked if it ends with ok
1 verbose cli [
1 verbose cli   '/usr/local/bin/node',
1 verbose cli   '/usr/local/bin/npm',
1 verbose cli   'install',
1 verbose cli   '--ignore-scripts',
1 verbose cli   '@types/lz-string@ts3.6',
1 verbose cli   '@types/media-typer@ts3.6',
1 verbose cli   '@types/memory-fs@ts3.6',
1 verbose cli   '@types/memorystream@ts3.6',
1 verbose cli   '@types/merge-descriptors@ts3.6',
1 verbose cli   '@types/merge-stream@ts3.6',
1 verbose cli   '@types/merge2@ts3.6',
1 verbose cli   '@types/methods@ts3.6',
1 verbose cli   '@types/micromatch@ts3.6',
1 verbose cli   '@types/mime@ts3.6',
1 verbose cli   '@types/mime-db@ts3.6',
1 verbose cli   '@types/mime-types@ts3.6',
1 verbose cli   '@types/min-indent@ts3.6',
1 verbose cli   '@types/minimalistic-assert@ts3.6',
1 verbose cli   '@types/minimatch@ts3.6',
1 verbose cli   '@types/minimist@ts3.6',
1 verbose cli   '@types/minizlib@ts3.6',
1 verbose cli   '@types/mkdirp@ts3.6',
1 verbose cli   '@types/moo@ts3.6',
1 verbose cli   '@types/move-concurrently@ts3.6',
1 verbose cli   '@types/ms@ts3.6',
1 verbose cli   '@types/multicast-dns@ts3.6',
1 verbose cli   '@types/mute-stream@ts3.6',
1 verbose cli   '@types/natural-compare@ts3.6',
1 verbose cli   '@types/nearley@ts3.6',
1 verbose cli   '@types/negotiator@ts3.6',
1 verbose cli   '@types/next-tick@ts3.6',
1 verbose cli   '@types/nice-try@ts3.6',
1 verbose cli   '@types/node-fetch@ts3.6',
1 verbose cli   '@types/node-forge@ts3.6',
1 verbose cli   '@types/node-int64@ts3.6',
1 verbose cli   '@types/node-notifier@ts3.6',
1 verbose cli   '@types/normalize-package-data@ts3.6',
1 verbose cli   '@types/normalize-path@ts3.6',
1 verbose cli   '@types/num2fraction@ts3.6',
1 verbose cli   '@types/nwsapi@ts3.6',
1 verbose cli   '@types/object-assign@ts3.6',
1 verbose cli   '@types/object-inspect@ts3.6',
1 verbose cli   '@types/object-keys@ts3.6',
1 verbose cli   '@types/object.fromentries@ts3.6',
1 verbose cli   '@types/object.getownpropertydescriptors@ts3.6',
1 verbose cli   '@types/object.pick@ts3.6',
1 verbose cli   '@types/on-finished@ts3.6',
1 verbose cli   '@types/on-headers@ts3.6',
1 verbose cli   '@types/once@ts3.6',
1 verbose cli   '@types/optimize-css-assets-webpack-plugin@ts3.6',
1 verbose cli   '@types/original@ts3.6',
1 verbose cli   '@types/os-tmpdir@ts3.6',
1 verbose cli   '@types/pako@ts3.6',
1 verbose cli   '@types/parallel-transform@ts3.6',
1 verbose cli   '@types/parse-json@ts3.6',
1 verbose cli   '@types/parseurl@ts3.6',
1 verbose cli   '@types/pascalcase@ts3.6',
1 verbose cli   '@types/path-browserify@ts3.6',
1 verbose cli   '@types/path-is-absolute@ts3.6',
1 verbose cli   '@types/path-is-inside@ts3.6',
1 verbose cli   '@types/path-parse@ts3.6',
1 verbose cli   '@types/pbkdf2@ts3.6',
1 verbose cli   '@types/picomatch@ts3.6',
1 verbose cli   '@types/pify@ts3.6',
1 verbose cli   '@types/postcss-flexbugs-fixes@ts3.6',
1 verbose cli   '@types/postcss-gap-properties@ts3.6',
1 verbose cli   '@types/postcss-modules-extract-imports@ts3.6',
1 verbose cli   '@types/postcss-modules-local-by-default@ts3.6',
1 verbose cli   '@types/postcss-modules-scope@ts3.6',
1 verbose cli   '@types/postcss-modules-values@ts3.6',
1 verbose cli   '@types/postcss-normalize@ts3.6',
1 verbose cli   '@types/postcss-preset-env@ts3.6',
1 verbose cli   '@types/postcss-safe-parser@ts3.6',
1 verbose cli   '@types/prelude-ls@ts3.6',
1 verbose cli   '@types/prettier-linter-helpers@ts3.6',
1 verbose cli   '@types/progress@ts3.6',
1 verbose cli   '@types/promise-inflight@ts3.6',
1 verbose cli   '@types/prompts@ts3.6',
1 verbose cli   '@types/prop-types@ts3.6',
1 verbose cli   '@types/proxy-addr@ts3.6',
1 verbose cli   '@types/psl@ts3.6',
1 verbose cli   '@types/pump@ts3.6',
1 verbose cli   '@types/pumpify@ts3.6',
1 verbose cli   '@types/punycode@ts3.6',
1 verbose cli   '@types/q@ts3.6',
1 verbose cli   '@types/qs@ts3.6',
1 verbose cli   '@types/querystringify@ts3.6',
1 verbose cli   '@types/raf@ts3.6',
1 verbose cli   '@types/randombytes@ts3.6',
1 verbose cli   '@types/range-parser@ts3.6',
1 verbose cli   '@types/react-dev-utils@ts3.6',
1 verbose cli   '@types/react-is@ts3.6',
1 verbose cli   '@types/react-refresh@ts3.6',
1 verbose cli   '@types/react-router@ts3.6',
1 verbose cli   '@types/react-test-renderer@ts3.6',
1 verbose cli   '@types/readable-stream@ts3.6',
1 verbose cli   '@types/recursive-readdir@ts3.6',
1 verbose cli   '@types/regenerate@ts3.6',
1 verbose cli   '@types/regenerator-runtime@ts3.6',
1 verbose cli   '@types/regex-not@ts3.6',
1 verbose cli   ... 111 more items
1 verbose cli ]
2 info using npm@6.14.6
3 info using node@v12.18.3
4 verbose npm-session 3a98c753e38f6293
5 silly install loadCurrentTree
6 silly install readLocalPackageData
7 http fetch GET 304 https://registry.npmjs.org/@types%2fmime 386ms (from cache)
8 silly pacote tag manifest for @types/mime@ts3.6 fetched in 391ms
9 http fetch GET 304 https://registry.npmjs.org/@types%2flz-string 877ms (from cache)
10 http fetch GET 304 https://registry.npmjs.org/@types%2fmedia-typer 876ms (from cache)
11 http fetch GET 304 https://registry.npmjs.org/@types%2fmemorystream 875ms (from cache)
12 silly pacote tag manifest for @types/lz-string@ts3.6 fetched in 888ms
13 silly pacote tag manifest for @types/media-typer@ts3.6 fetched in 882ms
14 http fetch GET 304 https://registry.npmjs.org/@types%2fmerge-descriptors 880ms (from cache)
15 silly pacote tag manifest for @types/memorystream@ts3.6 fetched in 883ms
16 silly pacote tag manifest for @types/merge-descriptors@ts3.6 fetched in 891ms
17 http fetch GET 304 https://registry.npmjs.org/@types%2fminimatch 145ms (from cache)
18 silly pacote tag manifest for @types/minimatch@ts3.6 fetched in 147ms
19 http fetch GET 304 https://registry.npmjs.org/@types%2fmemory-fs 1141ms (from cache)
20 silly pacote tag manifest for @types/memory-fs@ts3.6 fetched in 1143ms
21 http fetch GET 304 https://registry.npmjs.org/@types%2fmin-indent 641ms (from cache)
22 silly pacote tag manifest for @types/min-indent@ts3.6 fetched in 643ms
23 http fetch GET 304 https://registry.npmjs.org/@types%2fmerge2 1570ms (from cache)
24 silly pacote tag manifest for @types/merge2@ts3.6 fetched in 1573ms
25 http fetch GET 304 https://registry.npmjs.org/@types%2fmerge-stream 1615ms (from cache)
26 silly pacote tag manifest for @types/merge-stream@ts3.6 fetched in 1617ms
27 http fetch GET 304 https://registry.npmjs.org/@types%2fmicromatch 1617ms (from cache)
28 silly pacote tag manifest for @types/micromatch@ts3.6 fetched in 1624ms
29 http fetch GET 304 https://registry.npmjs.org/@types%2fminizlib 604ms (from cache)
30 silly pacote tag manifest for @types/minizlib@ts3.6 fetched in 606ms
31 http fetch GET 304 https://registry.npmjs.org/@types%2fmkdirp 669ms (from cache)
32 silly pacote tag manifest for @types/mkdirp@ts3.6 fetched in 673ms
33 http fetch GET 304 https://registry.npmjs.org/@types%2fminimalistic-assert 1369ms (from cache)
34 silly pacote tag manifest for @types/minimalistic-assert@ts3.6 fetched in 1370ms
35 http fetch GET 304 https://registry.npmjs.org/@types%2fms 659ms (from cache)
36 silly pacote tag manifest for @types/ms@ts3.6 fetched in 661ms
37 http fetch GET 304 https://registry.npmjs.org/@types%2fmime-types 1419ms (from cache)
38 silly pacote tag manifest for @types/mime-types@ts3.6 fetched in 1421ms
39 http fetch GET 304 https://registry.npmjs.org/@types%2fmethods 2323ms (from cache)
40 http fetch GET 304 https://registry.npmjs.org/@types%2fmove-concurrently 707ms (from cache)
41 silly pacote tag manifest for @types/methods@ts3.6 fetched in 2325ms
42 silly pacote tag manifest for @types/move-concurrently@ts3.6 fetched in 711ms
43 http fetch GET 304 https://registry.npmjs.org/@types%2fmulticast-dns 624ms (from cache)
44 silly pacote tag manifest for @types/multicast-dns@ts3.6 fetched in 625ms
45 http fetch GET 304 https://registry.npmjs.org/@types%2fminimist 1365ms (from cache)
46 silly pacote tag manifest for @types/minimist@ts3.6 fetched in 1367ms
47 http fetch GET 304 https://registry.npmjs.org/@types%2fmime-db 2064ms (from cache)
48 silly pacote tag manifest for @types/mime-db@ts3.6 fetched in 2066ms
49 http fetch GET 304 https://registry.npmjs.org/@types%2fnatural-compare 610ms (from cache)
50 silly pacote tag manifest for @types/natural-compare@ts3.6 fetched in 612ms
51 http fetch GET 304 https://registry.npmjs.org/@types%2fnegotiator 597ms (from cache)
52 silly pacote tag manifest for @types/negotiator@ts3.6 fetched in 598ms
53 http fetch GET 304 https://registry.npmjs.org/@types%2fnext-tick 607ms (from cache)
54 silly pacote tag manifest for @types/next-tick@ts3.6 fetched in 609ms
55 http fetch GET 304 https://registry.npmjs.org/@types%2fmoo 1394ms (from cache)
56 silly pacote tag manifest for @types/moo@ts3.6 fetched in 1397ms
57 http fetch GET 304 https://registry.npmjs.org/@types%2fnice-try 650ms (from cache)
58 http fetch GET 304 https://registry.npmjs.org/@types%2fnode-fetch 612ms (from cache)
59 silly pacote tag manifest for @types/nice-try@ts3.6 fetched in 655ms
60 silly pacote tag manifest for @types/node-fetch@ts3.6 fetched in 616ms
61 http fetch GET 304 https://registry.npmjs.org/@types%2fnearley 728ms (from cache)
62 silly pacote tag manifest for @types/nearley@ts3.6 fetched in 729ms
63 http fetch GET 304 https://registry.npmjs.org/@types%2fnormalize-package-data 146ms (from cache)
64 silly pacote tag manifest for @types/normalize-package-data@ts3.6 fetched in 148ms
65 http fetch GET 304 https://registry.npmjs.org/@types%2fnode-int64 628ms (from cache)
66 silly pacote tag manifest for @types/node-int64@ts3.6 fetched in 630ms
67 http fetch GET 304 https://registry.npmjs.org/@types%2fnode-forge 687ms (from cache)
68 silly pacote tag manifest for @types/node-forge@ts3.6 fetched in 696ms
69 http fetch GET 304 https://registry.npmjs.org/@types%2fnode-notifier 838ms (from cache)
70 http fetch GET 304 https://registry.npmjs.org/@types%2fmute-stream 1509ms (from cache)
71 http fetch GET 304 https://registry.npmjs.org/@types%2fnormalize-path 767ms (from cache)
72 http fetch GET 304 https://registry.npmjs.org/@types%2fnum2fraction 736ms (from cache)
73 http fetch GET 304 https://registry.npmjs.org/@types%2fnwsapi 724ms (from cache)
74 silly pacote tag manifest for @types/node-notifier@ts3.6 fetched in 846ms
75 silly pacote tag manifest for @types/mute-stream@ts3.6 fetched in 1517ms
76 silly pacote tag manifest for @types/normalize-path@ts3.6 fetched in 781ms
77 silly pacote tag manifest for @types/num2fraction@ts3.6 fetched in 752ms
78 silly pacote tag manifest for @types/nwsapi@ts3.6 fetched in 753ms
79 http fetch GET 304 https://registry.npmjs.org/@types%2fobject-inspect 803ms (from cache)
80 http fetch GET 304 https://registry.npmjs.org/@types%2fobject.getownpropertydescriptors 722ms (from cache)
81 silly pacote tag manifest for @types/object-inspect@ts3.6 fetched in 808ms
82 http fetch GET 304 https://registry.npmjs.org/@types%2fobject-keys 788ms (from cache)
83 silly pacote tag manifest for @types/object.getownpropertydescriptors@ts3.6 fetched in 732ms
84 silly pacote tag manifest for @types/object-keys@ts3.6 fetched in 797ms
85 http fetch GET 304 https://registry.npmjs.org/@types%2fon-finished 887ms (from cache)
86 http fetch GET 304 https://registry.npmjs.org/@types%2fobject-assign 1618ms (from cache)
87 http fetch GET 304 https://registry.npmjs.org/@types%2foriginal 779ms (from cache)
88 http fetch GET 304 https://registry.npmjs.org/@types%2fobject.pick 891ms (from cache)
89 http fetch GET 304 https://registry.npmjs.org/@types%2fonce 883ms (from cache)
90 http fetch GET 304 https://registry.npmjs.org/@types%2fpako 767ms (from cache)
91 http fetch GET 304 https://registry.npmjs.org/@types%2fon-headers 891ms (from cache)
92 http fetch GET 304 https://registry.npmjs.org/@types%2foptimize-css-assets-webpack-plugin 871ms (from cache)
93 silly pacote tag manifest for @types/on-finished@ts3.6 fetched in 900ms
94 silly pacote tag manifest for @types/object-assign@ts3.6 fetched in 1631ms
95 silly pacote tag manifest for @types/object.pick@ts3.6 fetched in 905ms
96 silly pacote tag manifest for @types/original@ts3.6 fetched in 795ms
97 silly pacote tag manifest for @types/once@ts3.6 fetched in 896ms
98 silly pacote tag manifest for @types/pako@ts3.6 fetched in 780ms
99 silly pacote tag manifest for @types/on-headers@ts3.6 fetched in 907ms
100 silly pacote tag manifest for @types/optimize-css-assets-webpack-plugin@ts3.6 fetched in 888ms
101 http fetch GET 304 https://registry.npmjs.org/@types%2fobject.fromentries 1666ms (from cache)
102 http fetch GET 304 https://registry.npmjs.org/@types%2fparse-json 137ms (from cache)
103 silly pacote tag manifest for @types/object.fromentries@ts3.6 fetched in 1670ms
104 silly pacote tag manifest for @types/parse-json@ts3.6 fetched in 140ms
105 http fetch GET 304 https://registry.npmjs.org/@types%2fos-tmpdir 1399ms (from cache)
106 silly pacote tag manifest for @types/os-tmpdir@ts3.6 fetched in 1401ms
107 http fetch GET 304 https://registry.npmjs.org/@types%2fpath-parse 630ms (from cache)
108 silly pacote tag manifest for @types/path-parse@ts3.6 fetched in 647ms
109 http fetch GET 200 https://registry.npmjs.org/@types%2fpath-browserify 688ms
110 silly fetchPackageMetaData error for @types/path-browserify@ts3.6 No matching version found for @types/path-browserify@ts3.6.
111 http fetch GET 304 https://registry.npmjs.org/@types%2fpath-is-inside 702ms (from cache)
112 http fetch GET 304 https://registry.npmjs.org/@types%2fpath-is-absolute 710ms (from cache)
113 silly pacote tag manifest for @types/path-is-inside@ts3.6 fetched in 710ms
114 http fetch GET 304 https://registry.npmjs.org/@types%2fparseurl 720ms (from cache)
115 silly pacote tag manifest for @types/path-is-absolute@ts3.6 fetched in 721ms
116 silly pacote tag manifest for @types/parseurl@ts3.6 fetched in 732ms
117 http fetch GET 304 https://registry.npmjs.org/@types%2fpascalcase 735ms (from cache)
118 silly pacote tag manifest for @types/pascalcase@ts3.6 fetched in 749ms
119 http fetch GET 304 https://registry.npmjs.org/@types%2fpify 617ms (from cache)
120 silly pacote tag manifest for @types/pify@ts3.6 fetched in 619ms
121 http fetch GET 304 https://registry.npmjs.org/@types%2fpostcss-modules-extract-imports 639ms (from cache)
122 silly pacote tag manifest for @types/postcss-modules-extract-imports@ts3.6 fetched in 641ms
123 http fetch GET 304 https://registry.npmjs.org/@types%2fparallel-transform 1421ms (from cache)
124 silly pacote tag manifest for @types/parallel-transform@ts3.6 fetched in 1423ms
125 http fetch GET 304 https://registry.npmjs.org/@types%2fpostcss-modules-local-by-default 744ms (from cache)
126 http fetch GET 304 https://registry.npmjs.org/@types%2fpicomatch 1329ms (from cache)
127 silly pacote tag manifest for @types/postcss-modules-local-by-default@ts3.6 fetched in 750ms
128 silly pacote tag manifest for @types/picomatch@ts3.6 fetched in 1336ms
129 http fetch GET 304 https://registry.npmjs.org/@types%2fpostcss-modules-values 759ms (from cache)
130 silly pacote tag manifest for @types/postcss-modules-values@ts3.6 fetched in 761ms
131 http fetch GET 304 https://registry.npmjs.org/@types%2fpbkdf2 1393ms (from cache)
132 silly pacote tag manifest for @types/pbkdf2@ts3.6 fetched in 1396ms
133 http fetch GET 304 https://registry.npmjs.org/@types%2fpostcss-flexbugs-fixes 1441ms (from cache)
134 http fetch GET 304 https://registry.npmjs.org/@types%2fpostcss-gap-properties 1408ms (from cache)
135 http fetch GET 304 https://registry.npmjs.org/@types%2fprettier-linter-helpers 628ms (from cache)
136 silly pacote tag manifest for @types/postcss-flexbugs-fixes@ts3.6 fetched in 1447ms
137 silly pacote tag manifest for @types/postcss-gap-properties@ts3.6 fetched in 1418ms
138 silly pacote tag manifest for @types/prettier-linter-helpers@ts3.6 fetched in 638ms
139 http fetch GET 304 https://registry.npmjs.org/@types%2fprelude-ls 667ms (from cache)
140 silly pacote tag manifest for @types/prelude-ls@ts3.6 fetched in 670ms
141 http fetch GET 304 https://registry.npmjs.org/@types%2fpostcss-modules-scope 1452ms (from cache)
142 silly pacote tag manifest for @types/postcss-modules-scope@ts3.6 fetched in 1454ms
143 http fetch GET 304 https://registry.npmjs.org/@types%2fprop-types 180ms (from cache)
144 silly pacote tag manifest for @types/prop-types@ts3.6 fetched in 182ms
145 http fetch GET 304 https://registry.npmjs.org/@types%2fprogress 818ms (from cache)
146 silly pacote tag manifest for @types/progress@ts3.6 fetched in 821ms
147 http fetch GET 304 https://registry.npmjs.org/@types%2fpostcss-normalize 1548ms (from cache)
148 silly pacote tag manifest for @types/postcss-normalize@ts3.6 fetched in 1552ms
149 http fetch GET 304 https://registry.npmjs.org/@types%2fpsl 651ms (from cache)
150 silly pacote tag manifest for @types/psl@ts3.6 fetched in 658ms
151 http fetch GET 304 https://registry.npmjs.org/@types%2fpump 625ms (from cache)
152 silly pacote tag manifest for @types/pump@ts3.6 fetched in 628ms
153 http fetch GET 304 https://registry.npmjs.org/@types%2fprompts 718ms (from cache)
154 silly pacote tag manifest for @types/prompts@ts3.6 fetched in 721ms
155 http fetch GET 304 https://registry.npmjs.org/@types%2fqs 93ms (from cache)
156 http fetch GET 304 https://registry.npmjs.org/@types%2fq 111ms (from cache)
157 silly pacote tag manifest for @types/qs@ts3.6 fetched in 98ms
158 http fetch GET 304 https://registry.npmjs.org/@types%2fpromise-inflight 1367ms (from cache)
159 silly pacote tag manifest for @types/q@ts3.6 fetched in 120ms
160 silly pacote tag manifest for @types/promise-inflight@ts3.6 fetched in 1377ms
161 http fetch GET 304 https://registry.npmjs.org/@types%2fpumpify 637ms (from cache)
162 silly pacote tag manifest for @types/pumpify@ts3.6 fetched in 639ms
163 http fetch GET 304 https://registry.npmjs.org/@types%2fpunycode 685ms (from cache)
164 silly pacote tag manifest for @types/punycode@ts3.6 fetched in 687ms
165 http fetch GET 200 https://registry.npmjs.org/@types%2fpostcss-preset-env 1714ms
166 silly fetchPackageMetaData error for @types/postcss-preset-env@ts3.6 No matching version found for @types/postcss-preset-env@ts3.6.
167 http fetch GET 304 https://registry.npmjs.org/@types%2frange-parser 176ms (from cache)
168 silly pacote tag manifest for @types/range-parser@ts3.6 fetched in 179ms
169 http fetch GET 304 https://registry.npmjs.org/@types%2freact-test-renderer 97ms (from cache)
170 silly pacote tag manifest for @types/react-test-renderer@ts3.6 fetched in 100ms
171 http fetch GET 304 https://registry.npmjs.org/@types%2fquerystringify 642ms (from cache)
172 http fetch GET 304 https://registry.npmjs.org/@types%2fraf 634ms (from cache)
173 silly pacote tag manifest for @types/querystringify@ts3.6 fetched in 646ms
174 silly pacote tag manifest for @types/raf@ts3.6 fetched in 640ms
175 http fetch GET 304 https://registry.npmjs.org/@types%2fpostcss-safe-parser 2086ms (from cache)
176 silly pacote tag manifest for @types/postcss-safe-parser@ts3.6 fetched in 2088ms
177 http fetch GET 304 https://registry.npmjs.org/@types%2fproxy-addr 1413ms (from cache)
178 silly pacote tag manifest for @types/proxy-addr@ts3.6 fetched in 1416ms
179 http fetch GET 304 https://registry.npmjs.org/@types%2freact-is 668ms (from cache)
180 silly pacote tag manifest for @types/react-is@ts3.6 fetched in 671ms
181 http fetch GET 304 https://registry.npmjs.org/@types%2freact-dev-utils 700ms (from cache)
182 http fetch GET 304 https://registry.npmjs.org/@types%2frandombytes 716ms (from cache)
183 silly pacote tag manifest for @types/react-dev-utils@ts3.6 fetched in 704ms
184 silly pacote tag manifest for @types/randombytes@ts3.6 fetched in 719ms
185 http fetch GET 304 https://registry.npmjs.org/@types%2freact-router 593ms (from cache)
186 silly pacote tag manifest for @types/react-router@ts3.6 fetched in 598ms
187 http fetch GET 200 https://registry.npmjs.org/@types%2freact-refresh 671ms
188 silly fetchPackageMetaData error for @types/react-refresh@ts3.6 No matching version found for @types/react-refresh@ts3.6.
189 http fetch GET 304 https://registry.npmjs.org/@types%2freadable-stream 744ms (from cache)
190 silly pacote tag manifest for @types/readable-stream@ts3.6 fetched in 747ms
191 http fetch GET 304 https://registry.npmjs.org/@types%2frecursive-readdir 597ms (from cache)
192 silly pacote tag manifest for @types/recursive-readdir@ts3.6 fetched in 601ms
193 http fetch GET 200 https://registry.npmjs.org/@types%2fregenerate 644ms
194 silly fetchPackageMetaData error for @types/regenerate@ts3.6 No matching version found for @types/regenerate@ts3.6.
195 http fetch GET 200 https://registry.npmjs.org/@types%2fregex-not 605ms
196 silly fetchPackageMetaData error for @types/regex-not@ts3.6 No matching version found for @types/regex-not@ts3.6.
197 http fetch GET 304 https://registry.npmjs.org/@types%2fresolve 90ms (from cache)
198 silly pacote tag manifest for @types/resolve@ts3.6 fetched in 101ms
199 http fetch GET 304 https://registry.npmjs.org/@types%2fregenerator-runtime 680ms (from cache)
200 silly pacote tag manifest for @types/regenerator-runtime@ts3.6 fetched in 683ms
201 http fetch GET 304 https://registry.npmjs.org/@types%2fretry 92ms (from cache)
202 silly pacote tag manifest for @types/retry@ts3.6 fetched in 94ms
203 http fetch GET 304 https://registry.npmjs.org/@types%2frepeat-string 632ms (from cache)
204 silly pacote tag manifest for @types/repeat-string@ts3.6 fetched in 635ms
205 http fetch GET 304 https://registry.npmjs.org/@types%2frelateurl 713ms (from cache)
206 http fetch GET 304 https://registry.npmjs.org/@types%2frequire-from-string 628ms (from cache)
207 silly pacote tag manifest for @types/relateurl@ts3.6 fetched in 717ms
208 silly pacote tag manifest for @types/require-from-string@ts3.6 fetched in 632ms
209 http fetch GET 304 https://registry.npmjs.org/@types%2frun-parallel 724ms (from cache)
210 http fetch GET 304 https://registry.npmjs.org/@types%2fsafe-regex 680ms (from cache)
211 silly pacote tag manifest for @types/run-parallel@ts3.6 fetched in 728ms
212 silly pacote tag manifest for @types/safe-regex@ts3.6 fetched in 686ms
213 http fetch GET 304 https://registry.npmjs.org/@types%2fsane 619ms (from cache)
214 silly pacote tag manifest for @types/sane@ts3.6 fetched in 633ms
215 http fetch GET 304 https://registry.npmjs.org/@types%2fsafer-buffer 658ms (from cache)
216 silly pacote tag manifest for @types/safer-buffer@ts3.6 fetched in 661ms
217 http fetch GET 304 https://registry.npmjs.org/@types%2frepeat-element 1369ms (from cache)
218 silly pacote tag manifest for @types/repeat-element@ts3.6 fetched in 1375ms
219 http fetch GET 304 https://registry.npmjs.org/@types%2frequire-directory 1365ms (from cache)
220 silly pacote tag manifest for @types/require-directory@ts3.6 fetched in 1369ms
221 http fetch GET 304 https://registry.npmjs.org/@types%2fscheduler 89ms (from cache)
222 silly pacote tag manifest for @types/scheduler@ts3.6 fetched in 92ms
223 http fetch GET 304 https://registry.npmjs.org/@types%2frequires-port 1387ms (from cache)
224 silly pacote tag manifest for @types/requires-port@ts3.6 fetched in 1390ms
225 http fetch GET 304 https://registry.npmjs.org/@types%2fsax 640ms (from cache)
226 http fetch GET 304 https://registry.npmjs.org/@types%2frsvp 1394ms (from cache)
227 silly pacote tag manifest for @types/sax@ts3.6 fetched in 642ms
228 silly pacote tag manifest for @types/rsvp@ts3.6 fetched in 1397ms
229 http fetch GET 304 https://registry.npmjs.org/@types%2fsemver 651ms (from cache)
230 silly pacote tag manifest for @types/semver@ts3.6 fetched in 656ms
231 http fetch GET 304 https://registry.npmjs.org/@types%2fserve-static 80ms (from cache)
232 silly pacote tag manifest for @types/serve-static@ts3.6 fetched in 83ms
233 http fetch GET 304 https://registry.npmjs.org/@types%2fserve-index 113ms (from cache)
234 silly pacote tag manifest for @types/serve-index@ts3.6 fetched in 117ms
235 http fetch GET 304 https://registry.npmjs.org/@types%2frimraf 2121ms (from cache)
236 silly pacote tag manifest for @types/rimraf@ts3.6 fetched in 2123ms
237 http fetch GET 304 https://registry.npmjs.org/@types%2fripemd160 2103ms (from cache)
238 silly pacote tag manifest for @types/ripemd160@ts3.6 fetched in 2105ms
239 http fetch GET 304 https://registry.npmjs.org/@types%2fsemver-compare 1321ms (from cache)
240 silly pacote tag manifest for @types/semver-compare@ts3.6 fetched in 1323ms
241 http fetch GET 304 https://registry.npmjs.org/@types%2fsass-loader 1680ms (from cache)
242 silly pacote tag manifest for @types/sass-loader@ts3.6 fetched in 1693ms
243 http fetch GET 304 https://registry.npmjs.org/@types%2fserialize-javascript 1347ms (from cache)
244 silly pacote tag manifest for @types/serialize-javascript@ts3.6 fetched in 1353ms
245 http fetch GET 304 https://registry.npmjs.org/@types%2fset-value 1363ms (from cache)
246 http fetch GET 304 https://registry.npmjs.org/@types%2fset-cookie-parser 1385ms (from cache)
247 silly pacote tag manifest for @types/set-value@ts3.6 fetched in 1365ms
248 http fetch GET 304 https://registry.npmjs.org/@types%2fsetimmediate 1336ms (from cache)
249 silly pacote tag manifest for @types/set-cookie-parser@ts3.6 fetched in 1391ms
250 silly pacote tag manifest for @types/setimmediate@ts3.6 fetched in 1347ms
251 http fetch GET 200 https://registry.npmjs.org/@types%2fselfsigned 2083ms
252 silly fetchPackageMetaData error for @types/selfsigned@ts3.6 No matching version found for @types/selfsigned@ts3.6.
253 http fetch GET 304 https://registry.npmjs.org/@types%2fsend 2050ms (from cache)
254 silly pacote tag manifest for @types/send@ts3.6 fetched in 2054ms
255 http fetch GET 304 https://registry.npmjs.org/@types%2fsockjs 101ms (from cache)
256 silly pacote tag manifest for @types/sockjs@ts3.6 fetched in 105ms
257 http fetch GET 304 https://registry.npmjs.org/@types%2fsource-list-map 80ms (from cache)
258 silly pacote tag manifest for @types/source-list-map@ts3.6 fetched in 94ms
259 http fetch GET 200 https://registry.npmjs.org/@types%2fsimple-swizzle 614ms
260 silly fetchPackageMetaData error for @types/simple-swizzle@ts3.6 No matching version found for @types/simple-swizzle@ts3.6.
261 http fetch GET 304 https://registry.npmjs.org/@types%2fsignal-exit 682ms (from cache)
262 silly pacote tag manifest for @types/signal-exit@ts3.6 fetched in 684ms
263 http fetch GET 304 https://registry.npmjs.org/@types%2fsha.js 1351ms (from cache)
264 silly pacote tag manifest for @types/sha.js@ts3.6 fetched in 1353ms
265 http fetch GET 304 https://registry.npmjs.org/@types%2fshebang-command 1382ms (from cache)
266 silly pacote tag manifest for @types/shebang-command@ts3.6 fetched in 1386ms
267 http fetch GET 304 https://registry.npmjs.org/@types%2fshell-quote 1343ms (from cache)
268 silly pacote tag manifest for @types/shell-quote@ts3.6 fetched in 1345ms
269 http fetch GET 304 https://registry.npmjs.org/@types%2fsource-map-support 628ms (from cache)
270 silly pacote tag manifest for @types/source-map-support@ts3.6 fetched in 631ms
271 http fetch GET 304 https://registry.npmjs.org/@types%2fspdx-correct 613ms (from cache)
272 silly pacote tag manifest for @types/spdx-correct@ts3.6 fetched in 616ms
273 http fetch GET 304 https://registry.npmjs.org/@types%2fspdx-expression-parse 643ms (from cache)
274 http fetch GET 304 https://registry.npmjs.org/@types%2fstack-utils 97ms (from cache)
275 silly pacote tag manifest for @types/spdx-expression-parse@ts3.6 fetched in 648ms
276 silly pacote tag manifest for @types/stack-utils@ts3.6 fetched in 101ms
277 http fetch GET 304 https://registry.npmjs.org/@types%2fspdy 619ms (from cache)
278 silly pacote tag manifest for @types/spdy@ts3.6 fetched in 623ms
279 http fetch GET 304 https://registry.npmjs.org/@types%2fsprintf 601ms (from cache)
280 silly pacote tag manifest for @types/sprintf@ts3.6 fetched in 606ms
281 http fetch GET 304 https://registry.npmjs.org/@types%2fsprintf-js 616ms (from cache)
282 silly pacote tag manifest for @types/sprintf-js@ts3.6 fetched in 618ms
283 http fetch GET 304 https://registry.npmjs.org/@types%2fssri 607ms (from cache)
284 silly pacote tag manifest for @types/ssri@ts3.6 fetched in 610ms
285 http fetch GET 304 https://registry.npmjs.org/@types%2fstream-each 603ms (from cache)
286 silly pacote tag manifest for @types/stream-each@ts3.6 fetched in 604ms
287 http fetch GET 304 https://registry.npmjs.org/@types%2fsockjs-client 1400ms (from cache)
288 http fetch GET 304 https://registry.npmjs.org/@types%2fstream-shift 641ms (from cache)
289 silly pacote tag manifest for @types/sockjs-client@ts3.6 fetched in 1407ms
290 http fetch GET 304 https://registry.npmjs.org/@types%2fstrict-uri-encode 645ms (from cache)
291 silly pacote tag manifest for @types/stream-shift@ts3.6 fetched in 650ms
292 silly pacote tag manifest for @types/strict-uri-encode@ts3.6 fetched in 653ms
293 http fetch GET 304 https://registry.npmjs.org/@types%2fslice-ansi 1454ms (from cache)
294 silly pacote tag manifest for @types/slice-ansi@ts3.6 fetched in 1458ms
295 http fetch GET 304 https://registry.npmjs.org/@types%2fstring.prototype.matchall 646ms (from cache)
296 silly pacote tag manifest for @types/string.prototype.matchall@ts3.6 fetched in 648ms
297 http fetch GET 304 https://registry.npmjs.org/@types%2ftapable 112ms (from cache)
298 silly pacote tag manifest for @types/tapable@ts3.6 fetched in 114ms
299 http fetch GET 304 https://registry.npmjs.org/@types%2fstringify-object 813ms (from cache)
300 http fetch GET 304 https://registry.npmjs.org/@types%2fstrip-comments 781ms (from cache)
301 silly pacote tag manifest for @types/stringify-object@ts3.6 fetched in 816ms
302 silly pacote tag manifest for @types/strip-comments@ts3.6 fetched in 784ms
303 http fetch GET 304 https://registry.npmjs.org/@types%2fsupports-color 763ms (from cache)
304 http fetch GET 304 https://registry.npmjs.org/@types%2fsvg-parser 760ms (from cache)
305 http fetch GET 304 https://registry.npmjs.org/@types%2fsvgo 754ms (from cache)
306 http fetch GET 304 https://registry.npmjs.org/@types%2fstatuses 1485ms (from cache)
307 http fetch GET 304 https://registry.npmjs.org/@types%2fsymbol-tree 734ms (from cache)
308 silly pacote tag manifest for @types/supports-color@ts3.6 fetched in 771ms
309 silly pacote tag manifest for @types/svg-parser@ts3.6 fetched in 770ms
310 silly pacote tag manifest for @types/svgo@ts3.6 fetched in 766ms
311 silly pacote tag manifest for @types/statuses@ts3.6 fetched in 1498ms
312 silly pacote tag manifest for @types/symbol-tree@ts3.6 fetched in 750ms
313 http fetch GET 304 https://registry.npmjs.org/@types%2fstring-natural-compare 1360ms (from cache)
314 silly pacote tag manifest for @types/string-natural-compare@ts3.6 fetched in 1362ms
315 http fetch GET 304 https://registry.npmjs.org/@types%2fthrough 676ms (from cache)
316 silly pacote tag manifest for @types/through@ts3.6 fetched in 680ms
317 http fetch GET 304 https://registry.npmjs.org/@types%2ftext-table 695ms (from cache)
318 silly pacote tag manifest for @types/text-table@ts3.6 fetched in 697ms
319 http fetch GET 304 https://registry.npmjs.org/@types%2ftmp 657ms (from cache)
320 http fetch GET 304 https://registry.npmjs.org/@types%2fthunky 663ms (from cache)
321 silly pacote tag manifest for @types/tmp@ts3.6 fetched in 663ms
322 silly pacote tag manifest for @types/thunky@ts3.6 fetched in 668ms
323 http fetch GET 304 https://registry.npmjs.org/@types%2fthrough2 679ms (from cache)
324 silly pacote tag manifest for @types/through2@ts3.6 fetched in 691ms
325 http fetch GET 200 https://registry.npmjs.org/@types%2fto-regex-range 625ms
326 silly fetchPackageMetaData error for @types/to-regex-range@ts3.6 No matching version found for @types/to-regex-range@ts3.6.
327 http fetch GET 304 https://registry.npmjs.org/@types%2ftough-cookie 616ms (from cache)
328 silly pacote tag manifest for @types/tough-cookie@ts3.6 fetched in 618ms
329 http fetch GET 304 https://registry.npmjs.org/@types%2fstrip-final-newline 2037ms (from cache)
330 silly pacote tag manifest for @types/strip-final-newline@ts3.6 fetched in 2038ms
331 http fetch GET 200 https://registry.npmjs.org/@types%2ftr46 595ms
332 silly fetchPackageMetaData error for @types/tr46@ts3.6 No matching version found for @types/tr46@ts3.6.
333 http fetch GET 304 https://registry.npmjs.org/@types%2ftryer 603ms (from cache)
334 silly pacote tag manifest for @types/tryer@ts3.6 fetched in 605ms
335 http fetch GET 304 https://registry.npmjs.org/@types%2ftype-check 627ms (from cache)
336 silly pacote tag manifest for @types/type-check@ts3.6 fetched in 629ms
337 http fetch GET 200 https://registry.npmjs.org/@types%2ftmpl 1342ms
338 silly fetchPackageMetaData error for @types/tmpl@ts3.6 No matching version found for @types/tmpl@ts3.6.
339 http fetch GET 304 https://registry.npmjs.org/@types%2ftimsort 1375ms (from cache)
340 silly pacote tag manifest for @types/timsort@ts3.6 fetched in 1377ms
341 http fetch GET 200 https://registry.npmjs.org/@types%2fto-regex 1375ms
342 silly fetchPackageMetaData error for @types/to-regex@ts3.6 No matching version found for @types/to-regex@ts3.6.
343 http fetch GET 304 https://registry.npmjs.org/@types%2ftar 2086ms (from cache)
344 silly pacote tag manifest for @types/tar@ts3.6 fetched in 2090ms
345 http fetch GET 304 https://registry.npmjs.org/@types%2funiq 660ms (from cache)
346 silly pacote tag manifest for @types/uniq@ts3.6 fetched in 662ms
347 http fetch GET 304 https://registry.npmjs.org/@types%2furl-parse 618ms (from cache)
348 silly pacote tag manifest for @types/url-parse@ts3.6 fetched in 620ms
349 http fetch GET 304 https://registry.npmjs.org/@types%2ftype-is 1328ms (from cache)
350 silly pacote tag manifest for @types/type-is@ts3.6 fetched in 1330ms
351 http fetch GET 304 https://registry.npmjs.org/@types%2ftype-detect 1353ms (from cache)
352 silly pacote tag manifest for @types/type-detect@ts3.6 fetched in 1356ms
353 http fetch GET 200 https://registry.npmjs.org/@types%2ftypedarray-to-buffer 1335ms
354 silly fetchPackageMetaData error for @types/typedarray-to-buffer@ts3.6 No matching version found for @types/typedarray-to-buffer@ts3.6.
355 http fetch GET 304 https://registry.npmjs.org/@types%2furix 1329ms (from cache)
356 silly pacote tag manifest for @types/urix@ts3.6 fetched in 1331ms
357 http fetch GET 304 https://registry.npmjs.org/@types%2funiversalify 1379ms (from cache)
358 silly pacote tag manifest for @types/universalify@ts3.6 fetched in 1381ms
359 http fetch GET 304 https://registry.npmjs.org/@types%2futil.promisify 1332ms (from cache)
360 silly pacote tag manifest for @types/util.promisify@ts3.6 fetched in 1334ms
361 http fetch GET 304 https://registry.npmjs.org/@types%2fwebpack 90ms (from cache)
362 silly pacote tag manifest for @types/webpack@ts3.6 fetched in 94ms
363 http fetch GET 304 https://registry.npmjs.org/@types%2fw3c-hr-time 627ms (from cache)
364 http fetch GET 304 https://registry.npmjs.org/@types%2fw3c-xmlserializer 609ms (from cache)
365 silly pacote tag manifest for @types/w3c-hr-time@ts3.6 fetched in 630ms
366 silly pacote tag manifest for @types/w3c-xmlserializer@ts3.6 fetched in 614ms
367 http fetch GET 304 https://registry.npmjs.org/@types%2fwebpack-sources 82ms (from cache)
368 silly pacote tag manifest for @types/webpack-sources@ts3.6 fetched in 85ms
369 http fetch GET 304 https://registry.npmjs.org/@types%2fvalidate-npm-package-license 1368ms (from cache)
370 silly pacote tag manifest for @types/validate-npm-package-license@ts3.6 fetched in 1370ms
371 http fetch GET 304 https://registry.npmjs.org/@types%2fwebpack-manifest-plugin 642ms (from cache)
372 silly pacote tag manifest for @types/webpack-manifest-plugin@ts3.6 fetched in 644ms
373 http fetch GET 304 https://registry.npmjs.org/@types%2fwebidl-conversions 883ms (from cache)
374 silly pacote tag manifest for @types/webidl-conversions@ts3.6 fetched in 885ms
375 http fetch GET 304 https://registry.npmjs.org/@types%2futils-merge 2106ms (from cache)
376 silly pacote tag manifest for @types/utils-merge@ts3.6 fetched in 2108ms
377 http fetch GET 304 https://registry.npmjs.org/@types%2fwhatwg-encoding 620ms (from cache)
378 silly pacote tag manifest for @types/whatwg-encoding@ts3.6 fetched in 622ms
379 http fetch GET 304 https://registry.npmjs.org/@types%2fwcwidth 1429ms (from cache)
380 http fetch GET 304 https://registry.npmjs.org/@types%2futil-deprecate 2702ms (from cache)
381 silly pacote tag manifest for @types/wcwidth@ts3.6 fetched in 1434ms
382 silly pacote tag manifest for @types/util-deprecate@ts3.6 fetched in 2710ms
383 http fetch GET 304 https://registry.npmjs.org/@types%2fwhich 609ms (from cache)
384 silly pacote tag manifest for @types/which@ts3.6 fetched in 611ms
385 http fetch GET 304 https://registry.npmjs.org/@types%2fvary 2131ms (from cache)
386 silly pacote tag manifest for @types/vary@ts3.6 fetched in 2133ms
387 http fetch GET 304 https://registry.npmjs.org/@types%2fwhich-pm-runs 614ms (from cache)
388 silly pacote tag manifest for @types/which-pm-runs@ts3.6 fetched in 616ms
389 http fetch GET 304 https://registry.npmjs.org/@types%2fws 76ms (from cache)
390 silly pacote tag manifest for @types/ws@ts3.6 fetched in 79ms
391 http fetch GET 304 https://registry.npmjs.org/@types%2fworkbox-build 626ms (from cache)
392 silly pacote tag manifest for @types/workbox-build@ts3.6 fetched in 628ms
393 http fetch GET 304 https://registry.npmjs.org/@types%2fwhatwg-mimetype 1315ms (from cache)
394 silly pacote tag manifest for @types/whatwg-mimetype@ts3.6 fetched in 1318ms
395 http fetch GET 304 https://registry.npmjs.org/@types%2fyargs 74ms (from cache)
396 silly pacote tag manifest for @types/yargs@ts3.6 fetched in 78ms
397 http fetch GET 304 https://registry.npmjs.org/@types%2fwatchpack 2094ms (from cache)
398 silly pacote tag manifest for @types/watchpack@ts3.6 fetched in 2096ms
399 http fetch GET 304 https://registry.npmjs.org/@types%2fwhatwg-url 1351ms (from cache)
400 http fetch GET 304 https://registry.npmjs.org/@types%2fyargs-parser 72ms (from cache)
401 silly pacote tag manifest for @types/whatwg-url@ts3.6 fetched in 1355ms
402 silly pacote tag manifest for @types/yargs-parser@ts3.6 fetched in 76ms
403 http fetch GET 304 https://registry.npmjs.org/@types%2fworkbox-webpack-plugin 619ms (from cache)
404 silly pacote tag manifest for @types/workbox-webpack-plugin@ts3.6 fetched in 622ms
405 http fetch GET 304 https://registry.npmjs.org/@types%2fyallist 675ms (from cache)
406 silly pacote tag manifest for @types/yallist@ts3.6 fetched in 676ms
407 http fetch GET 304 https://registry.npmjs.org/@types%2fworkbox-sw 1282ms (from cache)
408 silly pacote tag manifest for @types/workbox-sw@ts3.6 fetched in 1287ms
409 http fetch GET 304 https://registry.npmjs.org/@types%2fwrite-file-atomic 1306ms (from cache)
410 silly pacote tag manifest for @types/write-file-atomic@ts3.6 fetched in 1309ms
411 http fetch GET 304 https://registry.npmjs.org/@types%2fwrap-ansi 1398ms (from cache)
412 silly pacote tag manifest for @types/wrap-ansi@ts3.6 fetched in 1401ms
413 http fetch GET 304 https://registry.npmjs.org/@types%2fxtend 1338ms (from cache)
414 silly pacote tag manifest for @types/xtend@ts3.6 fetched in 1342ms
415 http fetch GET 304 https://registry.npmjs.org/@types%2fxml-name-validator 2046ms (from cache)
416 silly registry:manifest no matching version for @types/xml-name-validator@ts3.6 in the cache. Forcing revalidation.
417 http fetch GET 200 https://registry.npmjs.org/@types%2fxml-name-validator 723ms
418 silly fetchPackageMetaData error for @types/xml-name-validator@ts3.6 No matching version found for @types/xml-name-validator@ts3.6.
419 timing stage:rollbackFailedOptional Completed in 0ms
420 timing stage:runTopLevelLifecycles Completed in 21032ms
421 verbose type tag
422 verbose stack @types/path-browserify: No matching version found for @types/path-browserify@ts3.6.
422 verbose stack     at pickManifest (/usr/local/lib/node_modules/npm/node_modules/npm-pick-manifest/index.js:122:13)
422 verbose stack     at /usr/local/lib/node_modules/npm/node_modules/pacote/lib/fetchers/registry/manifest.js:24:14
422 verbose stack     at tryCatcher (/usr/local/lib/node_modules/npm/node_modules/bluebird/js/release/util.js:16:23)
422 verbose stack     at Promise._settlePromiseFromHandler (/usr/local/lib/node_modules/npm/node_modules/bluebird/js/release/promise.js:517:31)
422 verbose stack     at Promise._settlePromise (/usr/local/lib/node_modules/npm/node_modules/bluebird/js/release/promise.js:574:18)
422 verbose stack     at Promise._settlePromise0 (/usr/local/lib/node_modules/npm/node_modules/bluebird/js/release/promise.js:619:10)
422 verbose stack     at Promise._settlePromises (/usr/local/lib/node_modules/npm/node_modules/bluebird/js/release/promise.js:699:18)
422 verbose stack     at _drainQueueStep (/usr/local/lib/node_modules/npm/node_modules/bluebird/js/release/async.js:138:12)
422 verbose stack     at _drainQueue (/usr/local/lib/node_modules/npm/node_modules/bluebird/js/release/async.js:131:9)
422 verbose stack     at Async._drainQueues (/usr/local/lib/node_modules/npm/node_modules/bluebird/js/release/async.js:147:5)
422 verbose stack     at Immediate.Async.drainQueues [as _onImmediate] (/usr/local/lib/node_modules/npm/node_modules/bluebird/js/release/async.js:17:14)
422 verbose stack     at processImmediate (internal/timers.js:456:21)
423 verbose cwd /home/theia/.cache/typescript/3.6
424 verbose Linux 5.10.16.3-microsoft-standard-WSL2
425 verbose argv "/usr/local/bin/node" "/usr/local/bin/npm" "install" "--ignore-scripts" "@types/lz-string@ts3.6" "@types/media-typer@ts3.6" "@types/memory-fs@ts3.6" "@types/memorystream@ts3.6" "@types/merge-descriptors@ts3.6" "@types/merge-stream@ts3.6" "@types/merge2@ts3.6" "@types/methods@ts3.6" "@types/micromatch@ts3.6" "@types/mime@ts3.6" "@types/mime-db@ts3.6" "@types/mime-types@ts3.6" "@types/min-indent@ts3.6" "@types/minimalistic-assert@ts3.6" "@types/minimatch@ts3.6" "@types/minimist@ts3.6" "@types/minizlib@ts3.6" "@types/mkdirp@ts3.6" "@types/moo@ts3.6" "@types/move-concurrently@ts3.6" "@types/ms@ts3.6" "@types/multicast-dns@ts3.6" "@types/mute-stream@ts3.6" "@types/natural-compare@ts3.6" "@types/nearley@ts3.6" "@types/negotiator@ts3.6" "@types/next-tick@ts3.6" "@types/nice-try@ts3.6" "@types/node-fetch@ts3.6" "@types/node-forge@ts3.6" "@types/node-int64@ts3.6" "@types/node-notifier@ts3.6" "@types/normalize-package-data@ts3.6" "@types/normalize-path@ts3.6" "@types/num2fraction@ts3.6" "@types/nwsapi@ts3.6" "@types/object-assign@ts3.6" "@types/object-inspect@ts3.6" "@types/object-keys@ts3.6" "@types/object.fromentries@ts3.6" "@types/object.getownpropertydescriptors@ts3.6" "@types/object.pick@ts3.6" "@types/on-finished@ts3.6" "@types/on-headers@ts3.6" "@types/once@ts3.6" "@types/optimize-css-assets-webpack-plugin@ts3.6" "@types/original@ts3.6" "@types/os-tmpdir@ts3.6" "@types/pako@ts3.6" "@types/parallel-transform@ts3.6" "@types/parse-json@ts3.6" "@types/parseurl@ts3.6" "@types/pascalcase@ts3.6" "@types/path-browserify@ts3.6" "@types/path-is-absolute@ts3.6" "@types/path-is-inside@ts3.6" "@types/path-parse@ts3.6" "@types/pbkdf2@ts3.6" "@types/picomatch@ts3.6" "@types/pify@ts3.6" "@types/postcss-flexbugs-fixes@ts3.6" "@types/postcss-gap-properties@ts3.6" "@types/postcss-modules-extract-imports@ts3.6" "@types/postcss-modules-local-by-default@ts3.6" "@types/postcss-modules-scope@ts3.6" "@types/postcss-modules-values@ts3.6" "@types/postcss-normalize@ts3.6" "@types/postcss-preset-env@ts3.6" "@types/postcss-safe-parser@ts3.6" "@types/prelude-ls@ts3.6" "@types/prettier-linter-helpers@ts3.6" "@types/progress@ts3.6" "@types/promise-inflight@ts3.6" "@types/prompts@ts3.6" "@types/prop-types@ts3.6" "@types/proxy-addr@ts3.6" "@types/psl@ts3.6" "@types/pump@ts3.6" "@types/pumpify@ts3.6" "@types/punycode@ts3.6" "@types/q@ts3.6" "@types/qs@ts3.6" "@types/querystringify@ts3.6" "@types/raf@ts3.6" "@types/randombytes@ts3.6" "@types/range-parser@ts3.6" "@types/react-dev-utils@ts3.6" "@types/react-is@ts3.6" "@types/react-refresh@ts3.6" "@types/react-router@ts3.6" "@types/react-test-renderer@ts3.6" "@types/readable-stream@ts3.6" "@types/recursive-readdir@ts3.6" "@types/regenerate@ts3.6" "@types/regenerator-runtime@ts3.6" "@types/regex-not@ts3.6" "@types/relateurl@ts3.6" "@types/repeat-element@ts3.6" "@types/repeat-string@ts3.6" "@types/require-directory@ts3.6" "@types/require-from-string@ts3.6" "@types/requires-port@ts3.6" "@types/resolve@ts3.6" "@types/retry@ts3.6" "@types/rimraf@ts3.6" "@types/ripemd160@ts3.6" "@types/rsvp@ts3.6" "@types/run-parallel@ts3.6" "@types/safe-regex@ts3.6" "@types/safer-buffer@ts3.6" "@types/sane@ts3.6" "@types/sass-loader@ts3.6" "@types/sax@ts3.6" "@types/scheduler@ts3.6" "@types/selfsigned@ts3.6" "@types/semver@ts3.6" "@types/semver-compare@ts3.6" "@types/send@ts3.6" "@types/serialize-javascript@ts3.6" "@types/serve-index@ts3.6" "@types/serve-static@ts3.6" "@types/set-cookie-parser@ts3.6" "@types/set-value@ts3.6" "@types/setimmediate@ts3.6" "@types/sha.js@ts3.6" "@types/shebang-command@ts3.6" "@types/shell-quote@ts3.6" "@types/signal-exit@ts3.6" "@types/simple-swizzle@ts3.6" "@types/slice-ansi@ts3.6" "@types/sockjs@ts3.6" "@types/sockjs-client@ts3.6" "@types/source-list-map@ts3.6" "@types/source-map-support@ts3.6" "@types/spdx-correct@ts3.6" "@types/spdx-expression-parse@ts3.6" "@types/spdy@ts3.6" "@types/sprintf@ts3.6" "@types/sprintf-js@ts3.6" "@types/ssri@ts3.6" "@types/stack-utils@ts3.6" "@types/statuses@ts3.6" "@types/stream-each@ts3.6" "@types/stream-shift@ts3.6" "@types/strict-uri-encode@ts3.6" "@types/string-natural-compare@ts3.6" "@types/string.prototype.matchall@ts3.6" "@types/stringify-object@ts3.6" "@types/strip-comments@ts3.6" "@types/strip-final-newline@ts3.6" "@types/supports-color@ts3.6" "@types/svg-parser@ts3.6" "@types/svgo@ts3.6" "@types/symbol-tree@ts3.6" "@types/tapable@ts3.6" "@types/tar@ts3.6" "@types/text-table@ts3.6" "@types/through@ts3.6" "@types/through2@ts3.6" "@types/thunky@ts3.6" "@types/timsort@ts3.6" "@types/tmp@ts3.6" "@types/tmpl@ts3.6" "@types/to-regex@ts3.6" "@types/to-regex-range@ts3.6" "@types/tough-cookie@ts3.6" "@types/tr46@ts3.6" "@types/tryer@ts3.6" "@types/type-check@ts3.6" "@types/type-detect@ts3.6" "@types/type-is@ts3.6" "@types/typedarray-to-buffer@ts3.6" "@types/uniq@ts3.6" "@types/universalify@ts3.6" "@types/urix@ts3.6" "@types/url-parse@ts3.6" "@types/util-deprecate@ts3.6" "@types/util.promisify@ts3.6" "@types/utils-merge@ts3.6" "@types/validate-npm-package-license@ts3.6" "@types/vary@ts3.6" "@types/w3c-hr-time@ts3.6" "@types/w3c-xmlserializer@ts3.6" "@types/watchpack@ts3.6" "@types/wcwidth@ts3.6" "@types/webidl-conversions@ts3.6" "@types/webpack@ts3.6" "@types/webpack-manifest-plugin@ts3.6" "@types/webpack-sources@ts3.6" "@types/whatwg-encoding@ts3.6" "@types/whatwg-mimetype@ts3.6" "@types/whatwg-url@ts3.6" "@types/which@ts3.6" "@types/which-pm-runs@ts3.6" "@types/workbox-build@ts3.6" "@types/workbox-sw@ts3.6" "@types/workbox-webpack-plugin@ts3.6" "@types/wrap-ansi@ts3.6" "@types/write-file-atomic@ts3.6" "@types/ws@ts3.6" "@types/xml-name-validator@ts3.6" "@types/xtend@ts3.6" "@types/yallist@ts3.6" "@types/yargs@ts3.6" "@types/yargs-parser@ts3.6" "--save-dev" "--user-agent=typesInstaller/3.6.3"
426 verbose node v12.18.3
427 verbose npm  v6.14.6
428 error code ETARGET
429 error notarget No matching version found for @types/path-browserify@ts3.6.
430 error notarget In most cases you or one of your dependencies are requesting
430 error notarget a package version that doesn't exist.
431 verbose exit [ 1, true ]
