0 info it worked if it ends with ok
1 verbose cli [
1 verbose cli   '/usr/local/bin/node',
1 verbose cli   '/usr/local/bin/npm',
1 verbose cli   'install',
1 verbose cli   '--ignore-scripts',
1 verbose cli   '@types/accepts@ts3.6',
1 verbose cli   '@types/argparse@ts3.6',
1 verbose cli   '@types/aria-query@ts3.6',
1 verbose cli   '@types/arr-diff@ts3.6',
1 verbose cli   '@types/arr-union@ts3.6',
1 verbose cli   '@types/array-unique@ts3.6',
1 verbose cli   '@types/array.prototype.flat@ts3.6',
1 verbose cli   '@types/array.prototype.flatmap@ts3.6',
1 verbose cli   '@types/asap@ts3.6',
1 verbose cli   '@types/assert@ts3.6',
1 verbose cli   '@types/async@ts3.6',
1 verbose cli   '@types/atob@ts3.6',
1 verbose cli   '@types/babel-plugin-macros@ts3.6',
1 verbose cli   '@types/babylon@ts3.6',
1 verbose cli   '@types/balanced-match@ts3.6',
1 verbose cli   '@types/big.js@ts3.6',
1 verbose cli   '@types/bl@ts3.6',
1 verbose cli   '@types/bluebird@ts3.6',
1 verbose cli   '@types/bn.js@ts3.6',
1 verbose cli   '@types/body-parser@ts3.6',
1 verbose cli   '@types/bonjour@ts3.6',
1 verbose cli   '@types/boolbase@ts3.6',
1 verbose cli   '@types/brace-expansion@ts3.6',
1 verbose cli   '@types/braces@ts3.6',
1 verbose cli   '@types/brorand@ts3.6',
1 verbose cli   '@types/bser@ts3.6',
1 verbose cli   '@types/buffer-from@ts3.6',
1 verbose cli   '@types/buffer-xor@ts3.6',
1 verbose cli   '@types/bytes@ts3.6',
1 verbose cli   '@types/cacache@ts3.6',
1 verbose cli   '@types/call-bind@ts3.6',
1 verbose cli   '@types/caniuse-api@ts3.6',
1 verbose cli   '@types/caniuse-lite@ts3.6',
1 verbose cli   '@types/case-sensitive-paths-webpack-plugin@ts3.6',
1 verbose cli   '@types/chardet@ts3.6',
1 verbose cli   '@types/check-types@ts3.6',
1 verbose cli   '@types/chownr@ts3.6',
1 verbose cli   '@types/cipher-base@ts3.6',
1 verbose cli   '@types/clean-css@ts3.6',
1 verbose cli   '@types/cli-spinners@ts3.6',
1 verbose cli   '@types/clone@ts3.6',
1 verbose cli   '@types/co@ts3.6',
1 verbose cli   '@types/color@ts3.6',
1 verbose cli   '@types/color-convert@ts3.6',
1 verbose cli   '@types/color-name@ts3.6',
1 verbose cli   '@types/color-string@ts3.6',
1 verbose cli   '@types/combined-stream@ts3.6',
1 verbose cli   '@types/common-tags@ts3.6',
1 verbose cli   '@types/commondir@ts3.6',
1 verbose cli   '@types/component-emitter@ts3.6',
1 verbose cli   '@types/compose-function@ts3.6',
1 verbose cli   '@types/compressible@ts3.6',
1 verbose cli   '@types/compression@ts3.6',
1 verbose cli   '@types/concat-map@ts3.6',
1 verbose cli   '@types/concat-stream@ts3.6',
1 verbose cli   '@types/confusing-browser-globals@ts3.6',
1 verbose cli   '@types/connect-history-api-fallback@ts3.6',
1 verbose cli   '@types/content-disposition@ts3.6',
1 verbose cli   '@types/content-type@ts3.6',
1 verbose cli   '@types/convert-source-map@ts3.6',
1 verbose cli   '@types/cookie@ts3.6',
1 verbose cli   '@types/cookie-signature@ts3.6',
1 verbose cli   '@types/core-js@ts3.6',
1 verbose cli   '@types/create-hash@ts3.6',
1 verbose cli   '@types/create-hmac@ts3.6',
1 verbose cli   '@types/create-react-class@ts3.6',
1 verbose cli   '@types/cross-spawn@ts3.6',
1 verbose cli   '@types/css@ts3.6',
1 verbose cli   '@types/css-declaration-sorter@ts3.6',
1 verbose cli   '@types/css-tree@ts3.6',
1 verbose cli   '@types/css.escape@ts3.6',
1 verbose cli   '@types/cssesc@ts3.6',
1 verbose cli   '@types/csso@ts3.6',
1 verbose cli   '@types/cssom@ts3.6',
1 verbose cli   '@types/cssstyle@ts3.6',
1 verbose cli   '@types/damerau-levenshtein@ts3.6',
1 verbose cli   '@types/data-urls@ts3.6',
1 verbose cli   '@types/debug@ts3.6',
1 verbose cli   '@types/decode-uri-component@ts3.6',
1 verbose cli   '@types/dedent@ts3.6',
1 verbose cli   '@types/deep-equal@ts3.6',
1 verbose cli   '@types/default-gateway@ts3.6',
1 verbose cli   '@types/defaults@ts3.6',
1 verbose cli   '@types/define-properties@ts3.6',
1 verbose cli   '@types/depd@ts3.6',
1 verbose cli   '@types/destroy@ts3.6',
1 verbose cli   '@types/detect-node@ts3.6',
1 verbose cli   '@types/diffie-hellman@ts3.6',
1 verbose cli   '@types/dir-glob@ts3.6',
1 verbose cli   '@types/discontinuous-range@ts3.6',
1 verbose cli   '@types/dns-packet@ts3.6',
1 verbose cli   '@types/doctrine@ts3.6',
1 verbose cli   '@types/domexception@ts3.6',
1 verbose cli   '@types/duplexify@ts3.6',
1 verbose cli   '@types/ee-first@ts3.6',
1 verbose cli   '@types/ejs@ts3.6',
1 verbose cli   ... 112 more items
1 verbose cli ]
2 info using npm@6.14.6
3 info using node@v12.18.3
4 verbose npm-session 7a96652dfe83ccc1
5 silly install loadCurrentTree
6 silly install readLocalPackageData
7 http fetch GET 304 https://registry.npmjs.org/@types%2faria-query 213ms (from cache)
8 silly pacote tag manifest for @types/aria-query@ts3.6 fetched in 216ms
9 http fetch GET 304 https://registry.npmjs.org/@types%2farray.prototype.flatmap 1443ms (from cache)
10 silly pacote tag manifest for @types/array.prototype.flatmap@ts3.6 fetched in 1445ms
11 http fetch GET 304 https://registry.npmjs.org/@types%2faccepts 1467ms (from cache)
12 silly pacote tag manifest for @types/accepts@ts3.6 fetched in 1475ms
13 http fetch GET 304 https://registry.npmjs.org/@types%2fassert 1486ms (from cache)
14 silly pacote tag manifest for @types/assert@ts3.6 fetched in 1489ms
15 http fetch GET 304 https://registry.npmjs.org/@types%2fbabel-plugin-macros 593ms (from cache)
16 silly pacote tag manifest for @types/babel-plugin-macros@ts3.6 fetched in 598ms
17 http fetch GET 304 https://registry.npmjs.org/@types%2fasap 2205ms (from cache)
18 silly pacote tag manifest for @types/asap@ts3.6 fetched in 2208ms
19 http fetch GET 304 https://registry.npmjs.org/@types%2farr-union 2238ms (from cache)
20 http fetch GET 304 https://registry.npmjs.org/@types%2farray.prototype.flat 2236ms (from cache)
21 silly pacote tag manifest for @types/arr-union@ts3.6 fetched in 2242ms
22 silly pacote tag manifest for @types/array.prototype.flat@ts3.6 fetched in 2241ms
23 http fetch GET 304 https://registry.npmjs.org/@types%2farr-diff 2254ms (from cache)
24 silly pacote tag manifest for @types/arr-diff@ts3.6 fetched in 2257ms
25 http fetch GET 304 https://registry.npmjs.org/@types%2farray-unique 2290ms (from cache)
26 silly pacote tag manifest for @types/array-unique@ts3.6 fetched in 2292ms
27 http fetch GET 304 https://registry.npmjs.org/@types%2fargparse 2303ms (from cache)
28 silly pacote tag manifest for @types/argparse@ts3.6 fetched in 2307ms
29 http fetch GET 304 https://registry.npmjs.org/@types%2fasync 2117ms (from cache)
30 silly pacote tag manifest for @types/async@ts3.6 fetched in 2120ms
31 http fetch GET 304 https://registry.npmjs.org/@types%2fbody-parser 96ms (from cache)
32 silly pacote tag manifest for @types/body-parser@ts3.6 fetched in 99ms
33 http fetch GET 304 https://registry.npmjs.org/@types%2fbonjour 173ms (from cache)
34 silly pacote tag manifest for @types/bonjour@ts3.6 fetched in 175ms
35 http fetch GET 304 https://registry.npmjs.org/@types%2fbalanced-match 616ms (from cache)
36 silly pacote tag manifest for @types/balanced-match@ts3.6 fetched in 619ms
37 http fetch GET 304 https://registry.npmjs.org/@types%2fbabylon 1342ms (from cache)
38 silly pacote tag manifest for @types/babylon@ts3.6 fetched in 1345ms
39 http fetch GET 304 https://registry.npmjs.org/@types%2fbl 595ms (from cache)
40 http fetch GET 304 https://registry.npmjs.org/@types%2fbn.js 586ms (from cache)
41 silly pacote tag manifest for @types/bl@ts3.6 fetched in 600ms
42 silly pacote tag manifest for @types/bn.js@ts3.6 fetched in 591ms
43 http fetch GET 304 https://registry.npmjs.org/@types%2fatob 1412ms (from cache)
44 silly pacote tag manifest for @types/atob@ts3.6 fetched in 1414ms
45 http fetch GET 304 https://registry.npmjs.org/@types%2fboolbase 615ms (from cache)
46 silly pacote tag manifest for @types/boolbase@ts3.6 fetched in 617ms
47 http fetch GET 304 https://registry.npmjs.org/@types%2fbuffer-from 600ms (from cache)
48 silly pacote tag manifest for @types/buffer-from@ts3.6 fetched in 601ms
49 http fetch GET 304 https://registry.npmjs.org/@types%2fbuffer-xor 622ms (from cache)
50 silly pacote tag manifest for @types/buffer-xor@ts3.6 fetched in 625ms
51 http fetch GET 304 https://registry.npmjs.org/@types%2fcacache 618ms (from cache)
52 silly pacote tag manifest for @types/cacache@ts3.6 fetched in 621ms
53 http fetch GET 304 https://registry.npmjs.org/@types%2fbrace-expansion 1313ms (from cache)
54 silly pacote tag manifest for @types/brace-expansion@ts3.6 fetched in 1315ms
55 http fetch GET 304 https://registry.npmjs.org/@types%2fbrorand 1331ms (from cache)
56 silly pacote tag manifest for @types/brorand@ts3.6 fetched in 1334ms
57 http fetch GET 200 https://registry.npmjs.org/@types%2fcall-bind 633ms
58 silly fetchPackageMetaData error for @types/call-bind@ts3.6 No matching version found for @types/call-bind@ts3.6.
59 http fetch GET 304 https://registry.npmjs.org/@types%2fbser 1366ms (from cache)
60 silly pacote tag manifest for @types/bser@ts3.6 fetched in 1368ms
61 http fetch GET 304 https://registry.npmjs.org/@types%2fbytes 1357ms (from cache)
62 silly pacote tag manifest for @types/bytes@ts3.6 fetched in 1359ms
63 http fetch GET 304 https://registry.npmjs.org/@types%2fbig.js 2088ms (from cache)
64 silly pacote tag manifest for @types/big.js@ts3.6 fetched in 2091ms
65 http fetch GET 304 https://registry.npmjs.org/@types%2fbluebird 2095ms (from cache)
66 silly pacote tag manifest for @types/bluebird@ts3.6 fetched in 2100ms
67 http fetch GET 304 https://registry.npmjs.org/@types%2fcase-sensitive-paths-webpack-plugin 785ms (from cache)
68 silly pacote tag manifest for @types/case-sensitive-paths-webpack-plugin@ts3.6 fetched in 788ms
69 http fetch GET 304 https://registry.npmjs.org/@types%2fbraces 2047ms (from cache)
70 silly pacote tag manifest for @types/braces@ts3.6 fetched in 2050ms
71 http fetch GET 304 https://registry.npmjs.org/@types%2fcheck-types 648ms (from cache)
72 silly pacote tag manifest for @types/check-types@ts3.6 fetched in 650ms
73 http fetch GET 304 https://registry.npmjs.org/@types%2fcipher-base 602ms (from cache)
74 silly pacote tag manifest for @types/cipher-base@ts3.6 fetched in 605ms
75 http fetch GET 304 https://registry.npmjs.org/@types%2fcaniuse-lite 1360ms (from cache)
76 http fetch GET 304 https://registry.npmjs.org/@types%2fclean-css 631ms (from cache)
77 silly pacote tag manifest for @types/caniuse-lite@ts3.6 fetched in 1362ms
78 silly pacote tag manifest for @types/clean-css@ts3.6 fetched in 634ms
79 http fetch GET 304 https://registry.npmjs.org/@types%2fcli-spinners 605ms (from cache)
80 silly pacote tag manifest for @types/cli-spinners@ts3.6 fetched in 606ms
81 http fetch GET 304 https://registry.npmjs.org/@types%2fclone 640ms (from cache)
82 silly pacote tag manifest for @types/clone@ts3.6 fetched in 642ms
83 http fetch GET 304 https://registry.npmjs.org/@types%2fco 660ms (from cache)
84 silly pacote tag manifest for @types/co@ts3.6 fetched in 663ms
85 http fetch GET 304 https://registry.npmjs.org/@types%2fcolor 694ms (from cache)
86 silly pacote tag manifest for @types/color@ts3.6 fetched in 697ms
87 http fetch GET 304 https://registry.npmjs.org/@types%2fcolor-convert 600ms (from cache)
88 silly pacote tag manifest for @types/color-convert@ts3.6 fetched in 603ms
89 http fetch GET 304 https://registry.npmjs.org/@types%2fchardet 1437ms (from cache)
90 silly pacote tag manifest for @types/chardet@ts3.6 fetched in 1440ms
91 http fetch GET 304 https://registry.npmjs.org/@types%2fcolor-name 586ms (from cache)
92 silly pacote tag manifest for @types/color-name@ts3.6 fetched in 588ms
93 http fetch GET 304 https://registry.npmjs.org/@types%2fcolor-string 602ms (from cache)
94 silly pacote tag manifest for @types/color-string@ts3.6 fetched in 604ms
95 http fetch GET 304 https://registry.npmjs.org/@types%2fcommon-tags 698ms (from cache)
96 http fetch GET 304 https://registry.npmjs.org/@types%2fcommondir 642ms (from cache)
97 silly pacote tag manifest for @types/common-tags@ts3.6 fetched in 700ms
98 silly pacote tag manifest for @types/commondir@ts3.6 fetched in 648ms
99 http fetch GET 304 https://registry.npmjs.org/@types%2fcaniuse-api 2380ms (from cache)
100 silly pacote tag manifest for @types/caniuse-api@ts3.6 fetched in 2381ms
101 http fetch GET 304 https://registry.npmjs.org/@types%2fconnect-history-api-fallback 69ms (from cache)
102 silly pacote tag manifest for @types/connect-history-api-fallback@ts3.6 fetched in 70ms
103 http fetch GET 304 https://registry.npmjs.org/@types%2fcompose-function 599ms (from cache)
104 silly pacote tag manifest for @types/compose-function@ts3.6 fetched in 601ms
105 http fetch GET 304 https://registry.npmjs.org/@types%2fcomponent-emitter 606ms (from cache)
106 silly pacote tag manifest for @types/component-emitter@ts3.6 fetched in 609ms
107 http fetch GET 304 https://registry.npmjs.org/@types%2fcompressible 625ms (from cache)
108 silly pacote tag manifest for @types/compressible@ts3.6 fetched in 627ms
109 http fetch GET 304 https://registry.npmjs.org/@types%2fconcat-map 655ms (from cache)
110 http fetch GET 304 https://registry.npmjs.org/@types%2fcookie 110ms (from cache)
111 silly pacote tag manifest for @types/concat-map@ts3.6 fetched in 659ms
112 silly pacote tag manifest for @types/cookie@ts3.6 fetched in 113ms
113 http fetch GET 304 https://registry.npmjs.org/@types%2fchownr 2121ms (from cache)
114 silly pacote tag manifest for @types/chownr@ts3.6 fetched in 2123ms
115 http fetch GET 304 https://registry.npmjs.org/@types%2fconfusing-browser-globals 608ms (from cache)
116 silly pacote tag manifest for @types/confusing-browser-globals@ts3.6 fetched in 611ms
117 http fetch GET 304 https://registry.npmjs.org/@types%2fcontent-disposition 590ms (from cache)
118 silly pacote tag manifest for @types/content-disposition@ts3.6 fetched in 593ms
119 http fetch GET 304 https://registry.npmjs.org/@types%2fcontent-type 590ms (from cache)
120 silly pacote tag manifest for @types/content-type@ts3.6 fetched in 593ms
121 http fetch GET 304 https://registry.npmjs.org/@types%2fconvert-source-map 624ms (from cache)
122 silly pacote tag manifest for @types/convert-source-map@ts3.6 fetched in 627ms
123 http fetch GET 304 https://registry.npmjs.org/@types%2fcookie-signature 588ms (from cache)
124 silly pacote tag manifest for @types/cookie-signature@ts3.6 fetched in 591ms
125 http fetch GET 304 https://registry.npmjs.org/@types%2fcore-js 600ms (from cache)
126 silly pacote tag manifest for @types/core-js@ts3.6 fetched in 602ms
127 http fetch GET 304 https://registry.npmjs.org/@types%2fcompression 1348ms (from cache)
128 silly pacote tag manifest for @types/compression@ts3.6 fetched in 1351ms
129 http fetch GET 304 https://registry.npmjs.org/@types%2fcreate-hash 613ms (from cache)
130 silly pacote tag manifest for @types/create-hash@ts3.6 fetched in 615ms
131 http fetch GET 304 https://registry.npmjs.org/@types%2fcreate-hmac 589ms (from cache)
132 silly pacote tag manifest for @types/create-hmac@ts3.6 fetched in 591ms
133 http fetch GET 304 https://registry.npmjs.org/@types%2fcombined-stream 2141ms (from cache)
134 silly pacote tag manifest for @types/combined-stream@ts3.6 fetched in 2143ms
135 http fetch GET 304 https://registry.npmjs.org/@types%2fconcat-stream 1290ms (from cache)
136 silly pacote tag manifest for @types/concat-stream@ts3.6 fetched in 1293ms
137 http fetch GET 304 https://registry.npmjs.org/@types%2fcreate-react-class 622ms (from cache)
138 silly pacote tag manifest for @types/create-react-class@ts3.6 fetched in 624ms
139 http fetch GET 304 https://registry.npmjs.org/@types%2fcross-spawn 590ms (from cache)
140 silly pacote tag manifest for @types/cross-spawn@ts3.6 fetched in 592ms
141 http fetch GET 304 https://registry.npmjs.org/@types%2fcss 591ms (from cache)
142 silly pacote tag manifest for @types/css@ts3.6 fetched in 593ms
143 http fetch GET 304 https://registry.npmjs.org/@types%2fcss-tree 578ms (from cache)
144 silly pacote tag manifest for @types/css-tree@ts3.6 fetched in 580ms
145 http fetch GET 304 https://registry.npmjs.org/@types%2fcss-declaration-sorter 620ms (from cache)
146 silly pacote tag manifest for @types/css-declaration-sorter@ts3.6 fetched in 622ms
147 http fetch GET 200 https://registry.npmjs.org/@types%2fcss.escape 634ms
148 silly fetchPackageMetaData error for @types/css.escape@ts3.6 No matching version found for @types/css.escape@ts3.6.
149 http fetch GET 304 https://registry.npmjs.org/@types%2fcsso 613ms (from cache)
150 silly pacote tag manifest for @types/csso@ts3.6 fetched in 615ms
151 http fetch GET 304 https://registry.npmjs.org/@types%2fcssom 599ms (from cache)
152 silly pacote tag manifest for @types/cssom@ts3.6 fetched in 601ms
153 http fetch GET 304 https://registry.npmjs.org/@types%2fdamerau-levenshtein 580ms (from cache)
154 silly pacote tag manifest for @types/damerau-levenshtein@ts3.6 fetched in 582ms
155 http fetch GET 304 https://registry.npmjs.org/@types%2fcssstyle 602ms (from cache)
156 silly pacote tag manifest for @types/cssstyle@ts3.6 fetched in 604ms
157 http fetch GET 304 https://registry.npmjs.org/@types%2fdata-urls 595ms (from cache)
158 silly pacote tag manifest for @types/data-urls@ts3.6 fetched in 597ms
159 http fetch GET 304 https://registry.npmjs.org/@types%2fdecode-uri-component 596ms (from cache)
160 silly pacote tag manifest for @types/decode-uri-component@ts3.6 fetched in 597ms
161 http fetch GET 304 https://registry.npmjs.org/@types%2fdedent 617ms (from cache)
162 silly pacote tag manifest for @types/dedent@ts3.6 fetched in 619ms
163 http fetch GET 304 https://registry.npmjs.org/@types%2fdeep-equal 594ms (from cache)
164 silly pacote tag manifest for @types/deep-equal@ts3.6 fetched in 596ms
165 http fetch GET 304 https://registry.npmjs.org/@types%2fdebug 917ms (from cache)
166 silly pacote tag manifest for @types/debug@ts3.6 fetched in 920ms
167 http fetch GET 304 https://registry.npmjs.org/@types%2fcssesc 1305ms (from cache)
168 silly pacote tag manifest for @types/cssesc@ts3.6 fetched in 1307ms
169 http fetch GET 304 https://registry.npmjs.org/@types%2fdefault-gateway 616ms (from cache)
170 silly pacote tag manifest for @types/default-gateway@ts3.6 fetched in 618ms
171 http fetch GET 304 https://registry.npmjs.org/@types%2fdepd 589ms (from cache)
172 silly pacote tag manifest for @types/depd@ts3.6 fetched in 591ms
173 http fetch GET 304 https://registry.npmjs.org/@types%2fdefine-properties 624ms (from cache)
174 silly pacote tag manifest for @types/define-properties@ts3.6 fetched in 625ms
175 http fetch GET 304 https://registry.npmjs.org/@types%2fdestroy 594ms (from cache)
176 silly pacote tag manifest for @types/destroy@ts3.6 fetched in 596ms
177 http fetch GET 304 https://registry.npmjs.org/@types%2fdetect-node 584ms (from cache)
178 silly pacote tag manifest for @types/detect-node@ts3.6 fetched in 587ms
179 http fetch GET 304 https://registry.npmjs.org/@types%2fdiffie-hellman 580ms (from cache)
180 silly pacote tag manifest for @types/diffie-hellman@ts3.6 fetched in 582ms
181 http fetch GET 304 https://registry.npmjs.org/@types%2fdiscontinuous-range 663ms (from cache)
182 silly pacote tag manifest for @types/discontinuous-range@ts3.6 fetched in 665ms
183 http fetch GET 304 https://registry.npmjs.org/@types%2fdoctrine 589ms (from cache)
184 silly pacote tag manifest for @types/doctrine@ts3.6 fetched in 591ms
185 http fetch GET 304 https://registry.npmjs.org/@types%2fduplexify 596ms (from cache)
186 silly pacote tag manifest for @types/duplexify@ts3.6 fetched in 599ms
187 http fetch GET 304 https://registry.npmjs.org/@types%2fdomexception 636ms (from cache)
188 silly pacote tag manifest for @types/domexception@ts3.6 fetched in 638ms
189 http fetch GET 304 https://registry.npmjs.org/@types%2fdefaults 1363ms (from cache)
190 silly pacote tag manifest for @types/defaults@ts3.6 fetched in 1366ms
191 http fetch GET 304 https://registry.npmjs.org/@types%2fee-first 735ms (from cache)
192 silly pacote tag manifest for @types/ee-first@ts3.6 fetched in 737ms
193 http fetch GET 304 https://registry.npmjs.org/@types%2felliptic 574ms (from cache)
194 silly pacote tag manifest for @types/elliptic@ts3.6 fetched in 577ms
195 http fetch GET 304 https://registry.npmjs.org/@types%2fdir-glob 1324ms (from cache)
196 silly pacote tag manifest for @types/dir-glob@ts3.6 fetched in 1326ms
197 http fetch GET 304 https://registry.npmjs.org/@types%2fend-of-stream 583ms (from cache)
198 silly pacote tag manifest for @types/end-of-stream@ts3.6 fetched in 585ms
199 http fetch GET 304 https://registry.npmjs.org/@types%2fencodeurl 656ms (from cache)
200 silly pacote tag manifest for @types/encodeurl@ts3.6 fetched in 658ms
201 http fetch GET 304 https://registry.npmjs.org/@types%2feslint 64ms (from cache)
202 silly pacote tag manifest for @types/eslint@ts3.6 fetched in 66ms
203 http fetch GET 304 https://registry.npmjs.org/@types%2fenhanced-resolve 586ms (from cache)
204 silly pacote tag manifest for @types/enhanced-resolve@ts3.6 fetched in 588ms
205 http fetch GET 304 https://registry.npmjs.org/@types%2feslint-scope 93ms (from cache)
206 silly pacote tag manifest for @types/eslint-scope@ts3.6 fetched in 95ms
207 http fetch GET 304 https://registry.npmjs.org/@types%2fdns-packet 1351ms (from cache)
208 silly pacote tag manifest for @types/dns-packet@ts3.6 fetched in 1356ms
209 http fetch GET 304 https://registry.npmjs.org/@types%2fes-abstract 601ms (from cache)
210 silly pacote tag manifest for @types/es-abstract@ts3.6 fetched in 603ms
211 http fetch GET 304 https://registry.npmjs.org/@types%2fes-to-primitive 613ms (from cache)
212 silly pacote tag manifest for @types/es-to-primitive@ts3.6 fetched in 615ms
213 http fetch GET 304 https://registry.npmjs.org/@types%2fescape-html 603ms (from cache)
214 silly pacote tag manifest for @types/escape-html@ts3.6 fetched in 606ms
215 http fetch GET 304 https://registry.npmjs.org/@types%2fejs 1321ms (from cache)
216 silly pacote tag manifest for @types/ejs@ts3.6 fetched in 1323ms
217 http fetch GET 304 https://registry.npmjs.org/@types%2fescodegen 612ms (from cache)
218 silly pacote tag manifest for @types/escodegen@ts3.6 fetched in 614ms
219 http fetch GET 304 https://registry.npmjs.org/@types%2feslint-utils 606ms (from cache)
220 silly pacote tag manifest for @types/eslint-utils@ts3.6 fetched in 608ms
221 http fetch GET 304 https://registry.npmjs.org/@types%2feslint-visitor-keys 629ms (from cache)
222 silly pacote tag manifest for @types/eslint-visitor-keys@ts3.6 fetched in 631ms
223 http fetch GET 304 https://registry.npmjs.org/@types%2fesprima 585ms (from cache)
224 silly pacote tag manifest for @types/esprima@ts3.6 fetched in 587ms
225 http fetch GET 304 https://registry.npmjs.org/@types%2fesquery 606ms (from cache)
226 silly pacote tag manifest for @types/esquery@ts3.6 fetched in 608ms
227 http fetch GET 304 https://registry.npmjs.org/@types%2festraverse 600ms (from cache)
228 silly pacote tag manifest for @types/estraverse@ts3.6 fetched in 603ms
229 http fetch GET 304 https://registry.npmjs.org/@types%2fenquire.js 1337ms (from cache)
230 silly pacote tag manifest for @types/enquire.js@ts3.6 fetched in 1339ms
231 http fetch GET 304 https://registry.npmjs.org/@types%2fesutils 589ms (from cache)
232 silly pacote tag manifest for @types/esutils@ts3.6 fetched in 591ms
233 http fetch GET 304 https://registry.npmjs.org/@types%2fetag 621ms (from cache)
234 silly pacote tag manifest for @types/etag@ts3.6 fetched in 623ms
235 http fetch GET 304 https://registry.npmjs.org/@types%2fevents 600ms (from cache)
236 silly pacote tag manifest for @types/events@ts3.6 fetched in 602ms
237 http fetch GET 304 https://registry.npmjs.org/@types%2feventsource 602ms (from cache)
238 silly pacote tag manifest for @types/eventsource@ts3.6 fetched in 605ms
239 http fetch GET 304 https://registry.npmjs.org/@types%2fexit 578ms (from cache)
240 silly pacote tag manifest for @types/exit@ts3.6 fetched in 580ms
241 http fetch GET 304 https://registry.npmjs.org/@types%2ffast-levenshtein 600ms (from cache)
242 silly pacote tag manifest for @types/fast-levenshtein@ts3.6 fetched in 603ms
243 http fetch GET 304 https://registry.npmjs.org/@types%2ffb-watchman 597ms (from cache)
244 silly pacote tag manifest for @types/fb-watchman@ts3.6 fetched in 598ms
245 http fetch GET 304 https://registry.npmjs.org/@types%2ffile-loader 642ms (from cache)
246 silly pacote tag manifest for @types/file-loader@ts3.6 fetched in 645ms
247 http fetch GET 200 https://registry.npmjs.org/@types%2ffill-range 637ms
248 silly fetchPackageMetaData error for @types/fill-range@ts3.6 No matching version found for @types/fill-range@ts3.6.
249 http fetch GET 304 https://registry.npmjs.org/@types%2ffinalhandler 607ms (from cache)
250 silly pacote tag manifest for @types/finalhandler@ts3.6 fetched in 609ms
251 http fetch GET 304 https://registry.npmjs.org/@types%2fflat-cache 593ms (from cache)
252 silly pacote tag manifest for @types/flat-cache@ts3.6 fetched in 595ms
253 http fetch GET 304 https://registry.npmjs.org/@types%2fflush-write-stream 590ms (from cache)
254 silly pacote tag manifest for @types/flush-write-stream@ts3.6 fetched in 592ms
255 http fetch GET 304 https://registry.npmjs.org/@types%2ffollow-redirects 590ms (from cache)
256 silly pacote tag manifest for @types/follow-redirects@ts3.6 fetched in 592ms
257 http fetch GET 304 https://registry.npmjs.org/@types%2fforwarded 598ms (from cache)
258 silly pacote tag manifest for @types/forwarded@ts3.6 fetched in 599ms
259 http fetch GET 304 https://registry.npmjs.org/@types%2ffrom2 609ms (from cache)
260 silly pacote tag manifest for @types/from2@ts3.6 fetched in 612ms
261 http fetch GET 304 https://registry.npmjs.org/@types%2ffunction-bind 627ms (from cache)
262 http fetch GET 304 https://registry.npmjs.org/@types%2ffile-entry-cache 1355ms (from cache)
263 silly pacote tag manifest for @types/function-bind@ts3.6 fetched in 630ms
264 silly pacote tag manifest for @types/file-entry-cache@ts3.6 fetched in 1362ms
265 http fetch GET 304 https://registry.npmjs.org/@types%2ffunctional-red-black-tree 627ms (from cache)
266 silly pacote tag manifest for @types/functional-red-black-tree@ts3.6 fetched in 629ms
267 http fetch GET 200 https://registry.npmjs.org/@types%2fgensync 578ms
268 silly fetchPackageMetaData error for @types/gensync@ts3.6 No matching version found for @types/gensync@ts3.6.
269 http fetch GET 304 https://registry.npmjs.org/@types%2ffind-cache-dir 1308ms (from cache)
270 silly pacote tag manifest for @types/find-cache-dir@ts3.6 fetched in 1310ms
271 http fetch GET 200 https://registry.npmjs.org/@types%2fget-intrinsic 592ms
272 silly fetchPackageMetaData error for @types/get-intrinsic@ts3.6 No matching version found for @types/get-intrinsic@ts3.6.
273 http fetch GET 304 https://registry.npmjs.org/@types%2fget-value 591ms (from cache)
274 silly pacote tag manifest for @types/get-value@ts3.6 fetched in 594ms
275 http fetch GET 304 https://registry.npmjs.org/@types%2fglob 620ms (from cache)
276 silly pacote tag manifest for @types/glob@ts3.6 fetched in 622ms
277 http fetch GET 304 https://registry.npmjs.org/@types%2fglob-parent 597ms (from cache)
278 silly pacote tag manifest for @types/glob-parent@ts3.6 fetched in 599ms
279 http fetch GET 304 https://registry.npmjs.org/@types%2fglobal-prefix 595ms (from cache)
280 http fetch GET 304 https://registry.npmjs.org/@types%2fglobal-modules 602ms (from cache)
281 silly pacote tag manifest for @types/global-prefix@ts3.6 fetched in 597ms
282 silly pacote tag manifest for @types/global-modules@ts3.6 fetched in 605ms
283 http fetch GET 304 https://registry.npmjs.org/@types%2fgraceful-fs 598ms (from cache)
284 silly pacote tag manifest for @types/graceful-fs@ts3.6 fetched in 600ms
285 http fetch GET 304 https://registry.npmjs.org/@types%2fhas 587ms (from cache)
286 silly pacote tag manifest for @types/has@ts3.6 fetched in 589ms
287 http fetch GET 304 https://registry.npmjs.org/@types%2ffresh 1496ms (from cache)
288 silly pacote tag manifest for @types/fresh@ts3.6 fetched in 1499ms
289 http fetch GET 304 https://registry.npmjs.org/@types%2fhas-symbols 583ms (from cache)
290 http fetch GET 304 https://registry.npmjs.org/@types%2fhtml-minifier-terser 56ms (from cache)
291 silly pacote tag manifest for @types/has-symbols@ts3.6 fetched in 585ms
292 silly pacote tag manifest for @types/html-minifier-terser@ts3.6 fetched in 59ms
293 http fetch GET 304 https://registry.npmjs.org/@types%2fhttp-proxy 61ms (from cache)
294 silly pacote tag manifest for @types/http-proxy@ts3.6 fetched in 63ms
295 http fetch GET 200 https://registry.npmjs.org/@types%2fhas-values 577ms
296 silly fetchPackageMetaData error for @types/has-values@ts3.6 No matching version found for @types/has-values@ts3.6.
297 http fetch GET 304 https://registry.npmjs.org/@types%2fhe 590ms (from cache)
298 silly pacote tag manifest for @types/he@ts3.6 fetched in 592ms
299 http fetch GET 304 https://registry.npmjs.org/@types%2fhex-color-regex 591ms (from cache)
300 silly pacote tag manifest for @types/hex-color-regex@ts3.6 fetched in 593ms
301 http fetch GET 304 https://registry.npmjs.org/@types%2fhoist-non-react-statics 599ms (from cache)
302 silly pacote tag manifest for @types/hoist-non-react-statics@ts3.6 fetched in 601ms
303 http fetch GET 304 https://registry.npmjs.org/@types%2fhtml-escaper 582ms (from cache)
304 silly pacote tag manifest for @types/html-escaper@ts3.6 fetched in 584ms
305 http fetch GET 304 https://registry.npmjs.org/@types%2fhtml-encoding-sniffer 606ms (from cache)
306 silly pacote tag manifest for @types/html-encoding-sniffer@ts3.6 fetched in 608ms
307 http fetch GET 304 https://registry.npmjs.org/@types%2fhosted-git-info 624ms (from cache)
308 silly pacote tag manifest for @types/hosted-git-info@ts3.6 fetched in 626ms
309 http fetch GET 304 https://registry.npmjs.org/@types%2fhttp-errors 596ms (from cache)
310 silly pacote tag manifest for @types/http-errors@ts3.6 fetched in 598ms
311 http fetch GET 304 https://registry.npmjs.org/@types%2ficss-utils 636ms (from cache)
312 silly pacote tag manifest for @types/icss-utils@ts3.6 fetched in 638ms
313 http fetch GET 304 https://registry.npmjs.org/@types%2fiferr 621ms (from cache)
314 silly pacote tag manifest for @types/iferr@ts3.6 fetched in 623ms
315 http fetch GET 304 https://registry.npmjs.org/@types%2fimurmurhash 602ms (from cache)
316 silly pacote tag manifest for @types/imurmurhash@ts3.6 fetched in 604ms
317 http fetch GET 304 https://registry.npmjs.org/@types%2finherits 582ms (from cache)
318 silly pacote tag manifest for @types/inherits@ts3.6 fetched in 584ms
319 http fetch GET 304 https://registry.npmjs.org/@types%2fini 581ms (from cache)
320 silly pacote tag manifest for @types/ini@ts3.6 fetched in 583ms
321 http fetch GET 304 https://registry.npmjs.org/@types%2finquirer 583ms (from cache)
322 silly pacote tag manifest for @types/inquirer@ts3.6 fetched in 585ms
323 http fetch GET 304 https://registry.npmjs.org/@types%2finternal-slot 598ms (from cache)
324 silly pacote tag manifest for @types/internal-slot@ts3.6 fetched in 601ms
325 http fetch GET 304 https://registry.npmjs.org/@types%2fip 602ms (from cache)
326 silly pacote tag manifest for @types/ip@ts3.6 fetched in 605ms
327 http fetch GET 304 https://registry.npmjs.org/@types%2fis-arguments 599ms (from cache)
328 silly pacote tag manifest for @types/is-arguments@ts3.6 fetched in 601ms
329 http fetch GET 200 https://registry.npmjs.org/@types%2fis-bigint 592ms
330 silly fetchPackageMetaData error for @types/is-bigint@ts3.6 No matching version found for @types/is-bigint@ts3.6.
331 http fetch GET 200 https://registry.npmjs.org/@types%2fis-boolean-object 610ms
332 silly fetchPackageMetaData error for @types/is-boolean-object@ts3.6 No matching version found for @types/is-boolean-object@ts3.6.
333 http fetch GET 304 https://registry.npmjs.org/@types%2fis-callable 599ms (from cache)
334 silly pacote tag manifest for @types/is-callable@ts3.6 fetched in 601ms
335 http fetch GET 304 https://registry.npmjs.org/@types%2fis-buffer 652ms (from cache)
336 silly pacote tag manifest for @types/is-buffer@ts3.6 fetched in 654ms
337 http fetch GET 304 https://registry.npmjs.org/@types%2fis-ci 600ms (from cache)
338 silly pacote tag manifest for @types/is-ci@ts3.6 fetched in 602ms
339 http fetch GET 304 https://registry.npmjs.org/@types%2fis-core-module 612ms (from cache)
340 silly pacote tag manifest for @types/is-core-module@ts3.6 fetched in 614ms
341 http fetch GET 200 https://registry.npmjs.org/@types%2fis-data-descriptor 579ms
342 silly fetchPackageMetaData error for @types/is-data-descriptor@ts3.6 No matching version found for @types/is-data-descriptor@ts3.6.
343 http fetch GET 304 https://registry.npmjs.org/@types%2fistanbul-lib-coverage 67ms (from cache)
344 silly pacote tag manifest for @types/istanbul-lib-coverage@ts3.6 fetched in 69ms
345 http fetch GET 304 https://registry.npmjs.org/@types%2fis-date-object 604ms (from cache)
346 silly pacote tag manifest for @types/is-date-object@ts3.6 fetched in 606ms
347 http fetch GET 304 https://registry.npmjs.org/@types%2fis-glob 604ms (from cache)
348 silly pacote tag manifest for @types/is-glob@ts3.6 fetched in 606ms
349 http fetch GET 304 https://registry.npmjs.org/@types%2fis-regex 597ms (from cache)
350 silly pacote tag manifest for @types/is-regex@ts3.6 fetched in 599ms
351 http fetch GET 304 https://registry.npmjs.org/@types%2fistanbul-lib-report 90ms (from cache)
352 silly pacote tag manifest for @types/istanbul-lib-report@ts3.6 fetched in 92ms
353 http fetch GET 304 https://registry.npmjs.org/@types%2fistanbul-reports 71ms (from cache)
354 silly pacote tag manifest for @types/istanbul-reports@ts3.6 fetched in 73ms
355 http fetch GET 200 https://registry.npmjs.org/@types%2fis-string 587ms
356 silly fetchPackageMetaData error for @types/is-string@ts3.6 No matching version found for @types/is-string@ts3.6.
357 http fetch GET 304 https://registry.npmjs.org/@types%2fis-typedarray 582ms (from cache)
358 silly pacote tag manifest for @types/is-typedarray@ts3.6 fetched in 585ms
359 http fetch GET 304 https://registry.npmjs.org/@types%2fis-windows 586ms (from cache)
360 silly pacote tag manifest for @types/is-windows@ts3.6 fetched in 588ms
361 http fetch GET 304 https://registry.npmjs.org/@types%2fisarray 589ms (from cache)
362 silly pacote tag manifest for @types/isarray@ts3.6 fetched in 590ms
363 http fetch GET 304 https://registry.npmjs.org/@types%2fisexe 591ms (from cache)
364 silly pacote tag manifest for @types/isexe@ts3.6 fetched in 593ms
365 http fetch GET 304 https://registry.npmjs.org/@types%2fistanbul-lib-instrument 604ms (from cache)
366 silly pacote tag manifest for @types/istanbul-lib-instrument@ts3.6 fetched in 606ms
367 http fetch GET 304 https://registry.npmjs.org/@types%2fistanbul-lib-source-maps 604ms (from cache)
368 silly pacote tag manifest for @types/istanbul-lib-source-maps@ts3.6 fetched in 605ms
369 http fetch GET 304 https://registry.npmjs.org/@types%2fjs-levenshtein 597ms (from cache)
370 silly pacote tag manifest for @types/js-levenshtein@ts3.6 fetched in 599ms
371 http fetch GET 304 https://registry.npmjs.org/@types%2fis-number 1305ms (from cache)
372 silly pacote tag manifest for @types/is-number@ts3.6 fetched in 1307ms
373 http fetch GET 304 https://registry.npmjs.org/@types%2fjsdom 598ms (from cache)
374 silly pacote tag manifest for @types/jsdom@ts3.6 fetched in 600ms
375 http fetch GET 304 https://registry.npmjs.org/@types%2fjs-yaml 614ms (from cache)
376 silly pacote tag manifest for @types/js-yaml@ts3.6 fetched in 617ms
377 http fetch GET 304 https://registry.npmjs.org/@types%2fjsesc 600ms (from cache)
378 silly pacote tag manifest for @types/jsesc@ts3.6 fetched in 602ms
379 http fetch GET 304 https://registry.npmjs.org/@types%2fjson-parse-better-errors 583ms (from cache)
380 silly pacote tag manifest for @types/json-parse-better-errors@ts3.6 fetched in 585ms
381 http fetch GET 304 https://registry.npmjs.org/@types%2fjson2mq 581ms (from cache)
382 silly pacote tag manifest for @types/json2mq@ts3.6 fetched in 583ms
383 http fetch GET 304 https://registry.npmjs.org/@types%2fjson3 631ms (from cache)
384 silly pacote tag manifest for @types/json3@ts3.6 fetched in 633ms
385 http fetch GET 304 https://registry.npmjs.org/@types%2fjsonfile 608ms (from cache)
386 silly pacote tag manifest for @types/jsonfile@ts3.6 fetched in 610ms
387 http fetch GET 304 https://registry.npmjs.org/@types%2fkind-of 609ms (from cache)
388 silly pacote tag manifest for @types/kind-of@ts3.6 fetched in 610ms
389 http fetch GET 200 https://registry.npmjs.org/@types%2flanguage-tags 580ms
390 silly fetchPackageMetaData error for @types/language-tags@ts3.6 No matching version found for @types/language-tags@ts3.6.
391 http fetch GET 304 https://registry.npmjs.org/@types%2flodash 581ms (from cache)
392 silly pacote tag manifest for @types/lodash@ts3.6 fetched in 584ms
393 http fetch GET 304 https://registry.npmjs.org/@types%2flodash.clonedeep 584ms (from cache)
394 silly pacote tag manifest for @types/lodash.clonedeep@ts3.6 fetched in 586ms
395 http fetch GET 304 https://registry.npmjs.org/@types%2flodash.debounce 591ms (from cache)
396 silly pacote tag manifest for @types/lodash.debounce@ts3.6 fetched in 593ms
397 http fetch GET 304 https://registry.npmjs.org/@types%2flodash.escape 645ms (from cache)
398 silly pacote tag manifest for @types/lodash.escape@ts3.6 fetched in 647ms
399 http fetch GET 304 https://registry.npmjs.org/@types%2flodash.flattendeep 620ms (from cache)
400 silly pacote tag manifest for @types/lodash.flattendeep@ts3.6 fetched in 622ms
401 http fetch GET 304 https://registry.npmjs.org/@types%2floader-utils 945ms (from cache)
402 silly pacote tag manifest for @types/loader-utils@ts3.6 fetched in 947ms
403 http fetch GET 304 https://registry.npmjs.org/@types%2flodash.memoize 612ms (from cache)
404 silly pacote tag manifest for @types/lodash.memoize@ts3.6 fetched in 615ms
405 http fetch GET 304 https://registry.npmjs.org/@types%2flodash.merge 603ms (from cache)
406 silly pacote tag manifest for @types/lodash.merge@ts3.6 fetched in 605ms
407 http fetch GET 304 https://registry.npmjs.org/@types%2flodash.template 620ms (from cache)
408 silly pacote tag manifest for @types/lodash.template@ts3.6 fetched in 623ms
409 http fetch GET 304 https://registry.npmjs.org/@types%2flodash.truncate 629ms (from cache)
410 silly pacote tag manifest for @types/lodash.truncate@ts3.6 fetched in 631ms
411 http fetch GET 304 https://registry.npmjs.org/@types%2flodash.uniq 625ms (from cache)
412 silly pacote tag manifest for @types/lodash.uniq@ts3.6 fetched in 627ms
413 http fetch GET 304 https://registry.npmjs.org/@types%2floader-runner 1376ms (from cache)
414 silly pacote tag manifest for @types/loader-runner@ts3.6 fetched in 1378ms
415 http fetch GET 304 https://registry.npmjs.org/@types%2flz-string 758ms (from cache)
416 silly pacote tag manifest for @types/lz-string@ts3.6 fetched in 762ms
417 http fetch GET 304 https://registry.npmjs.org/@types%2flodash.isequal 1388ms (from cache)
418 silly pacote tag manifest for @types/lodash.isequal@ts3.6 fetched in 1390ms
419 timing stage:rollbackFailedOptional Completed in 1ms
420 timing stage:runTopLevelLifecycles Completed in 16771ms
421 verbose type tag
422 verbose stack @types/call-bind: No matching version found for @types/call-bind@ts3.6.
422 verbose stack     at pickManifest (/usr/local/lib/node_modules/npm/node_modules/npm-pick-manifest/index.js:122:13)
422 verbose stack     at /usr/local/lib/node_modules/npm/node_modules/pacote/lib/fetchers/registry/manifest.js:24:14
422 verbose stack     at tryCatcher (/usr/local/lib/node_modules/npm/node_modules/bluebird/js/release/util.js:16:23)
422 verbose stack     at Promise._settlePromiseFromHandler (/usr/local/lib/node_modules/npm/node_modules/bluebird/js/release/promise.js:517:31)
422 verbose stack     at Promise._settlePromise (/usr/local/lib/node_modules/npm/node_modules/bluebird/js/release/promise.js:574:18)
422 verbose stack     at Promise._settlePromise0 (/usr/local/lib/node_modules/npm/node_modules/bluebird/js/release/promise.js:619:10)
422 verbose stack     at Promise._settlePromises (/usr/local/lib/node_modules/npm/node_modules/bluebird/js/release/promise.js:699:18)
422 verbose stack     at _drainQueueStep (/usr/local/lib/node_modules/npm/node_modules/bluebird/js/release/async.js:138:12)
422 verbose stack     at _drainQueue (/usr/local/lib/node_modules/npm/node_modules/bluebird/js/release/async.js:131:9)
422 verbose stack     at Async._drainQueues (/usr/local/lib/node_modules/npm/node_modules/bluebird/js/release/async.js:147:5)
422 verbose stack     at Immediate.Async.drainQueues [as _onImmediate] (/usr/local/lib/node_modules/npm/node_modules/bluebird/js/release/async.js:17:14)
422 verbose stack     at processImmediate (internal/timers.js:456:21)
423 verbose cwd /home/theia/.cache/typescript/3.6
424 verbose Linux 5.10.16.3-microsoft-standard-WSL2
425 verbose argv "/usr/local/bin/node" "/usr/local/bin/npm" "install" "--ignore-scripts" "@types/accepts@ts3.6" "@types/argparse@ts3.6" "@types/aria-query@ts3.6" "@types/arr-diff@ts3.6" "@types/arr-union@ts3.6" "@types/array-unique@ts3.6" "@types/array.prototype.flat@ts3.6" "@types/array.prototype.flatmap@ts3.6" "@types/asap@ts3.6" "@types/assert@ts3.6" "@types/async@ts3.6" "@types/atob@ts3.6" "@types/babel-plugin-macros@ts3.6" "@types/babylon@ts3.6" "@types/balanced-match@ts3.6" "@types/big.js@ts3.6" "@types/bl@ts3.6" "@types/bluebird@ts3.6" "@types/bn.js@ts3.6" "@types/body-parser@ts3.6" "@types/bonjour@ts3.6" "@types/boolbase@ts3.6" "@types/brace-expansion@ts3.6" "@types/braces@ts3.6" "@types/brorand@ts3.6" "@types/bser@ts3.6" "@types/buffer-from@ts3.6" "@types/buffer-xor@ts3.6" "@types/bytes@ts3.6" "@types/cacache@ts3.6" "@types/call-bind@ts3.6" "@types/caniuse-api@ts3.6" "@types/caniuse-lite@ts3.6" "@types/case-sensitive-paths-webpack-plugin@ts3.6" "@types/chardet@ts3.6" "@types/check-types@ts3.6" "@types/chownr@ts3.6" "@types/cipher-base@ts3.6" "@types/clean-css@ts3.6" "@types/cli-spinners@ts3.6" "@types/clone@ts3.6" "@types/co@ts3.6" "@types/color@ts3.6" "@types/color-convert@ts3.6" "@types/color-name@ts3.6" "@types/color-string@ts3.6" "@types/combined-stream@ts3.6" "@types/common-tags@ts3.6" "@types/commondir@ts3.6" "@types/component-emitter@ts3.6" "@types/compose-function@ts3.6" "@types/compressible@ts3.6" "@types/compression@ts3.6" "@types/concat-map@ts3.6" "@types/concat-stream@ts3.6" "@types/confusing-browser-globals@ts3.6" "@types/connect-history-api-fallback@ts3.6" "@types/content-disposition@ts3.6" "@types/content-type@ts3.6" "@types/convert-source-map@ts3.6" "@types/cookie@ts3.6" "@types/cookie-signature@ts3.6" "@types/core-js@ts3.6" "@types/create-hash@ts3.6" "@types/create-hmac@ts3.6" "@types/create-react-class@ts3.6" "@types/cross-spawn@ts3.6" "@types/css@ts3.6" "@types/css-declaration-sorter@ts3.6" "@types/css-tree@ts3.6" "@types/css.escape@ts3.6" "@types/cssesc@ts3.6" "@types/csso@ts3.6" "@types/cssom@ts3.6" "@types/cssstyle@ts3.6" "@types/damerau-levenshtein@ts3.6" "@types/data-urls@ts3.6" "@types/debug@ts3.6" "@types/decode-uri-component@ts3.6" "@types/dedent@ts3.6" "@types/deep-equal@ts3.6" "@types/default-gateway@ts3.6" "@types/defaults@ts3.6" "@types/define-properties@ts3.6" "@types/depd@ts3.6" "@types/destroy@ts3.6" "@types/detect-node@ts3.6" "@types/diffie-hellman@ts3.6" "@types/dir-glob@ts3.6" "@types/discontinuous-range@ts3.6" "@types/dns-packet@ts3.6" "@types/doctrine@ts3.6" "@types/domexception@ts3.6" "@types/duplexify@ts3.6" "@types/ee-first@ts3.6" "@types/ejs@ts3.6" "@types/elliptic@ts3.6" "@types/encodeurl@ts3.6" "@types/end-of-stream@ts3.6" "@types/enhanced-resolve@ts3.6" "@types/enquire.js@ts3.6" "@types/es-abstract@ts3.6" "@types/es-to-primitive@ts3.6" "@types/escape-html@ts3.6" "@types/escodegen@ts3.6" "@types/eslint@ts3.6" "@types/eslint-scope@ts3.6" "@types/eslint-utils@ts3.6" "@types/eslint-visitor-keys@ts3.6" "@types/esprima@ts3.6" "@types/esquery@ts3.6" "@types/estraverse@ts3.6" "@types/esutils@ts3.6" "@types/etag@ts3.6" "@types/events@ts3.6" "@types/eventsource@ts3.6" "@types/exit@ts3.6" "@types/fast-levenshtein@ts3.6" "@types/fb-watchman@ts3.6" "@types/file-entry-cache@ts3.6" "@types/file-loader@ts3.6" "@types/fill-range@ts3.6" "@types/finalhandler@ts3.6" "@types/find-cache-dir@ts3.6" "@types/flat-cache@ts3.6" "@types/flush-write-stream@ts3.6" "@types/follow-redirects@ts3.6" "@types/forwarded@ts3.6" "@types/fresh@ts3.6" "@types/from2@ts3.6" "@types/function-bind@ts3.6" "@types/functional-red-black-tree@ts3.6" "@types/gensync@ts3.6" "@types/get-intrinsic@ts3.6" "@types/get-value@ts3.6" "@types/glob@ts3.6" "@types/glob-parent@ts3.6" "@types/global-modules@ts3.6" "@types/global-prefix@ts3.6" "@types/graceful-fs@ts3.6" "@types/has@ts3.6" "@types/has-symbols@ts3.6" "@types/has-values@ts3.6" "@types/he@ts3.6" "@types/hex-color-regex@ts3.6" "@types/hoist-non-react-statics@ts3.6" "@types/hosted-git-info@ts3.6" "@types/html-encoding-sniffer@ts3.6" "@types/html-escaper@ts3.6" "@types/html-minifier-terser@ts3.6" "@types/http-errors@ts3.6" "@types/http-proxy@ts3.6" "@types/icss-utils@ts3.6" "@types/iferr@ts3.6" "@types/imurmurhash@ts3.6" "@types/inherits@ts3.6" "@types/ini@ts3.6" "@types/inquirer@ts3.6" "@types/internal-slot@ts3.6" "@types/ip@ts3.6" "@types/is-arguments@ts3.6" "@types/is-bigint@ts3.6" "@types/is-boolean-object@ts3.6" "@types/is-buffer@ts3.6" "@types/is-callable@ts3.6" "@types/is-ci@ts3.6" "@types/is-core-module@ts3.6" "@types/is-data-descriptor@ts3.6" "@types/is-date-object@ts3.6" "@types/is-glob@ts3.6" "@types/is-number@ts3.6" "@types/is-regex@ts3.6" "@types/is-string@ts3.6" "@types/is-typedarray@ts3.6" "@types/is-windows@ts3.6" "@types/isarray@ts3.6" "@types/isexe@ts3.6" "@types/istanbul-lib-coverage@ts3.6" "@types/istanbul-lib-instrument@ts3.6" "@types/istanbul-lib-report@ts3.6" "@types/istanbul-lib-source-maps@ts3.6" "@types/istanbul-reports@ts3.6" "@types/js-levenshtein@ts3.6" "@types/js-yaml@ts3.6" "@types/jsdom@ts3.6" "@types/jsesc@ts3.6" "@types/json-parse-better-errors@ts3.6" "@types/json2mq@ts3.6" "@types/json3@ts3.6" "@types/jsonfile@ts3.6" "@types/kind-of@ts3.6" "@types/language-tags@ts3.6" "@types/loader-runner@ts3.6" "@types/loader-utils@ts3.6" "@types/lodash@ts3.6" "@types/lodash.clonedeep@ts3.6" "@types/lodash.debounce@ts3.6" "@types/lodash.escape@ts3.6" "@types/lodash.flattendeep@ts3.6" "@types/lodash.isequal@ts3.6" "@types/lodash.memoize@ts3.6" "@types/lodash.merge@ts3.6" "@types/lodash.template@ts3.6" "@types/lodash.truncate@ts3.6" "@types/lodash.uniq@ts3.6" "@types/lz-string@ts3.6" "--save-dev" "--user-agent=typesInstaller/3.6.3"
426 verbose node v12.18.3
427 verbose npm  v6.14.6
428 error code ETARGET
429 error notarget No matching version found for @types/call-bind@ts3.6.
430 error notarget In most cases you or one of your dependencies are requesting
430 error notarget a package version that doesn't exist.
431 verbose exit [ 1, true ]
