0 info it worked if it ends with ok
1 verbose cli [
1 verbose cli   '/usr/local/bin/node',
1 verbose cli   '/usr/local/bin/npm',
1 verbose cli   'install',
1 verbose cli   '--ignore-scripts',
1 verbose cli   '@types/lz-string@ts3.6',
1 verbose cli   '@types/media-typer@ts3.6',
1 verbose cli   '@types/memory-fs@ts3.6',
1 verbose cli   '@types/memorystream@ts3.6',
1 verbose cli   '@types/merge-descriptors@ts3.6',
1 verbose cli   '@types/merge-stream@ts3.6',
1 verbose cli   '@types/merge2@ts3.6',
1 verbose cli   '@types/methods@ts3.6',
1 verbose cli   '@types/micromatch@ts3.6',
1 verbose cli   '@types/mime@ts3.6',
1 verbose cli   '@types/mime-db@ts3.6',
1 verbose cli   '@types/mime-types@ts3.6',
1 verbose cli   '@types/min-indent@ts3.6',
1 verbose cli   '@types/minimalistic-assert@ts3.6',
1 verbose cli   '@types/minimatch@ts3.6',
1 verbose cli   '@types/minimist@ts3.6',
1 verbose cli   '@types/minizlib@ts3.6',
1 verbose cli   '@types/mkdirp@ts3.6',
1 verbose cli   '@types/moo@ts3.6',
1 verbose cli   '@types/move-concurrently@ts3.6',
1 verbose cli   '@types/ms@ts3.6',
1 verbose cli   '@types/multicast-dns@ts3.6',
1 verbose cli   '@types/mute-stream@ts3.6',
1 verbose cli   '@types/natural-compare@ts3.6',
1 verbose cli   '@types/nearley@ts3.6',
1 verbose cli   '@types/negotiator@ts3.6',
1 verbose cli   '@types/next-tick@ts3.6',
1 verbose cli   '@types/nice-try@ts3.6',
1 verbose cli   '@types/node-fetch@ts3.6',
1 verbose cli   '@types/node-forge@ts3.6',
1 verbose cli   '@types/node-int64@ts3.6',
1 verbose cli   '@types/node-notifier@ts3.6',
1 verbose cli   '@types/normalize-package-data@ts3.6',
1 verbose cli   '@types/normalize-path@ts3.6',
1 verbose cli   '@types/num2fraction@ts3.6',
1 verbose cli   '@types/nwsapi@ts3.6',
1 verbose cli   '@types/object-assign@ts3.6',
1 verbose cli   '@types/object-inspect@ts3.6',
1 verbose cli   '@types/object-keys@ts3.6',
1 verbose cli   '@types/object.fromentries@ts3.6',
1 verbose cli   '@types/object.getownpropertydescriptors@ts3.6',
1 verbose cli   '@types/object.pick@ts3.6',
1 verbose cli   '@types/on-finished@ts3.6',
1 verbose cli   '@types/on-headers@ts3.6',
1 verbose cli   '@types/once@ts3.6',
1 verbose cli   '@types/optimize-css-assets-webpack-plugin@ts3.6',
1 verbose cli   '@types/original@ts3.6',
1 verbose cli   '@types/os-tmpdir@ts3.6',
1 verbose cli   '@types/pako@ts3.6',
1 verbose cli   '@types/parallel-transform@ts3.6',
1 verbose cli   '@types/parse-json@ts3.6',
1 verbose cli   '@types/parseurl@ts3.6',
1 verbose cli   '@types/pascalcase@ts3.6',
1 verbose cli   '@types/path-browserify@ts3.6',
1 verbose cli   '@types/path-is-absolute@ts3.6',
1 verbose cli   '@types/path-is-inside@ts3.6',
1 verbose cli   '@types/path-parse@ts3.6',
1 verbose cli   '@types/pbkdf2@ts3.6',
1 verbose cli   '@types/picomatch@ts3.6',
1 verbose cli   '@types/pify@ts3.6',
1 verbose cli   '@types/postcss-flexbugs-fixes@ts3.6',
1 verbose cli   '@types/postcss-gap-properties@ts3.6',
1 verbose cli   '@types/postcss-modules-extract-imports@ts3.6',
1 verbose cli   '@types/postcss-modules-local-by-default@ts3.6',
1 verbose cli   '@types/postcss-modules-scope@ts3.6',
1 verbose cli   '@types/postcss-modules-values@ts3.6',
1 verbose cli   '@types/postcss-normalize@ts3.6',
1 verbose cli   '@types/postcss-preset-env@ts3.6',
1 verbose cli   '@types/postcss-safe-parser@ts3.6',
1 verbose cli   '@types/prelude-ls@ts3.6',
1 verbose cli   '@types/prettier-linter-helpers@ts3.6',
1 verbose cli   '@types/progress@ts3.6',
1 verbose cli   '@types/promise-inflight@ts3.6',
1 verbose cli   '@types/prompts@ts3.6',
1 verbose cli   '@types/prop-types@ts3.6',
1 verbose cli   '@types/proxy-addr@ts3.6',
1 verbose cli   '@types/psl@ts3.6',
1 verbose cli   '@types/pump@ts3.6',
1 verbose cli   '@types/pumpify@ts3.6',
1 verbose cli   '@types/punycode@ts3.6',
1 verbose cli   '@types/q@ts3.6',
1 verbose cli   '@types/qs@ts3.6',
1 verbose cli   '@types/querystringify@ts3.6',
1 verbose cli   '@types/raf@ts3.6',
1 verbose cli   '@types/randombytes@ts3.6',
1 verbose cli   '@types/range-parser@ts3.6',
1 verbose cli   '@types/react-dev-utils@ts3.6',
1 verbose cli   '@types/react-is@ts3.6',
1 verbose cli   '@types/react-refresh@ts3.6',
1 verbose cli   '@types/react-router@ts3.6',
1 verbose cli   '@types/react-test-renderer@ts3.6',
1 verbose cli   '@types/readable-stream@ts3.6',
1 verbose cli   '@types/recursive-readdir@ts3.6',
1 verbose cli   '@types/regenerate@ts3.6',
1 verbose cli   '@types/regenerator-runtime@ts3.6',
1 verbose cli   '@types/regex-not@ts3.6',
1 verbose cli   ... 111 more items
1 verbose cli ]
2 info using npm@6.14.6
3 info using node@v12.18.3
4 verbose npm-session f084ddc76412988d
5 silly install loadCurrentTree
6 silly install readLocalPackageData
7 http fetch GET 304 https://registry.npmjs.org/@types%2fmime 308ms (from cache)
8 silly pacote tag manifest for @types/mime@ts3.6 fetched in 312ms
9 http fetch GET 304 https://registry.npmjs.org/@types%2fmerge-stream 987ms (from cache)
10 http fetch GET 304 https://registry.npmjs.org/@types%2fmicromatch 987ms (from cache)
11 silly pacote tag manifest for @types/merge-stream@ts3.6 fetched in 991ms
12 silly pacote tag manifest for @types/micromatch@ts3.6 fetched in 994ms
13 http fetch GET 304 https://registry.npmjs.org/@types%2flz-string 1656ms (from cache)
14 http fetch GET 304 https://registry.npmjs.org/@types%2fmerge-descriptors 1652ms (from cache)
15 http fetch GET 304 https://registry.npmjs.org/@types%2fmemory-fs 1659ms (from cache)
16 silly pacote tag manifest for @types/lz-string@ts3.6 fetched in 1670ms
17 http fetch GET 304 https://registry.npmjs.org/@types%2fmemorystream 1662ms (from cache)
18 silly pacote tag manifest for @types/merge-descriptors@ts3.6 fetched in 1662ms
19 silly pacote tag manifest for @types/memory-fs@ts3.6 fetched in 1667ms
20 silly pacote tag manifest for @types/memorystream@ts3.6 fetched in 1677ms
21 http fetch GET 304 https://registry.npmjs.org/@types%2fminimist 83ms (from cache)
22 silly pacote tag manifest for @types/minimist@ts3.6 fetched in 87ms
23 http fetch GET 304 https://registry.npmjs.org/@types%2fmime-db 1461ms (from cache)
24 silly pacote tag manifest for @types/mime-db@ts3.6 fetched in 1465ms
25 http fetch GET 304 https://registry.npmjs.org/@types%2fmerge2 2587ms (from cache)
26 http fetch GET 304 https://registry.npmjs.org/@types%2fminimalistic-assert 931ms (from cache)
27 http fetch GET 304 https://registry.npmjs.org/@types%2fminimatch 929ms (from cache)
28 http fetch GET 304 https://registry.npmjs.org/@types%2fmethods 2588ms (from cache)
29 http fetch GET 304 https://registry.npmjs.org/@types%2fmedia-typer 2596ms (from cache)
30 http fetch GET 304 https://registry.npmjs.org/@types%2fmin-indent 1593ms (from cache)
31 http fetch GET 304 https://registry.npmjs.org/@types%2fmoo 812ms (from cache)
32 http fetch GET 304 https://registry.npmjs.org/@types%2fminizlib 922ms (from cache)
33 http fetch GET 304 https://registry.npmjs.org/@types%2fmkdirp 847ms (from cache)
34 silly pacote tag manifest for @types/merge2@ts3.6 fetched in 2600ms
35 silly pacote tag manifest for @types/minimatch@ts3.6 fetched in 942ms
36 silly pacote tag manifest for @types/minimalistic-assert@ts3.6 fetched in 946ms
37 silly pacote tag manifest for @types/methods@ts3.6 fetched in 2602ms
38 silly pacote tag manifest for @types/media-typer@ts3.6 fetched in 2611ms
39 silly pacote tag manifest for @types/min-indent@ts3.6 fetched in 1613ms
40 silly pacote tag manifest for @types/minizlib@ts3.6 fetched in 936ms
41 silly pacote tag manifest for @types/moo@ts3.6 fetched in 830ms
42 silly pacote tag manifest for @types/mkdirp@ts3.6 fetched in 864ms
43 http fetch GET 304 https://registry.npmjs.org/@types%2fmime-types 1664ms (from cache)
44 silly pacote tag manifest for @types/mime-types@ts3.6 fetched in 1672ms
45 http fetch GET 304 https://registry.npmjs.org/@types%2fmove-concurrently 610ms (from cache)
46 silly pacote tag manifest for @types/move-concurrently@ts3.6 fetched in 616ms
47 http fetch GET 304 https://registry.npmjs.org/@types%2fms 683ms (from cache)
48 http fetch GET 304 https://registry.npmjs.org/@types%2fmute-stream 685ms (from cache)
49 silly pacote tag manifest for @types/ms@ts3.6 fetched in 690ms
50 silly pacote tag manifest for @types/mute-stream@ts3.6 fetched in 692ms
51 http fetch GET 304 https://registry.npmjs.org/@types%2fnatural-compare 692ms (from cache)
52 http fetch GET 304 https://registry.npmjs.org/@types%2fmulticast-dns 696ms (from cache)
53 http fetch GET 304 https://registry.npmjs.org/@types%2fnice-try 690ms (from cache)
54 silly pacote tag manifest for @types/natural-compare@ts3.6 fetched in 706ms
55 http fetch GET 304 https://registry.npmjs.org/@types%2fnode-fetch 653ms (from cache)
56 silly pacote tag manifest for @types/multicast-dns@ts3.6 fetched in 714ms
57 silly pacote tag manifest for @types/nice-try@ts3.6 fetched in 707ms
58 silly pacote tag manifest for @types/node-fetch@ts3.6 fetched in 671ms
59 http fetch GET 304 https://registry.npmjs.org/@types%2fnormalize-package-data 81ms (from cache)
60 silly pacote tag manifest for @types/normalize-package-data@ts3.6 fetched in 83ms
61 http fetch GET 304 https://registry.npmjs.org/@types%2fnormalize-path 777ms (from cache)
62 http fetch GET 304 https://registry.npmjs.org/@types%2fnode-notifier 801ms (from cache)
63 http fetch GET 304 https://registry.npmjs.org/@types%2fnegotiator 1490ms (from cache)
64 http fetch GET 304 https://registry.npmjs.org/@types%2fobject-assign 708ms (from cache)
65 silly pacote tag manifest for @types/normalize-path@ts3.6 fetched in 786ms
66 silly pacote tag manifest for @types/node-notifier@ts3.6 fetched in 809ms
67 silly pacote tag manifest for @types/negotiator@ts3.6 fetched in 1498ms
68 silly pacote tag manifest for @types/object-assign@ts3.6 fetched in 723ms
69 http fetch GET 304 https://registry.npmjs.org/@types%2fnext-tick 1603ms (from cache)
70 silly pacote tag manifest for @types/next-tick@ts3.6 fetched in 1606ms
71 http fetch GET 304 https://registry.npmjs.org/@types%2fnearley 2306ms (from cache)
72 http fetch GET 304 https://registry.npmjs.org/@types%2fnwsapi 1581ms (from cache)
73 http fetch GET 304 https://registry.npmjs.org/@types%2fnum2fraction 1598ms (from cache)
74 http fetch GET 304 https://registry.npmjs.org/@types%2fobject-inspect 815ms (from cache)
75 silly pacote tag manifest for @types/nearley@ts3.6 fetched in 2311ms
76 silly pacote tag manifest for @types/nwsapi@ts3.6 fetched in 1587ms
77 silly pacote tag manifest for @types/num2fraction@ts3.6 fetched in 1604ms
78 silly pacote tag manifest for @types/object-inspect@ts3.6 fetched in 822ms
79 http fetch GET 304 https://registry.npmjs.org/@types%2fnode-forge 2092ms (from cache)
80 silly pacote tag manifest for @types/node-forge@ts3.6 fetched in 2097ms
81 http fetch GET 304 https://registry.npmjs.org/@types%2fnode-int64 2123ms (from cache)
82 silly pacote tag manifest for @types/node-int64@ts3.6 fetched in 2126ms
83 http fetch GET 304 https://registry.npmjs.org/@types%2fobject.pick 1241ms (from cache)
84 silly pacote tag manifest for @types/object.pick@ts3.6 fetched in 1244ms
85 http fetch GET 304 https://registry.npmjs.org/@types%2fobject-keys 1380ms (from cache)
86 silly pacote tag manifest for @types/object-keys@ts3.6 fetched in 1390ms
87 http fetch GET 304 https://registry.npmjs.org/@types%2fobject.fromentries 1407ms (from cache)
88 silly pacote tag manifest for @types/object.fromentries@ts3.6 fetched in 1414ms
89 http fetch GET 304 https://registry.npmjs.org/@types%2fon-finished 616ms (from cache)
90 silly pacote tag manifest for @types/on-finished@ts3.6 fetched in 620ms
91 http fetch GET 304 https://registry.npmjs.org/@types%2fonce 628ms (from cache)
92 silly pacote tag manifest for @types/once@ts3.6 fetched in 630ms
93 http fetch GET 304 https://registry.npmjs.org/@types%2foptimize-css-assets-webpack-plugin 628ms (from cache)
94 silly pacote tag manifest for @types/optimize-css-assets-webpack-plugin@ts3.6 fetched in 631ms
95 http fetch GET 304 https://registry.npmjs.org/@types%2fparse-json 82ms (from cache)
96 silly pacote tag manifest for @types/parse-json@ts3.6 fetched in 85ms
97 http fetch GET 304 https://registry.npmjs.org/@types%2foriginal 592ms (from cache)
98 silly pacote tag manifest for @types/original@ts3.6 fetched in 594ms
99 http fetch GET 304 https://registry.npmjs.org/@types%2fos-tmpdir 607ms (from cache)
100 silly pacote tag manifest for @types/os-tmpdir@ts3.6 fetched in 610ms
101 http fetch GET 304 https://registry.npmjs.org/@types%2fpako 647ms (from cache)
102 silly pacote tag manifest for @types/pako@ts3.6 fetched in 650ms
103 http fetch GET 304 https://registry.npmjs.org/@types%2fpascalcase 589ms (from cache)
104 silly pacote tag manifest for @types/pascalcase@ts3.6 fetched in 591ms
105 http fetch GET 304 https://registry.npmjs.org/@types%2fparseurl 626ms (from cache)
106 silly pacote tag manifest for @types/parseurl@ts3.6 fetched in 629ms
107 http fetch GET 304 https://registry.npmjs.org/@types%2fpath-is-absolute 596ms (from cache)
108 silly pacote tag manifest for @types/path-is-absolute@ts3.6 fetched in 598ms
109 http fetch GET 304 https://registry.npmjs.org/@types%2fon-headers 1325ms (from cache)
110 silly pacote tag manifest for @types/on-headers@ts3.6 fetched in 1328ms
111 http fetch GET 304 https://registry.npmjs.org/@types%2fpath-is-inside 603ms (from cache)
112 silly pacote tag manifest for @types/path-is-inside@ts3.6 fetched in 606ms
113 http fetch GET 304 https://registry.npmjs.org/@types%2fpath-parse 598ms (from cache)
114 silly pacote tag manifest for @types/path-parse@ts3.6 fetched in 601ms
115 http fetch GET 304 https://registry.npmjs.org/@types%2fpbkdf2 645ms (from cache)
116 silly pacote tag manifest for @types/pbkdf2@ts3.6 fetched in 648ms
117 http fetch GET 304 https://registry.npmjs.org/@types%2fpostcss-gap-properties 600ms (from cache)
118 silly pacote tag manifest for @types/postcss-gap-properties@ts3.6 fetched in 603ms
119 http fetch GET 304 https://registry.npmjs.org/@types%2fparallel-transform 1367ms (from cache)
120 silly pacote tag manifest for @types/parallel-transform@ts3.6 fetched in 1370ms
121 http fetch GET 304 https://registry.npmjs.org/@types%2fpath-browserify 1331ms (from cache)
122 silly registry:manifest no matching version for @types/path-browserify@ts3.6 in the cache. Forcing revalidation.
123 http fetch GET 304 https://registry.npmjs.org/@types%2fpostcss-modules-extract-imports 633ms (from cache)
124 silly pacote tag manifest for @types/postcss-modules-extract-imports@ts3.6 fetched in 637ms
125 http fetch GET 304 https://registry.npmjs.org/@types%2fpostcss-modules-local-by-default 588ms (from cache)
126 silly pacote tag manifest for @types/postcss-modules-local-by-default@ts3.6 fetched in 592ms
127 http fetch GET 304 https://registry.npmjs.org/@types%2fpostcss-modules-scope 589ms (from cache)
128 silly pacote tag manifest for @types/postcss-modules-scope@ts3.6 fetched in 591ms
129 http fetch GET 304 https://registry.npmjs.org/@types%2fpostcss-modules-values 591ms (from cache)
130 silly pacote tag manifest for @types/postcss-modules-values@ts3.6 fetched in 593ms
131 http fetch GET 304 https://registry.npmjs.org/@types%2fpostcss-normalize 600ms (from cache)
132 http fetch GET 304 https://registry.npmjs.org/@types%2fpicomatch 1324ms (from cache)
133 silly pacote tag manifest for @types/postcss-normalize@ts3.6 fetched in 604ms
134 silly pacote tag manifest for @types/picomatch@ts3.6 fetched in 1327ms
135 http fetch GET 304 https://registry.npmjs.org/@types%2fpostcss-flexbugs-fixes 1351ms (from cache)
136 silly pacote tag manifest for @types/postcss-flexbugs-fixes@ts3.6 fetched in 1353ms
137 http fetch GET 304 https://registry.npmjs.org/@types%2fpostcss-preset-env 622ms (from cache)
138 silly registry:manifest no matching version for @types/postcss-preset-env@ts3.6 in the cache. Forcing revalidation.
139 http fetch GET 304 https://registry.npmjs.org/@types%2fpify 1624ms (from cache)
140 silly pacote tag manifest for @types/pify@ts3.6 fetched in 1626ms
141 http fetch GET 304 https://registry.npmjs.org/@types%2fprop-types 64ms (from cache)
142 silly pacote tag manifest for @types/prop-types@ts3.6 fetched in 66ms
143 http fetch GET 200 https://registry.npmjs.org/@types%2fpath-browserify 1314ms
144 silly fetchPackageMetaData error for @types/path-browserify@ts3.6 No matching version found for @types/path-browserify@ts3.6.
145 http fetch GET 304 https://registry.npmjs.org/@types%2fprettier-linter-helpers 771ms (from cache)
146 http fetch GET 304 https://registry.npmjs.org/@types%2fprogress 746ms (from cache)
147 http fetch GET 304 https://registry.npmjs.org/@types%2fprompts 660ms (from cache)
148 silly pacote tag manifest for @types/prettier-linter-helpers@ts3.6 fetched in 777ms
149 silly pacote tag manifest for @types/progress@ts3.6 fetched in 752ms
150 silly pacote tag manifest for @types/prompts@ts3.6 fetched in 666ms
151 http fetch GET 304 https://registry.npmjs.org/@types%2fprelude-ls 900ms (from cache)
152 silly pacote tag manifest for @types/prelude-ls@ts3.6 fetched in 902ms
153 http fetch GET 304 https://registry.npmjs.org/@types%2fq 60ms (from cache)
154 silly pacote tag manifest for @types/q@ts3.6 fetched in 63ms
155 http fetch GET 200 https://registry.npmjs.org/@types%2fpostcss-preset-env 581ms
156 silly fetchPackageMetaData error for @types/postcss-preset-env@ts3.6 No matching version found for @types/postcss-preset-env@ts3.6.
157 http fetch GET 304 https://registry.npmjs.org/@types%2fqs 67ms (from cache)
158 silly pacote tag manifest for @types/qs@ts3.6 fetched in 69ms
159 http fetch GET 304 https://registry.npmjs.org/@types%2fpostcss-safe-parser 1361ms (from cache)
160 silly pacote tag manifest for @types/postcss-safe-parser@ts3.6 fetched in 1363ms
161 http fetch GET 304 https://registry.npmjs.org/@types%2fpromise-inflight 1445ms (from cache)
162 silly pacote tag manifest for @types/promise-inflight@ts3.6 fetched in 1447ms
163 http fetch GET 304 https://registry.npmjs.org/@types%2frange-parser 65ms (from cache)
164 silly pacote tag manifest for @types/range-parser@ts3.6 fetched in 67ms
165 http fetch GET 304 https://registry.npmjs.org/@types%2fproxy-addr 1393ms (from cache)
166 silly pacote tag manifest for @types/proxy-addr@ts3.6 fetched in 1395ms
167 http fetch GET 304 https://registry.npmjs.org/@types%2fpumpify 1317ms (from cache)
168 silly pacote tag manifest for @types/pumpify@ts3.6 fetched in 1319ms
169 http fetch GET 304 https://registry.npmjs.org/@types%2fpump 1323ms (from cache)
170 silly pacote tag manifest for @types/pump@ts3.6 fetched in 1330ms
171 http fetch GET 304 https://registry.npmjs.org/@types%2fpsl 1376ms (from cache)
172 silly pacote tag manifest for @types/psl@ts3.6 fetched in 1378ms
173 http fetch GET 304 https://registry.npmjs.org/@types%2fraf 1341ms (from cache)
174 silly pacote tag manifest for @types/raf@ts3.6 fetched in 1343ms
175 http fetch GET 304 https://registry.npmjs.org/@types%2fpunycode 2288ms (from cache)
176 http fetch GET 304 https://registry.npmjs.org/@types%2freadable-stream 787ms (from cache)
177 http fetch GET 304 https://registry.npmjs.org/@types%2fquerystringify 2159ms (from cache)
178 silly pacote tag manifest for @types/punycode@ts3.6 fetched in 2293ms
179 silly pacote tag manifest for @types/readable-stream@ts3.6 fetched in 792ms
180 silly pacote tag manifest for @types/querystringify@ts3.6 fetched in 2165ms
181 http fetch GET 304 https://registry.npmjs.org/@types%2fobject.getownpropertydescriptors 6419ms (from cache)
182 silly pacote tag manifest for @types/object.getownpropertydescriptors@ts3.6 fetched in 6423ms
183 http fetch GET 304 https://registry.npmjs.org/@types%2freact-is 1341ms (from cache)
184 silly pacote tag manifest for @types/react-is@ts3.6 fetched in 1343ms
185 http fetch GET 304 https://registry.npmjs.org/@types%2freact-refresh 1453ms (from cache)
186 silly registry:manifest no matching version for @types/react-refresh@ts3.6 in the cache. Forcing revalidation.
187 http fetch GET 304 https://registry.npmjs.org/@types%2freact-router 1447ms (from cache)
188 silly pacote tag manifest for @types/react-router@ts3.6 fetched in 1457ms
189 http fetch GET 304 https://registry.npmjs.org/@types%2freact-dev-utils 2100ms (from cache)
190 silly pacote tag manifest for @types/react-dev-utils@ts3.6 fetched in 2103ms
191 http fetch GET 304 https://registry.npmjs.org/@types%2fregenerate 599ms (from cache)
192 silly registry:manifest no matching version for @types/regenerate@ts3.6 in the cache. Forcing revalidation.
193 http fetch GET 304 https://registry.npmjs.org/@types%2fregenerator-runtime 606ms (from cache)
194 silly pacote tag manifest for @types/regenerator-runtime@ts3.6 fetched in 609ms
195 http fetch GET 304 https://registry.npmjs.org/@types%2fregex-not 602ms (from cache)
196 silly registry:manifest no matching version for @types/regex-not@ts3.6 in the cache. Forcing revalidation.
197 http fetch GET 304 https://registry.npmjs.org/@types%2frelateurl 586ms (from cache)
198 silly pacote tag manifest for @types/relateurl@ts3.6 fetched in 588ms
199 http fetch GET 200 https://registry.npmjs.org/@types%2freact-refresh 658ms
200 silly fetchPackageMetaData error for @types/react-refresh@ts3.6 No matching version found for @types/react-refresh@ts3.6.
201 http fetch GET 304 https://registry.npmjs.org/@types%2frepeat-element 658ms (from cache)
202 http fetch GET 304 https://registry.npmjs.org/@types%2freact-test-renderer 2085ms (from cache)
203 silly pacote tag manifest for @types/repeat-element@ts3.6 fetched in 664ms
204 http fetch GET 304 https://registry.npmjs.org/@types%2frandombytes 3092ms (from cache)
205 silly pacote tag manifest for @types/react-test-renderer@ts3.6 fetched in 2094ms
206 silly pacote tag manifest for @types/randombytes@ts3.6 fetched in 3109ms
207 http fetch GET 200 https://registry.npmjs.org/@types%2fregenerate 616ms
208 silly fetchPackageMetaData error for @types/regenerate@ts3.6 No matching version found for @types/regenerate@ts3.6.
209 http fetch GET 304 https://registry.npmjs.org/@types%2frepeat-string 651ms (from cache)
210 silly pacote tag manifest for @types/repeat-string@ts3.6 fetched in 662ms
211 http fetch GET 304 https://registry.npmjs.org/@types%2frequire-directory 644ms (from cache)
212 silly pacote tag manifest for @types/require-directory@ts3.6 fetched in 649ms
213 http fetch GET 304 https://registry.npmjs.org/@types%2fresolve 124ms (from cache)
214 http fetch GET 304 https://registry.npmjs.org/@types%2fretry 122ms (from cache)
215 silly pacote tag manifest for @types/resolve@ts3.6 fetched in 128ms
216 silly pacote tag manifest for @types/retry@ts3.6 fetched in 127ms
217 http fetch GET 304 https://registry.npmjs.org/@types%2frequire-from-string 630ms (from cache)
218 silly pacote tag manifest for @types/require-from-string@ts3.6 fetched in 633ms
219 http fetch GET 304 https://registry.npmjs.org/@types%2frecursive-readdir 1325ms (from cache)
220 silly pacote tag manifest for @types/recursive-readdir@ts3.6 fetched in 1328ms
221 http fetch GET 304 https://registry.npmjs.org/@types%2frequires-port 595ms (from cache)
222 silly pacote tag manifest for @types/requires-port@ts3.6 fetched in 597ms
223 http fetch GET 304 https://registry.npmjs.org/@types%2frsvp 587ms (from cache)
224 silly pacote tag manifest for @types/rsvp@ts3.6 fetched in 591ms
225 http fetch GET 304 https://registry.npmjs.org/@types%2frun-parallel 618ms (from cache)
226 silly pacote tag manifest for @types/run-parallel@ts3.6 fetched in 621ms
227 http fetch GET 304 https://registry.npmjs.org/@types%2fsafe-regex 601ms (from cache)
228 silly pacote tag manifest for @types/safe-regex@ts3.6 fetched in 608ms
229 http fetch GET 304 https://registry.npmjs.org/@types%2fscheduler 89ms (from cache)
230 silly pacote tag manifest for @types/scheduler@ts3.6 fetched in 92ms
231 http fetch GET 304 https://registry.npmjs.org/@types%2fsass-loader 615ms (from cache)
232 silly pacote tag manifest for @types/sass-loader@ts3.6 fetched in 617ms
233 http fetch GET 200 https://registry.npmjs.org/@types%2fregex-not 1337ms
234 silly fetchPackageMetaData error for @types/regex-not@ts3.6 No matching version found for @types/regex-not@ts3.6.
235 http fetch GET 304 https://registry.npmjs.org/@types%2fsane 926ms (from cache)
236 silly pacote tag manifest for @types/sane@ts3.6 fetched in 929ms
237 http fetch GET 304 https://registry.npmjs.org/@types%2fserve-index 73ms (from cache)
238 silly pacote tag manifest for @types/serve-index@ts3.6 fetched in 76ms
239 http fetch GET 304 https://registry.npmjs.org/@types%2fsax 592ms (from cache)
240 silly pacote tag manifest for @types/sax@ts3.6 fetched in 596ms
241 http fetch GET 304 https://registry.npmjs.org/@types%2fserve-static 64ms (from cache)
242 silly pacote tag manifest for @types/serve-static@ts3.6 fetched in 67ms
243 http fetch GET 304 https://registry.npmjs.org/@types%2fsemver 629ms (from cache)
244 http fetch GET 304 https://registry.npmjs.org/@types%2fsemver-compare 609ms (from cache)
245 silly pacote tag manifest for @types/semver@ts3.6 fetched in 633ms
246 silly pacote tag manifest for @types/semver-compare@ts3.6 fetched in 613ms
247 http fetch GET 304 https://registry.npmjs.org/@types%2frimraf 1360ms (from cache)
248 silly pacote tag manifest for @types/rimraf@ts3.6 fetched in 1375ms
249 http fetch GET 304 https://registry.npmjs.org/@types%2fserialize-javascript 617ms (from cache)
250 http fetch GET 304 https://registry.npmjs.org/@types%2fripemd160 1361ms (from cache)
251 http fetch GET 304 https://registry.npmjs.org/@types%2fsend 641ms (from cache)
252 silly pacote tag manifest for @types/serialize-javascript@ts3.6 fetched in 624ms
253 silly pacote tag manifest for @types/ripemd160@ts3.6 fetched in 1368ms
254 silly pacote tag manifest for @types/send@ts3.6 fetched in 650ms
255 http fetch GET 304 https://registry.npmjs.org/@types%2fset-cookie-parser 597ms (from cache)
256 silly pacote tag manifest for @types/set-cookie-parser@ts3.6 fetched in 599ms
257 http fetch GET 304 https://registry.npmjs.org/@types%2fset-value 581ms (from cache)
258 silly pacote tag manifest for @types/set-value@ts3.6 fetched in 582ms
259 http fetch GET 304 https://registry.npmjs.org/@types%2fsockjs 93ms (from cache)
260 silly pacote tag manifest for @types/sockjs@ts3.6 fetched in 95ms
261 http fetch GET 304 https://registry.npmjs.org/@types%2fshell-quote 854ms (from cache)
262 http fetch GET 304 https://registry.npmjs.org/@types%2fsignal-exit 851ms (from cache)
263 http fetch GET 304 https://registry.npmjs.org/@types%2fsha.js 912ms (from cache)
264 silly pacote tag manifest for @types/shell-quote@ts3.6 fetched in 858ms
265 http fetch GET 304 https://registry.npmjs.org/@types%2fselfsigned 1563ms (from cache)
266 silly registry:manifest no matching version for @types/selfsigned@ts3.6 in the cache. Forcing revalidation.
267 silly pacote tag manifest for @types/signal-exit@ts3.6 fetched in 858ms
268 silly pacote tag manifest for @types/sha.js@ts3.6 fetched in 919ms
269 http fetch GET 304 https://registry.npmjs.org/@types%2fslice-ansi 585ms (from cache)
270 silly pacote tag manifest for @types/slice-ansi@ts3.6 fetched in 587ms
271 http fetch GET 304 https://registry.npmjs.org/@types%2fsetimmediate 1346ms (from cache)
272 silly pacote tag manifest for @types/setimmediate@ts3.6 fetched in 1349ms
273 http fetch GET 304 https://registry.npmjs.org/@types%2fshebang-command 1332ms (from cache)
274 silly pacote tag manifest for @types/shebang-command@ts3.6 fetched in 1334ms
275 http fetch GET 304 https://registry.npmjs.org/@types%2fsimple-swizzle 1354ms (from cache)
276 silly registry:manifest no matching version for @types/simple-swizzle@ts3.6 in the cache. Forcing revalidation.
277 http fetch GET 304 https://registry.npmjs.org/@types%2fsafer-buffer 2666ms (from cache)
278 silly pacote tag manifest for @types/safer-buffer@ts3.6 fetched in 2668ms
279 http fetch GET 304 https://registry.npmjs.org/@types%2fsockjs-client 1533ms (from cache)
280 http fetch GET 304 https://registry.npmjs.org/@types%2fsprintf 706ms (from cache)
281 silly pacote tag manifest for @types/sockjs-client@ts3.6 fetched in 1537ms
282 silly pacote tag manifest for @types/sprintf@ts3.6 fetched in 709ms
283 http fetch GET 200 https://registry.npmjs.org/@types%2fselfsigned 1385ms
284 silly fetchPackageMetaData error for @types/selfsigned@ts3.6 No matching version found for @types/selfsigned@ts3.6.
285 http fetch GET 304 https://registry.npmjs.org/@types%2fsource-list-map 1394ms (from cache)
286 http fetch GET 304 https://registry.npmjs.org/@types%2fspdx-expression-parse 1323ms (from cache)
287 silly pacote tag manifest for @types/source-list-map@ts3.6 fetched in 1397ms
288 silly pacote tag manifest for @types/spdx-expression-parse@ts3.6 fetched in 1329ms
289 http fetch GET 304 https://registry.npmjs.org/@types%2fssri 664ms (from cache)
290 http fetch GET 304 https://registry.npmjs.org/@types%2fspdy 1382ms (from cache)
291 http fetch GET 304 https://registry.npmjs.org/@types%2fstack-utils 665ms (from cache)
292 silly pacote tag manifest for @types/ssri@ts3.6 fetched in 669ms
293 silly pacote tag manifest for @types/spdy@ts3.6 fetched in 1387ms
294 silly pacote tag manifest for @types/stack-utils@ts3.6 fetched in 671ms
295 http fetch GET 304 https://registry.npmjs.org/@types%2fsprintf-js 1333ms (from cache)
296 silly pacote tag manifest for @types/sprintf-js@ts3.6 fetched in 1335ms
297 http fetch GET 304 https://registry.npmjs.org/@types%2fstatuses 585ms (from cache)
298 silly pacote tag manifest for @types/statuses@ts3.6 fetched in 587ms
299 http fetch GET 304 https://registry.npmjs.org/@types%2fstream-shift 580ms (from cache)
300 silly pacote tag manifest for @types/stream-shift@ts3.6 fetched in 583ms
301 http fetch GET 304 https://registry.npmjs.org/@types%2fspdx-correct 2051ms (from cache)
302 silly pacote tag manifest for @types/spdx-correct@ts3.6 fetched in 2055ms
303 http fetch GET 304 https://registry.npmjs.org/@types%2fsource-map-support 2062ms (from cache)
304 silly pacote tag manifest for @types/source-map-support@ts3.6 fetched in 2066ms
305 http fetch GET 304 https://registry.npmjs.org/@types%2fstring-natural-compare 644ms (from cache)
306 http fetch GET 304 https://registry.npmjs.org/@types%2fstringify-object 616ms (from cache)
307 silly pacote tag manifest for @types/string-natural-compare@ts3.6 fetched in 646ms
308 silly pacote tag manifest for @types/stringify-object@ts3.6 fetched in 619ms
309 http fetch GET 304 https://registry.npmjs.org/@types%2fstrip-final-newline 634ms (from cache)
310 silly pacote tag manifest for @types/strip-final-newline@ts3.6 fetched in 637ms
311 http fetch GET 304 https://registry.npmjs.org/@types%2fsupports-color 594ms (from cache)
312 silly pacote tag manifest for @types/supports-color@ts3.6 fetched in 598ms
313 http fetch GET 304 https://registry.npmjs.org/@types%2fsvg-parser 607ms (from cache)
314 silly pacote tag manifest for @types/svg-parser@ts3.6 fetched in 609ms
315 http fetch GET 304 https://registry.npmjs.org/@types%2fstream-each 1321ms (from cache)
316 silly pacote tag manifest for @types/stream-each@ts3.6 fetched in 1323ms
317 http fetch GET 304 https://registry.npmjs.org/@types%2fsvgo 586ms (from cache)
318 silly pacote tag manifest for @types/svgo@ts3.6 fetched in 589ms
319 http fetch GET 304 https://registry.npmjs.org/@types%2fstrip-comments 1094ms (from cache)
320 silly pacote tag manifest for @types/strip-comments@ts3.6 fetched in 1096ms
321 http fetch GET 304 https://registry.npmjs.org/@types%2fstring.prototype.matchall 1299ms (from cache)
322 silly pacote tag manifest for @types/string.prototype.matchall@ts3.6 fetched in 1301ms
323 http fetch GET 304 https://registry.npmjs.org/@types%2fstrict-uri-encode 1326ms (from cache)
324 silly pacote tag manifest for @types/strict-uri-encode@ts3.6 fetched in 1328ms
325 http fetch GET 304 https://registry.npmjs.org/@types%2ftapable 621ms (from cache)
326 silly pacote tag manifest for @types/tapable@ts3.6 fetched in 623ms
327 http fetch GET 304 https://registry.npmjs.org/@types%2ftar 605ms (from cache)
328 silly pacote tag manifest for @types/tar@ts3.6 fetched in 610ms
329 http fetch GET 304 https://registry.npmjs.org/@types%2ftext-table 601ms (from cache)
330 silly pacote tag manifest for @types/text-table@ts3.6 fetched in 604ms
331 http fetch GET 304 https://registry.npmjs.org/@types%2fthrough 587ms (from cache)
332 silly pacote tag manifest for @types/through@ts3.6 fetched in 589ms
333 http fetch GET 304 https://registry.npmjs.org/@types%2fthunky 575ms (from cache)
334 silly pacote tag manifest for @types/thunky@ts3.6 fetched in 577ms
335 http fetch GET 304 https://registry.npmjs.org/@types%2fthrough2 619ms (from cache)
336 silly pacote tag manifest for @types/through2@ts3.6 fetched in 621ms
337 http fetch GET 304 https://registry.npmjs.org/@types%2ftimsort 576ms (from cache)
338 silly pacote tag manifest for @types/timsort@ts3.6 fetched in 578ms
339 http fetch GET 304 https://registry.npmjs.org/@types%2ftmp 581ms (from cache)
340 silly pacote tag manifest for @types/tmp@ts3.6 fetched in 583ms
341 http fetch GET 304 https://registry.npmjs.org/@types%2fsymbol-tree 1330ms (from cache)
342 silly pacote tag manifest for @types/symbol-tree@ts3.6 fetched in 1332ms
343 http fetch GET 304 https://registry.npmjs.org/@types%2ftmpl 571ms (from cache)
344 silly registry:manifest no matching version for @types/tmpl@ts3.6 in the cache. Forcing revalidation.
345 http fetch GET 304 https://registry.npmjs.org/@types%2fto-regex 576ms (from cache)
346 silly registry:manifest no matching version for @types/to-regex@ts3.6 in the cache. Forcing revalidation.
347 http fetch GET 304 https://registry.npmjs.org/@types%2fto-regex-range 579ms (from cache)
348 silly registry:manifest no matching version for @types/to-regex-range@ts3.6 in the cache. Forcing revalidation.
349 http fetch GET 304 https://registry.npmjs.org/@types%2ftype-check 591ms (from cache)
350 silly pacote tag manifest for @types/type-check@ts3.6 fetched in 593ms
351 http fetch GET 304 https://registry.npmjs.org/@types%2ftype-detect 589ms (from cache)
352 silly pacote tag manifest for @types/type-detect@ts3.6 fetched in 592ms
353 http fetch GET 200 https://registry.npmjs.org/@types%2ftmpl 578ms
354 silly fetchPackageMetaData error for @types/tmpl@ts3.6 No matching version found for @types/tmpl@ts3.6.
355 http fetch GET 304 https://registry.npmjs.org/@types%2ftype-is 611ms (from cache)
356 silly pacote tag manifest for @types/type-is@ts3.6 fetched in 613ms
357 http fetch GET 200 https://registry.npmjs.org/@types%2fto-regex 585ms
358 silly fetchPackageMetaData error for @types/to-regex@ts3.6 No matching version found for @types/to-regex@ts3.6.
359 http fetch GET 304 https://registry.npmjs.org/@types%2ftough-cookie 1441ms (from cache)
360 silly pacote tag manifest for @types/tough-cookie@ts3.6 fetched in 1443ms
361 http fetch GET 304 https://registry.npmjs.org/@types%2ftryer 1320ms (from cache)
362 silly pacote tag manifest for @types/tryer@ts3.6 fetched in 1323ms
363 http fetch GET 200 https://registry.npmjs.org/@types%2fto-regex-range 1342ms
364 silly fetchPackageMetaData error for @types/to-regex-range@ts3.6 No matching version found for @types/to-regex-range@ts3.6.
365 http fetch GET 304 https://registry.npmjs.org/@types%2ftypedarray-to-buffer 1402ms (from cache)
366 silly registry:manifest no matching version for @types/typedarray-to-buffer@ts3.6 in the cache. Forcing revalidation.
367 http fetch GET 304 https://registry.npmjs.org/@types%2funiq 1376ms (from cache)
368 silly pacote tag manifest for @types/uniq@ts3.6 fetched in 1381ms
369 http fetch GET 304 https://registry.npmjs.org/@types%2ftr46 2061ms (from cache)
370 silly registry:manifest no matching version for @types/tr46@ts3.6 in the cache. Forcing revalidation.
371 http fetch GET 304 https://registry.npmjs.org/@types%2funiversalify 1326ms (from cache)
372 silly pacote tag manifest for @types/universalify@ts3.6 fetched in 1328ms
373 http fetch GET 200 https://registry.npmjs.org/@types%2ftr46 786ms
374 silly fetchPackageMetaData error for @types/tr46@ts3.6 No matching version found for @types/tr46@ts3.6.
375 http fetch GET 304 https://registry.npmjs.org/@types%2furix 2092ms (from cache)
376 http fetch GET 304 https://registry.npmjs.org/@types%2fvary 780ms (from cache)
377 http fetch GET 304 https://registry.npmjs.org/@types%2furl-parse 2077ms (from cache)
378 silly pacote tag manifest for @types/urix@ts3.6 fetched in 2096ms
379 silly pacote tag manifest for @types/vary@ts3.6 fetched in 784ms
380 silly pacote tag manifest for @types/url-parse@ts3.6 fetched in 2082ms
381 http fetch GET 304 https://registry.npmjs.org/@types%2futils-merge 1326ms (from cache)
382 silly pacote tag manifest for @types/utils-merge@ts3.6 fetched in 1328ms
383 http fetch GET 304 https://registry.npmjs.org/@types%2futil-deprecate 2069ms (from cache)
384 silly pacote tag manifest for @types/util-deprecate@ts3.6 fetched in 2070ms
385 http fetch GET 200 https://registry.npmjs.org/@types%2fsimple-swizzle 6368ms
386 silly fetchPackageMetaData error for @types/simple-swizzle@ts3.6 No matching version found for @types/simple-swizzle@ts3.6.
387 http fetch GET 304 https://registry.npmjs.org/@types%2fwebpack 79ms (from cache)
388 silly pacote tag manifest for @types/webpack@ts3.6 fetched in 83ms
389 http fetch GET 200 https://registry.npmjs.org/@types%2ftypedarray-to-buffer 1312ms
390 silly fetchPackageMetaData error for @types/typedarray-to-buffer@ts3.6 No matching version found for @types/typedarray-to-buffer@ts3.6.
391 http fetch GET 304 https://registry.npmjs.org/@types%2futil.promisify 2071ms (from cache)
392 silly pacote tag manifest for @types/util.promisify@ts3.6 fetched in 2073ms
393 http fetch GET 304 https://registry.npmjs.org/@types%2fw3c-xmlserializer 584ms (from cache)
394 http fetch GET 304 https://registry.npmjs.org/@types%2fvalidate-npm-package-license 1396ms (from cache)
395 silly pacote tag manifest for @types/w3c-xmlserializer@ts3.6 fetched in 589ms
396 silly pacote tag manifest for @types/validate-npm-package-license@ts3.6 fetched in 1400ms
397 http fetch GET 304 https://registry.npmjs.org/@types%2fwebidl-conversions 596ms (from cache)
398 silly pacote tag manifest for @types/webidl-conversions@ts3.6 fetched in 598ms
399 http fetch GET 304 https://registry.npmjs.org/@types%2fwebpack-sources 654ms (from cache)
400 silly pacote tag manifest for @types/webpack-sources@ts3.6 fetched in 658ms
401 http fetch GET 304 https://registry.npmjs.org/@types%2fwhatwg-url 599ms (from cache)
402 silly pacote tag manifest for @types/whatwg-url@ts3.6 fetched in 603ms
403 http fetch GET 304 https://registry.npmjs.org/@types%2fwhich 613ms (from cache)
404 silly pacote tag manifest for @types/which@ts3.6 fetched in 617ms
405 http fetch GET 304 https://registry.npmjs.org/@types%2fw3c-hr-time 1299ms (from cache)
406 silly pacote tag manifest for @types/w3c-hr-time@ts3.6 fetched in 1303ms
407 http fetch GET 304 https://registry.npmjs.org/@types%2fwatchpack 1310ms (from cache)
408 silly pacote tag manifest for @types/watchpack@ts3.6 fetched in 1313ms
409 http fetch GET 304 https://registry.npmjs.org/@types%2fwcwidth 1329ms (from cache)
410 silly pacote tag manifest for @types/wcwidth@ts3.6 fetched in 1331ms
411 http fetch GET 304 https://registry.npmjs.org/@types%2fws 61ms (from cache)
412 silly pacote tag manifest for @types/ws@ts3.6 fetched in 64ms
413 http fetch GET 304 https://registry.npmjs.org/@types%2fwebpack-manifest-plugin 1305ms (from cache)
414 silly pacote tag manifest for @types/webpack-manifest-plugin@ts3.6 fetched in 1308ms
415 http fetch GET 304 https://registry.npmjs.org/@types%2fworkbox-webpack-plugin 590ms (from cache)
416 silly pacote tag manifest for @types/workbox-webpack-plugin@ts3.6 fetched in 593ms
417 http fetch GET 304 https://registry.npmjs.org/@types%2fwhatwg-encoding 1339ms (from cache)
418 silly pacote tag manifest for @types/whatwg-encoding@ts3.6 fetched in 1342ms
419 http fetch GET 304 https://registry.npmjs.org/@types%2fwhatwg-mimetype 1309ms (from cache)
420 silly pacote tag manifest for @types/whatwg-mimetype@ts3.6 fetched in 1311ms
421 http fetch GET 304 https://registry.npmjs.org/@types%2fwrap-ansi 599ms (from cache)
422 silly pacote tag manifest for @types/wrap-ansi@ts3.6 fetched in 602ms
423 http fetch GET 304 https://registry.npmjs.org/@types%2fyargs 74ms (from cache)
424 silly pacote tag manifest for @types/yargs@ts3.6 fetched in 80ms
425 http fetch GET 304 https://registry.npmjs.org/@types%2fyargs-parser 68ms (from cache)
426 silly pacote tag manifest for @types/yargs-parser@ts3.6 fetched in 70ms
427 http fetch GET 304 https://registry.npmjs.org/@types%2fwhich-pm-runs 1328ms (from cache)
428 silly pacote tag manifest for @types/which-pm-runs@ts3.6 fetched in 1331ms
429 http fetch GET 200 https://registry.npmjs.org/@types%2fxml-name-validator 579ms
430 silly fetchPackageMetaData error for @types/xml-name-validator@ts3.6 No matching version found for @types/xml-name-validator@ts3.6.
431 http fetch GET 304 https://registry.npmjs.org/@types%2fxtend 614ms (from cache)
432 silly pacote tag manifest for @types/xtend@ts3.6 fetched in 616ms
433 http fetch GET 304 https://registry.npmjs.org/@types%2fyallist 574ms (from cache)
434 silly pacote tag manifest for @types/yallist@ts3.6 fetched in 576ms
435 http fetch GET 304 https://registry.npmjs.org/@types%2fworkbox-build 1337ms (from cache)
436 silly pacote tag manifest for @types/workbox-build@ts3.6 fetched in 1339ms
437 http fetch GET 304 https://registry.npmjs.org/@types%2fworkbox-sw 1300ms (from cache)
438 silly pacote tag manifest for @types/workbox-sw@ts3.6 fetched in 1302ms
439 http fetch GET 304 https://registry.npmjs.org/@types%2fwrite-file-atomic 1349ms (from cache)
440 silly pacote tag manifest for @types/write-file-atomic@ts3.6 fetched in 1352ms
441 timing stage:rollbackFailedOptional Completed in 1ms
442 timing stage:runTopLevelLifecycles Completed in 23397ms
443 verbose type tag
444 verbose stack @types/path-browserify: No matching version found for @types/path-browserify@ts3.6.
444 verbose stack     at pickManifest (/usr/local/lib/node_modules/npm/node_modules/npm-pick-manifest/index.js:122:13)
444 verbose stack     at /usr/local/lib/node_modules/npm/node_modules/pacote/lib/fetchers/registry/manifest.js:43:18
444 verbose stack     at tryCatcher (/usr/local/lib/node_modules/npm/node_modules/bluebird/js/release/util.js:16:23)
444 verbose stack     at Promise._settlePromiseFromHandler (/usr/local/lib/node_modules/npm/node_modules/bluebird/js/release/promise.js:517:31)
444 verbose stack     at Promise._settlePromise (/usr/local/lib/node_modules/npm/node_modules/bluebird/js/release/promise.js:574:18)
444 verbose stack     at Promise._settlePromise0 (/usr/local/lib/node_modules/npm/node_modules/bluebird/js/release/promise.js:619:10)
444 verbose stack     at Promise._settlePromises (/usr/local/lib/node_modules/npm/node_modules/bluebird/js/release/promise.js:699:18)
444 verbose stack     at _drainQueueStep (/usr/local/lib/node_modules/npm/node_modules/bluebird/js/release/async.js:138:12)
444 verbose stack     at _drainQueue (/usr/local/lib/node_modules/npm/node_modules/bluebird/js/release/async.js:131:9)
444 verbose stack     at Async._drainQueues (/usr/local/lib/node_modules/npm/node_modules/bluebird/js/release/async.js:147:5)
444 verbose stack     at Immediate.Async.drainQueues [as _onImmediate] (/usr/local/lib/node_modules/npm/node_modules/bluebird/js/release/async.js:17:14)
444 verbose stack     at processImmediate (internal/timers.js:456:21)
445 verbose cwd /home/theia/.cache/typescript/3.6
446 verbose Linux 5.10.16.3-microsoft-standard-WSL2
447 verbose argv "/usr/local/bin/node" "/usr/local/bin/npm" "install" "--ignore-scripts" "@types/lz-string@ts3.6" "@types/media-typer@ts3.6" "@types/memory-fs@ts3.6" "@types/memorystream@ts3.6" "@types/merge-descriptors@ts3.6" "@types/merge-stream@ts3.6" "@types/merge2@ts3.6" "@types/methods@ts3.6" "@types/micromatch@ts3.6" "@types/mime@ts3.6" "@types/mime-db@ts3.6" "@types/mime-types@ts3.6" "@types/min-indent@ts3.6" "@types/minimalistic-assert@ts3.6" "@types/minimatch@ts3.6" "@types/minimist@ts3.6" "@types/minizlib@ts3.6" "@types/mkdirp@ts3.6" "@types/moo@ts3.6" "@types/move-concurrently@ts3.6" "@types/ms@ts3.6" "@types/multicast-dns@ts3.6" "@types/mute-stream@ts3.6" "@types/natural-compare@ts3.6" "@types/nearley@ts3.6" "@types/negotiator@ts3.6" "@types/next-tick@ts3.6" "@types/nice-try@ts3.6" "@types/node-fetch@ts3.6" "@types/node-forge@ts3.6" "@types/node-int64@ts3.6" "@types/node-notifier@ts3.6" "@types/normalize-package-data@ts3.6" "@types/normalize-path@ts3.6" "@types/num2fraction@ts3.6" "@types/nwsapi@ts3.6" "@types/object-assign@ts3.6" "@types/object-inspect@ts3.6" "@types/object-keys@ts3.6" "@types/object.fromentries@ts3.6" "@types/object.getownpropertydescriptors@ts3.6" "@types/object.pick@ts3.6" "@types/on-finished@ts3.6" "@types/on-headers@ts3.6" "@types/once@ts3.6" "@types/optimize-css-assets-webpack-plugin@ts3.6" "@types/original@ts3.6" "@types/os-tmpdir@ts3.6" "@types/pako@ts3.6" "@types/parallel-transform@ts3.6" "@types/parse-json@ts3.6" "@types/parseurl@ts3.6" "@types/pascalcase@ts3.6" "@types/path-browserify@ts3.6" "@types/path-is-absolute@ts3.6" "@types/path-is-inside@ts3.6" "@types/path-parse@ts3.6" "@types/pbkdf2@ts3.6" "@types/picomatch@ts3.6" "@types/pify@ts3.6" "@types/postcss-flexbugs-fixes@ts3.6" "@types/postcss-gap-properties@ts3.6" "@types/postcss-modules-extract-imports@ts3.6" "@types/postcss-modules-local-by-default@ts3.6" "@types/postcss-modules-scope@ts3.6" "@types/postcss-modules-values@ts3.6" "@types/postcss-normalize@ts3.6" "@types/postcss-preset-env@ts3.6" "@types/postcss-safe-parser@ts3.6" "@types/prelude-ls@ts3.6" "@types/prettier-linter-helpers@ts3.6" "@types/progress@ts3.6" "@types/promise-inflight@ts3.6" "@types/prompts@ts3.6" "@types/prop-types@ts3.6" "@types/proxy-addr@ts3.6" "@types/psl@ts3.6" "@types/pump@ts3.6" "@types/pumpify@ts3.6" "@types/punycode@ts3.6" "@types/q@ts3.6" "@types/qs@ts3.6" "@types/querystringify@ts3.6" "@types/raf@ts3.6" "@types/randombytes@ts3.6" "@types/range-parser@ts3.6" "@types/react-dev-utils@ts3.6" "@types/react-is@ts3.6" "@types/react-refresh@ts3.6" "@types/react-router@ts3.6" "@types/react-test-renderer@ts3.6" "@types/readable-stream@ts3.6" "@types/recursive-readdir@ts3.6" "@types/regenerate@ts3.6" "@types/regenerator-runtime@ts3.6" "@types/regex-not@ts3.6" "@types/relateurl@ts3.6" "@types/repeat-element@ts3.6" "@types/repeat-string@ts3.6" "@types/require-directory@ts3.6" "@types/require-from-string@ts3.6" "@types/requires-port@ts3.6" "@types/resolve@ts3.6" "@types/retry@ts3.6" "@types/rimraf@ts3.6" "@types/ripemd160@ts3.6" "@types/rsvp@ts3.6" "@types/run-parallel@ts3.6" "@types/safe-regex@ts3.6" "@types/safer-buffer@ts3.6" "@types/sane@ts3.6" "@types/sass-loader@ts3.6" "@types/sax@ts3.6" "@types/scheduler@ts3.6" "@types/selfsigned@ts3.6" "@types/semver@ts3.6" "@types/semver-compare@ts3.6" "@types/send@ts3.6" "@types/serialize-javascript@ts3.6" "@types/serve-index@ts3.6" "@types/serve-static@ts3.6" "@types/set-cookie-parser@ts3.6" "@types/set-value@ts3.6" "@types/setimmediate@ts3.6" "@types/sha.js@ts3.6" "@types/shebang-command@ts3.6" "@types/shell-quote@ts3.6" "@types/signal-exit@ts3.6" "@types/simple-swizzle@ts3.6" "@types/slice-ansi@ts3.6" "@types/sockjs@ts3.6" "@types/sockjs-client@ts3.6" "@types/source-list-map@ts3.6" "@types/source-map-support@ts3.6" "@types/spdx-correct@ts3.6" "@types/spdx-expression-parse@ts3.6" "@types/spdy@ts3.6" "@types/sprintf@ts3.6" "@types/sprintf-js@ts3.6" "@types/ssri@ts3.6" "@types/stack-utils@ts3.6" "@types/statuses@ts3.6" "@types/stream-each@ts3.6" "@types/stream-shift@ts3.6" "@types/strict-uri-encode@ts3.6" "@types/string-natural-compare@ts3.6" "@types/string.prototype.matchall@ts3.6" "@types/stringify-object@ts3.6" "@types/strip-comments@ts3.6" "@types/strip-final-newline@ts3.6" "@types/supports-color@ts3.6" "@types/svg-parser@ts3.6" "@types/svgo@ts3.6" "@types/symbol-tree@ts3.6" "@types/tapable@ts3.6" "@types/tar@ts3.6" "@types/text-table@ts3.6" "@types/through@ts3.6" "@types/through2@ts3.6" "@types/thunky@ts3.6" "@types/timsort@ts3.6" "@types/tmp@ts3.6" "@types/tmpl@ts3.6" "@types/to-regex@ts3.6" "@types/to-regex-range@ts3.6" "@types/tough-cookie@ts3.6" "@types/tr46@ts3.6" "@types/tryer@ts3.6" "@types/type-check@ts3.6" "@types/type-detect@ts3.6" "@types/type-is@ts3.6" "@types/typedarray-to-buffer@ts3.6" "@types/uniq@ts3.6" "@types/universalify@ts3.6" "@types/urix@ts3.6" "@types/url-parse@ts3.6" "@types/util-deprecate@ts3.6" "@types/util.promisify@ts3.6" "@types/utils-merge@ts3.6" "@types/validate-npm-package-license@ts3.6" "@types/vary@ts3.6" "@types/w3c-hr-time@ts3.6" "@types/w3c-xmlserializer@ts3.6" "@types/watchpack@ts3.6" "@types/wcwidth@ts3.6" "@types/webidl-conversions@ts3.6" "@types/webpack@ts3.6" "@types/webpack-manifest-plugin@ts3.6" "@types/webpack-sources@ts3.6" "@types/whatwg-encoding@ts3.6" "@types/whatwg-mimetype@ts3.6" "@types/whatwg-url@ts3.6" "@types/which@ts3.6" "@types/which-pm-runs@ts3.6" "@types/workbox-build@ts3.6" "@types/workbox-sw@ts3.6" "@types/workbox-webpack-plugin@ts3.6" "@types/wrap-ansi@ts3.6" "@types/write-file-atomic@ts3.6" "@types/ws@ts3.6" "@types/xml-name-validator@ts3.6" "@types/xtend@ts3.6" "@types/yallist@ts3.6" "@types/yargs@ts3.6" "@types/yargs-parser@ts3.6" "--save-dev" "--user-agent=typesInstaller/3.6.3"
448 verbose node v12.18.3
449 verbose npm  v6.14.6
450 error code ETARGET
451 error notarget No matching version found for @types/path-browserify@ts3.6.
452 error notarget In most cases you or one of your dependencies are requesting
452 error notarget a package version that doesn't exist.
453 verbose exit [ 1, true ]
