0 info it worked if it ends with ok
1 verbose cli [
1 verbose cli   '/usr/local/bin/node',
1 verbose cli   '/usr/local/bin/npm',
1 verbose cli   'install',
1 verbose cli   '--ignore-scripts',
1 verbose cli   '@types/accepts@ts3.6',
1 verbose cli   '@types/argparse@ts3.6',
1 verbose cli   '@types/aria-query@ts3.6',
1 verbose cli   '@types/arr-diff@ts3.6',
1 verbose cli   '@types/arr-union@ts3.6',
1 verbose cli   '@types/array-unique@ts3.6',
1 verbose cli   '@types/array.prototype.flat@ts3.6',
1 verbose cli   '@types/array.prototype.flatmap@ts3.6',
1 verbose cli   '@types/asap@ts3.6',
1 verbose cli   '@types/assert@ts3.6',
1 verbose cli   '@types/async@ts3.6',
1 verbose cli   '@types/atob@ts3.6',
1 verbose cli   '@types/babel-plugin-macros@ts3.6',
1 verbose cli   '@types/babylon@ts3.6',
1 verbose cli   '@types/balanced-match@ts3.6',
1 verbose cli   '@types/big.js@ts3.6',
1 verbose cli   '@types/bl@ts3.6',
1 verbose cli   '@types/bluebird@ts3.6',
1 verbose cli   '@types/bn.js@ts3.6',
1 verbose cli   '@types/body-parser@ts3.6',
1 verbose cli   '@types/bonjour@ts3.6',
1 verbose cli   '@types/boolbase@ts3.6',
1 verbose cli   '@types/brace-expansion@ts3.6',
1 verbose cli   '@types/braces@ts3.6',
1 verbose cli   '@types/brorand@ts3.6',
1 verbose cli   '@types/bser@ts3.6',
1 verbose cli   '@types/buffer-from@ts3.6',
1 verbose cli   '@types/buffer-xor@ts3.6',
1 verbose cli   '@types/bytes@ts3.6',
1 verbose cli   '@types/cacache@ts3.6',
1 verbose cli   '@types/call-bind@ts3.6',
1 verbose cli   '@types/caniuse-api@ts3.6',
1 verbose cli   '@types/caniuse-lite@ts3.6',
1 verbose cli   '@types/case-sensitive-paths-webpack-plugin@ts3.6',
1 verbose cli   '@types/chardet@ts3.6',
1 verbose cli   '@types/check-types@ts3.6',
1 verbose cli   '@types/chownr@ts3.6',
1 verbose cli   '@types/cipher-base@ts3.6',
1 verbose cli   '@types/clean-css@ts3.6',
1 verbose cli   '@types/cli-spinners@ts3.6',
1 verbose cli   '@types/clone@ts3.6',
1 verbose cli   '@types/co@ts3.6',
1 verbose cli   '@types/color@ts3.6',
1 verbose cli   '@types/color-convert@ts3.6',
1 verbose cli   '@types/color-name@ts3.6',
1 verbose cli   '@types/color-string@ts3.6',
1 verbose cli   '@types/combined-stream@ts3.6',
1 verbose cli   '@types/common-tags@ts3.6',
1 verbose cli   '@types/commondir@ts3.6',
1 verbose cli   '@types/component-emitter@ts3.6',
1 verbose cli   '@types/compose-function@ts3.6',
1 verbose cli   '@types/compressible@ts3.6',
1 verbose cli   '@types/compression@ts3.6',
1 verbose cli   '@types/concat-map@ts3.6',
1 verbose cli   '@types/concat-stream@ts3.6',
1 verbose cli   '@types/confusing-browser-globals@ts3.6',
1 verbose cli   '@types/connect-history-api-fallback@ts3.6',
1 verbose cli   '@types/content-disposition@ts3.6',
1 verbose cli   '@types/content-type@ts3.6',
1 verbose cli   '@types/convert-source-map@ts3.6',
1 verbose cli   '@types/cookie@ts3.6',
1 verbose cli   '@types/cookie-signature@ts3.6',
1 verbose cli   '@types/core-js@ts3.6',
1 verbose cli   '@types/create-hash@ts3.6',
1 verbose cli   '@types/create-hmac@ts3.6',
1 verbose cli   '@types/create-react-class@ts3.6',
1 verbose cli   '@types/cross-spawn@ts3.6',
1 verbose cli   '@types/css@ts3.6',
1 verbose cli   '@types/css-declaration-sorter@ts3.6',
1 verbose cli   '@types/css-tree@ts3.6',
1 verbose cli   '@types/css.escape@ts3.6',
1 verbose cli   '@types/cssesc@ts3.6',
1 verbose cli   '@types/csso@ts3.6',
1 verbose cli   '@types/cssom@ts3.6',
1 verbose cli   '@types/cssstyle@ts3.6',
1 verbose cli   '@types/damerau-levenshtein@ts3.6',
1 verbose cli   '@types/data-urls@ts3.6',
1 verbose cli   '@types/debug@ts3.6',
1 verbose cli   '@types/decode-uri-component@ts3.6',
1 verbose cli   '@types/dedent@ts3.6',
1 verbose cli   '@types/deep-equal@ts3.6',
1 verbose cli   '@types/default-gateway@ts3.6',
1 verbose cli   '@types/defaults@ts3.6',
1 verbose cli   '@types/define-properties@ts3.6',
1 verbose cli   '@types/depd@ts3.6',
1 verbose cli   '@types/destroy@ts3.6',
1 verbose cli   '@types/detect-node@ts3.6',
1 verbose cli   '@types/diffie-hellman@ts3.6',
1 verbose cli   '@types/dir-glob@ts3.6',
1 verbose cli   '@types/discontinuous-range@ts3.6',
1 verbose cli   '@types/dns-packet@ts3.6',
1 verbose cli   '@types/doctrine@ts3.6',
1 verbose cli   '@types/domexception@ts3.6',
1 verbose cli   '@types/duplexify@ts3.6',
1 verbose cli   '@types/ee-first@ts3.6',
1 verbose cli   '@types/ejs@ts3.6',
1 verbose cli   ... 112 more items
1 verbose cli ]
2 info using npm@6.14.6
3 info using node@v12.18.3
4 verbose npm-session f753e0d0a9c3f5ec
5 silly install loadCurrentTree
6 silly install readLocalPackageData
7 http fetch GET 304 https://registry.npmjs.org/@types%2faccepts 205ms (from cache)
8 silly pacote tag manifest for @types/accepts@ts3.6 fetched in 234ms
9 http fetch GET 304 https://registry.npmjs.org/@types%2faria-query 238ms (from cache)
10 silly pacote tag manifest for @types/aria-query@ts3.6 fetched in 248ms
11 http fetch GET 304 https://registry.npmjs.org/@types%2fargparse 253ms (from cache)
12 http fetch GET 304 https://registry.npmjs.org/@types%2farr-diff 253ms (from cache)
13 silly pacote tag manifest for @types/argparse@ts3.6 fetched in 261ms
14 silly pacote tag manifest for @types/arr-diff@ts3.6 fetched in 263ms
15 http fetch GET 304 https://registry.npmjs.org/@types%2farr-union 264ms (from cache)
16 http fetch GET 304 https://registry.npmjs.org/@types%2farray-unique 264ms (from cache)
17 http fetch GET 304 https://registry.npmjs.org/@types%2fasap 263ms (from cache)
18 http fetch GET 304 https://registry.npmjs.org/@types%2farray.prototype.flatmap 266ms (from cache)
19 http fetch GET 304 https://registry.npmjs.org/@types%2farray.prototype.flat 266ms (from cache)
20 http fetch GET 304 https://registry.npmjs.org/@types%2fassert 270ms (from cache)
21 silly pacote tag manifest for @types/asap@ts3.6 fetched in 276ms
22 silly pacote tag manifest for @types/arr-union@ts3.6 fetched in 280ms
23 silly pacote tag manifest for @types/array-unique@ts3.6 fetched in 280ms
24 silly pacote tag manifest for @types/array.prototype.flatmap@ts3.6 fetched in 281ms
25 silly pacote tag manifest for @types/array.prototype.flat@ts3.6 fetched in 281ms
26 silly pacote tag manifest for @types/assert@ts3.6 fetched in 283ms
27 http fetch GET 304 https://registry.npmjs.org/@types%2fasync 97ms (from cache)
28 http fetch GET 304 https://registry.npmjs.org/@types%2fatob 77ms (from cache)
29 silly pacote tag manifest for @types/async@ts3.6 fetched in 101ms
30 silly pacote tag manifest for @types/atob@ts3.6 fetched in 81ms
31 http fetch GET 304 https://registry.npmjs.org/@types%2fbabel-plugin-macros 79ms (from cache)
32 silly pacote tag manifest for @types/babel-plugin-macros@ts3.6 fetched in 81ms
33 http fetch GET 304 https://registry.npmjs.org/@types%2fbalanced-match 73ms (from cache)
34 silly pacote tag manifest for @types/balanced-match@ts3.6 fetched in 75ms
35 http fetch GET 304 https://registry.npmjs.org/@types%2fbabylon 117ms (from cache)
36 silly pacote tag manifest for @types/babylon@ts3.6 fetched in 120ms
37 http fetch GET 304 https://registry.npmjs.org/@types%2fbn.js 106ms (from cache)
38 silly pacote tag manifest for @types/bn.js@ts3.6 fetched in 112ms
39 http fetch GET 304 https://registry.npmjs.org/@types%2fbody-parser 131ms (from cache)
40 http fetch GET 304 https://registry.npmjs.org/@types%2fbonjour 91ms (from cache)
41 silly pacote tag manifest for @types/body-parser@ts3.6 fetched in 136ms
42 silly pacote tag manifest for @types/bonjour@ts3.6 fetched in 95ms
43 http fetch GET 304 https://registry.npmjs.org/@types%2fboolbase 94ms (from cache)
44 silly pacote tag manifest for @types/boolbase@ts3.6 fetched in 101ms
45 http fetch GET 304 https://registry.npmjs.org/@types%2fbraces 86ms (from cache)
46 silly pacote tag manifest for @types/braces@ts3.6 fetched in 90ms
47 http fetch GET 304 https://registry.npmjs.org/@types%2fbrace-expansion 113ms (from cache)
48 silly pacote tag manifest for @types/brace-expansion@ts3.6 fetched in 116ms
49 http fetch GET 304 https://registry.npmjs.org/@types%2fbuffer-xor 74ms (from cache)
50 silly pacote tag manifest for @types/buffer-xor@ts3.6 fetched in 78ms
51 http fetch GET 304 https://registry.npmjs.org/@types%2fbig.js 222ms (from cache)
52 http fetch GET 304 https://registry.npmjs.org/@types%2fbser 106ms (from cache)
53 http fetch GET 304 https://registry.npmjs.org/@types%2fbluebird 223ms (from cache)
54 silly pacote tag manifest for @types/big.js@ts3.6 fetched in 228ms
55 silly pacote tag manifest for @types/bser@ts3.6 fetched in 113ms
56 silly pacote tag manifest for @types/bluebird@ts3.6 fetched in 228ms
57 http fetch GET 200 https://registry.npmjs.org/@types%2fcall-bind 92ms
58 silly fetchPackageMetaData error for @types/call-bind@ts3.6 No matching version found for @types/call-bind@ts3.6.
59 http fetch GET 304 https://registry.npmjs.org/@types%2fbrorand 171ms (from cache)
60 http fetch GET 304 https://registry.npmjs.org/@types%2fbytes 125ms (from cache)
61 http fetch GET 304 https://registry.npmjs.org/@types%2fbuffer-from 136ms (from cache)
62 http fetch GET 304 https://registry.npmjs.org/@types%2fcacache 111ms (from cache)
63 silly pacote tag manifest for @types/brorand@ts3.6 fetched in 178ms
64 silly pacote tag manifest for @types/bytes@ts3.6 fetched in 131ms
65 silly pacote tag manifest for @types/buffer-from@ts3.6 fetched in 141ms
66 silly pacote tag manifest for @types/cacache@ts3.6 fetched in 118ms
67 http fetch GET 304 https://registry.npmjs.org/@types%2fcaniuse-api 84ms (from cache)
68 silly pacote tag manifest for @types/caniuse-api@ts3.6 fetched in 86ms
69 http fetch GET 304 https://registry.npmjs.org/@types%2fcaniuse-lite 79ms (from cache)
70 silly pacote tag manifest for @types/caniuse-lite@ts3.6 fetched in 81ms
71 http fetch GET 304 https://registry.npmjs.org/@types%2fcipher-base 72ms (from cache)
72 silly pacote tag manifest for @types/cipher-base@ts3.6 fetched in 74ms
73 http fetch GET 304 https://registry.npmjs.org/@types%2fcheck-types 90ms (from cache)
74 silly pacote tag manifest for @types/check-types@ts3.6 fetched in 95ms
75 http fetch GET 304 https://registry.npmjs.org/@types%2fcase-sensitive-paths-webpack-plugin 157ms (from cache)
76 http fetch GET 304 https://registry.npmjs.org/@types%2fclean-css 107ms (from cache)
77 silly pacote tag manifest for @types/case-sensitive-paths-webpack-plugin@ts3.6 fetched in 161ms
78 http fetch GET 304 https://registry.npmjs.org/@types%2fco 83ms (from cache)
79 silly pacote tag manifest for @types/clean-css@ts3.6 fetched in 110ms
80 http fetch GET 304 https://registry.npmjs.org/@types%2fchownr 116ms (from cache)
81 silly pacote tag manifest for @types/co@ts3.6 fetched in 88ms
82 silly pacote tag manifest for @types/chownr@ts3.6 fetched in 121ms
83 http fetch GET 304 https://registry.npmjs.org/@types%2fcolor 73ms (from cache)
84 silly pacote tag manifest for @types/color@ts3.6 fetched in 77ms
85 http fetch GET 304 https://registry.npmjs.org/@types%2fcolor-convert 86ms (from cache)
86 silly pacote tag manifest for @types/color-convert@ts3.6 fetched in 87ms
87 http fetch GET 304 https://registry.npmjs.org/@types%2fcolor-string 84ms (from cache)
88 silly pacote tag manifest for @types/color-string@ts3.6 fetched in 87ms
89 http fetch GET 304 https://registry.npmjs.org/@types%2fcombined-stream 85ms (from cache)
90 silly pacote tag manifest for @types/combined-stream@ts3.6 fetched in 87ms
91 http fetch GET 304 https://registry.npmjs.org/@types%2fcommon-tags 89ms (from cache)
92 silly pacote tag manifest for @types/common-tags@ts3.6 fetched in 91ms
93 http fetch GET 304 https://registry.npmjs.org/@types%2fcolor-name 111ms (from cache)
94 silly pacote tag manifest for @types/color-name@ts3.6 fetched in 112ms
95 http fetch GET 304 https://registry.npmjs.org/@types%2fcommondir 87ms (from cache)
96 silly pacote tag manifest for @types/commondir@ts3.6 fetched in 89ms
97 http fetch GET 304 https://registry.npmjs.org/@types%2fcompose-function 96ms (from cache)
98 http fetch GET 304 https://registry.npmjs.org/@types%2fcompression 85ms (from cache)
99 silly pacote tag manifest for @types/compose-function@ts3.6 fetched in 98ms
100 silly pacote tag manifest for @types/compression@ts3.6 fetched in 88ms
101 http fetch GET 304 https://registry.npmjs.org/@types%2fcompressible 129ms (from cache)
102 http fetch GET 304 https://registry.npmjs.org/@types%2fcomponent-emitter 165ms (from cache)
103 silly pacote tag manifest for @types/component-emitter@ts3.6 fetched in 168ms
104 silly pacote tag manifest for @types/compressible@ts3.6 fetched in 133ms
105 http fetch GET 304 https://registry.npmjs.org/@types%2fconcat-stream 140ms (from cache)
106 http fetch GET 304 https://registry.npmjs.org/@types%2fconnect-history-api-fallback 82ms (from cache)
107 silly pacote tag manifest for @types/connect-history-api-fallback@ts3.6 fetched in 83ms
108 silly pacote tag manifest for @types/concat-stream@ts3.6 fetched in 144ms
109 http fetch GET 304 https://registry.npmjs.org/@types%2fconcat-map 181ms (from cache)
110 silly pacote tag manifest for @types/concat-map@ts3.6 fetched in 183ms
111 http fetch GET 304 https://registry.npmjs.org/@types%2fconfusing-browser-globals 117ms (from cache)
112 silly pacote tag manifest for @types/confusing-browser-globals@ts3.6 fetched in 120ms
113 http fetch GET 304 https://registry.npmjs.org/@types%2fcontent-disposition 95ms (from cache)
114 silly pacote tag manifest for @types/content-disposition@ts3.6 fetched in 96ms
115 http fetch GET 304 https://registry.npmjs.org/@types%2fconvert-source-map 295ms (from cache)
116 http fetch GET 304 https://registry.npmjs.org/@types%2fcreate-hash 244ms (from cache)
117 http fetch GET 304 https://registry.npmjs.org/@types%2fcookie 296ms (from cache)
118 http fetch GET 304 https://registry.npmjs.org/@types%2fcookie-signature 276ms (from cache)
119 http fetch GET 304 https://registry.npmjs.org/@types%2fcore-js 263ms (from cache)
120 http fetch GET 304 https://registry.npmjs.org/@types%2fclone 658ms (from cache)
121 http fetch GET 304 https://registry.npmjs.org/@types%2fcontent-type 345ms (from cache)
122 silly pacote tag manifest for @types/convert-source-map@ts3.6 fetched in 302ms
123 silly pacote tag manifest for @types/cookie-signature@ts3.6 fetched in 281ms
124 silly pacote tag manifest for @types/create-hash@ts3.6 fetched in 251ms
125 silly pacote tag manifest for @types/cookie@ts3.6 fetched in 303ms
126 silly pacote tag manifest for @types/clone@ts3.6 fetched in 662ms
127 silly pacote tag manifest for @types/core-js@ts3.6 fetched in 271ms
128 silly pacote tag manifest for @types/content-type@ts3.6 fetched in 351ms
129 http fetch GET 200 https://registry.npmjs.org/@types%2fcss.escape 121ms
130 silly fetchPackageMetaData error for @types/css.escape@ts3.6 No matching version found for @types/css.escape@ts3.6.
131 http fetch GET 304 https://registry.npmjs.org/@types%2fcss-declaration-sorter 131ms (from cache)
132 http fetch GET 304 https://registry.npmjs.org/@types%2fcreate-hmac 133ms (from cache)
133 http fetch GET 304 https://registry.npmjs.org/@types%2fcss 133ms (from cache)
134 http fetch GET 304 https://registry.npmjs.org/@types%2fcross-spawn 134ms (from cache)
135 http fetch GET 304 https://registry.npmjs.org/@types%2fcss-tree 134ms (from cache)
136 silly pacote tag manifest for @types/create-hmac@ts3.6 fetched in 140ms
137 silly pacote tag manifest for @types/css-declaration-sorter@ts3.6 fetched in 137ms
138 silly pacote tag manifest for @types/css@ts3.6 fetched in 140ms
139 silly pacote tag manifest for @types/cross-spawn@ts3.6 fetched in 141ms
140 silly pacote tag manifest for @types/css-tree@ts3.6 fetched in 141ms
141 http fetch GET 304 https://registry.npmjs.org/@types%2fcssesc 79ms (from cache)
142 silly pacote tag manifest for @types/cssesc@ts3.6 fetched in 81ms
143 http fetch GET 304 https://registry.npmjs.org/@types%2fdata-urls 90ms (from cache)
144 http fetch GET 304 https://registry.npmjs.org/@types%2fdamerau-levenshtein 93ms (from cache)
145 silly pacote tag manifest for @types/data-urls@ts3.6 fetched in 92ms
146 silly pacote tag manifest for @types/damerau-levenshtein@ts3.6 fetched in 97ms
147 http fetch GET 304 https://registry.npmjs.org/@types%2fcssstyle 98ms (from cache)
148 http fetch GET 304 https://registry.npmjs.org/@types%2fcsso 102ms (from cache)
149 silly pacote tag manifest for @types/cssstyle@ts3.6 fetched in 101ms
150 silly pacote tag manifest for @types/csso@ts3.6 fetched in 111ms
151 http fetch GET 304 https://registry.npmjs.org/@types%2fcssom 127ms (from cache)
152 silly pacote tag manifest for @types/cssom@ts3.6 fetched in 129ms
153 http fetch GET 304 https://registry.npmjs.org/@types%2fdebug 76ms (from cache)
154 silly pacote tag manifest for @types/debug@ts3.6 fetched in 78ms
155 http fetch GET 304 https://registry.npmjs.org/@types%2fdecode-uri-component 69ms (from cache)
156 silly pacote tag manifest for @types/decode-uri-component@ts3.6 fetched in 73ms
157 http fetch GET 304 https://registry.npmjs.org/@types%2fdedent 83ms (from cache)
158 silly pacote tag manifest for @types/dedent@ts3.6 fetched in 85ms
159 http fetch GET 304 https://registry.npmjs.org/@types%2fdefault-gateway 77ms (from cache)
160 silly pacote tag manifest for @types/default-gateway@ts3.6 fetched in 81ms
161 http fetch GET 304 https://registry.npmjs.org/@types%2fdeep-equal 101ms (from cache)
162 silly pacote tag manifest for @types/deep-equal@ts3.6 fetched in 103ms
163 http fetch GET 304 https://registry.npmjs.org/@types%2fdefine-properties 138ms (from cache)
164 http fetch GET 304 https://registry.npmjs.org/@types%2fdetect-node 94ms (from cache)
165 http fetch GET 304 https://registry.npmjs.org/@types%2fdepd 114ms (from cache)
166 silly pacote tag manifest for @types/define-properties@ts3.6 fetched in 142ms
167 silly pacote tag manifest for @types/detect-node@ts3.6 fetched in 97ms
168 silly pacote tag manifest for @types/depd@ts3.6 fetched in 119ms
169 http fetch GET 304 https://registry.npmjs.org/@types%2fdestroy 116ms (from cache)
170 silly pacote tag manifest for @types/destroy@ts3.6 fetched in 119ms
171 http fetch GET 304 https://registry.npmjs.org/@types%2fbl 1424ms (from cache)
172 silly pacote tag manifest for @types/bl@ts3.6 fetched in 1427ms
173 http fetch GET 304 https://registry.npmjs.org/@types%2fdiffie-hellman 111ms (from cache)
174 silly pacote tag manifest for @types/diffie-hellman@ts3.6 fetched in 114ms
175 http fetch GET 304 https://registry.npmjs.org/@types%2fdoctrine 69ms (from cache)
176 silly pacote tag manifest for @types/doctrine@ts3.6 fetched in 73ms
177 http fetch GET 304 https://registry.npmjs.org/@types%2fdir-glob 103ms (from cache)
178 http fetch GET 304 https://registry.npmjs.org/@types%2fdns-packet 101ms (from cache)
179 silly pacote tag manifest for @types/dir-glob@ts3.6 fetched in 106ms
180 silly pacote tag manifest for @types/dns-packet@ts3.6 fetched in 104ms
181 http fetch GET 304 https://registry.npmjs.org/@types%2fduplexify 81ms (from cache)
182 http fetch GET 304 https://registry.npmjs.org/@types%2fdomexception 85ms (from cache)
183 silly pacote tag manifest for @types/duplexify@ts3.6 fetched in 83ms
184 silly pacote tag manifest for @types/domexception@ts3.6 fetched in 88ms
185 http fetch GET 304 https://registry.npmjs.org/@types%2fee-first 87ms (from cache)
186 http fetch GET 304 https://registry.npmjs.org/@types%2fcreate-react-class 606ms (from cache)
187 silly pacote tag manifest for @types/ee-first@ts3.6 fetched in 90ms
188 silly pacote tag manifest for @types/create-react-class@ts3.6 fetched in 609ms
189 http fetch GET 304 https://registry.npmjs.org/@types%2felliptic 91ms (from cache)
190 silly pacote tag manifest for @types/elliptic@ts3.6 fetched in 98ms
191 http fetch GET 304 https://registry.npmjs.org/@types%2fend-of-stream 94ms (from cache)
192 http fetch GET 304 https://registry.npmjs.org/@types%2fejs 108ms (from cache)
193 http fetch GET 304 https://registry.npmjs.org/@types%2fencodeurl 97ms (from cache)
194 silly pacote tag manifest for @types/end-of-stream@ts3.6 fetched in 96ms
195 silly pacote tag manifest for @types/ejs@ts3.6 fetched in 112ms
196 silly pacote tag manifest for @types/encodeurl@ts3.6 fetched in 102ms
197 http fetch GET 304 https://registry.npmjs.org/@types%2fcli-spinners 1345ms (from cache)
198 silly pacote tag manifest for @types/cli-spinners@ts3.6 fetched in 1347ms
199 http fetch GET 304 https://registry.npmjs.org/@types%2fchardet 1404ms (from cache)
200 silly pacote tag manifest for @types/chardet@ts3.6 fetched in 1407ms
201 http fetch GET 304 https://registry.npmjs.org/@types%2fenhanced-resolve 73ms (from cache)
202 silly pacote tag manifest for @types/enhanced-resolve@ts3.6 fetched in 75ms
203 http fetch GET 304 https://registry.npmjs.org/@types%2fes-abstract 83ms (from cache)
204 http fetch GET 304 https://registry.npmjs.org/@types%2fes-to-primitive 74ms (from cache)
205 silly pacote tag manifest for @types/es-abstract@ts3.6 fetched in 87ms
206 silly pacote tag manifest for @types/es-to-primitive@ts3.6 fetched in 78ms
207 http fetch GET 304 https://registry.npmjs.org/@types%2fescape-html 77ms (from cache)
208 silly pacote tag manifest for @types/escape-html@ts3.6 fetched in 84ms
209 http fetch GET 304 https://registry.npmjs.org/@types%2fescodegen 89ms (from cache)
210 silly pacote tag manifest for @types/escodegen@ts3.6 fetched in 92ms
211 http fetch GET 304 https://registry.npmjs.org/@types%2feslint-scope 75ms (from cache)
212 silly pacote tag manifest for @types/eslint-scope@ts3.6 fetched in 78ms
213 http fetch GET 304 https://registry.npmjs.org/@types%2feslint-utils 77ms (from cache)
214 http fetch GET 304 https://registry.npmjs.org/@types%2feslint 98ms (from cache)
215 silly pacote tag manifest for @types/eslint-utils@ts3.6 fetched in 80ms
216 silly pacote tag manifest for @types/eslint@ts3.6 fetched in 101ms
217 http fetch GET 304 https://registry.npmjs.org/@types%2fesprima 69ms (from cache)
218 http fetch GET 304 https://registry.npmjs.org/@types%2feslint-visitor-keys 71ms (from cache)
219 silly pacote tag manifest for @types/esprima@ts3.6 fetched in 71ms
220 silly pacote tag manifest for @types/eslint-visitor-keys@ts3.6 fetched in 73ms
221 http fetch GET 304 https://registry.npmjs.org/@types%2fevents 59ms (from cache)
222 silly pacote tag manifest for @types/events@ts3.6 fetched in 63ms
223 http fetch GET 304 https://registry.npmjs.org/@types%2festraverse 106ms (from cache)
224 silly pacote tag manifest for @types/estraverse@ts3.6 fetched in 107ms
225 http fetch GET 304 https://registry.npmjs.org/@types%2fesutils 115ms (from cache)
226 silly pacote tag manifest for @types/esutils@ts3.6 fetched in 120ms
227 http fetch GET 304 https://registry.npmjs.org/@types%2fexit 74ms (from cache)
228 http fetch GET 304 https://registry.npmjs.org/@types%2fetag 105ms (from cache)
229 silly pacote tag manifest for @types/exit@ts3.6 fetched in 78ms
230 silly pacote tag manifest for @types/etag@ts3.6 fetched in 109ms
231 http fetch GET 304 https://registry.npmjs.org/@types%2fesquery 154ms (from cache)
232 silly pacote tag manifest for @types/esquery@ts3.6 fetched in 157ms
233 http fetch GET 304 https://registry.npmjs.org/@types%2feventsource 94ms (from cache)
234 silly pacote tag manifest for @types/eventsource@ts3.6 fetched in 96ms
235 http fetch GET 304 https://registry.npmjs.org/@types%2ffast-levenshtein 73ms (from cache)
236 silly pacote tag manifest for @types/fast-levenshtein@ts3.6 fetched in 75ms
237 http fetch GET 304 https://registry.npmjs.org/@types%2ffb-watchman 66ms (from cache)
238 silly pacote tag manifest for @types/fb-watchman@ts3.6 fetched in 67ms
239 http fetch GET 200 https://registry.npmjs.org/@types%2ffill-range 61ms
240 silly fetchPackageMetaData error for @types/fill-range@ts3.6 No matching version found for @types/fill-range@ts3.6.
241 http fetch GET 304 https://registry.npmjs.org/@types%2ffile-entry-cache 79ms (from cache)
242 silly pacote tag manifest for @types/file-entry-cache@ts3.6 fetched in 82ms
243 http fetch GET 304 https://registry.npmjs.org/@types%2ffinalhandler 72ms (from cache)
244 silly pacote tag manifest for @types/finalhandler@ts3.6 fetched in 75ms
245 http fetch GET 304 https://registry.npmjs.org/@types%2ffile-loader 93ms (from cache)
246 silly pacote tag manifest for @types/file-loader@ts3.6 fetched in 96ms
247 http fetch GET 304 https://registry.npmjs.org/@types%2ffind-cache-dir 143ms (from cache)
248 http fetch GET 304 https://registry.npmjs.org/@types%2fflat-cache 129ms (from cache)
249 http fetch GET 304 https://registry.npmjs.org/@types%2fflush-write-stream 119ms (from cache)
250 http fetch GET 304 https://registry.npmjs.org/@types%2fforwarded 86ms (from cache)
251 silly pacote tag manifest for @types/flat-cache@ts3.6 fetched in 135ms
252 silly pacote tag manifest for @types/find-cache-dir@ts3.6 fetched in 151ms
253 silly pacote tag manifest for @types/flush-write-stream@ts3.6 fetched in 127ms
254 silly pacote tag manifest for @types/forwarded@ts3.6 fetched in 96ms
255 http fetch GET 304 https://registry.npmjs.org/@types%2ffollow-redirects 130ms (from cache)
256 http fetch GET 304 https://registry.npmjs.org/@types%2ffresh 109ms (from cache)
257 silly pacote tag manifest for @types/follow-redirects@ts3.6 fetched in 134ms
258 http fetch GET 304 https://registry.npmjs.org/@types%2ffrom2 105ms (from cache)
259 silly pacote tag manifest for @types/fresh@ts3.6 fetched in 113ms
260 silly pacote tag manifest for @types/from2@ts3.6 fetched in 107ms
261 http fetch GET 200 https://registry.npmjs.org/@types%2fgensync 73ms
262 silly fetchPackageMetaData error for @types/gensync@ts3.6 No matching version found for @types/gensync@ts3.6.
263 http fetch GET 200 https://registry.npmjs.org/@types%2fget-intrinsic 100ms
264 silly fetchPackageMetaData error for @types/get-intrinsic@ts3.6 No matching version found for @types/get-intrinsic@ts3.6.
265 http fetch GET 304 https://registry.npmjs.org/@types%2fglob 74ms (from cache)
266 http fetch GET 304 https://registry.npmjs.org/@types%2ffunctional-red-black-tree 108ms (from cache)
267 silly pacote tag manifest for @types/glob@ts3.6 fetched in 80ms
268 silly pacote tag manifest for @types/functional-red-black-tree@ts3.6 fetched in 114ms
269 http fetch GET 304 https://registry.npmjs.org/@types%2fget-value 92ms (from cache)
270 silly pacote tag manifest for @types/get-value@ts3.6 fetched in 95ms
271 http fetch GET 304 https://registry.npmjs.org/@types%2ffunction-bind 129ms (from cache)
272 silly pacote tag manifest for @types/function-bind@ts3.6 fetched in 134ms
273 http fetch GET 304 https://registry.npmjs.org/@types%2fglob-parent 109ms (from cache)
274 silly pacote tag manifest for @types/glob-parent@ts3.6 fetched in 111ms
275 http fetch GET 304 https://registry.npmjs.org/@types%2fglobal-modules 91ms (from cache)
276 silly pacote tag manifest for @types/global-modules@ts3.6 fetched in 94ms
277 http fetch GET 304 https://registry.npmjs.org/@types%2fhas 70ms (from cache)
278 silly pacote tag manifest for @types/has@ts3.6 fetched in 72ms
279 http fetch GET 200 https://registry.npmjs.org/@types%2fhas-values 99ms
280 silly fetchPackageMetaData error for @types/has-values@ts3.6 No matching version found for @types/has-values@ts3.6.
281 http fetch GET 304 https://registry.npmjs.org/@types%2fhas-symbols 106ms (from cache)
282 http fetch GET 304 https://registry.npmjs.org/@types%2fglobal-prefix 127ms (from cache)
283 http fetch GET 304 https://registry.npmjs.org/@types%2fenquire.js 669ms (from cache)
284 silly pacote tag manifest for @types/has-symbols@ts3.6 fetched in 112ms
285 silly pacote tag manifest for @types/global-prefix@ts3.6 fetched in 132ms
286 http fetch GET 304 https://registry.npmjs.org/@types%2fgraceful-fs 129ms (from cache)
287 http fetch GET 304 https://registry.npmjs.org/@types%2fhe 94ms (from cache)
288 silly pacote tag manifest for @types/enquire.js@ts3.6 fetched in 678ms
289 silly pacote tag manifest for @types/graceful-fs@ts3.6 fetched in 143ms
290 silly pacote tag manifest for @types/he@ts3.6 fetched in 108ms
291 http fetch GET 304 https://registry.npmjs.org/@types%2fhex-color-regex 104ms (from cache)
292 silly pacote tag manifest for @types/hex-color-regex@ts3.6 fetched in 107ms
293 http fetch GET 304 https://registry.npmjs.org/@types%2fhosted-git-info 73ms (from cache)
294 silly pacote tag manifest for @types/hosted-git-info@ts3.6 fetched in 75ms
295 http fetch GET 304 https://registry.npmjs.org/@types%2fhtml-encoding-sniffer 109ms (from cache)
296 http fetch GET 304 https://registry.npmjs.org/@types%2fhttp-errors 92ms (from cache)
297 silly pacote tag manifest for @types/html-encoding-sniffer@ts3.6 fetched in 114ms
298 silly pacote tag manifest for @types/http-errors@ts3.6 fetched in 97ms
299 http fetch GET 304 https://registry.npmjs.org/@types%2fhtml-escaper 133ms (from cache)
300 http fetch GET 304 https://registry.npmjs.org/@types%2fhtml-minifier-terser 127ms (from cache)
301 http fetch GET 304 https://registry.npmjs.org/@types%2fhttp-proxy 118ms (from cache)
302 silly pacote tag manifest for @types/html-escaper@ts3.6 fetched in 139ms
303 silly pacote tag manifest for @types/html-minifier-terser@ts3.6 fetched in 132ms
304 silly pacote tag manifest for @types/http-proxy@ts3.6 fetched in 124ms
305 http fetch GET 304 https://registry.npmjs.org/@types%2ficss-utils 112ms (from cache)
306 silly pacote tag manifest for @types/icss-utils@ts3.6 fetched in 114ms
307 http fetch GET 304 https://registry.npmjs.org/@types%2fiferr 107ms (from cache)
308 silly pacote tag manifest for @types/iferr@ts3.6 fetched in 109ms
309 http fetch GET 304 https://registry.npmjs.org/@types%2fimurmurhash 78ms (from cache)
310 silly pacote tag manifest for @types/imurmurhash@ts3.6 fetched in 80ms
311 http fetch GET 304 https://registry.npmjs.org/@types%2finherits 94ms (from cache)
312 silly pacote tag manifest for @types/inherits@ts3.6 fetched in 96ms
313 http fetch GET 304 https://registry.npmjs.org/@types%2finternal-slot 113ms (from cache)
314 http fetch GET 304 https://registry.npmjs.org/@types%2fini 117ms (from cache)
315 silly pacote tag manifest for @types/internal-slot@ts3.6 fetched in 118ms
316 silly pacote tag manifest for @types/ini@ts3.6 fetched in 122ms
317 http fetch GET 200 https://registry.npmjs.org/@types%2fis-bigint 87ms
318 silly fetchPackageMetaData error for @types/is-bigint@ts3.6 No matching version found for @types/is-bigint@ts3.6.
319 http fetch GET 304 https://registry.npmjs.org/@types%2fip 132ms (from cache)
320 http fetch GET 304 https://registry.npmjs.org/@types%2fis-arguments 107ms (from cache)
321 silly pacote tag manifest for @types/is-arguments@ts3.6 fetched in 111ms
322 silly pacote tag manifest for @types/ip@ts3.6 fetched in 137ms
323 http fetch GET 200 https://registry.npmjs.org/@types%2fis-boolean-object 89ms
324 silly fetchPackageMetaData error for @types/is-boolean-object@ts3.6 No matching version found for @types/is-boolean-object@ts3.6.
325 http fetch GET 304 https://registry.npmjs.org/@types%2fis-buffer 60ms (from cache)
326 silly pacote tag manifest for @types/is-buffer@ts3.6 fetched in 62ms
327 http fetch GET 304 https://registry.npmjs.org/@types%2fdefaults 1345ms (from cache)
328 silly pacote tag manifest for @types/defaults@ts3.6 fetched in 1346ms
329 http fetch GET 304 https://registry.npmjs.org/@types%2fis-callable 99ms (from cache)
330 http fetch GET 304 https://registry.npmjs.org/@types%2fis-date-object 60ms (from cache)
331 http fetch GET 304 https://registry.npmjs.org/@types%2fis-ci 79ms (from cache)
332 silly pacote tag manifest for @types/is-callable@ts3.6 fetched in 102ms
333 silly pacote tag manifest for @types/is-date-object@ts3.6 fetched in 63ms
334 silly pacote tag manifest for @types/is-ci@ts3.6 fetched in 84ms
335 http fetch GET 200 https://registry.npmjs.org/@types%2fis-data-descriptor 88ms
336 silly fetchPackageMetaData error for @types/is-data-descriptor@ts3.6 No matching version found for @types/is-data-descriptor@ts3.6.
337 http fetch GET 304 https://registry.npmjs.org/@types%2fis-core-module 93ms (from cache)
338 silly pacote tag manifest for @types/is-core-module@ts3.6 fetched in 96ms
339 http fetch GET 304 https://registry.npmjs.org/@types%2fis-number 80ms (from cache)
340 http fetch GET 304 https://registry.npmjs.org/@types%2fis-glob 93ms (from cache)
341 silly pacote tag manifest for @types/is-number@ts3.6 fetched in 83ms
342 silly pacote tag manifest for @types/is-glob@ts3.6 fetched in 95ms
343 http fetch GET 200 https://registry.npmjs.org/@types%2fis-string 71ms
344 silly fetchPackageMetaData error for @types/is-string@ts3.6 No matching version found for @types/is-string@ts3.6.
345 http fetch GET 304 https://registry.npmjs.org/@types%2fis-regex 77ms (from cache)
346 silly pacote tag manifest for @types/is-regex@ts3.6 fetched in 80ms
347 http fetch GET 304 https://registry.npmjs.org/@types%2fis-windows 82ms (from cache)
348 http fetch GET 304 https://registry.npmjs.org/@types%2fisarray 78ms (from cache)
349 silly pacote tag manifest for @types/is-windows@ts3.6 fetched in 84ms
350 silly pacote tag manifest for @types/isarray@ts3.6 fetched in 81ms
351 http fetch GET 304 https://registry.npmjs.org/@types%2fistanbul-lib-coverage 83ms (from cache)
352 http fetch GET 304 https://registry.npmjs.org/@types%2fdiscontinuous-range 1353ms (from cache)
353 silly pacote tag manifest for @types/istanbul-lib-coverage@ts3.6 fetched in 86ms
354 silly pacote tag manifest for @types/discontinuous-range@ts3.6 fetched in 1357ms
355 http fetch GET 304 https://registry.npmjs.org/@types%2fistanbul-lib-instrument 79ms (from cache)
356 http fetch GET 304 https://registry.npmjs.org/@types%2fis-typedarray 151ms (from cache)
357 silly pacote tag manifest for @types/istanbul-lib-instrument@ts3.6 fetched in 81ms
358 silly pacote tag manifest for @types/is-typedarray@ts3.6 fetched in 154ms
359 http fetch GET 304 https://registry.npmjs.org/@types%2fisexe 117ms (from cache)
360 silly pacote tag manifest for @types/isexe@ts3.6 fetched in 119ms
361 http fetch GET 304 https://registry.npmjs.org/@types%2fistanbul-lib-source-maps 94ms (from cache)
362 silly pacote tag manifest for @types/istanbul-lib-source-maps@ts3.6 fetched in 97ms
363 http fetch GET 304 https://registry.npmjs.org/@types%2fistanbul-lib-report 121ms (from cache)
364 silly pacote tag manifest for @types/istanbul-lib-report@ts3.6 fetched in 126ms
365 http fetch GET 304 https://registry.npmjs.org/@types%2fistanbul-reports 105ms (from cache)
366 silly pacote tag manifest for @types/istanbul-reports@ts3.6 fetched in 108ms
367 http fetch GET 304 https://registry.npmjs.org/@types%2fjs-yaml 70ms (from cache)
368 silly pacote tag manifest for @types/js-yaml@ts3.6 fetched in 75ms
369 http fetch GET 304 https://registry.npmjs.org/@types%2fjsdom 69ms (from cache)
370 silly pacote tag manifest for @types/jsdom@ts3.6 fetched in 71ms
371 http fetch GET 304 https://registry.npmjs.org/@types%2fjson-parse-better-errors 91ms (from cache)
372 silly pacote tag manifest for @types/json-parse-better-errors@ts3.6 fetched in 93ms
373 http fetch GET 304 https://registry.npmjs.org/@types%2fjsesc 119ms (from cache)
374 silly pacote tag manifest for @types/jsesc@ts3.6 fetched in 121ms
375 http fetch GET 304 https://registry.npmjs.org/@types%2fjsonfile 78ms (from cache)
376 silly pacote tag manifest for @types/jsonfile@ts3.6 fetched in 81ms
377 http fetch GET 200 https://registry.npmjs.org/@types%2flanguage-tags 68ms
378 silly fetchPackageMetaData error for @types/language-tags@ts3.6 No matching version found for @types/language-tags@ts3.6.
379 http fetch GET 304 https://registry.npmjs.org/@types%2fkind-of 94ms (from cache)
380 silly pacote tag manifest for @types/kind-of@ts3.6 fetched in 96ms
381 http fetch GET 304 https://registry.npmjs.org/@types%2floader-runner 61ms (from cache)
382 silly pacote tag manifest for @types/loader-runner@ts3.6 fetched in 62ms
383 http fetch GET 304 https://registry.npmjs.org/@types%2floader-utils 77ms (from cache)
384 http fetch GET 304 https://registry.npmjs.org/@types%2flodash 65ms (from cache)
385 silly pacote tag manifest for @types/loader-utils@ts3.6 fetched in 81ms
386 silly pacote tag manifest for @types/lodash@ts3.6 fetched in 69ms
387 http fetch GET 304 https://registry.npmjs.org/@types%2flodash.debounce 78ms (from cache)
388 http fetch GET 304 https://registry.npmjs.org/@types%2finquirer 615ms (from cache)
389 silly pacote tag manifest for @types/lodash.debounce@ts3.6 fetched in 81ms
390 silly pacote tag manifest for @types/inquirer@ts3.6 fetched in 618ms
391 http fetch GET 304 https://registry.npmjs.org/@types%2flodash.memoize 58ms (from cache)
392 silly pacote tag manifest for @types/lodash.memoize@ts3.6 fetched in 60ms
393 http fetch GET 304 https://registry.npmjs.org/@types%2flodash.merge 84ms (from cache)
394 silly pacote tag manifest for @types/lodash.merge@ts3.6 fetched in 86ms
395 http fetch GET 304 https://registry.npmjs.org/@types%2flodash.template 59ms (from cache)
396 silly pacote tag manifest for @types/lodash.template@ts3.6 fetched in 61ms
397 http fetch GET 304 https://registry.npmjs.org/@types%2flodash.truncate 63ms (from cache)
398 silly pacote tag manifest for @types/lodash.truncate@ts3.6 fetched in 65ms
399 http fetch GET 304 https://registry.npmjs.org/@types%2flodash.uniq 80ms (from cache)
400 silly pacote tag manifest for @types/lodash.uniq@ts3.6 fetched in 83ms
401 http fetch GET 304 https://registry.npmjs.org/@types%2flz-string 96ms (from cache)
402 silly pacote tag manifest for @types/lz-string@ts3.6 fetched in 98ms
403 http fetch GET 304 https://registry.npmjs.org/@types%2fhoist-non-react-statics 1299ms (from cache)
404 silly pacote tag manifest for @types/hoist-non-react-statics@ts3.6 fetched in 1301ms
405 http fetch GET 304 https://registry.npmjs.org/@types%2flodash.escape 605ms (from cache)
406 silly pacote tag manifest for @types/lodash.escape@ts3.6 fetched in 607ms
407 http fetch GET 304 https://registry.npmjs.org/@types%2flodash.flattendeep 586ms (from cache)
408 silly pacote tag manifest for @types/lodash.flattendeep@ts3.6 fetched in 589ms
409 http fetch GET 304 https://registry.npmjs.org/@types%2flodash.isequal 618ms (from cache)
410 silly pacote tag manifest for @types/lodash.isequal@ts3.6 fetched in 620ms
411 http fetch GET 304 https://registry.npmjs.org/@types%2fjs-levenshtein 1359ms (from cache)
412 silly pacote tag manifest for @types/js-levenshtein@ts3.6 fetched in 1361ms
413 http fetch GET 304 https://registry.npmjs.org/@types%2fjson3 1315ms (from cache)
414 silly pacote tag manifest for @types/json3@ts3.6 fetched in 1316ms
415 http fetch GET 304 https://registry.npmjs.org/@types%2fjson2mq 1356ms (from cache)
416 silly pacote tag manifest for @types/json2mq@ts3.6 fetched in 1363ms
417 http fetch GET 304 https://registry.npmjs.org/@types%2flodash.clonedeep 1314ms (from cache)
418 silly pacote tag manifest for @types/lodash.clonedeep@ts3.6 fetched in 1316ms
419 timing stage:rollbackFailedOptional Completed in 1ms
420 timing stage:runTopLevelLifecycles Completed in 4708ms
421 verbose type tag
422 verbose stack @types/call-bind: No matching version found for @types/call-bind@ts3.6.
422 verbose stack     at pickManifest (/usr/local/lib/node_modules/npm/node_modules/npm-pick-manifest/index.js:122:13)
422 verbose stack     at /usr/local/lib/node_modules/npm/node_modules/pacote/lib/fetchers/registry/manifest.js:24:14
422 verbose stack     at tryCatcher (/usr/local/lib/node_modules/npm/node_modules/bluebird/js/release/util.js:16:23)
422 verbose stack     at Promise._settlePromiseFromHandler (/usr/local/lib/node_modules/npm/node_modules/bluebird/js/release/promise.js:517:31)
422 verbose stack     at Promise._settlePromise (/usr/local/lib/node_modules/npm/node_modules/bluebird/js/release/promise.js:574:18)
422 verbose stack     at Promise._settlePromise0 (/usr/local/lib/node_modules/npm/node_modules/bluebird/js/release/promise.js:619:10)
422 verbose stack     at Promise._settlePromises (/usr/local/lib/node_modules/npm/node_modules/bluebird/js/release/promise.js:699:18)
422 verbose stack     at _drainQueueStep (/usr/local/lib/node_modules/npm/node_modules/bluebird/js/release/async.js:138:12)
422 verbose stack     at _drainQueue (/usr/local/lib/node_modules/npm/node_modules/bluebird/js/release/async.js:131:9)
422 verbose stack     at Async._drainQueues (/usr/local/lib/node_modules/npm/node_modules/bluebird/js/release/async.js:147:5)
422 verbose stack     at Immediate.Async.drainQueues [as _onImmediate] (/usr/local/lib/node_modules/npm/node_modules/bluebird/js/release/async.js:17:14)
422 verbose stack     at processImmediate (internal/timers.js:456:21)
423 verbose cwd /home/theia/.cache/typescript/3.6
424 verbose Linux 5.10.16.3-microsoft-standard-WSL2
425 verbose argv "/usr/local/bin/node" "/usr/local/bin/npm" "install" "--ignore-scripts" "@types/accepts@ts3.6" "@types/argparse@ts3.6" "@types/aria-query@ts3.6" "@types/arr-diff@ts3.6" "@types/arr-union@ts3.6" "@types/array-unique@ts3.6" "@types/array.prototype.flat@ts3.6" "@types/array.prototype.flatmap@ts3.6" "@types/asap@ts3.6" "@types/assert@ts3.6" "@types/async@ts3.6" "@types/atob@ts3.6" "@types/babel-plugin-macros@ts3.6" "@types/babylon@ts3.6" "@types/balanced-match@ts3.6" "@types/big.js@ts3.6" "@types/bl@ts3.6" "@types/bluebird@ts3.6" "@types/bn.js@ts3.6" "@types/body-parser@ts3.6" "@types/bonjour@ts3.6" "@types/boolbase@ts3.6" "@types/brace-expansion@ts3.6" "@types/braces@ts3.6" "@types/brorand@ts3.6" "@types/bser@ts3.6" "@types/buffer-from@ts3.6" "@types/buffer-xor@ts3.6" "@types/bytes@ts3.6" "@types/cacache@ts3.6" "@types/call-bind@ts3.6" "@types/caniuse-api@ts3.6" "@types/caniuse-lite@ts3.6" "@types/case-sensitive-paths-webpack-plugin@ts3.6" "@types/chardet@ts3.6" "@types/check-types@ts3.6" "@types/chownr@ts3.6" "@types/cipher-base@ts3.6" "@types/clean-css@ts3.6" "@types/cli-spinners@ts3.6" "@types/clone@ts3.6" "@types/co@ts3.6" "@types/color@ts3.6" "@types/color-convert@ts3.6" "@types/color-name@ts3.6" "@types/color-string@ts3.6" "@types/combined-stream@ts3.6" "@types/common-tags@ts3.6" "@types/commondir@ts3.6" "@types/component-emitter@ts3.6" "@types/compose-function@ts3.6" "@types/compressible@ts3.6" "@types/compression@ts3.6" "@types/concat-map@ts3.6" "@types/concat-stream@ts3.6" "@types/confusing-browser-globals@ts3.6" "@types/connect-history-api-fallback@ts3.6" "@types/content-disposition@ts3.6" "@types/content-type@ts3.6" "@types/convert-source-map@ts3.6" "@types/cookie@ts3.6" "@types/cookie-signature@ts3.6" "@types/core-js@ts3.6" "@types/create-hash@ts3.6" "@types/create-hmac@ts3.6" "@types/create-react-class@ts3.6" "@types/cross-spawn@ts3.6" "@types/css@ts3.6" "@types/css-declaration-sorter@ts3.6" "@types/css-tree@ts3.6" "@types/css.escape@ts3.6" "@types/cssesc@ts3.6" "@types/csso@ts3.6" "@types/cssom@ts3.6" "@types/cssstyle@ts3.6" "@types/damerau-levenshtein@ts3.6" "@types/data-urls@ts3.6" "@types/debug@ts3.6" "@types/decode-uri-component@ts3.6" "@types/dedent@ts3.6" "@types/deep-equal@ts3.6" "@types/default-gateway@ts3.6" "@types/defaults@ts3.6" "@types/define-properties@ts3.6" "@types/depd@ts3.6" "@types/destroy@ts3.6" "@types/detect-node@ts3.6" "@types/diffie-hellman@ts3.6" "@types/dir-glob@ts3.6" "@types/discontinuous-range@ts3.6" "@types/dns-packet@ts3.6" "@types/doctrine@ts3.6" "@types/domexception@ts3.6" "@types/duplexify@ts3.6" "@types/ee-first@ts3.6" "@types/ejs@ts3.6" "@types/elliptic@ts3.6" "@types/encodeurl@ts3.6" "@types/end-of-stream@ts3.6" "@types/enhanced-resolve@ts3.6" "@types/enquire.js@ts3.6" "@types/es-abstract@ts3.6" "@types/es-to-primitive@ts3.6" "@types/escape-html@ts3.6" "@types/escodegen@ts3.6" "@types/eslint@ts3.6" "@types/eslint-scope@ts3.6" "@types/eslint-utils@ts3.6" "@types/eslint-visitor-keys@ts3.6" "@types/esprima@ts3.6" "@types/esquery@ts3.6" "@types/estraverse@ts3.6" "@types/esutils@ts3.6" "@types/etag@ts3.6" "@types/events@ts3.6" "@types/eventsource@ts3.6" "@types/exit@ts3.6" "@types/fast-levenshtein@ts3.6" "@types/fb-watchman@ts3.6" "@types/file-entry-cache@ts3.6" "@types/file-loader@ts3.6" "@types/fill-range@ts3.6" "@types/finalhandler@ts3.6" "@types/find-cache-dir@ts3.6" "@types/flat-cache@ts3.6" "@types/flush-write-stream@ts3.6" "@types/follow-redirects@ts3.6" "@types/forwarded@ts3.6" "@types/fresh@ts3.6" "@types/from2@ts3.6" "@types/function-bind@ts3.6" "@types/functional-red-black-tree@ts3.6" "@types/gensync@ts3.6" "@types/get-intrinsic@ts3.6" "@types/get-value@ts3.6" "@types/glob@ts3.6" "@types/glob-parent@ts3.6" "@types/global-modules@ts3.6" "@types/global-prefix@ts3.6" "@types/graceful-fs@ts3.6" "@types/has@ts3.6" "@types/has-symbols@ts3.6" "@types/has-values@ts3.6" "@types/he@ts3.6" "@types/hex-color-regex@ts3.6" "@types/hoist-non-react-statics@ts3.6" "@types/hosted-git-info@ts3.6" "@types/html-encoding-sniffer@ts3.6" "@types/html-escaper@ts3.6" "@types/html-minifier-terser@ts3.6" "@types/http-errors@ts3.6" "@types/http-proxy@ts3.6" "@types/icss-utils@ts3.6" "@types/iferr@ts3.6" "@types/imurmurhash@ts3.6" "@types/inherits@ts3.6" "@types/ini@ts3.6" "@types/inquirer@ts3.6" "@types/internal-slot@ts3.6" "@types/ip@ts3.6" "@types/is-arguments@ts3.6" "@types/is-bigint@ts3.6" "@types/is-boolean-object@ts3.6" "@types/is-buffer@ts3.6" "@types/is-callable@ts3.6" "@types/is-ci@ts3.6" "@types/is-core-module@ts3.6" "@types/is-data-descriptor@ts3.6" "@types/is-date-object@ts3.6" "@types/is-glob@ts3.6" "@types/is-number@ts3.6" "@types/is-regex@ts3.6" "@types/is-string@ts3.6" "@types/is-typedarray@ts3.6" "@types/is-windows@ts3.6" "@types/isarray@ts3.6" "@types/isexe@ts3.6" "@types/istanbul-lib-coverage@ts3.6" "@types/istanbul-lib-instrument@ts3.6" "@types/istanbul-lib-report@ts3.6" "@types/istanbul-lib-source-maps@ts3.6" "@types/istanbul-reports@ts3.6" "@types/js-levenshtein@ts3.6" "@types/js-yaml@ts3.6" "@types/jsdom@ts3.6" "@types/jsesc@ts3.6" "@types/json-parse-better-errors@ts3.6" "@types/json2mq@ts3.6" "@types/json3@ts3.6" "@types/jsonfile@ts3.6" "@types/kind-of@ts3.6" "@types/language-tags@ts3.6" "@types/loader-runner@ts3.6" "@types/loader-utils@ts3.6" "@types/lodash@ts3.6" "@types/lodash.clonedeep@ts3.6" "@types/lodash.debounce@ts3.6" "@types/lodash.escape@ts3.6" "@types/lodash.flattendeep@ts3.6" "@types/lodash.isequal@ts3.6" "@types/lodash.memoize@ts3.6" "@types/lodash.merge@ts3.6" "@types/lodash.template@ts3.6" "@types/lodash.truncate@ts3.6" "@types/lodash.uniq@ts3.6" "@types/lz-string@ts3.6" "--save-dev" "--user-agent=typesInstaller/3.6.3"
426 verbose node v12.18.3
427 verbose npm  v6.14.6
428 error code ETARGET
429 error notarget No matching version found for @types/call-bind@ts3.6.
430 error notarget In most cases you or one of your dependencies are requesting
430 error notarget a package version that doesn't exist.
431 verbose exit [ 1, true ]
