0 info it worked if it ends with ok
1 verbose cli [
1 verbose cli   '/usr/local/bin/node',
1 verbose cli   '/usr/local/bin/npm',
1 verbose cli   'install',
1 verbose cli   '--ignore-scripts',
1 verbose cli   '@types/accepts@ts3.6',
1 verbose cli   '@types/argparse@ts3.6',
1 verbose cli   '@types/aria-query@ts3.6',
1 verbose cli   '@types/arr-diff@ts3.6',
1 verbose cli   '@types/arr-union@ts3.6',
1 verbose cli   '@types/array-unique@ts3.6',
1 verbose cli   '@types/array.prototype.flat@ts3.6',
1 verbose cli   '@types/array.prototype.flatmap@ts3.6',
1 verbose cli   '@types/asap@ts3.6',
1 verbose cli   '@types/assert@ts3.6',
1 verbose cli   '@types/async@ts3.6',
1 verbose cli   '@types/atob@ts3.6',
1 verbose cli   '@types/babel-plugin-macros@ts3.6',
1 verbose cli   '@types/babylon@ts3.6',
1 verbose cli   '@types/balanced-match@ts3.6',
1 verbose cli   '@types/big.js@ts3.6',
1 verbose cli   '@types/bl@ts3.6',
1 verbose cli   '@types/bluebird@ts3.6',
1 verbose cli   '@types/bn.js@ts3.6',
1 verbose cli   '@types/body-parser@ts3.6',
1 verbose cli   '@types/bonjour@ts3.6',
1 verbose cli   '@types/boolbase@ts3.6',
1 verbose cli   '@types/brace-expansion@ts3.6',
1 verbose cli   '@types/braces@ts3.6',
1 verbose cli   '@types/brorand@ts3.6',
1 verbose cli   '@types/bser@ts3.6',
1 verbose cli   '@types/buffer-from@ts3.6',
1 verbose cli   '@types/buffer-xor@ts3.6',
1 verbose cli   '@types/bytes@ts3.6',
1 verbose cli   '@types/cacache@ts3.6',
1 verbose cli   '@types/call-bind@ts3.6',
1 verbose cli   '@types/caniuse-api@ts3.6',
1 verbose cli   '@types/caniuse-lite@ts3.6',
1 verbose cli   '@types/case-sensitive-paths-webpack-plugin@ts3.6',
1 verbose cli   '@types/chardet@ts3.6',
1 verbose cli   '@types/check-types@ts3.6',
1 verbose cli   '@types/chownr@ts3.6',
1 verbose cli   '@types/cipher-base@ts3.6',
1 verbose cli   '@types/clean-css@ts3.6',
1 verbose cli   '@types/cli-spinners@ts3.6',
1 verbose cli   '@types/clone@ts3.6',
1 verbose cli   '@types/co@ts3.6',
1 verbose cli   '@types/color@ts3.6',
1 verbose cli   '@types/color-convert@ts3.6',
1 verbose cli   '@types/color-name@ts3.6',
1 verbose cli   '@types/color-string@ts3.6',
1 verbose cli   '@types/combined-stream@ts3.6',
1 verbose cli   '@types/common-tags@ts3.6',
1 verbose cli   '@types/commondir@ts3.6',
1 verbose cli   '@types/component-emitter@ts3.6',
1 verbose cli   '@types/compose-function@ts3.6',
1 verbose cli   '@types/compressible@ts3.6',
1 verbose cli   '@types/compression@ts3.6',
1 verbose cli   '@types/concat-map@ts3.6',
1 verbose cli   '@types/concat-stream@ts3.6',
1 verbose cli   '@types/confusing-browser-globals@ts3.6',
1 verbose cli   '@types/connect-history-api-fallback@ts3.6',
1 verbose cli   '@types/content-disposition@ts3.6',
1 verbose cli   '@types/content-type@ts3.6',
1 verbose cli   '@types/convert-source-map@ts3.6',
1 verbose cli   '@types/cookie@ts3.6',
1 verbose cli   '@types/cookie-signature@ts3.6',
1 verbose cli   '@types/core-js@ts3.6',
1 verbose cli   '@types/create-hash@ts3.6',
1 verbose cli   '@types/create-hmac@ts3.6',
1 verbose cli   '@types/create-react-class@ts3.6',
1 verbose cli   '@types/cross-spawn@ts3.6',
1 verbose cli   '@types/css@ts3.6',
1 verbose cli   '@types/css-declaration-sorter@ts3.6',
1 verbose cli   '@types/css-tree@ts3.6',
1 verbose cli   '@types/css.escape@ts3.6',
1 verbose cli   '@types/cssesc@ts3.6',
1 verbose cli   '@types/csso@ts3.6',
1 verbose cli   '@types/cssom@ts3.6',
1 verbose cli   '@types/cssstyle@ts3.6',
1 verbose cli   '@types/damerau-levenshtein@ts3.6',
1 verbose cli   '@types/data-urls@ts3.6',
1 verbose cli   '@types/debug@ts3.6',
1 verbose cli   '@types/decode-uri-component@ts3.6',
1 verbose cli   '@types/dedent@ts3.6',
1 verbose cli   '@types/deep-equal@ts3.6',
1 verbose cli   '@types/default-gateway@ts3.6',
1 verbose cli   '@types/defaults@ts3.6',
1 verbose cli   '@types/define-properties@ts3.6',
1 verbose cli   '@types/depd@ts3.6',
1 verbose cli   '@types/destroy@ts3.6',
1 verbose cli   '@types/detect-node@ts3.6',
1 verbose cli   '@types/diffie-hellman@ts3.6',
1 verbose cli   '@types/dir-glob@ts3.6',
1 verbose cli   '@types/discontinuous-range@ts3.6',
1 verbose cli   '@types/dns-packet@ts3.6',
1 verbose cli   '@types/doctrine@ts3.6',
1 verbose cli   '@types/domexception@ts3.6',
1 verbose cli   '@types/duplexify@ts3.6',
1 verbose cli   '@types/ee-first@ts3.6',
1 verbose cli   '@types/ejs@ts3.6',
1 verbose cli   ... 111 more items
1 verbose cli ]
2 info using npm@6.14.6
3 info using node@v12.18.3
4 verbose npm-session fabf4415eafadca2
5 silly install loadCurrentTree
6 silly install readLocalPackageData
7 http fetch GET 304 https://registry.npmjs.org/@types%2faria-query 224ms (from cache)
8 silly pacote tag manifest for @types/aria-query@ts3.6 fetched in 226ms
9 http fetch GET 304 https://registry.npmjs.org/@types%2farray.prototype.flatmap 1505ms (from cache)
10 silly pacote tag manifest for @types/array.prototype.flatmap@ts3.6 fetched in 1506ms
11 http fetch GET 304 https://registry.npmjs.org/@types%2farray-unique 1556ms (from cache)
12 silly pacote tag manifest for @types/array-unique@ts3.6 fetched in 1559ms
13 http fetch GET 304 https://registry.npmjs.org/@types%2faccepts 1575ms (from cache)
14 silly pacote tag manifest for @types/accepts@ts3.6 fetched in 1581ms
15 http fetch GET 304 https://registry.npmjs.org/@types%2fbabel-plugin-macros 773ms (from cache)
16 silly pacote tag manifest for @types/babel-plugin-macros@ts3.6 fetched in 775ms
17 http fetch GET 304 https://registry.npmjs.org/@types%2farray.prototype.flat 2367ms (from cache)
18 http fetch GET 304 https://registry.npmjs.org/@types%2fassert 2367ms (from cache)
19 silly pacote tag manifest for @types/array.prototype.flat@ts3.6 fetched in 2370ms
20 silly pacote tag manifest for @types/assert@ts3.6 fetched in 2370ms
21 http fetch GET 304 https://registry.npmjs.org/@types%2fasap 2425ms (from cache)
22 silly pacote tag manifest for @types/asap@ts3.6 fetched in 2427ms
23 http fetch GET 304 https://registry.npmjs.org/@types%2fasync 2250ms (from cache)
24 silly pacote tag manifest for @types/async@ts3.6 fetched in 2252ms
25 http fetch GET 304 https://registry.npmjs.org/@types%2farr-diff 2496ms (from cache)
26 silly pacote tag manifest for @types/arr-diff@ts3.6 fetched in 2499ms
27 http fetch GET 304 https://registry.npmjs.org/@types%2farr-union 2537ms (from cache)
28 silly pacote tag manifest for @types/arr-union@ts3.6 fetched in 2539ms
29 http fetch GET 304 https://registry.npmjs.org/@types%2fbody-parser 69ms (from cache)
30 silly pacote tag manifest for @types/body-parser@ts3.6 fetched in 70ms
31 http fetch GET 304 https://registry.npmjs.org/@types%2fbonjour 84ms (from cache)
32 silly pacote tag manifest for @types/bonjour@ts3.6 fetched in 85ms
33 http fetch GET 304 https://registry.npmjs.org/@types%2fbalanced-match 602ms (from cache)
34 silly pacote tag manifest for @types/balanced-match@ts3.6 fetched in 603ms
35 http fetch GET 304 https://registry.npmjs.org/@types%2fbl 604ms (from cache)
36 silly pacote tag manifest for @types/bl@ts3.6 fetched in 606ms
37 http fetch GET 304 https://registry.npmjs.org/@types%2fbabylon 1490ms (from cache)
38 http fetch GET 304 https://registry.npmjs.org/@types%2fatob 1556ms (from cache)
39 silly pacote tag manifest for @types/babylon@ts3.6 fetched in 1494ms
40 silly pacote tag manifest for @types/atob@ts3.6 fetched in 1560ms
41 http fetch GET 304 https://registry.npmjs.org/@types%2fboolbase 633ms (from cache)
42 silly pacote tag manifest for @types/boolbase@ts3.6 fetched in 635ms
43 http fetch GET 304 https://registry.npmjs.org/@types%2fbrorand 614ms (from cache)
44 silly pacote tag manifest for @types/brorand@ts3.6 fetched in 616ms
45 http fetch GET 304 https://registry.npmjs.org/@types%2fbuffer-from 596ms (from cache)
46 silly pacote tag manifest for @types/buffer-from@ts3.6 fetched in 601ms
47 http fetch GET 304 https://registry.npmjs.org/@types%2fbser 619ms (from cache)
48 silly pacote tag manifest for @types/bser@ts3.6 fetched in 621ms
49 http fetch GET 304 https://registry.npmjs.org/@types%2fbluebird 1323ms (from cache)
50 silly pacote tag manifest for @types/bluebird@ts3.6 fetched in 1326ms
51 http fetch GET 304 https://registry.npmjs.org/@types%2fbuffer-xor 631ms (from cache)
52 silly pacote tag manifest for @types/buffer-xor@ts3.6 fetched in 633ms
53 http fetch GET 304 https://registry.npmjs.org/@types%2fbrace-expansion 1334ms (from cache)
54 silly pacote tag manifest for @types/brace-expansion@ts3.6 fetched in 1336ms
55 http fetch GET 304 https://registry.npmjs.org/@types%2fbig.js 2151ms (from cache)
56 silly pacote tag manifest for @types/big.js@ts3.6 fetched in 2153ms
57 http fetch GET 304 https://registry.npmjs.org/@types%2fcase-sensitive-paths-webpack-plugin 608ms (from cache)
58 http fetch GET 304 https://registry.npmjs.org/@types%2fbn.js 2091ms (from cache)
59 silly pacote tag manifest for @types/case-sensitive-paths-webpack-plugin@ts3.6 fetched in 611ms
60 silly pacote tag manifest for @types/bn.js@ts3.6 fetched in 2094ms
61 http fetch GET 304 https://registry.npmjs.org/@types%2fbytes 1331ms (from cache)
62 silly pacote tag manifest for @types/bytes@ts3.6 fetched in 1333ms
63 http fetch GET 304 https://registry.npmjs.org/@types%2fbraces 2070ms (from cache)
64 silly pacote tag manifest for @types/braces@ts3.6 fetched in 2073ms
65 http fetch GET 304 https://registry.npmjs.org/@types%2fcaniuse-api 1328ms (from cache)
66 silly pacote tag manifest for @types/caniuse-api@ts3.6 fetched in 1336ms
67 http fetch GET 304 https://registry.npmjs.org/@types%2fcall-bind 1412ms (from cache)
68 silly registry:manifest no matching version for @types/call-bind@ts3.6 in the cache. Forcing revalidation.
69 http fetch GET 304 https://registry.npmjs.org/@types%2fchardet 607ms (from cache)
70 silly pacote tag manifest for @types/chardet@ts3.6 fetched in 609ms
71 http fetch GET 304 https://registry.npmjs.org/@types%2fcheck-types 589ms (from cache)
72 silly pacote tag manifest for @types/check-types@ts3.6 fetched in 590ms
73 http fetch GET 304 https://registry.npmjs.org/@types%2fcaniuse-lite 1364ms (from cache)
74 silly pacote tag manifest for @types/caniuse-lite@ts3.6 fetched in 1366ms
75 http fetch GET 304 https://registry.npmjs.org/@types%2fcacache 1662ms (from cache)
76 silly pacote tag manifest for @types/cacache@ts3.6 fetched in 1664ms
77 http fetch GET 304 https://registry.npmjs.org/@types%2fcipher-base 711ms (from cache)
78 http fetch GET 304 https://registry.npmjs.org/@types%2fclean-css 630ms (from cache)
79 silly pacote tag manifest for @types/cipher-base@ts3.6 fetched in 715ms
80 silly pacote tag manifest for @types/clean-css@ts3.6 fetched in 634ms
81 http fetch GET 200 https://registry.npmjs.org/@types%2fcall-bind 595ms
82 silly fetchPackageMetaData error for @types/call-bind@ts3.6 No matching version found for @types/call-bind@ts3.6.
83 http fetch GET 304 https://registry.npmjs.org/@types%2fargparse 5719ms (from cache)
84 silly pacote tag manifest for @types/argparse@ts3.6 fetched in 5722ms
85 http fetch GET 304 https://registry.npmjs.org/@types%2fcolor-name 91ms (from cache)
86 silly pacote tag manifest for @types/color-name@ts3.6 fetched in 93ms
87 http fetch GET 304 https://registry.npmjs.org/@types%2fclone 613ms (from cache)
88 silly pacote tag manifest for @types/clone@ts3.6 fetched in 616ms
89 http fetch GET 304 https://registry.npmjs.org/@types%2fcolor 585ms (from cache)
90 silly pacote tag manifest for @types/color@ts3.6 fetched in 587ms
91 http fetch GET 304 https://registry.npmjs.org/@types%2fchownr 1326ms (from cache)
92 silly pacote tag manifest for @types/chownr@ts3.6 fetched in 1328ms
93 http fetch GET 304 https://registry.npmjs.org/@types%2fcolor-string 634ms (from cache)
94 silly pacote tag manifest for @types/color-string@ts3.6 fetched in 636ms
95 http fetch GET 304 https://registry.npmjs.org/@types%2fco 1253ms (from cache)
96 silly pacote tag manifest for @types/co@ts3.6 fetched in 1255ms
97 http fetch GET 304 https://registry.npmjs.org/@types%2fcli-spinners 1379ms (from cache)
98 silly pacote tag manifest for @types/cli-spinners@ts3.6 fetched in 1381ms
99 http fetch GET 304 https://registry.npmjs.org/@types%2fcolor-convert 1329ms (from cache)
100 silly pacote tag manifest for @types/color-convert@ts3.6 fetched in 1330ms
101 http fetch GET 304 https://registry.npmjs.org/@types%2fcommondir 1347ms (from cache)
102 silly pacote tag manifest for @types/commondir@ts3.6 fetched in 1350ms
103 http fetch GET 304 https://registry.npmjs.org/@types%2fcommon-tags 1370ms (from cache)
104 silly pacote tag manifest for @types/common-tags@ts3.6 fetched in 1375ms
105 http fetch GET 304 https://registry.npmjs.org/@types%2fconcat-stream 651ms (from cache)
106 silly pacote tag manifest for @types/concat-stream@ts3.6 fetched in 654ms
107 http fetch GET 304 https://registry.npmjs.org/@types%2fconnect-history-api-fallback 75ms (from cache)
108 silly pacote tag manifest for @types/connect-history-api-fallback@ts3.6 fetched in 79ms
109 http fetch GET 304 https://registry.npmjs.org/@types%2fconfusing-browser-globals 607ms (from cache)
110 silly pacote tag manifest for @types/confusing-browser-globals@ts3.6 fetched in 609ms
111 http fetch GET 304 https://registry.npmjs.org/@types%2fcontent-disposition 590ms (from cache)
112 silly pacote tag manifest for @types/content-disposition@ts3.6 fetched in 592ms
113 http fetch GET 304 https://registry.npmjs.org/@types%2fcontent-type 607ms (from cache)
114 silly pacote tag manifest for @types/content-type@ts3.6 fetched in 610ms
115 http fetch GET 304 https://registry.npmjs.org/@types%2fconcat-map 1343ms (from cache)
116 silly pacote tag manifest for @types/concat-map@ts3.6 fetched in 1345ms
117 http fetch GET 304 https://registry.npmjs.org/@types%2fcombined-stream 2094ms (from cache)
118 silly pacote tag manifest for @types/combined-stream@ts3.6 fetched in 2096ms
119 http fetch GET 304 https://registry.npmjs.org/@types%2fcompose-function 2078ms (from cache)
120 silly pacote tag manifest for @types/compose-function@ts3.6 fetched in 2084ms
121 http fetch GET 304 https://registry.npmjs.org/@types%2fcomponent-emitter 2132ms (from cache)
122 silly pacote tag manifest for @types/component-emitter@ts3.6 fetched in 2134ms
123 http fetch GET 304 https://registry.npmjs.org/@types%2fcookie-signature 670ms (from cache)
124 silly pacote tag manifest for @types/cookie-signature@ts3.6 fetched in 672ms
125 http fetch GET 304 https://registry.npmjs.org/@types%2fcreate-hash 614ms (from cache)
126 silly pacote tag manifest for @types/create-hash@ts3.6 fetched in 618ms
127 http fetch GET 304 https://registry.npmjs.org/@types%2fcompression 2121ms (from cache)
128 silly pacote tag manifest for @types/compression@ts3.6 fetched in 2124ms
129 http fetch GET 304 https://registry.npmjs.org/@types%2fcore-js 687ms (from cache)
130 silly pacote tag manifest for @types/core-js@ts3.6 fetched in 689ms
131 http fetch GET 304 https://registry.npmjs.org/@types%2fcreate-react-class 667ms (from cache)
132 http fetch GET 304 https://registry.npmjs.org/@types%2fconvert-source-map 1377ms (from cache)
133 silly pacote tag manifest for @types/create-react-class@ts3.6 fetched in 673ms
134 silly pacote tag manifest for @types/convert-source-map@ts3.6 fetched in 1383ms
135 http fetch GET 304 https://registry.npmjs.org/@types%2fcompressible 2668ms (from cache)
136 silly pacote tag manifest for @types/compressible@ts3.6 fetched in 2672ms
137 http fetch GET 304 https://registry.npmjs.org/@types%2fcross-spawn 713ms (from cache)
138 silly pacote tag manifest for @types/cross-spawn@ts3.6 fetched in 718ms
139 http fetch GET 304 https://registry.npmjs.org/@types%2fcookie 1335ms (from cache)
140 silly pacote tag manifest for @types/cookie@ts3.6 fetched in 1337ms
141 http fetch GET 304 https://registry.npmjs.org/@types%2fcss 606ms (from cache)
142 silly pacote tag manifest for @types/css@ts3.6 fetched in 608ms
143 http fetch GET 304 https://registry.npmjs.org/@types%2fcss.escape 649ms (from cache)
144 silly registry:manifest no matching version for @types/css.escape@ts3.6 in the cache. Forcing revalidation.
145 http fetch GET 304 https://registry.npmjs.org/@types%2fcss-tree 673ms (from cache)
146 http fetch GET 304 https://registry.npmjs.org/@types%2fcss-declaration-sorter 701ms (from cache)
147 silly pacote tag manifest for @types/css-tree@ts3.6 fetched in 681ms
148 silly pacote tag manifest for @types/css-declaration-sorter@ts3.6 fetched in 706ms
149 http fetch GET 304 https://registry.npmjs.org/@types%2fcreate-hmac 1365ms (from cache)
150 silly pacote tag manifest for @types/create-hmac@ts3.6 fetched in 1368ms
151 http fetch GET 304 https://registry.npmjs.org/@types%2fcssom 645ms (from cache)
152 http fetch GET 304 https://registry.npmjs.org/@types%2fcsso 670ms (from cache)
153 silly pacote tag manifest for @types/cssom@ts3.6 fetched in 652ms
154 silly pacote tag manifest for @types/csso@ts3.6 fetched in 678ms
155 http fetch GET 304 https://registry.npmjs.org/@types%2fcssstyle 648ms (from cache)
156 silly pacote tag manifest for @types/cssstyle@ts3.6 fetched in 653ms
157 http fetch GET 304 https://registry.npmjs.org/@types%2fdamerau-levenshtein 652ms (from cache)
158 silly pacote tag manifest for @types/damerau-levenshtein@ts3.6 fetched in 655ms
159 http fetch GET 304 https://registry.npmjs.org/@types%2fdata-urls 641ms (from cache)
160 silly pacote tag manifest for @types/data-urls@ts3.6 fetched in 642ms
161 http fetch GET 304 https://registry.npmjs.org/@types%2fdebug 616ms (from cache)
162 silly pacote tag manifest for @types/debug@ts3.6 fetched in 618ms
163 http fetch GET 200 https://registry.npmjs.org/@types%2fcss.escape 650ms
164 silly fetchPackageMetaData error for @types/css.escape@ts3.6 No matching version found for @types/css.escape@ts3.6.
165 http fetch GET 304 https://registry.npmjs.org/@types%2fdedent 622ms (from cache)
166 silly pacote tag manifest for @types/dedent@ts3.6 fetched in 625ms
167 http fetch GET 304 https://registry.npmjs.org/@types%2fdefaults 609ms (from cache)
168 http fetch GET 304 https://registry.npmjs.org/@types%2fdefine-properties 597ms (from cache)
169 silly pacote tag manifest for @types/defaults@ts3.6 fetched in 613ms
170 silly pacote tag manifest for @types/define-properties@ts3.6 fetched in 601ms
171 http fetch GET 304 https://registry.npmjs.org/@types%2fdeep-equal 654ms (from cache)
172 silly pacote tag manifest for @types/deep-equal@ts3.6 fetched in 656ms
173 http fetch GET 304 https://registry.npmjs.org/@types%2fcssesc 1356ms (from cache)
174 silly pacote tag manifest for @types/cssesc@ts3.6 fetched in 1357ms
175 http fetch GET 304 https://registry.npmjs.org/@types%2fdetect-node 624ms (from cache)
176 silly pacote tag manifest for @types/detect-node@ts3.6 fetched in 625ms
177 http fetch GET 304 https://registry.npmjs.org/@types%2fdecode-uri-component 1344ms (from cache)
178 silly pacote tag manifest for @types/decode-uri-component@ts3.6 fetched in 1345ms
179 http fetch GET 304 https://registry.npmjs.org/@types%2fdiscontinuous-range 618ms (from cache)
180 silly pacote tag manifest for @types/discontinuous-range@ts3.6 fetched in 621ms
181 http fetch GET 304 https://registry.npmjs.org/@types%2fdir-glob 629ms (from cache)
182 silly pacote tag manifest for @types/dir-glob@ts3.6 fetched in 632ms
183 http fetch GET 304 https://registry.npmjs.org/@types%2fdns-packet 628ms (from cache)
184 silly pacote tag manifest for @types/dns-packet@ts3.6 fetched in 633ms
185 http fetch GET 304 https://registry.npmjs.org/@types%2fdoctrine 620ms (from cache)
186 silly pacote tag manifest for @types/doctrine@ts3.6 fetched in 622ms
187 http fetch GET 304 https://registry.npmjs.org/@types%2fdefault-gateway 1373ms (from cache)
188 silly pacote tag manifest for @types/default-gateway@ts3.6 fetched in 1374ms
189 http fetch GET 304 https://registry.npmjs.org/@types%2fdestroy 1363ms (from cache)
190 http fetch GET 304 https://registry.npmjs.org/@types%2fdomexception 714ms (from cache)
191 http fetch GET 304 https://registry.npmjs.org/@types%2fduplexify 636ms (from cache)
192 silly pacote tag manifest for @types/destroy@ts3.6 fetched in 1366ms
193 silly pacote tag manifest for @types/domexception@ts3.6 fetched in 717ms
194 silly pacote tag manifest for @types/duplexify@ts3.6 fetched in 641ms
195 http fetch GET 304 https://registry.npmjs.org/@types%2fdiffie-hellman 1306ms (from cache)
196 silly pacote tag manifest for @types/diffie-hellman@ts3.6 fetched in 1311ms
197 http fetch GET 304 https://registry.npmjs.org/@types%2fee-first 621ms (from cache)
198 silly pacote tag manifest for @types/ee-first@ts3.6 fetched in 622ms
199 http fetch GET 304 https://registry.npmjs.org/@types%2fejs 633ms (from cache)
200 silly pacote tag manifest for @types/ejs@ts3.6 fetched in 635ms
201 http fetch GET 304 https://registry.npmjs.org/@types%2felliptic 656ms (from cache)
202 silly pacote tag manifest for @types/elliptic@ts3.6 fetched in 658ms
203 http fetch GET 304 https://registry.npmjs.org/@types%2feslint 66ms (from cache)
204 silly pacote tag manifest for @types/eslint@ts3.6 fetched in 69ms
205 http fetch GET 304 https://registry.npmjs.org/@types%2feslint-scope 341ms (from cache)
206 http fetch GET 304 https://registry.npmjs.org/@types%2fend-of-stream 982ms (from cache)
207 silly pacote tag manifest for @types/eslint-scope@ts3.6 fetched in 343ms
208 silly pacote tag manifest for @types/end-of-stream@ts3.6 fetched in 985ms
209 http fetch GET 304 https://registry.npmjs.org/@types%2feslint-visitor-keys 69ms (from cache)
210 silly pacote tag manifest for @types/eslint-visitor-keys@ts3.6 fetched in 71ms
211 http fetch GET 304 https://registry.npmjs.org/@types%2fenquire.js 619ms (from cache)
212 silly pacote tag manifest for @types/enquire.js@ts3.6 fetched in 626ms
213 http fetch GET 304 https://registry.npmjs.org/@types%2fes-to-primitive 609ms (from cache)
214 silly pacote tag manifest for @types/es-to-primitive@ts3.6 fetched in 611ms
215 http fetch GET 304 https://registry.npmjs.org/@types%2fencodeurl 1438ms (from cache)
216 http fetch GET 304 https://registry.npmjs.org/@types%2fdepd 2357ms (from cache)
217 http fetch GET 304 https://registry.npmjs.org/@types%2fescodegen 824ms (from cache)
218 silly pacote tag manifest for @types/encodeurl@ts3.6 fetched in 1442ms
219 silly pacote tag manifest for @types/depd@ts3.6 fetched in 2361ms
220 silly pacote tag manifest for @types/escodegen@ts3.6 fetched in 829ms
221 http fetch GET 304 https://registry.npmjs.org/@types%2fevents 90ms (from cache)
222 silly pacote tag manifest for @types/events@ts3.6 fetched in 92ms
223 http fetch GET 304 https://registry.npmjs.org/@types%2fesquery 626ms (from cache)
224 http fetch GET 304 https://registry.npmjs.org/@types%2festraverse 608ms (from cache)
225 silly pacote tag manifest for @types/esquery@ts3.6 fetched in 629ms
226 silly pacote tag manifest for @types/estraverse@ts3.6 fetched in 612ms
227 http fetch GET 304 https://registry.npmjs.org/@types%2fes-abstract 1365ms (from cache)
228 silly pacote tag manifest for @types/es-abstract@ts3.6 fetched in 1368ms
229 http fetch GET 304 https://registry.npmjs.org/@types%2fescape-html 1359ms (from cache)
230 http fetch GET 304 https://registry.npmjs.org/@types%2fenhanced-resolve 1406ms (from cache)
231 silly pacote tag manifest for @types/escape-html@ts3.6 fetched in 1361ms
232 silly pacote tag manifest for @types/enhanced-resolve@ts3.6 fetched in 1409ms
233 http fetch GET 304 https://registry.npmjs.org/@types%2fetag 607ms (from cache)
234 silly pacote tag manifest for @types/etag@ts3.6 fetched in 609ms
235 http fetch GET 304 https://registry.npmjs.org/@types%2feslint-utils 1459ms (from cache)
236 http fetch GET 304 https://registry.npmjs.org/@types%2fesprima 1387ms (from cache)
237 http fetch GET 304 https://registry.npmjs.org/@types%2fexit 720ms (from cache)
238 silly pacote tag manifest for @types/eslint-utils@ts3.6 fetched in 1463ms
239 silly pacote tag manifest for @types/esprima@ts3.6 fetched in 1392ms
240 silly pacote tag manifest for @types/exit@ts3.6 fetched in 727ms
241 http fetch GET 304 https://registry.npmjs.org/@types%2ffile-loader 619ms (from cache)
242 silly pacote tag manifest for @types/file-loader@ts3.6 fetched in 622ms
243 http fetch GET 304 https://registry.npmjs.org/@types%2ffill-range 613ms (from cache)
244 silly registry:manifest no matching version for @types/fill-range@ts3.6 in the cache. Forcing revalidation.
245 http fetch GET 304 https://registry.npmjs.org/@types%2ffb-watchman 1014ms (from cache)
246 http fetch GET 304 https://registry.npmjs.org/@types%2fesutils 1492ms (from cache)
247 http fetch GET 304 https://registry.npmjs.org/@types%2feventsource 1395ms (from cache)
248 silly pacote tag manifest for @types/fb-watchman@ts3.6 fetched in 1019ms
249 silly pacote tag manifest for @types/esutils@ts3.6 fetched in 1496ms
250 silly pacote tag manifest for @types/eventsource@ts3.6 fetched in 1400ms
251 http fetch GET 304 https://registry.npmjs.org/@types%2ffind-cache-dir 723ms (from cache)
252 http fetch GET 304 https://registry.npmjs.org/@types%2ffinalhandler 726ms (from cache)
253 http fetch GET 304 https://registry.npmjs.org/@types%2fflat-cache 724ms (from cache)
254 http fetch GET 304 https://registry.npmjs.org/@types%2fflush-write-stream 676ms (from cache)
255 silly pacote tag manifest for @types/find-cache-dir@ts3.6 fetched in 728ms
256 silly pacote tag manifest for @types/finalhandler@ts3.6 fetched in 731ms
257 silly pacote tag manifest for @types/flat-cache@ts3.6 fetched in 729ms
258 silly pacote tag manifest for @types/flush-write-stream@ts3.6 fetched in 683ms
259 http fetch GET 304 https://registry.npmjs.org/@types%2ffile-entry-cache 1340ms (from cache)
260 silly pacote tag manifest for @types/file-entry-cache@ts3.6 fetched in 1341ms
261 http fetch GET 304 https://registry.npmjs.org/@types%2fforwarded 788ms (from cache)
262 http fetch GET 304 https://registry.npmjs.org/@types%2ffollow-redirects 793ms (from cache)
263 silly pacote tag manifest for @types/forwarded@ts3.6 fetched in 791ms
264 silly pacote tag manifest for @types/follow-redirects@ts3.6 fetched in 796ms
265 http fetch GET 304 https://registry.npmjs.org/@types%2fglob 92ms (from cache)
266 silly pacote tag manifest for @types/glob@ts3.6 fetched in 94ms
267 http fetch GET 304 https://registry.npmjs.org/@types%2ffrom2 611ms (from cache)
268 silly pacote tag manifest for @types/from2@ts3.6 fetched in 614ms
269 http fetch GET 304 https://registry.npmjs.org/@types%2ffunction-bind 626ms (from cache)
270 silly pacote tag manifest for @types/function-bind@ts3.6 fetched in 629ms
271 http fetch GET 304 https://registry.npmjs.org/@types%2ffunctional-red-black-tree 647ms (from cache)
272 silly pacote tag manifest for @types/functional-red-black-tree@ts3.6 fetched in 651ms
273 http fetch GET 304 https://registry.npmjs.org/@types%2fgensync 657ms (from cache)
274 silly registry:manifest no matching version for @types/gensync@ts3.6 in the cache. Forcing revalidation.
275 http fetch GET 304 https://registry.npmjs.org/@types%2fget-intrinsic 630ms (from cache)
276 silly registry:manifest no matching version for @types/get-intrinsic@ts3.6 in the cache. Forcing revalidation.
277 http fetch GET 304 https://registry.npmjs.org/@types%2ffast-levenshtein 2153ms (from cache)
278 silly pacote tag manifest for @types/fast-levenshtein@ts3.6 fetched in 2155ms
279 http fetch GET 200 https://registry.npmjs.org/@types%2ffill-range 1407ms
280 silly fetchPackageMetaData error for @types/fill-range@ts3.6 No matching version found for @types/fill-range@ts3.6.
281 http fetch GET 304 https://registry.npmjs.org/@types%2fgraceful-fs 173ms (from cache)
282 silly pacote tag manifest for @types/graceful-fs@ts3.6 fetched in 178ms
283 http fetch GET 304 https://registry.npmjs.org/@types%2fglob-parent 594ms (from cache)
284 http fetch GET 304 https://registry.npmjs.org/@types%2ffresh 1482ms (from cache)
285 silly pacote tag manifest for @types/glob-parent@ts3.6 fetched in 596ms
286 silly pacote tag manifest for @types/fresh@ts3.6 fetched in 1487ms
287 http fetch GET 304 https://registry.npmjs.org/@types%2fglobal-prefix 617ms (from cache)
288 silly pacote tag manifest for @types/global-prefix@ts3.6 fetched in 619ms
289 http fetch GET 200 https://registry.npmjs.org/@types%2fgensync 599ms
290 silly fetchPackageMetaData error for @types/gensync@ts3.6 No matching version found for @types/gensync@ts3.6.
291 http fetch GET 304 https://registry.npmjs.org/@types%2fglobal-modules 664ms (from cache)
292 silly pacote tag manifest for @types/global-modules@ts3.6 fetched in 667ms
293 http fetch GET 304 https://registry.npmjs.org/@types%2fhas 610ms (from cache)
294 silly pacote tag manifest for @types/has@ts3.6 fetched in 612ms
295 http fetch GET 304 https://registry.npmjs.org/@types%2fhas-symbols 605ms (from cache)
296 http fetch GET 304 https://registry.npmjs.org/@types%2fhas-values 593ms (from cache)
297 silly registry:manifest no matching version for @types/has-values@ts3.6 in the cache. Forcing revalidation.
298 silly pacote tag manifest for @types/has-symbols@ts3.6 fetched in 609ms
299 http fetch GET 304 https://registry.npmjs.org/@types%2fhtml-minifier-terser 96ms (from cache)
300 silly pacote tag manifest for @types/html-minifier-terser@ts3.6 fetched in 98ms
301 http fetch GET 304 https://registry.npmjs.org/@types%2fhex-color-regex 606ms (from cache)
302 silly pacote tag manifest for @types/hex-color-regex@ts3.6 fetched in 608ms
303 http fetch GET 304 https://registry.npmjs.org/@types%2fhe 636ms (from cache)
304 silly pacote tag manifest for @types/he@ts3.6 fetched in 639ms
305 http fetch GET 304 https://registry.npmjs.org/@types%2fget-value 1352ms (from cache)
306 silly pacote tag manifest for @types/get-value@ts3.6 fetched in 1354ms
307 http fetch GET 304 https://registry.npmjs.org/@types%2fhttp-proxy 71ms (from cache)
308 silly pacote tag manifest for @types/http-proxy@ts3.6 fetched in 75ms
309 http fetch GET 304 https://registry.npmjs.org/@types%2fhosted-git-info 603ms (from cache)
310 silly pacote tag manifest for @types/hosted-git-info@ts3.6 fetched in 604ms
311 http fetch GET 304 https://registry.npmjs.org/@types%2fhoist-non-react-statics 651ms (from cache)
312 silly pacote tag manifest for @types/hoist-non-react-statics@ts3.6 fetched in 653ms
313 http fetch GET 304 https://registry.npmjs.org/@types%2fhtml-encoding-sniffer 674ms (from cache)
314 silly pacote tag manifest for @types/html-encoding-sniffer@ts3.6 fetched in 676ms
315 http fetch GET 200 https://registry.npmjs.org/@types%2fhas-values 602ms
316 silly fetchPackageMetaData error for @types/has-values@ts3.6 No matching version found for @types/has-values@ts3.6.
317 http fetch GET 304 https://registry.npmjs.org/@types%2fhttp-errors 601ms (from cache)
318 silly pacote tag manifest for @types/http-errors@ts3.6 fetched in 603ms
319 http fetch GET 200 https://registry.npmjs.org/@types%2fget-intrinsic 1639ms
320 silly fetchPackageMetaData error for @types/get-intrinsic@ts3.6 No matching version found for @types/get-intrinsic@ts3.6.
321 http fetch GET 304 https://registry.npmjs.org/@types%2ficss-utils 609ms (from cache)
322 silly pacote tag manifest for @types/icss-utils@ts3.6 fetched in 612ms
323 http fetch GET 304 https://registry.npmjs.org/@types%2fiferr 594ms (from cache)
324 silly pacote tag manifest for @types/iferr@ts3.6 fetched in 596ms
325 http fetch GET 304 https://registry.npmjs.org/@types%2finherits 624ms (from cache)
326 http fetch GET 304 https://registry.npmjs.org/@types%2fimurmurhash 636ms (from cache)
327 silly pacote tag manifest for @types/inherits@ts3.6 fetched in 626ms
328 silly pacote tag manifest for @types/imurmurhash@ts3.6 fetched in 639ms
329 http fetch GET 304 https://registry.npmjs.org/@types%2finternal-slot 618ms (from cache)
330 http fetch GET 304 https://registry.npmjs.org/@types%2fhtml-escaper 1334ms (from cache)
331 silly pacote tag manifest for @types/internal-slot@ts3.6 fetched in 619ms
332 silly pacote tag manifest for @types/html-escaper@ts3.6 fetched in 1337ms
333 http fetch GET 304 https://registry.npmjs.org/@types%2fip 637ms (from cache)
334 silly pacote tag manifest for @types/ip@ts3.6 fetched in 639ms
335 http fetch GET 304 https://registry.npmjs.org/@types%2finquirer 918ms (from cache)
336 silly pacote tag manifest for @types/inquirer@ts3.6 fetched in 920ms
337 http fetch GET 304 https://registry.npmjs.org/@types%2fis-arguments 611ms (from cache)
338 silly pacote tag manifest for @types/is-arguments@ts3.6 fetched in 612ms
339 http fetch GET 304 https://registry.npmjs.org/@types%2fis-bigint 612ms (from cache)
340 silly registry:manifest no matching version for @types/is-bigint@ts3.6 in the cache. Forcing revalidation.
341 http fetch GET 304 https://registry.npmjs.org/@types%2fis-boolean-object 676ms (from cache)
342 silly registry:manifest no matching version for @types/is-boolean-object@ts3.6 in the cache. Forcing revalidation.
343 http fetch GET 304 https://registry.npmjs.org/@types%2fis-ci 597ms (from cache)
344 silly pacote tag manifest for @types/is-ci@ts3.6 fetched in 598ms
345 http fetch GET 304 https://registry.npmjs.org/@types%2fini 1359ms (from cache)
346 silly pacote tag manifest for @types/ini@ts3.6 fetched in 1360ms
347 http fetch GET 304 https://registry.npmjs.org/@types%2fis-core-module 632ms (from cache)
348 silly pacote tag manifest for @types/is-core-module@ts3.6 fetched in 634ms
349 http fetch GET 304 https://registry.npmjs.org/@types%2fis-glob 611ms (from cache)
350 http fetch GET 304 https://registry.npmjs.org/@types%2fis-date-object 657ms (from cache)
351 silly pacote tag manifest for @types/is-glob@ts3.6 fetched in 613ms
352 silly pacote tag manifest for @types/is-date-object@ts3.6 fetched in 659ms
353 http fetch GET 200 https://registry.npmjs.org/@types%2fis-bigint 606ms
354 silly fetchPackageMetaData error for @types/is-bigint@ts3.6 No matching version found for @types/is-bigint@ts3.6.
355 http fetch GET 200 https://registry.npmjs.org/@types%2fis-boolean-object 596ms
356 silly fetchPackageMetaData error for @types/is-boolean-object@ts3.6 No matching version found for @types/is-boolean-object@ts3.6.
357 http fetch GET 304 https://registry.npmjs.org/@types%2fis-callable 1312ms (from cache)
358 silly pacote tag manifest for @types/is-callable@ts3.6 fetched in 1314ms
359 http fetch GET 304 https://registry.npmjs.org/@types%2fis-regex 588ms (from cache)
360 silly pacote tag manifest for @types/is-regex@ts3.6 fetched in 590ms
361 http fetch GET 304 https://registry.npmjs.org/@types%2fistanbul-lib-coverage 73ms (from cache)
362 silly pacote tag manifest for @types/istanbul-lib-coverage@ts3.6 fetched in 75ms
363 http fetch GET 304 https://registry.npmjs.org/@types%2fis-number 656ms (from cache)
364 silly pacote tag manifest for @types/is-number@ts3.6 fetched in 657ms
365 http fetch GET 304 https://registry.npmjs.org/@types%2fistanbul-lib-report 81ms (from cache)
366 silly pacote tag manifest for @types/istanbul-lib-report@ts3.6 fetched in 82ms
367 http fetch GET 304 https://registry.npmjs.org/@types%2fistanbul-reports 99ms (from cache)
368 silly pacote tag manifest for @types/istanbul-reports@ts3.6 fetched in 101ms
369 http fetch GET 304 https://registry.npmjs.org/@types%2fis-data-descriptor 1363ms (from cache)
370 silly registry:manifest no matching version for @types/is-data-descriptor@ts3.6 in the cache. Forcing revalidation.
371 http fetch GET 304 https://registry.npmjs.org/@types%2fis-typedarray 625ms (from cache)
372 silly pacote tag manifest for @types/is-typedarray@ts3.6 fetched in 626ms
373 http fetch GET 304 https://registry.npmjs.org/@types%2fis-buffer 1685ms (from cache)
374 silly pacote tag manifest for @types/is-buffer@ts3.6 fetched in 1687ms
375 http fetch GET 304 https://registry.npmjs.org/@types%2fisarray 602ms (from cache)
376 silly pacote tag manifest for @types/isarray@ts3.6 fetched in 603ms
377 http fetch GET 304 https://registry.npmjs.org/@types%2fisexe 610ms (from cache)
378 silly pacote tag manifest for @types/isexe@ts3.6 fetched in 612ms
379 http fetch GET 304 https://registry.npmjs.org/@types%2fistanbul-lib-instrument 588ms (from cache)
380 silly pacote tag manifest for @types/istanbul-lib-instrument@ts3.6 fetched in 589ms
381 http fetch GET 200 https://registry.npmjs.org/@types%2fis-data-descriptor 633ms
382 silly fetchPackageMetaData error for @types/is-data-descriptor@ts3.6 No matching version found for @types/is-data-descriptor@ts3.6.
383 http fetch GET 304 https://registry.npmjs.org/@types%2fjs-yaml 618ms (from cache)
384 silly pacote tag manifest for @types/js-yaml@ts3.6 fetched in 620ms
385 http fetch GET 304 https://registry.npmjs.org/@types%2fjsdom 647ms (from cache)
386 silly pacote tag manifest for @types/jsdom@ts3.6 fetched in 649ms
387 http fetch GET 304 https://registry.npmjs.org/@types%2fjsesc 633ms (from cache)
388 silly pacote tag manifest for @types/jsesc@ts3.6 fetched in 636ms
389 http fetch GET 304 https://registry.npmjs.org/@types%2fis-windows 1352ms (from cache)
390 silly pacote tag manifest for @types/is-windows@ts3.6 fetched in 1355ms
391 http fetch GET 304 https://registry.npmjs.org/@types%2fjson2mq 592ms (from cache)
392 silly pacote tag manifest for @types/json2mq@ts3.6 fetched in 594ms
393 http fetch GET 304 https://registry.npmjs.org/@types%2fis-string 1836ms (from cache)
394 silly registry:manifest no matching version for @types/is-string@ts3.6 in the cache. Forcing revalidation.
395 http fetch GET 304 https://registry.npmjs.org/@types%2fistanbul-lib-source-maps 1377ms (from cache)
396 silly pacote tag manifest for @types/istanbul-lib-source-maps@ts3.6 fetched in 1380ms
397 http fetch GET 304 https://registry.npmjs.org/@types%2fjson3 606ms (from cache)
398 silly pacote tag manifest for @types/json3@ts3.6 fetched in 608ms
399 http fetch GET 304 https://registry.npmjs.org/@types%2fkind-of 629ms (from cache)
400 silly pacote tag manifest for @types/kind-of@ts3.6 fetched in 633ms
401 http fetch GET 304 https://registry.npmjs.org/@types%2flanguage-tags 597ms (from cache)
402 silly registry:manifest no matching version for @types/language-tags@ts3.6 in the cache. Forcing revalidation.
403 http fetch GET 304 https://registry.npmjs.org/@types%2fjs-levenshtein 1426ms (from cache)
404 silly pacote tag manifest for @types/js-levenshtein@ts3.6 fetched in 1436ms
405 http fetch GET 200 https://registry.npmjs.org/@types%2fis-string 626ms
406 silly fetchPackageMetaData error for @types/is-string@ts3.6 No matching version found for @types/is-string@ts3.6.
407 http fetch GET 304 https://registry.npmjs.org/@types%2fjson-parse-better-errors 1585ms (from cache)
408 silly pacote tag manifest for @types/json-parse-better-errors@ts3.6 fetched in 1588ms
409 http fetch GET 304 https://registry.npmjs.org/@types%2flodash 686ms (from cache)
410 silly pacote tag manifest for @types/lodash@ts3.6 fetched in 690ms
411 http fetch GET 304 https://registry.npmjs.org/@types%2flodash.clonedeep 613ms (from cache)
412 silly pacote tag manifest for @types/lodash.clonedeep@ts3.6 fetched in 615ms
413 http fetch GET 200 https://registry.npmjs.org/@types%2flanguage-tags 618ms
414 silly fetchPackageMetaData error for @types/language-tags@ts3.6 No matching version found for @types/language-tags@ts3.6.
415 http fetch GET 304 https://registry.npmjs.org/@types%2flodash.escape 599ms (from cache)
416 http fetch GET 304 https://registry.npmjs.org/@types%2fjsonfile 1325ms (from cache)
417 silly pacote tag manifest for @types/lodash.escape@ts3.6 fetched in 602ms
418 silly pacote tag manifest for @types/jsonfile@ts3.6 fetched in 1329ms
419 http fetch GET 304 https://registry.npmjs.org/@types%2flodash.flattendeep 625ms (from cache)
420 http fetch GET 304 https://registry.npmjs.org/@types%2floader-utils 1341ms (from cache)
421 silly pacote tag manifest for @types/lodash.flattendeep@ts3.6 fetched in 629ms
422 silly pacote tag manifest for @types/loader-utils@ts3.6 fetched in 1344ms
423 http fetch GET 304 https://registry.npmjs.org/@types%2floader-runner 1588ms (from cache)
424 silly pacote tag manifest for @types/loader-runner@ts3.6 fetched in 1590ms
425 http fetch GET 304 https://registry.npmjs.org/@types%2flodash.memoize 590ms (from cache)
426 silly pacote tag manifest for @types/lodash.memoize@ts3.6 fetched in 592ms
427 http fetch GET 304 https://registry.npmjs.org/@types%2flodash.merge 610ms (from cache)
428 silly pacote tag manifest for @types/lodash.merge@ts3.6 fetched in 613ms
429 http fetch GET 304 https://registry.npmjs.org/@types%2flodash.template 594ms (from cache)
430 silly pacote tag manifest for @types/lodash.template@ts3.6 fetched in 596ms
431 http fetch GET 304 https://registry.npmjs.org/@types%2flodash.truncate 628ms (from cache)
432 http fetch GET 304 https://registry.npmjs.org/@types%2flodash.uniq 628ms (from cache)
433 silly pacote tag manifest for @types/lodash.truncate@ts3.6 fetched in 631ms
434 silly pacote tag manifest for @types/lodash.uniq@ts3.6 fetched in 630ms
435 http fetch GET 304 https://registry.npmjs.org/@types%2flodash.debounce 1697ms (from cache)
436 silly pacote tag manifest for @types/lodash.debounce@ts3.6 fetched in 1700ms
437 http fetch GET 304 https://registry.npmjs.org/@types%2flodash.isequal 1323ms (from cache)
438 silly pacote tag manifest for @types/lodash.isequal@ts3.6 fetched in 1325ms
439 timing stage:rollbackFailedOptional Completed in 0ms
440 timing stage:runTopLevelLifecycles Completed in 21210ms
441 verbose type tag
442 verbose stack @types/call-bind: No matching version found for @types/call-bind@ts3.6.
442 verbose stack     at pickManifest (/usr/local/lib/node_modules/npm/node_modules/npm-pick-manifest/index.js:122:13)
442 verbose stack     at /usr/local/lib/node_modules/npm/node_modules/pacote/lib/fetchers/registry/manifest.js:43:18
442 verbose stack     at tryCatcher (/usr/local/lib/node_modules/npm/node_modules/bluebird/js/release/util.js:16:23)
442 verbose stack     at Promise._settlePromiseFromHandler (/usr/local/lib/node_modules/npm/node_modules/bluebird/js/release/promise.js:517:31)
442 verbose stack     at Promise._settlePromise (/usr/local/lib/node_modules/npm/node_modules/bluebird/js/release/promise.js:574:18)
442 verbose stack     at Promise._settlePromise0 (/usr/local/lib/node_modules/npm/node_modules/bluebird/js/release/promise.js:619:10)
442 verbose stack     at Promise._settlePromises (/usr/local/lib/node_modules/npm/node_modules/bluebird/js/release/promise.js:699:18)
442 verbose stack     at _drainQueueStep (/usr/local/lib/node_modules/npm/node_modules/bluebird/js/release/async.js:138:12)
442 verbose stack     at _drainQueue (/usr/local/lib/node_modules/npm/node_modules/bluebird/js/release/async.js:131:9)
442 verbose stack     at Async._drainQueues (/usr/local/lib/node_modules/npm/node_modules/bluebird/js/release/async.js:147:5)
442 verbose stack     at Immediate.Async.drainQueues [as _onImmediate] (/usr/local/lib/node_modules/npm/node_modules/bluebird/js/release/async.js:17:14)
442 verbose stack     at processImmediate (internal/timers.js:456:21)
443 verbose cwd /home/theia/.cache/typescript/3.6
444 verbose Linux 5.10.16.3-microsoft-standard-WSL2
445 verbose argv "/usr/local/bin/node" "/usr/local/bin/npm" "install" "--ignore-scripts" "@types/accepts@ts3.6" "@types/argparse@ts3.6" "@types/aria-query@ts3.6" "@types/arr-diff@ts3.6" "@types/arr-union@ts3.6" "@types/array-unique@ts3.6" "@types/array.prototype.flat@ts3.6" "@types/array.prototype.flatmap@ts3.6" "@types/asap@ts3.6" "@types/assert@ts3.6" "@types/async@ts3.6" "@types/atob@ts3.6" "@types/babel-plugin-macros@ts3.6" "@types/babylon@ts3.6" "@types/balanced-match@ts3.6" "@types/big.js@ts3.6" "@types/bl@ts3.6" "@types/bluebird@ts3.6" "@types/bn.js@ts3.6" "@types/body-parser@ts3.6" "@types/bonjour@ts3.6" "@types/boolbase@ts3.6" "@types/brace-expansion@ts3.6" "@types/braces@ts3.6" "@types/brorand@ts3.6" "@types/bser@ts3.6" "@types/buffer-from@ts3.6" "@types/buffer-xor@ts3.6" "@types/bytes@ts3.6" "@types/cacache@ts3.6" "@types/call-bind@ts3.6" "@types/caniuse-api@ts3.6" "@types/caniuse-lite@ts3.6" "@types/case-sensitive-paths-webpack-plugin@ts3.6" "@types/chardet@ts3.6" "@types/check-types@ts3.6" "@types/chownr@ts3.6" "@types/cipher-base@ts3.6" "@types/clean-css@ts3.6" "@types/cli-spinners@ts3.6" "@types/clone@ts3.6" "@types/co@ts3.6" "@types/color@ts3.6" "@types/color-convert@ts3.6" "@types/color-name@ts3.6" "@types/color-string@ts3.6" "@types/combined-stream@ts3.6" "@types/common-tags@ts3.6" "@types/commondir@ts3.6" "@types/component-emitter@ts3.6" "@types/compose-function@ts3.6" "@types/compressible@ts3.6" "@types/compression@ts3.6" "@types/concat-map@ts3.6" "@types/concat-stream@ts3.6" "@types/confusing-browser-globals@ts3.6" "@types/connect-history-api-fallback@ts3.6" "@types/content-disposition@ts3.6" "@types/content-type@ts3.6" "@types/convert-source-map@ts3.6" "@types/cookie@ts3.6" "@types/cookie-signature@ts3.6" "@types/core-js@ts3.6" "@types/create-hash@ts3.6" "@types/create-hmac@ts3.6" "@types/create-react-class@ts3.6" "@types/cross-spawn@ts3.6" "@types/css@ts3.6" "@types/css-declaration-sorter@ts3.6" "@types/css-tree@ts3.6" "@types/css.escape@ts3.6" "@types/cssesc@ts3.6" "@types/csso@ts3.6" "@types/cssom@ts3.6" "@types/cssstyle@ts3.6" "@types/damerau-levenshtein@ts3.6" "@types/data-urls@ts3.6" "@types/debug@ts3.6" "@types/decode-uri-component@ts3.6" "@types/dedent@ts3.6" "@types/deep-equal@ts3.6" "@types/default-gateway@ts3.6" "@types/defaults@ts3.6" "@types/define-properties@ts3.6" "@types/depd@ts3.6" "@types/destroy@ts3.6" "@types/detect-node@ts3.6" "@types/diffie-hellman@ts3.6" "@types/dir-glob@ts3.6" "@types/discontinuous-range@ts3.6" "@types/dns-packet@ts3.6" "@types/doctrine@ts3.6" "@types/domexception@ts3.6" "@types/duplexify@ts3.6" "@types/ee-first@ts3.6" "@types/ejs@ts3.6" "@types/elliptic@ts3.6" "@types/encodeurl@ts3.6" "@types/end-of-stream@ts3.6" "@types/enhanced-resolve@ts3.6" "@types/enquire.js@ts3.6" "@types/es-abstract@ts3.6" "@types/es-to-primitive@ts3.6" "@types/escape-html@ts3.6" "@types/escodegen@ts3.6" "@types/eslint@ts3.6" "@types/eslint-scope@ts3.6" "@types/eslint-utils@ts3.6" "@types/eslint-visitor-keys@ts3.6" "@types/esprima@ts3.6" "@types/esquery@ts3.6" "@types/estraverse@ts3.6" "@types/esutils@ts3.6" "@types/etag@ts3.6" "@types/events@ts3.6" "@types/eventsource@ts3.6" "@types/exit@ts3.6" "@types/fast-levenshtein@ts3.6" "@types/fb-watchman@ts3.6" "@types/file-entry-cache@ts3.6" "@types/file-loader@ts3.6" "@types/fill-range@ts3.6" "@types/finalhandler@ts3.6" "@types/find-cache-dir@ts3.6" "@types/flat-cache@ts3.6" "@types/flush-write-stream@ts3.6" "@types/follow-redirects@ts3.6" "@types/forwarded@ts3.6" "@types/fresh@ts3.6" "@types/from2@ts3.6" "@types/function-bind@ts3.6" "@types/functional-red-black-tree@ts3.6" "@types/gensync@ts3.6" "@types/get-intrinsic@ts3.6" "@types/get-value@ts3.6" "@types/glob@ts3.6" "@types/glob-parent@ts3.6" "@types/global-modules@ts3.6" "@types/global-prefix@ts3.6" "@types/graceful-fs@ts3.6" "@types/has@ts3.6" "@types/has-symbols@ts3.6" "@types/has-values@ts3.6" "@types/he@ts3.6" "@types/hex-color-regex@ts3.6" "@types/hoist-non-react-statics@ts3.6" "@types/hosted-git-info@ts3.6" "@types/html-encoding-sniffer@ts3.6" "@types/html-escaper@ts3.6" "@types/html-minifier-terser@ts3.6" "@types/http-errors@ts3.6" "@types/http-proxy@ts3.6" "@types/icss-utils@ts3.6" "@types/iferr@ts3.6" "@types/imurmurhash@ts3.6" "@types/inherits@ts3.6" "@types/ini@ts3.6" "@types/inquirer@ts3.6" "@types/internal-slot@ts3.6" "@types/ip@ts3.6" "@types/is-arguments@ts3.6" "@types/is-bigint@ts3.6" "@types/is-boolean-object@ts3.6" "@types/is-buffer@ts3.6" "@types/is-callable@ts3.6" "@types/is-ci@ts3.6" "@types/is-core-module@ts3.6" "@types/is-data-descriptor@ts3.6" "@types/is-date-object@ts3.6" "@types/is-glob@ts3.6" "@types/is-number@ts3.6" "@types/is-regex@ts3.6" "@types/is-string@ts3.6" "@types/is-typedarray@ts3.6" "@types/is-windows@ts3.6" "@types/isarray@ts3.6" "@types/isexe@ts3.6" "@types/istanbul-lib-coverage@ts3.6" "@types/istanbul-lib-instrument@ts3.6" "@types/istanbul-lib-report@ts3.6" "@types/istanbul-lib-source-maps@ts3.6" "@types/istanbul-reports@ts3.6" "@types/js-levenshtein@ts3.6" "@types/js-yaml@ts3.6" "@types/jsdom@ts3.6" "@types/jsesc@ts3.6" "@types/json-parse-better-errors@ts3.6" "@types/json2mq@ts3.6" "@types/json3@ts3.6" "@types/jsonfile@ts3.6" "@types/kind-of@ts3.6" "@types/language-tags@ts3.6" "@types/loader-runner@ts3.6" "@types/loader-utils@ts3.6" "@types/lodash@ts3.6" "@types/lodash.clonedeep@ts3.6" "@types/lodash.debounce@ts3.6" "@types/lodash.escape@ts3.6" "@types/lodash.flattendeep@ts3.6" "@types/lodash.isequal@ts3.6" "@types/lodash.memoize@ts3.6" "@types/lodash.merge@ts3.6" "@types/lodash.template@ts3.6" "@types/lodash.truncate@ts3.6" "@types/lodash.uniq@ts3.6" "--save-dev" "--user-agent=typesInstaller/3.6.3"
446 verbose node v12.18.3
447 verbose npm  v6.14.6
448 error code ETARGET
449 error notarget No matching version found for @types/call-bind@ts3.6.
450 error notarget In most cases you or one of your dependencies are requesting
450 error notarget a package version that doesn't exist.
451 verbose exit [ 1, true ]
