0 info it worked if it ends with ok
1 verbose cli [
1 verbose cli   '/usr/local/bin/node',
1 verbose cli   '/usr/local/bin/npm',
1 verbose cli   'install',
1 verbose cli   '--ignore-scripts',
1 verbose cli   '@types/media-typer@ts3.6',
1 verbose cli   '@types/memory-fs@ts3.6',
1 verbose cli   '@types/memorystream@ts3.6',
1 verbose cli   '@types/merge-descriptors@ts3.6',
1 verbose cli   '@types/merge-stream@ts3.6',
1 verbose cli   '@types/merge2@ts3.6',
1 verbose cli   '@types/methods@ts3.6',
1 verbose cli   '@types/micromatch@ts3.6',
1 verbose cli   '@types/mime@ts3.6',
1 verbose cli   '@types/mime-db@ts3.6',
1 verbose cli   '@types/mime-types@ts3.6',
1 verbose cli   '@types/min-indent@ts3.6',
1 verbose cli   '@types/minimalistic-assert@ts3.6',
1 verbose cli   '@types/minimatch@ts3.6',
1 verbose cli   '@types/minimist@ts3.6',
1 verbose cli   '@types/minizlib@ts3.6',
1 verbose cli   '@types/mkdirp@ts3.6',
1 verbose cli   '@types/moo@ts3.6',
1 verbose cli   '@types/move-concurrently@ts3.6',
1 verbose cli   '@types/ms@ts3.6',
1 verbose cli   '@types/multicast-dns@ts3.6',
1 verbose cli   '@types/mute-stream@ts3.6',
1 verbose cli   '@types/natural-compare@ts3.6',
1 verbose cli   '@types/nearley@ts3.6',
1 verbose cli   '@types/negotiator@ts3.6',
1 verbose cli   '@types/next-tick@ts3.6',
1 verbose cli   '@types/nice-try@ts3.6',
1 verbose cli   '@types/node-fetch@ts3.6',
1 verbose cli   '@types/node-forge@ts3.6',
1 verbose cli   '@types/node-int64@ts3.6',
1 verbose cli   '@types/node-notifier@ts3.6',
1 verbose cli   '@types/normalize-package-data@ts3.6',
1 verbose cli   '@types/normalize-path@ts3.6',
1 verbose cli   '@types/num2fraction@ts3.6',
1 verbose cli   '@types/nwsapi@ts3.6',
1 verbose cli   '@types/object-assign@ts3.6',
1 verbose cli   '@types/object-inspect@ts3.6',
1 verbose cli   '@types/object-keys@ts3.6',
1 verbose cli   '@types/object.fromentries@ts3.6',
1 verbose cli   '@types/object.getownpropertydescriptors@ts3.6',
1 verbose cli   '@types/object.pick@ts3.6',
1 verbose cli   '@types/on-finished@ts3.6',
1 verbose cli   '@types/on-headers@ts3.6',
1 verbose cli   '@types/once@ts3.6',
1 verbose cli   '@types/optimize-css-assets-webpack-plugin@ts3.6',
1 verbose cli   '@types/original@ts3.6',
1 verbose cli   '@types/os-tmpdir@ts3.6',
1 verbose cli   '@types/pako@ts3.6',
1 verbose cli   '@types/parallel-transform@ts3.6',
1 verbose cli   '@types/parse-json@ts3.6',
1 verbose cli   '@types/parseurl@ts3.6',
1 verbose cli   '@types/pascalcase@ts3.6',
1 verbose cli   '@types/path-browserify@ts3.6',
1 verbose cli   '@types/path-is-absolute@ts3.6',
1 verbose cli   '@types/path-is-inside@ts3.6',
1 verbose cli   '@types/path-parse@ts3.6',
1 verbose cli   '@types/pbkdf2@ts3.6',
1 verbose cli   '@types/picomatch@ts3.6',
1 verbose cli   '@types/pify@ts3.6',
1 verbose cli   '@types/postcss-flexbugs-fixes@ts3.6',
1 verbose cli   '@types/postcss-gap-properties@ts3.6',
1 verbose cli   '@types/postcss-modules-extract-imports@ts3.6',
1 verbose cli   '@types/postcss-modules-local-by-default@ts3.6',
1 verbose cli   '@types/postcss-modules-scope@ts3.6',
1 verbose cli   '@types/postcss-modules-values@ts3.6',
1 verbose cli   '@types/postcss-normalize@ts3.6',
1 verbose cli   '@types/postcss-preset-env@ts3.6',
1 verbose cli   '@types/postcss-safe-parser@ts3.6',
1 verbose cli   '@types/prelude-ls@ts3.6',
1 verbose cli   '@types/prettier-linter-helpers@ts3.6',
1 verbose cli   '@types/progress@ts3.6',
1 verbose cli   '@types/promise-inflight@ts3.6',
1 verbose cli   '@types/prompts@ts3.6',
1 verbose cli   '@types/prop-types@ts3.6',
1 verbose cli   '@types/proxy-addr@ts3.6',
1 verbose cli   '@types/psl@ts3.6',
1 verbose cli   '@types/pump@ts3.6',
1 verbose cli   '@types/pumpify@ts3.6',
1 verbose cli   '@types/punycode@ts3.6',
1 verbose cli   '@types/q@ts3.6',
1 verbose cli   '@types/qs@ts3.6',
1 verbose cli   '@types/querystringify@ts3.6',
1 verbose cli   '@types/raf@ts3.6',
1 verbose cli   '@types/randombytes@ts3.6',
1 verbose cli   '@types/range-parser@ts3.6',
1 verbose cli   '@types/react-dev-utils@ts3.6',
1 verbose cli   '@types/react-is@ts3.6',
1 verbose cli   '@types/react-refresh@ts3.6',
1 verbose cli   '@types/react-router@ts3.6',
1 verbose cli   '@types/react-test-renderer@ts3.6',
1 verbose cli   '@types/readable-stream@ts3.6',
1 verbose cli   '@types/recursive-readdir@ts3.6',
1 verbose cli   '@types/regenerate@ts3.6',
1 verbose cli   '@types/regenerator-runtime@ts3.6',
1 verbose cli   '@types/regex-not@ts3.6',
1 verbose cli   '@types/relateurl@ts3.6',
1 verbose cli   ... 111 more items
1 verbose cli ]
2 info using npm@6.14.6
3 info using node@v12.18.3
4 verbose npm-session e6ae6bf557cb208d
5 silly install loadCurrentTree
6 silly install readLocalPackageData
7 http fetch GET 304 https://registry.npmjs.org/@types%2fmethods 336ms (from cache)
8 http fetch GET 304 https://registry.npmjs.org/@types%2fmemorystream 339ms (from cache)
9 http fetch GET 304 https://registry.npmjs.org/@types%2fmerge2 340ms (from cache)
10 silly pacote tag manifest for @types/memorystream@ts3.6 fetched in 346ms
11 silly pacote tag manifest for @types/methods@ts3.6 fetched in 344ms
12 silly pacote tag manifest for @types/merge2@ts3.6 fetched in 349ms
13 http fetch GET 304 https://registry.npmjs.org/@types%2fmime-db 361ms (from cache)
14 http fetch GET 304 https://registry.npmjs.org/@types%2fmicromatch 363ms (from cache)
15 http fetch GET 304 https://registry.npmjs.org/@types%2fmemory-fs 367ms (from cache)
16 http fetch GET 304 https://registry.npmjs.org/@types%2fmedia-typer 370ms (from cache)
17 http fetch GET 304 https://registry.npmjs.org/@types%2fmerge-descriptors 366ms (from cache)
18 http fetch GET 304 https://registry.npmjs.org/@types%2fmerge-stream 368ms (from cache)
19 http fetch GET 304 https://registry.npmjs.org/@types%2fmime 366ms (from cache)
20 silly pacote tag manifest for @types/micromatch@ts3.6 fetched in 368ms
21 silly pacote tag manifest for @types/mime-db@ts3.6 fetched in 367ms
22 silly pacote tag manifest for @types/media-typer@ts3.6 fetched in 379ms
23 silly pacote tag manifest for @types/memory-fs@ts3.6 fetched in 375ms
24 silly pacote tag manifest for @types/merge-descriptors@ts3.6 fetched in 375ms
25 silly pacote tag manifest for @types/merge-stream@ts3.6 fetched in 375ms
26 silly pacote tag manifest for @types/mime@ts3.6 fetched in 373ms
27 http fetch GET 304 https://registry.npmjs.org/@types%2fminimalistic-assert 67ms (from cache)
28 http fetch GET 304 https://registry.npmjs.org/@types%2fmin-indent 71ms (from cache)
29 silly pacote tag manifest for @types/minimalistic-assert@ts3.6 fetched in 70ms
30 silly pacote tag manifest for @types/min-indent@ts3.6 fetched in 73ms
31 http fetch GET 304 https://registry.npmjs.org/@types%2fmime-types 139ms (from cache)
32 http fetch GET 304 https://registry.npmjs.org/@types%2fminimatch 118ms (from cache)
33 http fetch GET 304 https://registry.npmjs.org/@types%2fminizlib 117ms (from cache)
34 silly pacote tag manifest for @types/mime-types@ts3.6 fetched in 144ms
35 http fetch GET 304 https://registry.npmjs.org/@types%2fmove-concurrently 117ms (from cache)
36 http fetch GET 304 https://registry.npmjs.org/@types%2fms 118ms (from cache)
37 http fetch GET 304 https://registry.npmjs.org/@types%2fmkdirp 121ms (from cache)
38 http fetch GET 304 https://registry.npmjs.org/@types%2fminimist 124ms (from cache)
39 silly pacote tag manifest for @types/minimatch@ts3.6 fetched in 125ms
40 silly pacote tag manifest for @types/minizlib@ts3.6 fetched in 124ms
41 silly pacote tag manifest for @types/move-concurrently@ts3.6 fetched in 126ms
42 silly pacote tag manifest for @types/mkdirp@ts3.6 fetched in 130ms
43 silly pacote tag manifest for @types/ms@ts3.6 fetched in 129ms
44 silly pacote tag manifest for @types/minimist@ts3.6 fetched in 134ms
45 http fetch GET 304 https://registry.npmjs.org/@types%2fmulticast-dns 98ms (from cache)
46 silly pacote tag manifest for @types/multicast-dns@ts3.6 fetched in 113ms
47 http fetch GET 304 https://registry.npmjs.org/@types%2fnatural-compare 73ms (from cache)
48 silly pacote tag manifest for @types/natural-compare@ts3.6 fetched in 75ms
49 http fetch GET 304 https://registry.npmjs.org/@types%2fnegotiator 87ms (from cache)
50 silly pacote tag manifest for @types/negotiator@ts3.6 fetched in 89ms
51 http fetch GET 304 https://registry.npmjs.org/@types%2fnext-tick 94ms (from cache)
52 silly pacote tag manifest for @types/next-tick@ts3.6 fetched in 98ms
53 http fetch GET 304 https://registry.npmjs.org/@types%2fnode-forge 104ms (from cache)
54 silly pacote tag manifest for @types/node-forge@ts3.6 fetched in 106ms
55 http fetch GET 304 https://registry.npmjs.org/@types%2fnode-int64 86ms (from cache)
56 silly pacote tag manifest for @types/node-int64@ts3.6 fetched in 90ms
57 http fetch GET 304 https://registry.npmjs.org/@types%2fnice-try 143ms (from cache)
58 silly pacote tag manifest for @types/nice-try@ts3.6 fetched in 147ms
59 http fetch GET 304 https://registry.npmjs.org/@types%2fnormalize-package-data 93ms (from cache)
60 http fetch GET 304 https://registry.npmjs.org/@types%2fnode-notifier 114ms (from cache)
61 silly pacote tag manifest for @types/normalize-package-data@ts3.6 fetched in 96ms
62 silly pacote tag manifest for @types/node-notifier@ts3.6 fetched in 117ms
63 http fetch GET 304 https://registry.npmjs.org/@types%2fnormalize-path 90ms (from cache)
64 silly pacote tag manifest for @types/normalize-path@ts3.6 fetched in 96ms
65 http fetch GET 304 https://registry.npmjs.org/@types%2fnum2fraction 102ms (from cache)
66 http fetch GET 304 https://registry.npmjs.org/@types%2fnwsapi 95ms (from cache)
67 silly pacote tag manifest for @types/num2fraction@ts3.6 fetched in 104ms
68 silly pacote tag manifest for @types/nwsapi@ts3.6 fetched in 99ms
69 http fetch GET 304 https://registry.npmjs.org/@types%2fobject-keys 83ms (from cache)
70 silly pacote tag manifest for @types/object-keys@ts3.6 fetched in 89ms
71 http fetch GET 304 https://registry.npmjs.org/@types%2fobject.fromentries 87ms (from cache)
72 http fetch GET 304 https://registry.npmjs.org/@types%2fobject-assign 128ms (from cache)
73 silly pacote tag manifest for @types/object.fromentries@ts3.6 fetched in 89ms
74 silly pacote tag manifest for @types/object-assign@ts3.6 fetched in 131ms
75 http fetch GET 304 https://registry.npmjs.org/@types%2fobject-inspect 116ms (from cache)
76 silly pacote tag manifest for @types/object-inspect@ts3.6 fetched in 118ms
77 http fetch GET 304 https://registry.npmjs.org/@types%2fobject.getownpropertydescriptors 100ms (from cache)
78 http fetch GET 304 https://registry.npmjs.org/@types%2fobject.pick 99ms (from cache)
79 silly pacote tag manifest for @types/object.getownpropertydescriptors@ts3.6 fetched in 102ms
80 silly pacote tag manifest for @types/object.pick@ts3.6 fetched in 101ms
81 http fetch GET 304 https://registry.npmjs.org/@types%2foptimize-css-assets-webpack-plugin 106ms (from cache)
82 http fetch GET 304 https://registry.npmjs.org/@types%2fonce 121ms (from cache)
83 http fetch GET 304 https://registry.npmjs.org/@types%2fon-headers 123ms (from cache)
84 http fetch GET 304 https://registry.npmjs.org/@types%2fon-finished 136ms (from cache)
85 silly pacote tag manifest for @types/optimize-css-assets-webpack-plugin@ts3.6 fetched in 109ms
86 silly pacote tag manifest for @types/once@ts3.6 fetched in 124ms
87 silly pacote tag manifest for @types/on-headers@ts3.6 fetched in 127ms
88 silly pacote tag manifest for @types/on-finished@ts3.6 fetched in 140ms
89 http fetch GET 304 https://registry.npmjs.org/@types%2fmoo 610ms (from cache)
90 silly pacote tag manifest for @types/moo@ts3.6 fetched in 612ms
91 http fetch GET 304 https://registry.npmjs.org/@types%2fparse-json 94ms (from cache)
92 http fetch GET 304 https://registry.npmjs.org/@types%2fparallel-transform 95ms (from cache)
93 silly pacote tag manifest for @types/parse-json@ts3.6 fetched in 97ms
94 silly pacote tag manifest for @types/parallel-transform@ts3.6 fetched in 99ms
95 http fetch GET 304 https://registry.npmjs.org/@types%2fmute-stream 604ms (from cache)
96 silly pacote tag manifest for @types/mute-stream@ts3.6 fetched in 607ms
97 http fetch GET 304 https://registry.npmjs.org/@types%2fparseurl 125ms (from cache)
98 silly pacote tag manifest for @types/parseurl@ts3.6 fetched in 127ms
99 http fetch GET 304 https://registry.npmjs.org/@types%2fpako 168ms (from cache)
100 silly pacote tag manifest for @types/pako@ts3.6 fetched in 171ms
101 http fetch GET 304 https://registry.npmjs.org/@types%2fpath-browserify 108ms (from cache)
102 silly registry:manifest no matching version for @types/path-browserify@ts3.6 in the cache. Forcing revalidation.
103 http fetch GET 304 https://registry.npmjs.org/@types%2fpascalcase 133ms (from cache)
104 http fetch GET 304 https://registry.npmjs.org/@types%2fpath-parse 84ms (from cache)
105 http fetch GET 304 https://registry.npmjs.org/@types%2fpath-is-absolute 114ms (from cache)
106 http fetch GET 304 https://registry.npmjs.org/@types%2fpath-is-inside 99ms (from cache)
107 silly pacote tag manifest for @types/pascalcase@ts3.6 fetched in 142ms
108 silly pacote tag manifest for @types/path-parse@ts3.6 fetched in 90ms
109 silly pacote tag manifest for @types/path-is-absolute@ts3.6 fetched in 121ms
110 silly pacote tag manifest for @types/path-is-inside@ts3.6 fetched in 105ms
111 http fetch GET 304 https://registry.npmjs.org/@types%2fnearley 659ms (from cache)
112 http fetch GET 304 https://registry.npmjs.org/@types%2fnode-fetch 648ms (from cache)
113 silly pacote tag manifest for @types/nearley@ts3.6 fetched in 664ms
114 http fetch GET 304 https://registry.npmjs.org/@types%2fpbkdf2 81ms (from cache)
115 silly pacote tag manifest for @types/node-fetch@ts3.6 fetched in 654ms
116 silly pacote tag manifest for @types/pbkdf2@ts3.6 fetched in 86ms
117 http fetch GET 304 https://registry.npmjs.org/@types%2fpicomatch 81ms (from cache)
118 http fetch GET 304 https://registry.npmjs.org/@types%2fpify 81ms (from cache)
119 silly pacote tag manifest for @types/picomatch@ts3.6 fetched in 83ms
120 http fetch GET 304 https://registry.npmjs.org/@types%2fpostcss-gap-properties 81ms (from cache)
121 silly pacote tag manifest for @types/pify@ts3.6 fetched in 84ms
122 silly pacote tag manifest for @types/postcss-gap-properties@ts3.6 fetched in 83ms
123 http fetch GET 304 https://registry.npmjs.org/@types%2fpostcss-modules-scope 87ms (from cache)
124 http fetch GET 304 https://registry.npmjs.org/@types%2fpostcss-modules-extract-imports 94ms (from cache)
125 http fetch GET 304 https://registry.npmjs.org/@types%2fpostcss-flexbugs-fixes 126ms (from cache)
126 silly pacote tag manifest for @types/postcss-modules-scope@ts3.6 fetched in 94ms
127 silly pacote tag manifest for @types/postcss-modules-extract-imports@ts3.6 fetched in 101ms
128 silly pacote tag manifest for @types/postcss-flexbugs-fixes@ts3.6 fetched in 131ms
129 http fetch GET 304 https://registry.npmjs.org/@types%2fpostcss-modules-local-by-default 119ms (from cache)
130 silly pacote tag manifest for @types/postcss-modules-local-by-default@ts3.6 fetched in 123ms
131 http fetch GET 304 https://registry.npmjs.org/@types%2fpostcss-modules-values 78ms (from cache)
132 http fetch GET 304 https://registry.npmjs.org/@types%2fpostcss-normalize 78ms (from cache)
133 silly pacote tag manifest for @types/postcss-modules-values@ts3.6 fetched in 83ms
134 http fetch GET 304 https://registry.npmjs.org/@types%2fpostcss-preset-env 79ms (from cache)
135 silly registry:manifest no matching version for @types/postcss-preset-env@ts3.6 in the cache. Forcing revalidation.
136 silly pacote tag manifest for @types/postcss-normalize@ts3.6 fetched in 83ms
137 http fetch GET 304 https://registry.npmjs.org/@types%2fprelude-ls 65ms (from cache)
138 silly pacote tag manifest for @types/prelude-ls@ts3.6 fetched in 67ms
139 http fetch GET 200 https://registry.npmjs.org/@types%2fprompts 89ms
140 silly pacote tag manifest for @types/prompts@ts3.6 fetched in 92ms
141 http fetch GET 304 https://registry.npmjs.org/@types%2fpromise-inflight 97ms (from cache)
142 http fetch GET 304 https://registry.npmjs.org/@types%2fprettier-linter-helpers 130ms (from cache)
143 http fetch GET 304 https://registry.npmjs.org/@types%2fpostcss-safe-parser 133ms (from cache)
144 silly pacote tag manifest for @types/promise-inflight@ts3.6 fetched in 101ms
145 silly pacote tag manifest for @types/prettier-linter-helpers@ts3.6 fetched in 135ms
146 silly pacote tag manifest for @types/postcss-safe-parser@ts3.6 fetched in 139ms
147 http fetch GET 304 https://registry.npmjs.org/@types%2fprogress 137ms (from cache)
148 http fetch GET 304 https://registry.npmjs.org/@types%2fprop-types 94ms (from cache)
149 silly pacote tag manifest for @types/progress@ts3.6 fetched in 140ms
150 silly pacote tag manifest for @types/prop-types@ts3.6 fetched in 98ms
151 http fetch GET 304 https://registry.npmjs.org/@types%2fproxy-addr 71ms (from cache)
152 silly pacote tag manifest for @types/proxy-addr@ts3.6 fetched in 75ms
153 http fetch GET 304 https://registry.npmjs.org/@types%2fpsl 78ms (from cache)
154 silly pacote tag manifest for @types/psl@ts3.6 fetched in 80ms
155 http fetch GET 304 https://registry.npmjs.org/@types%2fq 59ms (from cache)
156 silly pacote tag manifest for @types/q@ts3.6 fetched in 62ms
157 http fetch GET 304 https://registry.npmjs.org/@types%2fpunycode 78ms (from cache)
158 silly pacote tag manifest for @types/punycode@ts3.6 fetched in 81ms
159 http fetch GET 304 https://registry.npmjs.org/@types%2fpump 189ms (from cache)
160 http fetch GET 304 https://registry.npmjs.org/@types%2foriginal 768ms (from cache)
161 http fetch GET 304 https://registry.npmjs.org/@types%2fpumpify 190ms (from cache)
162 http fetch GET 304 https://registry.npmjs.org/@types%2fqs 125ms (from cache)
163 silly pacote tag manifest for @types/original@ts3.6 fetched in 772ms
164 silly pacote tag manifest for @types/pumpify@ts3.6 fetched in 196ms
165 silly pacote tag manifest for @types/qs@ts3.6 fetched in 131ms
166 silly pacote tag manifest for @types/pump@ts3.6 fetched in 197ms
167 http fetch GET 304 https://registry.npmjs.org/@types%2fraf 127ms (from cache)
168 http fetch GET 304 https://registry.npmjs.org/@types%2fquerystringify 142ms (from cache)
169 silly pacote tag manifest for @types/raf@ts3.6 fetched in 130ms
170 silly pacote tag manifest for @types/querystringify@ts3.6 fetched in 146ms
171 http fetch GET 304 https://registry.npmjs.org/@types%2frandombytes 124ms (from cache)
172 silly pacote tag manifest for @types/randombytes@ts3.6 fetched in 127ms
173 http fetch GET 304 https://registry.npmjs.org/@types%2freact-is 74ms (from cache)
174 silly pacote tag manifest for @types/react-is@ts3.6 fetched in 76ms
175 http fetch GET 304 https://registry.npmjs.org/@types%2freact-refresh 89ms (from cache)
176 silly registry:manifest no matching version for @types/react-refresh@ts3.6 in the cache. Forcing revalidation.
177 http fetch GET 304 https://registry.npmjs.org/@types%2frange-parser 114ms (from cache)
178 http fetch GET 304 https://registry.npmjs.org/@types%2freact-dev-utils 113ms (from cache)
179 http fetch GET 304 https://registry.npmjs.org/@types%2freact-router 91ms (from cache)
180 silly pacote tag manifest for @types/range-parser@ts3.6 fetched in 118ms
181 silly pacote tag manifest for @types/react-dev-utils@ts3.6 fetched in 118ms
182 silly pacote tag manifest for @types/react-router@ts3.6 fetched in 95ms
183 http fetch GET 304 https://registry.npmjs.org/@types%2freadable-stream 101ms (from cache)
184 silly pacote tag manifest for @types/readable-stream@ts3.6 fetched in 103ms
185 http fetch GET 200 https://registry.npmjs.org/@types%2fpath-browserify 660ms
186 silly fetchPackageMetaData error for @types/path-browserify@ts3.6 No matching version found for @types/path-browserify@ts3.6.
187 http fetch GET 304 https://registry.npmjs.org/@types%2frecursive-readdir 107ms (from cache)
188 silly pacote tag manifest for @types/recursive-readdir@ts3.6 fetched in 112ms
189 http fetch GET 304 https://registry.npmjs.org/@types%2fregenerator-runtime 94ms (from cache)
190 http fetch GET 304 https://registry.npmjs.org/@types%2fregex-not 92ms (from cache)
191 http fetch GET 304 https://registry.npmjs.org/@types%2frelateurl 71ms (from cache)
192 silly registry:manifest no matching version for @types/regex-not@ts3.6 in the cache. Forcing revalidation.
193 http fetch GET 304 https://registry.npmjs.org/@types%2fregenerate 99ms (from cache)
194 silly registry:manifest no matching version for @types/regenerate@ts3.6 in the cache. Forcing revalidation.
195 silly pacote tag manifest for @types/regenerator-runtime@ts3.6 fetched in 101ms
196 silly pacote tag manifest for @types/relateurl@ts3.6 fetched in 79ms
197 http fetch GET 304 https://registry.npmjs.org/@types%2frepeat-string 134ms (from cache)
198 http fetch GET 304 https://registry.npmjs.org/@types%2frepeat-element 142ms (from cache)
199 silly pacote tag manifest for @types/repeat-string@ts3.6 fetched in 137ms
200 silly pacote tag manifest for @types/repeat-element@ts3.6 fetched in 145ms
201 http fetch GET 200 https://registry.npmjs.org/@types%2fpostcss-preset-env 642ms
202 silly fetchPackageMetaData error for @types/postcss-preset-env@ts3.6 No matching version found for @types/postcss-preset-env@ts3.6.
203 http fetch GET 304 https://registry.npmjs.org/@types%2frequire-directory 131ms (from cache)
204 silly pacote tag manifest for @types/require-directory@ts3.6 fetched in 133ms
205 http fetch GET 304 https://registry.npmjs.org/@types%2frequire-from-string 130ms (from cache)
206 silly pacote tag manifest for @types/require-from-string@ts3.6 fetched in 132ms
207 http fetch GET 304 https://registry.npmjs.org/@types%2fripemd160 98ms (from cache)
208 silly pacote tag manifest for @types/ripemd160@ts3.6 fetched in 101ms
209 http fetch GET 304 https://registry.npmjs.org/@types%2fresolve 130ms (from cache)
210 http fetch GET 304 https://registry.npmjs.org/@types%2frimraf 105ms (from cache)
211 silly pacote tag manifest for @types/resolve@ts3.6 fetched in 135ms
212 silly pacote tag manifest for @types/rimraf@ts3.6 fetched in 112ms
213 http fetch GET 304 https://registry.npmjs.org/@types%2frequires-port 147ms (from cache)
214 silly pacote tag manifest for @types/requires-port@ts3.6 fetched in 149ms
215 http fetch GET 304 https://registry.npmjs.org/@types%2fretry 148ms (from cache)
216 silly pacote tag manifest for @types/retry@ts3.6 fetched in 150ms
217 http fetch GET 304 https://registry.npmjs.org/@types%2frun-parallel 63ms (from cache)
218 silly pacote tag manifest for @types/run-parallel@ts3.6 fetched in 65ms
219 http fetch GET 304 https://registry.npmjs.org/@types%2frsvp 120ms (from cache)
220 http fetch GET 304 https://registry.npmjs.org/@types%2fsafe-regex 113ms (from cache)
221 http fetch GET 304 https://registry.npmjs.org/@types%2fsafer-buffer 104ms (from cache)
222 silly pacote tag manifest for @types/rsvp@ts3.6 fetched in 125ms
223 silly pacote tag manifest for @types/safe-regex@ts3.6 fetched in 116ms
224 silly pacote tag manifest for @types/safer-buffer@ts3.6 fetched in 107ms
225 http fetch GET 304 https://registry.npmjs.org/@types%2fsane 111ms (from cache)
226 silly pacote tag manifest for @types/sane@ts3.6 fetched in 113ms
227 http fetch GET 304 https://registry.npmjs.org/@types%2fsass-loader 101ms (from cache)
228 http fetch GET 304 https://registry.npmjs.org/@types%2freact-test-renderer 606ms (from cache)
229 silly pacote tag manifest for @types/sass-loader@ts3.6 fetched in 104ms
230 silly pacote tag manifest for @types/react-test-renderer@ts3.6 fetched in 609ms
231 http fetch GET 304 https://registry.npmjs.org/@types%2fos-tmpdir 1439ms (from cache)
232 http fetch GET 304 https://registry.npmjs.org/@types%2fscheduler 87ms (from cache)
233 silly pacote tag manifest for @types/os-tmpdir@ts3.6 fetched in 1446ms
234 http fetch GET 304 https://registry.npmjs.org/@types%2fsemver 66ms (from cache)
235 silly pacote tag manifest for @types/scheduler@ts3.6 fetched in 104ms
236 silly pacote tag manifest for @types/semver@ts3.6 fetched in 92ms
237 http fetch GET 200 https://registry.npmjs.org/@types%2freact-refresh 626ms
238 silly fetchPackageMetaData error for @types/react-refresh@ts3.6 No matching version found for @types/react-refresh@ts3.6.
239 http fetch GET 304 https://registry.npmjs.org/@types%2fsax 140ms (from cache)
240 http fetch GET 304 https://registry.npmjs.org/@types%2fselfsigned 139ms (from cache)
241 silly registry:manifest no matching version for @types/selfsigned@ts3.6 in the cache. Forcing revalidation.
242 silly pacote tag manifest for @types/sax@ts3.6 fetched in 147ms
243 http fetch GET 304 https://registry.npmjs.org/@types%2fsend 132ms (from cache)
244 silly pacote tag manifest for @types/send@ts3.6 fetched in 136ms
245 http fetch GET 304 https://registry.npmjs.org/@types%2fsemver-compare 143ms (from cache)
246 silly pacote tag manifest for @types/semver-compare@ts3.6 fetched in 146ms
247 http fetch GET 200 https://registry.npmjs.org/@types%2fregenerate 646ms
248 silly fetchPackageMetaData error for @types/regenerate@ts3.6 No matching version found for @types/regenerate@ts3.6.
249 http fetch GET 304 https://registry.npmjs.org/@types%2fserve-static 216ms (from cache)
250 silly pacote tag manifest for @types/serve-static@ts3.6 fetched in 218ms
251 http fetch GET 304 https://registry.npmjs.org/@types%2fserialize-javascript 269ms (from cache)
252 http fetch GET 304 https://registry.npmjs.org/@types%2fset-value 171ms (from cache)
253 http fetch GET 304 https://registry.npmjs.org/@types%2fserve-index 253ms (from cache)
254 silly pacote tag manifest for @types/serialize-javascript@ts3.6 fetched in 273ms
255 silly pacote tag manifest for @types/set-value@ts3.6 fetched in 175ms
256 silly pacote tag manifest for @types/serve-index@ts3.6 fetched in 258ms
257 http fetch GET 200 https://registry.npmjs.org/@types%2fset-blocking 251ms
258 silly fetchPackageMetaData error for @types/set-blocking@ts3.6 No matching version found for @types/set-blocking@ts3.6.
259 http fetch GET 304 https://registry.npmjs.org/@types%2fsetimmediate 192ms (from cache)
260 silly pacote tag manifest for @types/setimmediate@ts3.6 fetched in 196ms
261 http fetch GET 304 https://registry.npmjs.org/@types%2fsha.js 121ms (from cache)
262 silly pacote tag manifest for @types/sha.js@ts3.6 fetched in 123ms
263 http fetch GET 304 https://registry.npmjs.org/@types%2fshebang-command 92ms (from cache)
264 silly pacote tag manifest for @types/shebang-command@ts3.6 fetched in 94ms
265 http fetch GET 304 https://registry.npmjs.org/@types%2fsignal-exit 104ms (from cache)
266 http fetch GET 304 https://registry.npmjs.org/@types%2fshell-quote 107ms (from cache)
267 http fetch GET 304 https://registry.npmjs.org/@types%2fsimple-swizzle 103ms (from cache)
268 silly registry:manifest no matching version for @types/simple-swizzle@ts3.6 in the cache. Forcing revalidation.
269 silly pacote tag manifest for @types/signal-exit@ts3.6 fetched in 108ms
270 http fetch GET 304 https://registry.npmjs.org/@types%2fsockjs 79ms (from cache)
271 silly pacote tag manifest for @types/shell-quote@ts3.6 fetched in 114ms
272 http fetch GET 304 https://registry.npmjs.org/@types%2fslice-ansi 90ms (from cache)
273 silly pacote tag manifest for @types/sockjs@ts3.6 fetched in 85ms
274 silly pacote tag manifest for @types/slice-ansi@ts3.6 fetched in 96ms
275 http fetch GET 304 https://registry.npmjs.org/@types%2fsockjs-client 83ms (from cache)
276 silly pacote tag manifest for @types/sockjs-client@ts3.6 fetched in 90ms
277 http fetch GET 304 https://registry.npmjs.org/@types%2fsource-list-map 75ms (from cache)
278 silly pacote tag manifest for @types/source-list-map@ts3.6 fetched in 77ms
279 http fetch GET 304 https://registry.npmjs.org/@types%2fspdx-correct 61ms (from cache)
280 silly pacote tag manifest for @types/spdx-correct@ts3.6 fetched in 62ms
281 http fetch GET 304 https://registry.npmjs.org/@types%2fsource-map-support 75ms (from cache)
282 silly pacote tag manifest for @types/source-map-support@ts3.6 fetched in 78ms
283 http fetch GET 304 https://registry.npmjs.org/@types%2fsprintf 73ms (from cache)
284 silly pacote tag manifest for @types/sprintf@ts3.6 fetched in 76ms
285 http fetch GET 304 https://registry.npmjs.org/@types%2fsprintf-js 62ms (from cache)
286 http fetch GET 304 https://registry.npmjs.org/@types%2fspdx-expression-parse 93ms (from cache)
287 http fetch GET 304 https://registry.npmjs.org/@types%2fspdy 90ms (from cache)
288 silly pacote tag manifest for @types/sprintf-js@ts3.6 fetched in 67ms
289 silly pacote tag manifest for @types/spdx-expression-parse@ts3.6 fetched in 97ms
290 silly pacote tag manifest for @types/spdy@ts3.6 fetched in 95ms
291 http fetch GET 304 https://registry.npmjs.org/@types%2fssri 77ms (from cache)
292 silly pacote tag manifest for @types/ssri@ts3.6 fetched in 80ms
293 http fetch GET 304 https://registry.npmjs.org/@types%2fstack-utils 86ms (from cache)
294 http fetch GET 304 https://registry.npmjs.org/@types%2fstatuses 69ms (from cache)
295 silly pacote tag manifest for @types/stack-utils@ts3.6 fetched in 88ms
296 silly pacote tag manifest for @types/statuses@ts3.6 fetched in 72ms
297 http fetch GET 304 https://registry.npmjs.org/@types%2fstream-each 79ms (from cache)
298 silly pacote tag manifest for @types/stream-each@ts3.6 fetched in 81ms
299 http fetch GET 304 https://registry.npmjs.org/@types%2fstrict-uri-encode 96ms (from cache)
300 silly pacote tag manifest for @types/strict-uri-encode@ts3.6 fetched in 97ms
301 http fetch GET 304 https://registry.npmjs.org/@types%2fstream-shift 100ms (from cache)
302 silly pacote tag manifest for @types/stream-shift@ts3.6 fetched in 102ms
303 http fetch GET 304 https://registry.npmjs.org/@types%2fstring-natural-compare 77ms (from cache)
304 http fetch GET 304 https://registry.npmjs.org/@types%2fstringify-object 55ms (from cache)
305 silly pacote tag manifest for @types/string-natural-compare@ts3.6 fetched in 79ms
306 silly pacote tag manifest for @types/stringify-object@ts3.6 fetched in 57ms
307 http fetch GET 304 https://registry.npmjs.org/@types%2fstrip-comments 79ms (from cache)
308 http fetch GET 304 https://registry.npmjs.org/@types%2fstring.prototype.matchall 97ms (from cache)
309 http fetch GET 304 https://registry.npmjs.org/@types%2fsupports-color 59ms (from cache)
310 silly pacote tag manifest for @types/strip-comments@ts3.6 fetched in 82ms
311 silly pacote tag manifest for @types/string.prototype.matchall@ts3.6 fetched in 100ms
312 silly pacote tag manifest for @types/supports-color@ts3.6 fetched in 62ms
313 http fetch GET 304 https://registry.npmjs.org/@types%2fstrip-final-newline 78ms (from cache)
314 silly pacote tag manifest for @types/strip-final-newline@ts3.6 fetched in 80ms
315 http fetch GET 304 https://registry.npmjs.org/@types%2fsvgo 74ms (from cache)
316 silly pacote tag manifest for @types/svgo@ts3.6 fetched in 75ms
317 http fetch GET 304 https://registry.npmjs.org/@types%2fsvg-parser 76ms (from cache)
318 silly pacote tag manifest for @types/svg-parser@ts3.6 fetched in 79ms
319 http fetch GET 304 https://registry.npmjs.org/@types%2fsymbol-tree 85ms (from cache)
320 http fetch GET 304 https://registry.npmjs.org/@types%2ftar 84ms (from cache)
321 http fetch GET 304 https://registry.npmjs.org/@types%2ftapable 86ms (from cache)
322 silly pacote tag manifest for @types/symbol-tree@ts3.6 fetched in 88ms
323 silly pacote tag manifest for @types/tar@ts3.6 fetched in 88ms
324 silly pacote tag manifest for @types/tapable@ts3.6 fetched in 90ms
325 http fetch GET 304 https://registry.npmjs.org/@types%2fthrough 72ms (from cache)
326 http fetch GET 304 https://registry.npmjs.org/@types%2ftext-table 93ms (from cache)
327 silly pacote tag manifest for @types/through@ts3.6 fetched in 75ms
328 silly pacote tag manifest for @types/text-table@ts3.6 fetched in 95ms
329 http fetch GET 200 https://registry.npmjs.org/@types%2fselfsigned 723ms
330 silly fetchPackageMetaData error for @types/selfsigned@ts3.6 No matching version found for @types/selfsigned@ts3.6.
331 http fetch GET 304 https://registry.npmjs.org/@types%2fset-cookie-parser 736ms (from cache)
332 silly pacote tag manifest for @types/set-cookie-parser@ts3.6 fetched in 738ms
333 http fetch GET 304 https://registry.npmjs.org/@types%2fthunky 75ms (from cache)
334 silly pacote tag manifest for @types/thunky@ts3.6 fetched in 77ms
335 http fetch GET 304 https://registry.npmjs.org/@types%2ftimsort 90ms (from cache)
336 http fetch GET 304 https://registry.npmjs.org/@types%2ftmpl 72ms (from cache)
337 silly registry:manifest no matching version for @types/tmpl@ts3.6 in the cache. Forcing revalidation.
338 silly pacote tag manifest for @types/timsort@ts3.6 fetched in 100ms
339 http fetch GET 304 https://registry.npmjs.org/@types%2fto-regex 107ms (from cache)
340 silly registry:manifest no matching version for @types/to-regex@ts3.6 in the cache. Forcing revalidation.
341 http fetch GET 304 https://registry.npmjs.org/@types%2fto-regex-range 97ms (from cache)
342 silly registry:manifest no matching version for @types/to-regex-range@ts3.6 in the cache. Forcing revalidation.
343 http fetch GET 304 https://registry.npmjs.org/@types%2ftough-cookie 91ms (from cache)
344 silly pacote tag manifest for @types/tough-cookie@ts3.6 fetched in 96ms
345 http fetch GET 304 https://registry.npmjs.org/@types%2ftr46 78ms (from cache)
346 silly registry:manifest no matching version for @types/tr46@ts3.6 in the cache. Forcing revalidation.
347 http fetch GET 304 https://registry.npmjs.org/@types%2fthrough2 213ms (from cache)
348 silly pacote tag manifest for @types/through2@ts3.6 fetched in 215ms
349 http fetch GET 304 https://registry.npmjs.org/@types%2ftryer 85ms (from cache)
350 silly pacote tag manifest for @types/tryer@ts3.6 fetched in 86ms
351 http fetch GET 200 https://registry.npmjs.org/@types%2fsimple-swizzle 607ms
352 silly fetchPackageMetaData error for @types/simple-swizzle@ts3.6 No matching version found for @types/simple-swizzle@ts3.6.
353 http fetch GET 304 https://registry.npmjs.org/@types%2ftype-check 122ms (from cache)
354 silly pacote tag manifest for @types/type-check@ts3.6 fetched in 126ms
355 http fetch GET 304 https://registry.npmjs.org/@types%2ftype-is 90ms (from cache)
356 silly pacote tag manifest for @types/type-is@ts3.6 fetched in 92ms
357 http fetch GET 304 https://registry.npmjs.org/@types%2ftype-detect 160ms (from cache)
358 silly pacote tag manifest for @types/type-detect@ts3.6 fetched in 163ms
359 http fetch GET 304 https://registry.npmjs.org/@types%2ftypedarray-to-buffer 111ms (from cache)
360 silly registry:manifest no matching version for @types/typedarray-to-buffer@ts3.6 in the cache. Forcing revalidation.
361 http fetch GET 304 https://registry.npmjs.org/@types%2funiversalify 96ms (from cache)
362 http fetch GET 304 https://registry.npmjs.org/@types%2funiq 100ms (from cache)
363 silly pacote tag manifest for @types/universalify@ts3.6 fetched in 99ms
364 silly pacote tag manifest for @types/uniq@ts3.6 fetched in 103ms
365 http fetch GET 304 https://registry.npmjs.org/@types%2furix 113ms (from cache)
366 silly pacote tag manifest for @types/urix@ts3.6 fetched in 116ms
367 http fetch GET 304 https://registry.npmjs.org/@types%2furl-parse 127ms (from cache)
368 http fetch GET 304 https://registry.npmjs.org/@types%2futil-deprecate 127ms (from cache)
369 silly pacote tag manifest for @types/url-parse@ts3.6 fetched in 130ms
370 silly pacote tag manifest for @types/util-deprecate@ts3.6 fetched in 129ms
371 http fetch GET 304 https://registry.npmjs.org/@types%2futil.promisify 78ms (from cache)
372 silly pacote tag manifest for @types/util.promisify@ts3.6 fetched in 79ms
373 http fetch GET 304 https://registry.npmjs.org/@types%2fvalidate-npm-package-license 107ms (from cache)
374 silly pacote tag manifest for @types/validate-npm-package-license@ts3.6 fetched in 109ms
375 http fetch GET 304 https://registry.npmjs.org/@types%2ftmp 617ms (from cache)
376 http fetch GET 304 https://registry.npmjs.org/@types%2fvary 96ms (from cache)
377 silly pacote tag manifest for @types/tmp@ts3.6 fetched in 620ms
378 silly pacote tag manifest for @types/vary@ts3.6 fetched in 99ms
379 http fetch GET 304 https://registry.npmjs.org/@types%2futils-merge 133ms (from cache)
380 silly pacote tag manifest for @types/utils-merge@ts3.6 fetched in 136ms
381 http fetch GET 200 https://registry.npmjs.org/@types%2ftmpl 594ms
382 silly fetchPackageMetaData error for @types/tmpl@ts3.6 No matching version found for @types/tmpl@ts3.6.
383 http fetch GET 304 https://registry.npmjs.org/@types%2fw3c-xmlserializer 66ms (from cache)
384 silly pacote tag manifest for @types/w3c-xmlserializer@ts3.6 fetched in 70ms
385 http fetch GET 304 https://registry.npmjs.org/@types%2fw3c-hr-time 83ms (from cache)
386 silly pacote tag manifest for @types/w3c-hr-time@ts3.6 fetched in 88ms
387 http fetch GET 304 https://registry.npmjs.org/@types%2fwatchpack 91ms (from cache)
388 silly pacote tag manifest for @types/watchpack@ts3.6 fetched in 93ms
389 http fetch GET 200 https://registry.npmjs.org/@types%2fto-regex 596ms
390 silly fetchPackageMetaData error for @types/to-regex@ts3.6 No matching version found for @types/to-regex@ts3.6.
391 http fetch GET 200 https://registry.npmjs.org/@types%2ftr46 656ms
392 silly fetchPackageMetaData error for @types/tr46@ts3.6 No matching version found for @types/tr46@ts3.6.
393 http fetch GET 200 https://registry.npmjs.org/@types%2fto-regex-range 680ms
394 silly fetchPackageMetaData error for @types/to-regex-range@ts3.6 No matching version found for @types/to-regex-range@ts3.6.
395 http fetch GET 304 https://registry.npmjs.org/@types%2fwebpack-manifest-plugin 115ms (from cache)
396 http fetch GET 304 https://registry.npmjs.org/@types%2fwebidl-conversions 135ms (from cache)
397 http fetch GET 304 https://registry.npmjs.org/@types%2fwhatwg-encoding 97ms (from cache)
398 http fetch GET 304 https://registry.npmjs.org/@types%2fwebpack-sources 110ms (from cache)
399 http fetch GET 304 https://registry.npmjs.org/@types%2fwebpack 134ms (from cache)
400 silly pacote tag manifest for @types/webpack-manifest-plugin@ts3.6 fetched in 121ms
401 silly pacote tag manifest for @types/webidl-conversions@ts3.6 fetched in 141ms
402 silly pacote tag manifest for @types/whatwg-encoding@ts3.6 fetched in 104ms
403 silly pacote tag manifest for @types/webpack-sources@ts3.6 fetched in 116ms
404 silly pacote tag manifest for @types/webpack@ts3.6 fetched in 141ms
405 http fetch GET 304 https://registry.npmjs.org/@types%2fwhatwg-mimetype 65ms (from cache)
406 silly pacote tag manifest for @types/whatwg-mimetype@ts3.6 fetched in 66ms
407 http fetch GET 304 https://registry.npmjs.org/@types%2fwhatwg-url 75ms (from cache)
408 silly pacote tag manifest for @types/whatwg-url@ts3.6 fetched in 77ms
409 http fetch GET 304 https://registry.npmjs.org/@types%2fworkbox-sw 126ms (from cache)
410 http fetch GET 304 https://registry.npmjs.org/@types%2fwhich 130ms (from cache)
411 http fetch GET 304 https://registry.npmjs.org/@types%2fworkbox-build 129ms (from cache)
412 http fetch GET 304 https://registry.npmjs.org/@types%2fworkbox-webpack-plugin 126ms (from cache)
413 http fetch GET 304 https://registry.npmjs.org/@types%2fwhich-pm-runs 133ms (from cache)
414 silly pacote tag manifest for @types/workbox-sw@ts3.6 fetched in 131ms
415 silly pacote tag manifest for @types/which@ts3.6 fetched in 135ms
416 silly pacote tag manifest for @types/workbox-build@ts3.6 fetched in 134ms
417 silly pacote tag manifest for @types/workbox-webpack-plugin@ts3.6 fetched in 131ms
418 silly pacote tag manifest for @types/which-pm-runs@ts3.6 fetched in 138ms
419 http fetch GET 304 https://registry.npmjs.org/@types%2fwrap-ansi 102ms (from cache)
420 http fetch GET 304 https://registry.npmjs.org/@types%2fwrite-file-atomic 90ms (from cache)
421 silly pacote tag manifest for @types/wrap-ansi@ts3.6 fetched in 105ms
422 silly pacote tag manifest for @types/write-file-atomic@ts3.6 fetched in 92ms
423 http fetch GET 304 https://registry.npmjs.org/@types%2fyargs 60ms (from cache)
424 silly pacote tag manifest for @types/yargs@ts3.6 fetched in 74ms
425 http fetch GET 304 https://registry.npmjs.org/@types%2fws 82ms (from cache)
426 silly pacote tag manifest for @types/ws@ts3.6 fetched in 85ms
427 http fetch GET 304 https://registry.npmjs.org/@types%2fxtend 83ms (from cache)
428 silly pacote tag manifest for @types/xtend@ts3.6 fetched in 89ms
429 http fetch GET 200 https://registry.npmjs.org/@types%2ftypedarray-to-buffer 694ms
430 silly fetchPackageMetaData error for @types/typedarray-to-buffer@ts3.6 No matching version found for @types/typedarray-to-buffer@ts3.6.
431 http fetch GET 304 https://registry.npmjs.org/@types%2fyargs-parser 96ms (from cache)
432 http fetch GET 304 https://registry.npmjs.org/@types%2fyallist 115ms (from cache)
433 http fetch GET 200 https://registry.npmjs.org/@types%2fxml-name-validator 117ms
434 silly fetchPackageMetaData error for @types/xml-name-validator@ts3.6 No matching version found for @types/xml-name-validator@ts3.6.
435 silly pacote tag manifest for @types/yargs-parser@ts3.6 fetched in 99ms
436 silly pacote tag manifest for @types/yallist@ts3.6 fetched in 117ms
437 http fetch GET 304 https://registry.npmjs.org/@types%2fwcwidth 613ms (from cache)
438 silly pacote tag manifest for @types/wcwidth@ts3.6 fetched in 615ms
439 http fetch GET 200 https://registry.npmjs.org/@types%2fregex-not 5653ms
440 silly fetchPackageMetaData error for @types/regex-not@ts3.6 No matching version found for @types/regex-not@ts3.6.
441 timing stage:rollbackFailedOptional Completed in 1ms
442 timing stage:runTopLevelLifecycles Completed in 7660ms
443 verbose type tag
444 verbose stack @types/path-browserify: No matching version found for @types/path-browserify@ts3.6.
444 verbose stack     at pickManifest (/usr/local/lib/node_modules/npm/node_modules/npm-pick-manifest/index.js:122:13)
444 verbose stack     at /usr/local/lib/node_modules/npm/node_modules/pacote/lib/fetchers/registry/manifest.js:43:18
444 verbose stack     at tryCatcher (/usr/local/lib/node_modules/npm/node_modules/bluebird/js/release/util.js:16:23)
444 verbose stack     at Promise._settlePromiseFromHandler (/usr/local/lib/node_modules/npm/node_modules/bluebird/js/release/promise.js:517:31)
444 verbose stack     at Promise._settlePromise (/usr/local/lib/node_modules/npm/node_modules/bluebird/js/release/promise.js:574:18)
444 verbose stack     at Promise._settlePromise0 (/usr/local/lib/node_modules/npm/node_modules/bluebird/js/release/promise.js:619:10)
444 verbose stack     at Promise._settlePromises (/usr/local/lib/node_modules/npm/node_modules/bluebird/js/release/promise.js:699:18)
444 verbose stack     at _drainQueueStep (/usr/local/lib/node_modules/npm/node_modules/bluebird/js/release/async.js:138:12)
444 verbose stack     at _drainQueue (/usr/local/lib/node_modules/npm/node_modules/bluebird/js/release/async.js:131:9)
444 verbose stack     at Async._drainQueues (/usr/local/lib/node_modules/npm/node_modules/bluebird/js/release/async.js:147:5)
444 verbose stack     at Immediate.Async.drainQueues [as _onImmediate] (/usr/local/lib/node_modules/npm/node_modules/bluebird/js/release/async.js:17:14)
444 verbose stack     at processImmediate (internal/timers.js:456:21)
445 verbose cwd /home/theia/.cache/typescript/3.6
446 verbose Linux 5.10.16.3-microsoft-standard-WSL2
447 verbose argv "/usr/local/bin/node" "/usr/local/bin/npm" "install" "--ignore-scripts" "@types/media-typer@ts3.6" "@types/memory-fs@ts3.6" "@types/memorystream@ts3.6" "@types/merge-descriptors@ts3.6" "@types/merge-stream@ts3.6" "@types/merge2@ts3.6" "@types/methods@ts3.6" "@types/micromatch@ts3.6" "@types/mime@ts3.6" "@types/mime-db@ts3.6" "@types/mime-types@ts3.6" "@types/min-indent@ts3.6" "@types/minimalistic-assert@ts3.6" "@types/minimatch@ts3.6" "@types/minimist@ts3.6" "@types/minizlib@ts3.6" "@types/mkdirp@ts3.6" "@types/moo@ts3.6" "@types/move-concurrently@ts3.6" "@types/ms@ts3.6" "@types/multicast-dns@ts3.6" "@types/mute-stream@ts3.6" "@types/natural-compare@ts3.6" "@types/nearley@ts3.6" "@types/negotiator@ts3.6" "@types/next-tick@ts3.6" "@types/nice-try@ts3.6" "@types/node-fetch@ts3.6" "@types/node-forge@ts3.6" "@types/node-int64@ts3.6" "@types/node-notifier@ts3.6" "@types/normalize-package-data@ts3.6" "@types/normalize-path@ts3.6" "@types/num2fraction@ts3.6" "@types/nwsapi@ts3.6" "@types/object-assign@ts3.6" "@types/object-inspect@ts3.6" "@types/object-keys@ts3.6" "@types/object.fromentries@ts3.6" "@types/object.getownpropertydescriptors@ts3.6" "@types/object.pick@ts3.6" "@types/on-finished@ts3.6" "@types/on-headers@ts3.6" "@types/once@ts3.6" "@types/optimize-css-assets-webpack-plugin@ts3.6" "@types/original@ts3.6" "@types/os-tmpdir@ts3.6" "@types/pako@ts3.6" "@types/parallel-transform@ts3.6" "@types/parse-json@ts3.6" "@types/parseurl@ts3.6" "@types/pascalcase@ts3.6" "@types/path-browserify@ts3.6" "@types/path-is-absolute@ts3.6" "@types/path-is-inside@ts3.6" "@types/path-parse@ts3.6" "@types/pbkdf2@ts3.6" "@types/picomatch@ts3.6" "@types/pify@ts3.6" "@types/postcss-flexbugs-fixes@ts3.6" "@types/postcss-gap-properties@ts3.6" "@types/postcss-modules-extract-imports@ts3.6" "@types/postcss-modules-local-by-default@ts3.6" "@types/postcss-modules-scope@ts3.6" "@types/postcss-modules-values@ts3.6" "@types/postcss-normalize@ts3.6" "@types/postcss-preset-env@ts3.6" "@types/postcss-safe-parser@ts3.6" "@types/prelude-ls@ts3.6" "@types/prettier-linter-helpers@ts3.6" "@types/progress@ts3.6" "@types/promise-inflight@ts3.6" "@types/prompts@ts3.6" "@types/prop-types@ts3.6" "@types/proxy-addr@ts3.6" "@types/psl@ts3.6" "@types/pump@ts3.6" "@types/pumpify@ts3.6" "@types/punycode@ts3.6" "@types/q@ts3.6" "@types/qs@ts3.6" "@types/querystringify@ts3.6" "@types/raf@ts3.6" "@types/randombytes@ts3.6" "@types/range-parser@ts3.6" "@types/react-dev-utils@ts3.6" "@types/react-is@ts3.6" "@types/react-refresh@ts3.6" "@types/react-router@ts3.6" "@types/react-test-renderer@ts3.6" "@types/readable-stream@ts3.6" "@types/recursive-readdir@ts3.6" "@types/regenerate@ts3.6" "@types/regenerator-runtime@ts3.6" "@types/regex-not@ts3.6" "@types/relateurl@ts3.6" "@types/repeat-element@ts3.6" "@types/repeat-string@ts3.6" "@types/require-directory@ts3.6" "@types/require-from-string@ts3.6" "@types/requires-port@ts3.6" "@types/resolve@ts3.6" "@types/retry@ts3.6" "@types/rimraf@ts3.6" "@types/ripemd160@ts3.6" "@types/rsvp@ts3.6" "@types/run-parallel@ts3.6" "@types/safe-regex@ts3.6" "@types/safer-buffer@ts3.6" "@types/sane@ts3.6" "@types/sass-loader@ts3.6" "@types/sax@ts3.6" "@types/scheduler@ts3.6" "@types/selfsigned@ts3.6" "@types/semver@ts3.6" "@types/semver-compare@ts3.6" "@types/send@ts3.6" "@types/serialize-javascript@ts3.6" "@types/serve-index@ts3.6" "@types/serve-static@ts3.6" "@types/set-blocking@ts3.6" "@types/set-cookie-parser@ts3.6" "@types/set-value@ts3.6" "@types/setimmediate@ts3.6" "@types/sha.js@ts3.6" "@types/shebang-command@ts3.6" "@types/shell-quote@ts3.6" "@types/signal-exit@ts3.6" "@types/simple-swizzle@ts3.6" "@types/slice-ansi@ts3.6" "@types/sockjs@ts3.6" "@types/sockjs-client@ts3.6" "@types/source-list-map@ts3.6" "@types/source-map-support@ts3.6" "@types/spdx-correct@ts3.6" "@types/spdx-expression-parse@ts3.6" "@types/spdy@ts3.6" "@types/sprintf@ts3.6" "@types/sprintf-js@ts3.6" "@types/ssri@ts3.6" "@types/stack-utils@ts3.6" "@types/statuses@ts3.6" "@types/stream-each@ts3.6" "@types/stream-shift@ts3.6" "@types/strict-uri-encode@ts3.6" "@types/string-natural-compare@ts3.6" "@types/string.prototype.matchall@ts3.6" "@types/stringify-object@ts3.6" "@types/strip-comments@ts3.6" "@types/strip-final-newline@ts3.6" "@types/supports-color@ts3.6" "@types/svg-parser@ts3.6" "@types/svgo@ts3.6" "@types/symbol-tree@ts3.6" "@types/tapable@ts3.6" "@types/tar@ts3.6" "@types/text-table@ts3.6" "@types/through@ts3.6" "@types/through2@ts3.6" "@types/thunky@ts3.6" "@types/timsort@ts3.6" "@types/tmp@ts3.6" "@types/tmpl@ts3.6" "@types/to-regex@ts3.6" "@types/to-regex-range@ts3.6" "@types/tough-cookie@ts3.6" "@types/tr46@ts3.6" "@types/tryer@ts3.6" "@types/type-check@ts3.6" "@types/type-detect@ts3.6" "@types/type-is@ts3.6" "@types/typedarray-to-buffer@ts3.6" "@types/uniq@ts3.6" "@types/universalify@ts3.6" "@types/urix@ts3.6" "@types/url-parse@ts3.6" "@types/util-deprecate@ts3.6" "@types/util.promisify@ts3.6" "@types/utils-merge@ts3.6" "@types/validate-npm-package-license@ts3.6" "@types/vary@ts3.6" "@types/w3c-hr-time@ts3.6" "@types/w3c-xmlserializer@ts3.6" "@types/watchpack@ts3.6" "@types/wcwidth@ts3.6" "@types/webidl-conversions@ts3.6" "@types/webpack@ts3.6" "@types/webpack-manifest-plugin@ts3.6" "@types/webpack-sources@ts3.6" "@types/whatwg-encoding@ts3.6" "@types/whatwg-mimetype@ts3.6" "@types/whatwg-url@ts3.6" "@types/which@ts3.6" "@types/which-pm-runs@ts3.6" "@types/workbox-build@ts3.6" "@types/workbox-sw@ts3.6" "@types/workbox-webpack-plugin@ts3.6" "@types/wrap-ansi@ts3.6" "@types/write-file-atomic@ts3.6" "@types/ws@ts3.6" "@types/xml-name-validator@ts3.6" "@types/xtend@ts3.6" "@types/yallist@ts3.6" "@types/yargs@ts3.6" "@types/yargs-parser@ts3.6" "--save-dev" "--user-agent=typesInstaller/3.6.3"
448 verbose node v12.18.3
449 verbose npm  v6.14.6
450 error code ETARGET
451 error notarget No matching version found for @types/path-browserify@ts3.6.
452 error notarget In most cases you or one of your dependencies are requesting
452 error notarget a package version that doesn't exist.
453 verbose exit [ 1, true ]
