0 info it worked if it ends with ok
1 verbose cli [
1 verbose cli   '/usr/local/bin/node',
1 verbose cli   '/usr/local/bin/npm',
1 verbose cli   'install',
1 verbose cli   '--ignore-scripts',
1 verbose cli   '@types/media-typer@ts3.6',
1 verbose cli   '@types/memory-fs@ts3.6',
1 verbose cli   '@types/memorystream@ts3.6',
1 verbose cli   '@types/merge-descriptors@ts3.6',
1 verbose cli   '@types/merge-stream@ts3.6',
1 verbose cli   '@types/merge2@ts3.6',
1 verbose cli   '@types/methods@ts3.6',
1 verbose cli   '@types/micromatch@ts3.6',
1 verbose cli   '@types/mime@ts3.6',
1 verbose cli   '@types/mime-db@ts3.6',
1 verbose cli   '@types/mime-types@ts3.6',
1 verbose cli   '@types/min-indent@ts3.6',
1 verbose cli   '@types/minimalistic-assert@ts3.6',
1 verbose cli   '@types/minimatch@ts3.6',
1 verbose cli   '@types/minimist@ts3.6',
1 verbose cli   '@types/minizlib@ts3.6',
1 verbose cli   '@types/mkdirp@ts3.6',
1 verbose cli   '@types/moo@ts3.6',
1 verbose cli   '@types/move-concurrently@ts3.6',
1 verbose cli   '@types/ms@ts3.6',
1 verbose cli   '@types/multicast-dns@ts3.6',
1 verbose cli   '@types/mute-stream@ts3.6',
1 verbose cli   '@types/natural-compare@ts3.6',
1 verbose cli   '@types/nearley@ts3.6',
1 verbose cli   '@types/negotiator@ts3.6',
1 verbose cli   '@types/next-tick@ts3.6',
1 verbose cli   '@types/nice-try@ts3.6',
1 verbose cli   '@types/node-fetch@ts3.6',
1 verbose cli   '@types/node-forge@ts3.6',
1 verbose cli   '@types/node-int64@ts3.6',
1 verbose cli   '@types/node-notifier@ts3.6',
1 verbose cli   '@types/normalize-package-data@ts3.6',
1 verbose cli   '@types/normalize-path@ts3.6',
1 verbose cli   '@types/num2fraction@ts3.6',
1 verbose cli   '@types/nwsapi@ts3.6',
1 verbose cli   '@types/object-assign@ts3.6',
1 verbose cli   '@types/object-inspect@ts3.6',
1 verbose cli   '@types/object-keys@ts3.6',
1 verbose cli   '@types/object.fromentries@ts3.6',
1 verbose cli   '@types/object.getownpropertydescriptors@ts3.6',
1 verbose cli   '@types/object.pick@ts3.6',
1 verbose cli   '@types/on-finished@ts3.6',
1 verbose cli   '@types/on-headers@ts3.6',
1 verbose cli   '@types/once@ts3.6',
1 verbose cli   '@types/optimize-css-assets-webpack-plugin@ts3.6',
1 verbose cli   '@types/original@ts3.6',
1 verbose cli   '@types/os-tmpdir@ts3.6',
1 verbose cli   '@types/pako@ts3.6',
1 verbose cli   '@types/parallel-transform@ts3.6',
1 verbose cli   '@types/parse-json@ts3.6',
1 verbose cli   '@types/parseurl@ts3.6',
1 verbose cli   '@types/pascalcase@ts3.6',
1 verbose cli   '@types/path-browserify@ts3.6',
1 verbose cli   '@types/path-is-absolute@ts3.6',
1 verbose cli   '@types/path-is-inside@ts3.6',
1 verbose cli   '@types/path-parse@ts3.6',
1 verbose cli   '@types/pbkdf2@ts3.6',
1 verbose cli   '@types/picomatch@ts3.6',
1 verbose cli   '@types/pify@ts3.6',
1 verbose cli   '@types/postcss-flexbugs-fixes@ts3.6',
1 verbose cli   '@types/postcss-gap-properties@ts3.6',
1 verbose cli   '@types/postcss-modules-extract-imports@ts3.6',
1 verbose cli   '@types/postcss-modules-local-by-default@ts3.6',
1 verbose cli   '@types/postcss-modules-scope@ts3.6',
1 verbose cli   '@types/postcss-modules-values@ts3.6',
1 verbose cli   '@types/postcss-normalize@ts3.6',
1 verbose cli   '@types/postcss-preset-env@ts3.6',
1 verbose cli   '@types/postcss-safe-parser@ts3.6',
1 verbose cli   '@types/prelude-ls@ts3.6',
1 verbose cli   '@types/prettier-linter-helpers@ts3.6',
1 verbose cli   '@types/progress@ts3.6',
1 verbose cli   '@types/promise-inflight@ts3.6',
1 verbose cli   '@types/prompts@ts3.6',
1 verbose cli   '@types/prop-types@ts3.6',
1 verbose cli   '@types/proxy-addr@ts3.6',
1 verbose cli   '@types/psl@ts3.6',
1 verbose cli   '@types/pump@ts3.6',
1 verbose cli   '@types/pumpify@ts3.6',
1 verbose cli   '@types/punycode@ts3.6',
1 verbose cli   '@types/q@ts3.6',
1 verbose cli   '@types/qs@ts3.6',
1 verbose cli   '@types/querystringify@ts3.6',
1 verbose cli   '@types/raf@ts3.6',
1 verbose cli   '@types/randombytes@ts3.6',
1 verbose cli   '@types/range-parser@ts3.6',
1 verbose cli   '@types/react-dev-utils@ts3.6',
1 verbose cli   '@types/react-is@ts3.6',
1 verbose cli   '@types/react-refresh@ts3.6',
1 verbose cli   '@types/react-router@ts3.6',
1 verbose cli   '@types/react-test-renderer@ts3.6',
1 verbose cli   '@types/readable-stream@ts3.6',
1 verbose cli   '@types/recursive-readdir@ts3.6',
1 verbose cli   '@types/regenerate@ts3.6',
1 verbose cli   '@types/regenerator-runtime@ts3.6',
1 verbose cli   '@types/regex-not@ts3.6',
1 verbose cli   '@types/relateurl@ts3.6',
1 verbose cli   ... 111 more items
1 verbose cli ]
2 info using npm@6.14.6
3 info using node@v12.18.3
4 verbose npm-session 318330468e771801
5 silly install loadCurrentTree
6 silly install readLocalPackageData
7 http fetch GET 304 https://registry.npmjs.org/@types%2fmime 184ms (from cache)
8 silly pacote tag manifest for @types/mime@ts3.6 fetched in 189ms
9 http fetch GET 304 https://registry.npmjs.org/@types%2fmerge2 715ms (from cache)
10 silly pacote tag manifest for @types/merge2@ts3.6 fetched in 718ms
11 http fetch GET 304 https://registry.npmjs.org/@types%2fmemory-fs 741ms (from cache)
12 http fetch GET 304 https://registry.npmjs.org/@types%2fmerge-descriptors 744ms (from cache)
13 silly pacote tag manifest for @types/memory-fs@ts3.6 fetched in 749ms
14 silly pacote tag manifest for @types/merge-descriptors@ts3.6 fetched in 750ms
15 http fetch GET 304 https://registry.npmjs.org/@types%2fmicromatch 763ms (from cache)
16 http fetch GET 304 https://registry.npmjs.org/@types%2fmedia-typer 771ms (from cache)
17 silly pacote tag manifest for @types/micromatch@ts3.6 fetched in 766ms
18 silly pacote tag manifest for @types/media-typer@ts3.6 fetched in 778ms
19 http fetch GET 304 https://registry.npmjs.org/@types%2fmethods 769ms (from cache)
20 silly pacote tag manifest for @types/methods@ts3.6 fetched in 775ms
21 http fetch GET 304 https://registry.npmjs.org/@types%2fmerge-stream 849ms (from cache)
22 silly pacote tag manifest for @types/merge-stream@ts3.6 fetched in 851ms
23 http fetch GET 304 https://registry.npmjs.org/@types%2fmin-indent 600ms (from cache)
24 silly pacote tag manifest for @types/min-indent@ts3.6 fetched in 602ms
25 http fetch GET 304 https://registry.npmjs.org/@types%2fminimatch 659ms (from cache)
26 silly pacote tag manifest for @types/minimatch@ts3.6 fetched in 661ms
27 http fetch GET 304 https://registry.npmjs.org/@types%2fmemorystream 1423ms (from cache)
28 silly pacote tag manifest for @types/memorystream@ts3.6 fetched in 1424ms
29 http fetch GET 304 https://registry.npmjs.org/@types%2fmime-db 1464ms (from cache)
30 silly pacote tag manifest for @types/mime-db@ts3.6 fetched in 1466ms
31 http fetch GET 304 https://registry.npmjs.org/@types%2fmime-types 1388ms (from cache)
32 silly pacote tag manifest for @types/mime-types@ts3.6 fetched in 1390ms
33 http fetch GET 304 https://registry.npmjs.org/@types%2fmove-concurrently 602ms (from cache)
34 silly pacote tag manifest for @types/move-concurrently@ts3.6 fetched in 605ms
35 http fetch GET 304 https://registry.npmjs.org/@types%2fms 602ms (from cache)
36 silly pacote tag manifest for @types/ms@ts3.6 fetched in 607ms
37 http fetch GET 304 https://registry.npmjs.org/@types%2fmulticast-dns 603ms (from cache)
38 silly pacote tag manifest for @types/multicast-dns@ts3.6 fetched in 604ms
39 http fetch GET 304 https://registry.npmjs.org/@types%2fmute-stream 583ms (from cache)
40 silly pacote tag manifest for @types/mute-stream@ts3.6 fetched in 585ms
41 http fetch GET 304 https://registry.npmjs.org/@types%2fminimalistic-assert 1322ms (from cache)
42 silly pacote tag manifest for @types/minimalistic-assert@ts3.6 fetched in 1324ms
43 http fetch GET 304 https://registry.npmjs.org/@types%2fmkdirp 1333ms (from cache)
44 http fetch GET 304 https://registry.npmjs.org/@types%2fminimist 1344ms (from cache)
45 silly pacote tag manifest for @types/mkdirp@ts3.6 fetched in 1336ms
46 http fetch GET 304 https://registry.npmjs.org/@types%2fminizlib 1345ms (from cache)
47 silly pacote tag manifest for @types/minimist@ts3.6 fetched in 1348ms
48 silly pacote tag manifest for @types/minizlib@ts3.6 fetched in 1349ms
49 http fetch GET 304 https://registry.npmjs.org/@types%2fnatural-compare 620ms (from cache)
50 silly pacote tag manifest for @types/natural-compare@ts3.6 fetched in 622ms
51 http fetch GET 304 https://registry.npmjs.org/@types%2fmoo 1363ms (from cache)
52 silly pacote tag manifest for @types/moo@ts3.6 fetched in 1364ms
53 http fetch GET 304 https://registry.npmjs.org/@types%2fnearley 620ms (from cache)
54 silly pacote tag manifest for @types/nearley@ts3.6 fetched in 621ms
55 http fetch GET 304 https://registry.npmjs.org/@types%2fnegotiator 579ms (from cache)
56 silly pacote tag manifest for @types/negotiator@ts3.6 fetched in 581ms
57 http fetch GET 304 https://registry.npmjs.org/@types%2fnext-tick 593ms (from cache)
58 silly pacote tag manifest for @types/next-tick@ts3.6 fetched in 595ms
59 http fetch GET 304 https://registry.npmjs.org/@types%2fnode-int64 644ms (from cache)
60 silly pacote tag manifest for @types/node-int64@ts3.6 fetched in 649ms
61 http fetch GET 304 https://registry.npmjs.org/@types%2fnode-notifier 654ms (from cache)
62 silly pacote tag manifest for @types/node-notifier@ts3.6 fetched in 657ms
63 http fetch GET 304 https://registry.npmjs.org/@types%2fnode-forge 663ms (from cache)
64 silly pacote tag manifest for @types/node-forge@ts3.6 fetched in 671ms
65 http fetch GET 304 https://registry.npmjs.org/@types%2fnormalize-package-data 591ms (from cache)
66 silly pacote tag manifest for @types/normalize-package-data@ts3.6 fetched in 593ms
67 http fetch GET 304 https://registry.npmjs.org/@types%2fnormalize-path 602ms (from cache)
68 silly pacote tag manifest for @types/normalize-path@ts3.6 fetched in 604ms
69 http fetch GET 304 https://registry.npmjs.org/@types%2fobject-assign 596ms (from cache)
70 silly pacote tag manifest for @types/object-assign@ts3.6 fetched in 598ms
71 http fetch GET 304 https://registry.npmjs.org/@types%2fnwsapi 655ms (from cache)
72 silly pacote tag manifest for @types/nwsapi@ts3.6 fetched in 658ms
73 http fetch GET 304 https://registry.npmjs.org/@types%2fnice-try 1310ms (from cache)
74 http fetch GET 304 https://registry.npmjs.org/@types%2fobject-inspect 600ms (from cache)
75 silly pacote tag manifest for @types/nice-try@ts3.6 fetched in 1313ms
76 silly pacote tag manifest for @types/object-inspect@ts3.6 fetched in 604ms
77 http fetch GET 304 https://registry.npmjs.org/@types%2fobject-keys 605ms (from cache)
78 silly pacote tag manifest for @types/object-keys@ts3.6 fetched in 609ms
79 http fetch GET 304 https://registry.npmjs.org/@types%2fobject.fromentries 605ms (from cache)
80 silly pacote tag manifest for @types/object.fromentries@ts3.6 fetched in 608ms
81 http fetch GET 304 https://registry.npmjs.org/@types%2fobject.getownpropertydescriptors 601ms (from cache)
82 silly pacote tag manifest for @types/object.getownpropertydescriptors@ts3.6 fetched in 602ms
83 http fetch GET 304 https://registry.npmjs.org/@types%2fobject.pick 600ms (from cache)
84 silly pacote tag manifest for @types/object.pick@ts3.6 fetched in 602ms
85 http fetch GET 304 https://registry.npmjs.org/@types%2fnode-fetch 1373ms (from cache)
86 silly pacote tag manifest for @types/node-fetch@ts3.6 fetched in 1377ms
87 http fetch GET 304 https://registry.npmjs.org/@types%2fparse-json 79ms (from cache)
88 silly pacote tag manifest for @types/parse-json@ts3.6 fetched in 81ms
89 http fetch GET 304 https://registry.npmjs.org/@types%2fon-finished 584ms (from cache)
90 silly pacote tag manifest for @types/on-finished@ts3.6 fetched in 587ms
91 http fetch GET 304 https://registry.npmjs.org/@types%2fon-headers 617ms (from cache)
92 silly pacote tag manifest for @types/on-headers@ts3.6 fetched in 619ms
93 http fetch GET 304 https://registry.npmjs.org/@types%2fnum2fraction 1339ms (from cache)
94 silly pacote tag manifest for @types/num2fraction@ts3.6 fetched in 1342ms
95 http fetch GET 304 https://registry.npmjs.org/@types%2foptimize-css-assets-webpack-plugin 597ms (from cache)
96 silly pacote tag manifest for @types/optimize-css-assets-webpack-plugin@ts3.6 fetched in 600ms
97 http fetch GET 304 https://registry.npmjs.org/@types%2fonce 613ms (from cache)
98 silly pacote tag manifest for @types/once@ts3.6 fetched in 616ms
99 http fetch GET 304 https://registry.npmjs.org/@types%2fos-tmpdir 600ms (from cache)
100 silly pacote tag manifest for @types/os-tmpdir@ts3.6 fetched in 602ms
101 http fetch GET 304 https://registry.npmjs.org/@types%2fpako 617ms (from cache)
102 silly pacote tag manifest for @types/pako@ts3.6 fetched in 619ms
103 http fetch GET 304 https://registry.npmjs.org/@types%2foriginal 635ms (from cache)
104 silly pacote tag manifest for @types/original@ts3.6 fetched in 638ms
105 http fetch GET 304 https://registry.npmjs.org/@types%2fparallel-transform 624ms (from cache)
106 silly pacote tag manifest for @types/parallel-transform@ts3.6 fetched in 626ms
107 http fetch GET 304 https://registry.npmjs.org/@types%2fparseurl 607ms (from cache)
108 silly pacote tag manifest for @types/parseurl@ts3.6 fetched in 609ms
109 http fetch GET 304 https://registry.npmjs.org/@types%2fpascalcase 581ms (from cache)
110 silly pacote tag manifest for @types/pascalcase@ts3.6 fetched in 583ms
111 http fetch GET 304 https://registry.npmjs.org/@types%2fpath-browserify 612ms (from cache)
112 silly registry:manifest no matching version for @types/path-browserify@ts3.6 in the cache. Forcing revalidation.
113 http fetch GET 304 https://registry.npmjs.org/@types%2fpath-is-absolute 603ms (from cache)
114 silly pacote tag manifest for @types/path-is-absolute@ts3.6 fetched in 606ms
115 http fetch GET 304 https://registry.npmjs.org/@types%2fpath-parse 608ms (from cache)
116 http fetch GET 304 https://registry.npmjs.org/@types%2fpbkdf2 598ms (from cache)
117 silly pacote tag manifest for @types/path-parse@ts3.6 fetched in 610ms
118 silly pacote tag manifest for @types/pbkdf2@ts3.6 fetched in 600ms
119 http fetch GET 304 https://registry.npmjs.org/@types%2fpath-is-inside 637ms (from cache)
120 silly pacote tag manifest for @types/path-is-inside@ts3.6 fetched in 639ms
121 http fetch GET 304 https://registry.npmjs.org/@types%2fpicomatch 606ms (from cache)
122 silly pacote tag manifest for @types/picomatch@ts3.6 fetched in 609ms
123 http fetch GET 304 https://registry.npmjs.org/@types%2fpify 612ms (from cache)
124 silly pacote tag manifest for @types/pify@ts3.6 fetched in 615ms
125 http fetch GET 304 https://registry.npmjs.org/@types%2fpostcss-gap-properties 579ms (from cache)
126 silly pacote tag manifest for @types/postcss-gap-properties@ts3.6 fetched in 581ms
127 http fetch GET 304 https://registry.npmjs.org/@types%2fpostcss-modules-extract-imports 615ms (from cache)
128 silly pacote tag manifest for @types/postcss-modules-extract-imports@ts3.6 fetched in 617ms
129 http fetch GET 200 https://registry.npmjs.org/@types%2fpath-browserify 598ms
130 silly fetchPackageMetaData error for @types/path-browserify@ts3.6 No matching version found for @types/path-browserify@ts3.6.
131 http fetch GET 304 https://registry.npmjs.org/@types%2fpostcss-modules-local-by-default 620ms (from cache)
132 silly pacote tag manifest for @types/postcss-modules-local-by-default@ts3.6 fetched in 621ms
133 http fetch GET 304 https://registry.npmjs.org/@types%2fpostcss-modules-scope 595ms (from cache)
134 silly pacote tag manifest for @types/postcss-modules-scope@ts3.6 fetched in 597ms
135 http fetch GET 304 https://registry.npmjs.org/@types%2fpostcss-modules-values 610ms (from cache)
136 silly pacote tag manifest for @types/postcss-modules-values@ts3.6 fetched in 612ms
137 http fetch GET 304 https://registry.npmjs.org/@types%2fpostcss-normalize 608ms (from cache)
138 silly pacote tag manifest for @types/postcss-normalize@ts3.6 fetched in 609ms
139 http fetch GET 304 https://registry.npmjs.org/@types%2fprop-types 83ms (from cache)
140 silly pacote tag manifest for @types/prop-types@ts3.6 fetched in 86ms
141 http fetch GET 304 https://registry.npmjs.org/@types%2fprelude-ls 599ms (from cache)
142 silly pacote tag manifest for @types/prelude-ls@ts3.6 fetched in 601ms
143 http fetch GET 304 https://registry.npmjs.org/@types%2fpostcss-flexbugs-fixes 1345ms (from cache)
144 silly pacote tag manifest for @types/postcss-flexbugs-fixes@ts3.6 fetched in 1347ms
145 http fetch GET 304 https://registry.npmjs.org/@types%2fpostcss-preset-env 913ms (from cache)
146 silly registry:manifest no matching version for @types/postcss-preset-env@ts3.6 in the cache. Forcing revalidation.
147 http fetch GET 304 https://registry.npmjs.org/@types%2fprettier-linter-helpers 605ms (from cache)
148 silly pacote tag manifest for @types/prettier-linter-helpers@ts3.6 fetched in 607ms
149 http fetch GET 304 https://registry.npmjs.org/@types%2fprogress 597ms (from cache)
150 silly pacote tag manifest for @types/progress@ts3.6 fetched in 599ms
151 http fetch GET 304 https://registry.npmjs.org/@types%2fq 60ms (from cache)
152 silly pacote tag manifest for @types/q@ts3.6 fetched in 62ms
153 http fetch GET 304 https://registry.npmjs.org/@types%2fprompts 610ms (from cache)
154 silly pacote tag manifest for @types/prompts@ts3.6 fetched in 613ms
155 http fetch GET 304 https://registry.npmjs.org/@types%2fqs 61ms (from cache)
156 silly pacote tag manifest for @types/qs@ts3.6 fetched in 63ms
157 http fetch GET 304 https://registry.npmjs.org/@types%2fraf 65ms (from cache)
158 silly pacote tag manifest for @types/raf@ts3.6 fetched in 69ms
159 http fetch GET 304 https://registry.npmjs.org/@types%2fpsl 620ms (from cache)
160 http fetch GET 304 https://registry.npmjs.org/@types%2fpump 593ms (from cache)
161 silly pacote tag manifest for @types/psl@ts3.6 fetched in 622ms
162 silly pacote tag manifest for @types/pump@ts3.6 fetched in 597ms
163 http fetch GET 304 https://registry.npmjs.org/@types%2fpumpify 605ms (from cache)
164 http fetch GET 304 https://registry.npmjs.org/@types%2frange-parser 86ms (from cache)
165 http fetch GET 304 https://registry.npmjs.org/@types%2fpostcss-safe-parser 1365ms (from cache)
166 silly pacote tag manifest for @types/pumpify@ts3.6 fetched in 608ms
167 silly pacote tag manifest for @types/range-parser@ts3.6 fetched in 90ms
168 silly pacote tag manifest for @types/postcss-safe-parser@ts3.6 fetched in 1367ms
169 http fetch GET 304 https://registry.npmjs.org/@types%2freact-router 66ms (from cache)
170 silly pacote tag manifest for @types/react-router@ts3.6 fetched in 69ms
171 http fetch GET 200 https://registry.npmjs.org/@types%2fpostcss-preset-env 659ms
172 silly fetchPackageMetaData error for @types/postcss-preset-env@ts3.6 No matching version found for @types/postcss-preset-env@ts3.6.
173 http fetch GET 304 https://registry.npmjs.org/@types%2fpunycode 595ms (from cache)
174 silly pacote tag manifest for @types/punycode@ts3.6 fetched in 596ms
175 http fetch GET 304 https://registry.npmjs.org/@types%2fquerystringify 617ms (from cache)
176 silly pacote tag manifest for @types/querystringify@ts3.6 fetched in 620ms
177 http fetch GET 304 https://registry.npmjs.org/@types%2fpromise-inflight 1338ms (from cache)
178 silly pacote tag manifest for @types/promise-inflight@ts3.6 fetched in 1340ms
179 http fetch GET 304 https://registry.npmjs.org/@types%2frandombytes 632ms (from cache)
180 silly pacote tag manifest for @types/randombytes@ts3.6 fetched in 634ms
181 http fetch GET 304 https://registry.npmjs.org/@types%2fproxy-addr 1345ms (from cache)
182 http fetch GET 304 https://registry.npmjs.org/@types%2freact-dev-utils 648ms (from cache)
183 silly pacote tag manifest for @types/proxy-addr@ts3.6 fetched in 1348ms
184 silly pacote tag manifest for @types/react-dev-utils@ts3.6 fetched in 651ms
185 http fetch GET 304 https://registry.npmjs.org/@types%2freact-refresh 599ms (from cache)
186 silly registry:manifest no matching version for @types/react-refresh@ts3.6 in the cache. Forcing revalidation.
187 http fetch GET 304 https://registry.npmjs.org/@types%2freact-is 607ms (from cache)
188 silly pacote tag manifest for @types/react-is@ts3.6 fetched in 609ms
189 http fetch GET 304 https://registry.npmjs.org/@types%2freact-test-renderer 606ms (from cache)
190 silly pacote tag manifest for @types/react-test-renderer@ts3.6 fetched in 609ms
191 http fetch GET 304 https://registry.npmjs.org/@types%2frecursive-readdir 580ms (from cache)
192 silly pacote tag manifest for @types/recursive-readdir@ts3.6 fetched in 583ms
193 http fetch GET 304 https://registry.npmjs.org/@types%2freadable-stream 678ms (from cache)
194 silly pacote tag manifest for @types/readable-stream@ts3.6 fetched in 680ms
195 http fetch GET 304 https://registry.npmjs.org/@types%2fregenerate 592ms (from cache)
196 silly registry:manifest no matching version for @types/regenerate@ts3.6 in the cache. Forcing revalidation.
197 http fetch GET 304 https://registry.npmjs.org/@types%2fregenerator-runtime 611ms (from cache)
198 silly pacote tag manifest for @types/regenerator-runtime@ts3.6 fetched in 612ms
199 http fetch GET 304 https://registry.npmjs.org/@types%2fregex-not 598ms (from cache)
200 silly registry:manifest no matching version for @types/regex-not@ts3.6 in the cache. Forcing revalidation.
201 http fetch GET 304 https://registry.npmjs.org/@types%2fresolve 54ms (from cache)
202 silly pacote tag manifest for @types/resolve@ts3.6 fetched in 55ms
203 http fetch GET 304 https://registry.npmjs.org/@types%2frepeat-element 577ms (from cache)
204 silly pacote tag manifest for @types/repeat-element@ts3.6 fetched in 579ms
205 http fetch GET 304 https://registry.npmjs.org/@types%2frelateurl 616ms (from cache)
206 silly pacote tag manifest for @types/relateurl@ts3.6 fetched in 618ms
207 http fetch GET 304 https://registry.npmjs.org/@types%2fretry 83ms (from cache)
208 http fetch GET 304 https://registry.npmjs.org/@types%2frepeat-string 601ms (from cache)
209 silly pacote tag manifest for @types/retry@ts3.6 fetched in 87ms
210 silly pacote tag manifest for @types/repeat-string@ts3.6 fetched in 604ms
211 http fetch GET 200 https://registry.npmjs.org/@types%2freact-refresh 620ms
212 silly fetchPackageMetaData error for @types/react-refresh@ts3.6 No matching version found for @types/react-refresh@ts3.6.
213 http fetch GET 304 https://registry.npmjs.org/@types%2frequire-directory 584ms (from cache)
214 silly pacote tag manifest for @types/require-directory@ts3.6 fetched in 586ms
215 http fetch GET 304 https://registry.npmjs.org/@types%2frequire-from-string 597ms (from cache)
216 silly pacote tag manifest for @types/require-from-string@ts3.6 fetched in 599ms
217 http fetch GET 304 https://registry.npmjs.org/@types%2frequires-port 590ms (from cache)
218 silly pacote tag manifest for @types/requires-port@ts3.6 fetched in 593ms
219 http fetch GET 200 https://registry.npmjs.org/@types%2fregenerate 582ms
220 silly fetchPackageMetaData error for @types/regenerate@ts3.6 No matching version found for @types/regenerate@ts3.6.
221 http fetch GET 200 https://registry.npmjs.org/@types%2fregex-not 574ms
222 silly fetchPackageMetaData error for @types/regex-not@ts3.6 No matching version found for @types/regex-not@ts3.6.
223 http fetch GET 304 https://registry.npmjs.org/@types%2frimraf 604ms (from cache)
224 http fetch GET 304 https://registry.npmjs.org/@types%2fscheduler 64ms (from cache)
225 silly pacote tag manifest for @types/rimraf@ts3.6 fetched in 606ms
226 silly pacote tag manifest for @types/scheduler@ts3.6 fetched in 66ms
227 http fetch GET 304 https://registry.npmjs.org/@types%2frsvp 598ms (from cache)
228 silly pacote tag manifest for @types/rsvp@ts3.6 fetched in 601ms
229 http fetch GET 304 https://registry.npmjs.org/@types%2fsafe-regex 600ms (from cache)
230 silly pacote tag manifest for @types/safe-regex@ts3.6 fetched in 602ms
231 http fetch GET 304 https://registry.npmjs.org/@types%2frun-parallel 635ms (from cache)
232 silly pacote tag manifest for @types/run-parallel@ts3.6 fetched in 638ms
233 http fetch GET 304 https://registry.npmjs.org/@types%2fsafer-buffer 605ms (from cache)
234 silly pacote tag manifest for @types/safer-buffer@ts3.6 fetched in 606ms
235 http fetch GET 304 https://registry.npmjs.org/@types%2fsane 602ms (from cache)
236 silly pacote tag manifest for @types/sane@ts3.6 fetched in 604ms
237 http fetch GET 304 https://registry.npmjs.org/@types%2fripemd160 826ms (from cache)
238 silly pacote tag manifest for @types/ripemd160@ts3.6 fetched in 828ms
239 http fetch GET 304 https://registry.npmjs.org/@types%2fsass-loader 612ms (from cache)
240 silly pacote tag manifest for @types/sass-loader@ts3.6 fetched in 614ms
241 http fetch GET 304 https://registry.npmjs.org/@types%2fsax 611ms (from cache)
242 silly pacote tag manifest for @types/sax@ts3.6 fetched in 613ms
243 http fetch GET 304 https://registry.npmjs.org/@types%2fsemver 583ms (from cache)
244 silly pacote tag manifest for @types/semver@ts3.6 fetched in 587ms
245 http fetch GET 304 https://registry.npmjs.org/@types%2fselfsigned 602ms (from cache)
246 silly registry:manifest no matching version for @types/selfsigned@ts3.6 in the cache. Forcing revalidation.
247 http fetch GET 304 https://registry.npmjs.org/@types%2fsemver-compare 592ms (from cache)
248 silly pacote tag manifest for @types/semver-compare@ts3.6 fetched in 594ms
249 http fetch GET 304 https://registry.npmjs.org/@types%2fsend 591ms (from cache)
250 silly pacote tag manifest for @types/send@ts3.6 fetched in 593ms
251 http fetch GET 304 https://registry.npmjs.org/@types%2fserve-index 605ms (from cache)
252 http fetch GET 304 https://registry.npmjs.org/@types%2fserialize-javascript 628ms (from cache)
253 silly pacote tag manifest for @types/serve-index@ts3.6 fetched in 607ms
254 silly pacote tag manifest for @types/serialize-javascript@ts3.6 fetched in 630ms
255 http fetch GET 304 https://registry.npmjs.org/@types%2fserve-static 611ms (from cache)
256 silly pacote tag manifest for @types/serve-static@ts3.6 fetched in 613ms
257 http fetch GET 200 https://registry.npmjs.org/@types%2fset-blocking 629ms
258 silly fetchPackageMetaData error for @types/set-blocking@ts3.6 No matching version found for @types/set-blocking@ts3.6.
259 http fetch GET 304 https://registry.npmjs.org/@types%2fset-cookie-parser 631ms (from cache)
260 silly pacote tag manifest for @types/set-cookie-parser@ts3.6 fetched in 633ms
261 http fetch GET 304 https://registry.npmjs.org/@types%2fset-value 585ms (from cache)
262 silly pacote tag manifest for @types/set-value@ts3.6 fetched in 587ms
263 http fetch GET 304 https://registry.npmjs.org/@types%2fsetimmediate 578ms (from cache)
264 silly pacote tag manifest for @types/setimmediate@ts3.6 fetched in 580ms
265 http fetch GET 200 https://registry.npmjs.org/@types%2fselfsigned 612ms
266 silly fetchPackageMetaData error for @types/selfsigned@ts3.6 No matching version found for @types/selfsigned@ts3.6.
267 http fetch GET 304 https://registry.npmjs.org/@types%2fsha.js 595ms (from cache)
268 http fetch GET 304 https://registry.npmjs.org/@types%2fshebang-command 584ms (from cache)
269 silly pacote tag manifest for @types/shebang-command@ts3.6 fetched in 586ms
270 silly pacote tag manifest for @types/sha.js@ts3.6 fetched in 598ms
271 http fetch GET 304 https://registry.npmjs.org/@types%2fsockjs 319ms (from cache)
272 silly pacote tag manifest for @types/sockjs@ts3.6 fetched in 320ms
273 http fetch GET 304 https://registry.npmjs.org/@types%2fsignal-exit 605ms (from cache)
274 silly pacote tag manifest for @types/signal-exit@ts3.6 fetched in 607ms
275 http fetch GET 304 https://registry.npmjs.org/@types%2fshell-quote 664ms (from cache)
276 silly pacote tag manifest for @types/shell-quote@ts3.6 fetched in 666ms
277 http fetch GET 304 https://registry.npmjs.org/@types%2fsimple-swizzle 625ms (from cache)
278 silly registry:manifest no matching version for @types/simple-swizzle@ts3.6 in the cache. Forcing revalidation.
279 http fetch GET 304 https://registry.npmjs.org/@types%2fslice-ansi 647ms (from cache)
280 silly pacote tag manifest for @types/slice-ansi@ts3.6 fetched in 648ms
281 http fetch GET 304 https://registry.npmjs.org/@types%2fsockjs-client 599ms (from cache)
282 silly pacote tag manifest for @types/sockjs-client@ts3.6 fetched in 602ms
283 http fetch GET 304 https://registry.npmjs.org/@types%2fstack-utils 57ms (from cache)
284 silly pacote tag manifest for @types/stack-utils@ts3.6 fetched in 58ms
285 http fetch GET 304 https://registry.npmjs.org/@types%2fsource-list-map 606ms (from cache)
286 silly pacote tag manifest for @types/source-list-map@ts3.6 fetched in 608ms
287 http fetch GET 304 https://registry.npmjs.org/@types%2fsource-map-support 578ms (from cache)
288 silly pacote tag manifest for @types/source-map-support@ts3.6 fetched in 580ms
289 http fetch GET 304 https://registry.npmjs.org/@types%2fspdx-expression-parse 593ms (from cache)
290 http fetch GET 304 https://registry.npmjs.org/@types%2fspdx-correct 595ms (from cache)
291 silly pacote tag manifest for @types/spdx-expression-parse@ts3.6 fetched in 595ms
292 silly pacote tag manifest for @types/spdx-correct@ts3.6 fetched in 597ms
293 http fetch GET 304 https://registry.npmjs.org/@types%2fspdy 606ms (from cache)
294 silly pacote tag manifest for @types/spdy@ts3.6 fetched in 610ms
295 http fetch GET 304 https://registry.npmjs.org/@types%2fsprintf 613ms (from cache)
296 silly pacote tag manifest for @types/sprintf@ts3.6 fetched in 615ms
297 http fetch GET 304 https://registry.npmjs.org/@types%2fsprintf-js 630ms (from cache)
298 silly pacote tag manifest for @types/sprintf-js@ts3.6 fetched in 632ms
299 http fetch GET 304 https://registry.npmjs.org/@types%2fssri 615ms (from cache)
300 silly pacote tag manifest for @types/ssri@ts3.6 fetched in 617ms
301 http fetch GET 304 https://registry.npmjs.org/@types%2fstatuses 588ms (from cache)
302 silly pacote tag manifest for @types/statuses@ts3.6 fetched in 591ms
303 http fetch GET 200 https://registry.npmjs.org/@types%2fsimple-swizzle 820ms
304 silly fetchPackageMetaData error for @types/simple-swizzle@ts3.6 No matching version found for @types/simple-swizzle@ts3.6.
305 http fetch GET 304 https://registry.npmjs.org/@types%2fstream-each 588ms (from cache)
306 silly pacote tag manifest for @types/stream-each@ts3.6 fetched in 590ms
307 http fetch GET 304 https://registry.npmjs.org/@types%2fstream-shift 629ms (from cache)
308 silly pacote tag manifest for @types/stream-shift@ts3.6 fetched in 631ms
309 http fetch GET 304 https://registry.npmjs.org/@types%2fstrict-uri-encode 584ms (from cache)
310 silly pacote tag manifest for @types/strict-uri-encode@ts3.6 fetched in 586ms
311 http fetch GET 304 https://registry.npmjs.org/@types%2fstring-natural-compare 593ms (from cache)
312 silly pacote tag manifest for @types/string-natural-compare@ts3.6 fetched in 594ms
313 http fetch GET 304 https://registry.npmjs.org/@types%2fsvg-parser 607ms (from cache)
314 silly pacote tag manifest for @types/svg-parser@ts3.6 fetched in 609ms
315 http fetch GET 304 https://registry.npmjs.org/@types%2fsymbol-tree 598ms (from cache)
316 silly pacote tag manifest for @types/symbol-tree@ts3.6 fetched in 600ms
317 http fetch GET 304 https://registry.npmjs.org/@types%2ftar 588ms (from cache)
318 silly pacote tag manifest for @types/tar@ts3.6 fetched in 590ms
319 http fetch GET 304 https://registry.npmjs.org/@types%2fstring.prototype.matchall 1334ms (from cache)
320 silly pacote tag manifest for @types/string.prototype.matchall@ts3.6 fetched in 1337ms
321 http fetch GET 304 https://registry.npmjs.org/@types%2fstrip-comments 1345ms (from cache)
322 silly pacote tag manifest for @types/strip-comments@ts3.6 fetched in 1346ms
323 http fetch GET 304 https://registry.npmjs.org/@types%2ftext-table 574ms (from cache)
324 http fetch GET 304 https://registry.npmjs.org/@types%2fstrip-final-newline 1338ms (from cache)
325 silly pacote tag manifest for @types/text-table@ts3.6 fetched in 578ms
326 silly pacote tag manifest for @types/strip-final-newline@ts3.6 fetched in 1341ms
327 http fetch GET 304 https://registry.npmjs.org/@types%2fsvgo 1331ms (from cache)
328 silly pacote tag manifest for @types/svgo@ts3.6 fetched in 1333ms
329 http fetch GET 304 https://registry.npmjs.org/@types%2fsupports-color 1400ms (from cache)
330 silly pacote tag manifest for @types/supports-color@ts3.6 fetched in 1401ms
331 http fetch GET 304 https://registry.npmjs.org/@types%2fstringify-object 2066ms (from cache)
332 silly pacote tag manifest for @types/stringify-object@ts3.6 fetched in 2068ms
333 http fetch GET 304 https://registry.npmjs.org/@types%2ftmpl 608ms (from cache)
334 silly registry:manifest no matching version for @types/tmpl@ts3.6 in the cache. Forcing revalidation.
335 http fetch GET 304 https://registry.npmjs.org/@types%2ftimsort 769ms (from cache)
336 silly pacote tag manifest for @types/timsort@ts3.6 fetched in 771ms
337 http fetch GET 304 https://registry.npmjs.org/@types%2fthrough 1278ms (from cache)
338 silly pacote tag manifest for @types/through@ts3.6 fetched in 1279ms
339 http fetch GET 304 https://registry.npmjs.org/@types%2fthrough2 1337ms (from cache)
340 silly pacote tag manifest for @types/through2@ts3.6 fetched in 1339ms
341 http fetch GET 304 https://registry.npmjs.org/@types%2fthunky 1348ms (from cache)
342 silly pacote tag manifest for @types/thunky@ts3.6 fetched in 1350ms
343 http fetch GET 304 https://registry.npmjs.org/@types%2ftough-cookie 589ms (from cache)
344 silly pacote tag manifest for @types/tough-cookie@ts3.6 fetched in 591ms
345 http fetch GET 200 https://registry.npmjs.org/@types%2ftmpl 613ms
346 silly fetchPackageMetaData error for @types/tmpl@ts3.6 No matching version found for @types/tmpl@ts3.6.
347 http fetch GET 304 https://registry.npmjs.org/@types%2ftype-check 601ms (from cache)
348 silly pacote tag manifest for @types/type-check@ts3.6 fetched in 603ms
349 http fetch GET 304 https://registry.npmjs.org/@types%2fto-regex-range 1320ms (from cache)
350 silly registry:manifest no matching version for @types/to-regex-range@ts3.6 in the cache. Forcing revalidation.
351 http fetch GET 304 https://registry.npmjs.org/@types%2fto-regex 1324ms (from cache)
352 silly registry:manifest no matching version for @types/to-regex@ts3.6 in the cache. Forcing revalidation.
353 http fetch GET 304 https://registry.npmjs.org/@types%2ftype-is 608ms (from cache)
354 silly pacote tag manifest for @types/type-is@ts3.6 fetched in 611ms
355 http fetch GET 304 https://registry.npmjs.org/@types%2ftype-detect 657ms (from cache)
356 silly pacote tag manifest for @types/type-detect@ts3.6 fetched in 660ms
357 http fetch GET 304 https://registry.npmjs.org/@types%2ftr46 1450ms (from cache)
358 silly registry:manifest no matching version for @types/tr46@ts3.6 in the cache. Forcing revalidation.
359 http fetch GET 304 https://registry.npmjs.org/@types%2funiq 616ms (from cache)
360 silly pacote tag manifest for @types/uniq@ts3.6 fetched in 619ms
361 http fetch GET 304 https://registry.npmjs.org/@types%2ftmp 2113ms (from cache)
362 silly pacote tag manifest for @types/tmp@ts3.6 fetched in 2115ms
363 http fetch GET 200 https://registry.npmjs.org/@types%2fto-regex 659ms
364 silly fetchPackageMetaData error for @types/to-regex@ts3.6 No matching version found for @types/to-regex@ts3.6.
365 http fetch GET 304 https://registry.npmjs.org/@types%2ftryer 1379ms (from cache)
366 silly pacote tag manifest for @types/tryer@ts3.6 fetched in 1382ms
367 http fetch GET 304 https://registry.npmjs.org/@types%2furix 659ms (from cache)
368 silly pacote tag manifest for @types/urix@ts3.6 fetched in 661ms
369 http fetch GET 304 https://registry.npmjs.org/@types%2ftypedarray-to-buffer 1369ms (from cache)
370 silly registry:manifest no matching version for @types/typedarray-to-buffer@ts3.6 in the cache. Forcing revalidation.
371 http fetch GET 200 https://registry.npmjs.org/@types%2ftr46 628ms
372 silly fetchPackageMetaData error for @types/tr46@ts3.6 No matching version found for @types/tr46@ts3.6.
373 http fetch GET 304 https://registry.npmjs.org/@types%2funiversalify 1326ms (from cache)
374 silly pacote tag manifest for @types/universalify@ts3.6 fetched in 1327ms
375 http fetch GET 304 https://registry.npmjs.org/@types%2futil-deprecate 1330ms (from cache)
376 silly pacote tag manifest for @types/util-deprecate@ts3.6 fetched in 1331ms
377 http fetch GET 304 https://registry.npmjs.org/@types%2furl-parse 1370ms (from cache)
378 silly pacote tag manifest for @types/url-parse@ts3.6 fetched in 1371ms
379 http fetch GET 304 https://registry.npmjs.org/@types%2futil.promisify 1332ms (from cache)
380 silly pacote tag manifest for @types/util.promisify@ts3.6 fetched in 1334ms
381 http fetch GET 304 https://registry.npmjs.org/@types%2futils-merge 1352ms (from cache)
382 silly pacote tag manifest for @types/utils-merge@ts3.6 fetched in 1355ms
383 http fetch GET 304 https://registry.npmjs.org/@types%2fw3c-hr-time 584ms (from cache)
384 silly pacote tag manifest for @types/w3c-hr-time@ts3.6 fetched in 587ms
385 http fetch GET 200 https://registry.npmjs.org/@types%2fto-regex-range 2121ms
386 silly fetchPackageMetaData error for @types/to-regex-range@ts3.6 No matching version found for @types/to-regex-range@ts3.6.
387 http fetch GET 304 https://registry.npmjs.org/@types%2ftapable 4770ms (from cache)
388 silly pacote tag manifest for @types/tapable@ts3.6 fetched in 4772ms
389 http fetch GET 200 https://registry.npmjs.org/@types%2ftypedarray-to-buffer 1326ms
390 silly fetchPackageMetaData error for @types/typedarray-to-buffer@ts3.6 No matching version found for @types/typedarray-to-buffer@ts3.6.
391 http fetch GET 304 https://registry.npmjs.org/@types%2fw3c-xmlserializer 602ms (from cache)
392 silly pacote tag manifest for @types/w3c-xmlserializer@ts3.6 fetched in 604ms
393 http fetch GET 304 https://registry.npmjs.org/@types%2fwcwidth 600ms (from cache)
394 silly pacote tag manifest for @types/wcwidth@ts3.6 fetched in 602ms
395 http fetch GET 304 https://registry.npmjs.org/@types%2fwebpack-manifest-plugin 595ms (from cache)
396 silly pacote tag manifest for @types/webpack-manifest-plugin@ts3.6 fetched in 597ms
397 http fetch GET 304 https://registry.npmjs.org/@types%2fvalidate-npm-package-license 2007ms (from cache)
398 silly pacote tag manifest for @types/validate-npm-package-license@ts3.6 fetched in 2008ms
399 http fetch GET 304 https://registry.npmjs.org/@types%2fwhatwg-url 581ms (from cache)
400 silly pacote tag manifest for @types/whatwg-url@ts3.6 fetched in 582ms
401 http fetch GET 304 https://registry.npmjs.org/@types%2fvary 2059ms (from cache)
402 silly pacote tag manifest for @types/vary@ts3.6 fetched in 2060ms
403 http fetch GET 304 https://registry.npmjs.org/@types%2fwatchpack 1342ms (from cache)
404 silly pacote tag manifest for @types/watchpack@ts3.6 fetched in 1344ms
405 http fetch GET 304 https://registry.npmjs.org/@types%2fwhich 633ms (from cache)
406 silly pacote tag manifest for @types/which@ts3.6 fetched in 635ms
407 http fetch GET 304 https://registry.npmjs.org/@types%2fwebidl-conversions 1348ms (from cache)
408 silly pacote tag manifest for @types/webidl-conversions@ts3.6 fetched in 1349ms
409 http fetch GET 304 https://registry.npmjs.org/@types%2fwebpack 1309ms (from cache)
410 silly pacote tag manifest for @types/webpack@ts3.6 fetched in 1311ms
411 http fetch GET 304 https://registry.npmjs.org/@types%2fws 70ms (from cache)
412 silly pacote tag manifest for @types/ws@ts3.6 fetched in 75ms
413 http fetch GET 304 https://registry.npmjs.org/@types%2fwebpack-sources 1320ms (from cache)
414 silly pacote tag manifest for @types/webpack-sources@ts3.6 fetched in 1322ms
415 http fetch GET 304 https://registry.npmjs.org/@types%2fwhatwg-encoding 1325ms (from cache)
416 silly pacote tag manifest for @types/whatwg-encoding@ts3.6 fetched in 1327ms
417 http fetch GET 304 https://registry.npmjs.org/@types%2fwhatwg-mimetype 1308ms (from cache)
418 silly pacote tag manifest for @types/whatwg-mimetype@ts3.6 fetched in 1310ms
419 http fetch GET 304 https://registry.npmjs.org/@types%2fworkbox-webpack-plugin 590ms (from cache)
420 silly pacote tag manifest for @types/workbox-webpack-plugin@ts3.6 fetched in 592ms
421 http fetch GET 304 https://registry.npmjs.org/@types%2fyargs 80ms (from cache)
422 silly pacote tag manifest for @types/yargs@ts3.6 fetched in 83ms
423 http fetch GET 304 https://registry.npmjs.org/@types%2fwrap-ansi 616ms (from cache)
424 silly pacote tag manifest for @types/wrap-ansi@ts3.6 fetched in 618ms
425 http fetch GET 304 https://registry.npmjs.org/@types%2fwrite-file-atomic 603ms (from cache)
426 silly pacote tag manifest for @types/write-file-atomic@ts3.6 fetched in 606ms
427 http fetch GET 304 https://registry.npmjs.org/@types%2fwhich-pm-runs 1327ms (from cache)
428 silly pacote tag manifest for @types/which-pm-runs@ts3.6 fetched in 1330ms
429 http fetch GET 304 https://registry.npmjs.org/@types%2fyargs-parser 604ms (from cache)
430 silly pacote tag manifest for @types/yargs-parser@ts3.6 fetched in 608ms
431 http fetch GET 304 https://registry.npmjs.org/@types%2fworkbox-build 1376ms (from cache)
432 silly pacote tag manifest for @types/workbox-build@ts3.6 fetched in 1378ms
433 http fetch GET 304 https://registry.npmjs.org/@types%2fworkbox-sw 1321ms (from cache)
434 silly pacote tag manifest for @types/workbox-sw@ts3.6 fetched in 1323ms
435 http fetch GET 304 https://registry.npmjs.org/@types%2fxtend 1302ms (from cache)
436 silly pacote tag manifest for @types/xtend@ts3.6 fetched in 1304ms
437 http fetch GET 200 https://registry.npmjs.org/@types%2fxml-name-validator 1336ms
438 silly fetchPackageMetaData error for @types/xml-name-validator@ts3.6 No matching version found for @types/xml-name-validator@ts3.6.
439 http fetch GET 304 https://registry.npmjs.org/@types%2fyallist 1605ms (from cache)
440 silly pacote tag manifest for @types/yallist@ts3.6 fetched in 1607ms
441 timing stage:rollbackFailedOptional Completed in 0ms
442 timing stage:runTopLevelLifecycles Completed in 18311ms
443 verbose type tag
444 verbose stack @types/path-browserify: No matching version found for @types/path-browserify@ts3.6.
444 verbose stack     at pickManifest (/usr/local/lib/node_modules/npm/node_modules/npm-pick-manifest/index.js:122:13)
444 verbose stack     at /usr/local/lib/node_modules/npm/node_modules/pacote/lib/fetchers/registry/manifest.js:43:18
444 verbose stack     at tryCatcher (/usr/local/lib/node_modules/npm/node_modules/bluebird/js/release/util.js:16:23)
444 verbose stack     at Promise._settlePromiseFromHandler (/usr/local/lib/node_modules/npm/node_modules/bluebird/js/release/promise.js:517:31)
444 verbose stack     at Promise._settlePromise (/usr/local/lib/node_modules/npm/node_modules/bluebird/js/release/promise.js:574:18)
444 verbose stack     at Promise._settlePromise0 (/usr/local/lib/node_modules/npm/node_modules/bluebird/js/release/promise.js:619:10)
444 verbose stack     at Promise._settlePromises (/usr/local/lib/node_modules/npm/node_modules/bluebird/js/release/promise.js:699:18)
444 verbose stack     at _drainQueueStep (/usr/local/lib/node_modules/npm/node_modules/bluebird/js/release/async.js:138:12)
444 verbose stack     at _drainQueue (/usr/local/lib/node_modules/npm/node_modules/bluebird/js/release/async.js:131:9)
444 verbose stack     at Async._drainQueues (/usr/local/lib/node_modules/npm/node_modules/bluebird/js/release/async.js:147:5)
444 verbose stack     at Immediate.Async.drainQueues [as _onImmediate] (/usr/local/lib/node_modules/npm/node_modules/bluebird/js/release/async.js:17:14)
444 verbose stack     at processImmediate (internal/timers.js:456:21)
445 verbose cwd /home/theia/.cache/typescript/3.6
446 verbose Linux 5.10.16.3-microsoft-standard-WSL2
447 verbose argv "/usr/local/bin/node" "/usr/local/bin/npm" "install" "--ignore-scripts" "@types/media-typer@ts3.6" "@types/memory-fs@ts3.6" "@types/memorystream@ts3.6" "@types/merge-descriptors@ts3.6" "@types/merge-stream@ts3.6" "@types/merge2@ts3.6" "@types/methods@ts3.6" "@types/micromatch@ts3.6" "@types/mime@ts3.6" "@types/mime-db@ts3.6" "@types/mime-types@ts3.6" "@types/min-indent@ts3.6" "@types/minimalistic-assert@ts3.6" "@types/minimatch@ts3.6" "@types/minimist@ts3.6" "@types/minizlib@ts3.6" "@types/mkdirp@ts3.6" "@types/moo@ts3.6" "@types/move-concurrently@ts3.6" "@types/ms@ts3.6" "@types/multicast-dns@ts3.6" "@types/mute-stream@ts3.6" "@types/natural-compare@ts3.6" "@types/nearley@ts3.6" "@types/negotiator@ts3.6" "@types/next-tick@ts3.6" "@types/nice-try@ts3.6" "@types/node-fetch@ts3.6" "@types/node-forge@ts3.6" "@types/node-int64@ts3.6" "@types/node-notifier@ts3.6" "@types/normalize-package-data@ts3.6" "@types/normalize-path@ts3.6" "@types/num2fraction@ts3.6" "@types/nwsapi@ts3.6" "@types/object-assign@ts3.6" "@types/object-inspect@ts3.6" "@types/object-keys@ts3.6" "@types/object.fromentries@ts3.6" "@types/object.getownpropertydescriptors@ts3.6" "@types/object.pick@ts3.6" "@types/on-finished@ts3.6" "@types/on-headers@ts3.6" "@types/once@ts3.6" "@types/optimize-css-assets-webpack-plugin@ts3.6" "@types/original@ts3.6" "@types/os-tmpdir@ts3.6" "@types/pako@ts3.6" "@types/parallel-transform@ts3.6" "@types/parse-json@ts3.6" "@types/parseurl@ts3.6" "@types/pascalcase@ts3.6" "@types/path-browserify@ts3.6" "@types/path-is-absolute@ts3.6" "@types/path-is-inside@ts3.6" "@types/path-parse@ts3.6" "@types/pbkdf2@ts3.6" "@types/picomatch@ts3.6" "@types/pify@ts3.6" "@types/postcss-flexbugs-fixes@ts3.6" "@types/postcss-gap-properties@ts3.6" "@types/postcss-modules-extract-imports@ts3.6" "@types/postcss-modules-local-by-default@ts3.6" "@types/postcss-modules-scope@ts3.6" "@types/postcss-modules-values@ts3.6" "@types/postcss-normalize@ts3.6" "@types/postcss-preset-env@ts3.6" "@types/postcss-safe-parser@ts3.6" "@types/prelude-ls@ts3.6" "@types/prettier-linter-helpers@ts3.6" "@types/progress@ts3.6" "@types/promise-inflight@ts3.6" "@types/prompts@ts3.6" "@types/prop-types@ts3.6" "@types/proxy-addr@ts3.6" "@types/psl@ts3.6" "@types/pump@ts3.6" "@types/pumpify@ts3.6" "@types/punycode@ts3.6" "@types/q@ts3.6" "@types/qs@ts3.6" "@types/querystringify@ts3.6" "@types/raf@ts3.6" "@types/randombytes@ts3.6" "@types/range-parser@ts3.6" "@types/react-dev-utils@ts3.6" "@types/react-is@ts3.6" "@types/react-refresh@ts3.6" "@types/react-router@ts3.6" "@types/react-test-renderer@ts3.6" "@types/readable-stream@ts3.6" "@types/recursive-readdir@ts3.6" "@types/regenerate@ts3.6" "@types/regenerator-runtime@ts3.6" "@types/regex-not@ts3.6" "@types/relateurl@ts3.6" "@types/repeat-element@ts3.6" "@types/repeat-string@ts3.6" "@types/require-directory@ts3.6" "@types/require-from-string@ts3.6" "@types/requires-port@ts3.6" "@types/resolve@ts3.6" "@types/retry@ts3.6" "@types/rimraf@ts3.6" "@types/ripemd160@ts3.6" "@types/rsvp@ts3.6" "@types/run-parallel@ts3.6" "@types/safe-regex@ts3.6" "@types/safer-buffer@ts3.6" "@types/sane@ts3.6" "@types/sass-loader@ts3.6" "@types/sax@ts3.6" "@types/scheduler@ts3.6" "@types/selfsigned@ts3.6" "@types/semver@ts3.6" "@types/semver-compare@ts3.6" "@types/send@ts3.6" "@types/serialize-javascript@ts3.6" "@types/serve-index@ts3.6" "@types/serve-static@ts3.6" "@types/set-blocking@ts3.6" "@types/set-cookie-parser@ts3.6" "@types/set-value@ts3.6" "@types/setimmediate@ts3.6" "@types/sha.js@ts3.6" "@types/shebang-command@ts3.6" "@types/shell-quote@ts3.6" "@types/signal-exit@ts3.6" "@types/simple-swizzle@ts3.6" "@types/slice-ansi@ts3.6" "@types/sockjs@ts3.6" "@types/sockjs-client@ts3.6" "@types/source-list-map@ts3.6" "@types/source-map-support@ts3.6" "@types/spdx-correct@ts3.6" "@types/spdx-expression-parse@ts3.6" "@types/spdy@ts3.6" "@types/sprintf@ts3.6" "@types/sprintf-js@ts3.6" "@types/ssri@ts3.6" "@types/stack-utils@ts3.6" "@types/statuses@ts3.6" "@types/stream-each@ts3.6" "@types/stream-shift@ts3.6" "@types/strict-uri-encode@ts3.6" "@types/string-natural-compare@ts3.6" "@types/string.prototype.matchall@ts3.6" "@types/stringify-object@ts3.6" "@types/strip-comments@ts3.6" "@types/strip-final-newline@ts3.6" "@types/supports-color@ts3.6" "@types/svg-parser@ts3.6" "@types/svgo@ts3.6" "@types/symbol-tree@ts3.6" "@types/tapable@ts3.6" "@types/tar@ts3.6" "@types/text-table@ts3.6" "@types/through@ts3.6" "@types/through2@ts3.6" "@types/thunky@ts3.6" "@types/timsort@ts3.6" "@types/tmp@ts3.6" "@types/tmpl@ts3.6" "@types/to-regex@ts3.6" "@types/to-regex-range@ts3.6" "@types/tough-cookie@ts3.6" "@types/tr46@ts3.6" "@types/tryer@ts3.6" "@types/type-check@ts3.6" "@types/type-detect@ts3.6" "@types/type-is@ts3.6" "@types/typedarray-to-buffer@ts3.6" "@types/uniq@ts3.6" "@types/universalify@ts3.6" "@types/urix@ts3.6" "@types/url-parse@ts3.6" "@types/util-deprecate@ts3.6" "@types/util.promisify@ts3.6" "@types/utils-merge@ts3.6" "@types/validate-npm-package-license@ts3.6" "@types/vary@ts3.6" "@types/w3c-hr-time@ts3.6" "@types/w3c-xmlserializer@ts3.6" "@types/watchpack@ts3.6" "@types/wcwidth@ts3.6" "@types/webidl-conversions@ts3.6" "@types/webpack@ts3.6" "@types/webpack-manifest-plugin@ts3.6" "@types/webpack-sources@ts3.6" "@types/whatwg-encoding@ts3.6" "@types/whatwg-mimetype@ts3.6" "@types/whatwg-url@ts3.6" "@types/which@ts3.6" "@types/which-pm-runs@ts3.6" "@types/workbox-build@ts3.6" "@types/workbox-sw@ts3.6" "@types/workbox-webpack-plugin@ts3.6" "@types/wrap-ansi@ts3.6" "@types/write-file-atomic@ts3.6" "@types/ws@ts3.6" "@types/xml-name-validator@ts3.6" "@types/xtend@ts3.6" "@types/yallist@ts3.6" "@types/yargs@ts3.6" "@types/yargs-parser@ts3.6" "--save-dev" "--user-agent=typesInstaller/3.6.3"
448 verbose node v12.18.3
449 verbose npm  v6.14.6
450 error code ETARGET
451 error notarget No matching version found for @types/path-browserify@ts3.6.
452 error notarget In most cases you or one of your dependencies are requesting
452 error notarget a package version that doesn't exist.
453 verbose exit [ 1, true ]
